
                              NOTICE

   This software and ancillary information (herein called "software") named
   LAQGSM03.03 is made available under the terms described here. The software has
   been approved for release with associated LA-CC number LA-CC-09-087.

   Copyright (2009). Los Alamos National Security, LLC (LANS).
   This material was produced under U. S. Government contract
   DE-AC52-06NA25396 at Los Alamos National Laboratory, which is operated
   by LANS for the National Nuclear Security Agency of the U. S. Department of Energy.
   The U. S. Government has rights to use, reproduce, and distribute
   this software. NEITHER THE GOVERNMENT NOR LANS MAKES ANY
   WARRANTY, EXPRESS OR IMPLIED OR ASSUMES ANY LIABILITY FOR THE USE
   OF THIS SOFTWARE.

   Primary authors of LAQGSM03.03 are: K. K. Gudima (LANL consultant),
   S. G. Mashnik (LANL), and A. J. Sierk (LANL); with important contributions
   from R. E. Prael (LANL),
   -------------------------------------------------------------------------------

exp2l.out                                                   
exp2l10.aux                                                 
exp2l11.aux                                                 
atab.dat                                                    
mass.tbl                                                    
level.tbl                                                   
shell.tbl                                                   
channel1.tab                                                
 JG=          -1  STAT=new 
  PROGRAM VERSION FROM  09/17/ 2009


 RM48 initialized:  54217137           0         0

 ANUCL1= 12. ANUCL2= 16.
 ZNUCL1=  6. ZNUCL2=  8.
 T0=  0.290GEV/NUCLEON
 EPS1=0.007 EPS2=0.007 VPI=0.025
 C1=0.545 C2=0.545 D1=0.05 D2=0.05
 R0N1=1.07 R0N2=1.07
  DELTA=1.3
 STIN= 0. AMIN=15.023


     XBMAX = 1.000
     RCOR  = 0.000
     RINT  = 0.000
     RN    = 0.200
     PIDABS= 0.010
     MMES  =   0.700
     MBAR  =   0.000
     IFIB0 =  1
     KOBR  =  1
     INDINT=  1
     INTCC =  2

  KSYST= 1  IACT= 2  INDDEC= 0  ISOB2= 1  ISOB3= 1  NCPRI= 999999999
  IW10= 0 IFSPE= 1

   LABORATORY   SYSTEM

  TIMGO=9000.  TLIMIT=   100.


   GEOMETR. CROSS SECTION=   3086.091048 MB (  2196.216165 )


          START NZON=     1 NCAS=        0 INTEL=        0
 13  1
  Precompound emission is included: sigpre=  0.40000000596046448     
   a_f(CEM)/a_f(RAL)   =    1.0000000000000000        1.0000000000000000     
   C(Z)[CEM]/C(Z)[RAL] =    1.0000000000000000        1.0000000000000000     
   nevtype =           66

                    CASCAD  +COALES +PRECOMP+FERMI  
                    LAB.SYSTEM

          GEOMETR. CROSS SECTION=   3086.091048 mb   2196.216165 mb 

     Ncas= 1000000 Selected Ncas= 1000000 INTel=    2312986
     INEL. CROSS SECTION = 0.931513E+03 mb

          FISSION  Probabilities Projectile= 0.000000E+00 Target= 0.000000E+00

 FISSION  CROSS  SECTIONS(direct  ) SIGFISP=     0.000000+-     0.000000 SIGFIST=     0.000000+-     0.000000

 FISSION  CROSS  SECTIONS(weighted) SIGFISP=     0.000000 SIGFIST=     0.000000
     Selected particle multiplicity
        preco      evapor     Fermi   casc+coales   summ   
  n   4.7610E-03 1.1979E-01 7.9745E-02 0.0000E+00 2.0430E-01
  p   4.4920E-03 1.3918E-01 1.1399E-01 0.0000E+00 2.5766E-01
  d   4.5910E-03 3.4919E-02 2.6889E-02 0.0000E+00 6.6399E-02
  t   8.8500E-04 5.4610E-03 1.1527E-02 0.0000E+00 1.7873E-02
 He-3 7.8100E-04 7.0530E-03 2.2367E-02 0.0000E+00 3.0201E-02
 He-4 3.3400E-04 4.1930E-02 5.2891E-02 0.0000E+00 9.5155E-02
 pi-  0.0000E+00 0.0000E+00 0.0000E+00 2.7810E-02 2.7810E-02
 pi+  0.0000E+00 0.0000E+00 0.0000E+00 2.7151E-02 2.7151E-02
 pi0  0.0000E+00 0.0000E+00 0.0000E+00 3.6591E-02 3.6591E-02

          Multiplicity of produced particles
      He6        Li6        Li7        Be7        Be9        Be10         B8         B10        B11        C10    C11     
  1.7759E-02 1.3961E-01 8.0792E-02 1.1547E-01 2.7973E-02 1.1743E-02 2.3002E-02 5.3735E-02 1.0703E-01 5.0240E-03 9.0964E-02

          Spectra ( dS/dT/dO ) of produced particles at theta= 14.00+/-  0.00
  T(GeV)      He6        Li6        Li7        Be7        Be9        Be10         B8         B10        B11        C10    C11     

          Spectra ( dS/dT/dO ) of produced particles at theta= 16.00+/-  0.00
  T(GeV)      He6        Li6        Li7        Be7        Be9        Be10         B8         B10        B11        C10    C11     

          Spectra ( dS/dT/dO ) of produced particles at theta= 30.00+/-  0.00
  T(GeV)      He6        Li6        Li7        Be7        Be9        Be10         B8         B10        B11        C10    C11     

          Spectra ( dS/dT/dO ) of produced particles at theta= 44.00+/-  0.00
  T(GeV)      He6        Li6        Li7        Be7        Be9        Be10         B8         B10        B11        C10    C11     

          Spectra ( dS/dT/dO ) of produced particles at theta= 46.00+/-  0.00
  T(GeV)      He6        Li6        Li7        Be7        Be9        Be10         B8         B10        B11        C10    C11     

          Spectra ( dS/dT/dO ) of produced particles at theta= 59.00+/-  0.00
  T(GeV)      He6        Li6        Li7        Be7        Be9        Be10         B8         B10        B11        C10    C11     

          Spectra ( dS/dT/dO ) of produced particles at theta= 61.00+/-  0.00
  T(GeV)      He6        Li6        Li7        Be7        Be9        Be10         B8         B10        B11        C10    C11     

          Spectra ( dS/dT/dO ) of produced particles at theta= 75.00+/-  0.00
  T(GeV)      He6        Li6        Li7        Be7        Be9        Be10         B8         B10        B11        C10    C11     

          Spectra ( dS/dT/dO ) of produced particles at theta= 89.00+/-  0.00
  T(GeV)      He6        Li6        Li7        Be7        Be9        Be10         B8         B10        B11        C10    C11     

          Spectra ( dS/dT/dO ) of produced particles at theta= 91.00+/-  0.00
  T(GeV)      He6        Li6        Li7        Be7        Be9        Be10         B8         B10        B11        C10    C11     

          Angle integrated spectra of produced particles
              He6        Li6        Li7        Be7        Be9        Be10         B8         B10        B11        C10    C11     
   0.0010 7.2938E+02 7.3003E+03 6.8480E+03 9.6542E+03 3.7670E+03 1.6227E+03 1.1024E+03 9.5359E+03 3.3106E+04 6.0968E+02 3.1017E+04
   0.0030 8.4162E+02 7.6547E+03 5.0996E+03 7.1540E+03 2.5607E+03 8.3277E+02 1.2175E+03 3.2426E+03 4.7717E+03 3.6096E+02 4.7130E+03
   0.0050 6.7442E+02 5.7763E+03 3.3679E+03 4.7787E+03 1.2697E+03 3.1578E+02 8.6724E+02 1.1514E+03 5.6543E+02 1.4112E+02 5.8220E+02
   0.0070 5.4168E+02 4.2267E+03 2.2235E+03 3.1956E+03 5.8965E+02 1.4438E+02 5.6077E+02 5.2444E+02 1.5510E+02 6.2411E+01 1.6022E+02
   0.0090 4.0195E+02 3.0787E+03 1.4941E+03 2.1322E+03 3.0274E+02 6.2411E+01 4.0009E+02 2.8737E+02 6.8466E+01 2.1425E+01 6.8000E+01
   0.0110 2.9017E+02 2.2151E+03 1.0265E+03 1.4466E+03 1.5836E+02 3.3534E+01 2.5291E+02 1.6581E+02 3.0740E+01 1.0712E+01 1.4438E+01
   0.0130 2.2030E+02 1.5966E+03 7.2938E+02 1.0470E+03 8.7097E+01 1.8165E+01 1.7699E+02 1.0107E+02 1.4438E+01 5.5891E+00 6.0548E+00
   0.0150 1.7186E+02 1.1397E+03 5.1094E+02 7.5453E+02 4.9836E+01 8.3836E+00 1.1411E+02 6.0083E+01 8.8494E+00 2.3288E+00 5.5891E+00
   0.0170 1.4532E+02 8.6351E+02 3.9869E+02 5.4633E+02 3.6795E+01 6.9864E+00 7.3590E+01 3.6795E+01 4.1918E+00 2.3288E+00 1.3973E+00
   0.0190 9.5946E+01 6.1154E+02 2.6548E+02 3.8565E+02 2.2822E+01 6.9864E+00 5.7288E+01 2.3288E+01 1.8630E+00 9.3151E-01 4.6576E-01
   0.0225 5.8313E+01 4.0689E+02 1.6451E+02 2.3791E+02 1.3600E+01 1.8630E+00 3.0181E+01 1.2482E+01 1.4904E+00 0.0000E+00 1.8630E-01
   0.0275 2.9995E+01 2.1816E+02 8.2159E+01 1.1867E+02 5.2165E+00 5.5891E-01 1.4159E+01 5.5891E+00 3.7261E-01 1.8630E-01 0.0000E+00
   0.0325 1.7699E+01 1.2054E+02 3.6329E+01 5.8499E+01 2.7945E+00 1.8630E-01 7.4521E+00 3.7261E-01 0.0000E+00 0.0000E+00 1.8630E-01
   0.0375 1.0806E+01 6.1294E+01 2.2543E+01 2.5896E+01 5.5891E-01 0.0000E+00 4.2850E+00 7.4521E-01 0.0000E+00 0.0000E+00 0.0000E+00
   0.0425 4.6576E+00 3.5211E+01 9.1288E+00 1.8071E+01 3.7261E-01 0.0000E+00 1.3041E+00 3.7261E-01 0.0000E+00 0.0000E+00 0.0000E+00
   0.0475 3.7261E+00 2.2915E+01 6.8932E+00 7.6384E+00 1.8630E-01 0.0000E+00 1.1178E+00 0.0000E+00 0.0000E+00 0.0000E+00 0.0000E+00
   0.0525 1.3041E+00 1.2669E+01 3.1671E+00 5.4028E+00 3.7261E-01 0.0000E+00 1.8630E-01 1.8630E-01 0.0000E+00 0.0000E+00 0.0000E+00
   0.0575 1.8630E+00 8.9425E+00 1.3041E+00 3.3534E+00 0.0000E+00 0.0000E+00 1.8630E-01 0.0000E+00 0.0000E+00 0.0000E+00 0.0000E+00
   0.0625 5.5891E-01 3.9124E+00 7.4521E-01 2.0493E+00 0.0000E+00 0.0000E+00 1.8630E-01 0.0000E+00 0.0000E+00 0.0000E+00 0.0000E+00
   0.0675 1.8630E-01 2.4219E+00 7.4521E-01 9.3151E-01 0.0000E+00 0.0000E+00 0.0000E+00 0.0000E+00 0.0000E+00 0.0000E+00 0.0000E+00
   0.0725 1.8630E-01 1.4904E+00 5.5891E-01 1.8630E-01 0.0000E+00 0.0000E+00 0.0000E+00 0.0000E+00 0.0000E+00 0.0000E+00 0.0000E+00
   0.0775 1.8630E-01 1.3041E+00 3.7261E-01 5.5891E-01 0.0000E+00 0.0000E+00 0.0000E+00 0.0000E+00 0.0000E+00 0.0000E+00 0.0000E+00
   0.0825 0.0000E+00 7.4521E-01 3.7261E-01 0.0000E+00 0.0000E+00 0.0000E+00 0.0000E+00 0.0000E+00 0.0000E+00 0.0000E+00 0.0000E+00
   0.0875 0.0000E+00 9.3151E-01 1.8630E-01 1.8630E-01 0.0000E+00 0.0000E+00 1.8630E-01 0.0000E+00 0.0000E+00 0.0000E+00 0.0000E+00
   0.0925 0.0000E+00 1.8630E-01 1.8630E-01 3.7261E-01 0.0000E+00 0.0000E+00 0.0000E+00 0.0000E+00 0.0000E+00 0.0000E+00 0.0000E+00
   0.0975 0.0000E+00 3.7261E-01 1.8630E-01 0.0000E+00 0.0000E+00 0.0000E+00 0.0000E+00 0.0000E+00 0.0000E+00 0.0000E+00 0.0000E+00
   0.1050 0.0000E+00 0.0000E+00 9.3151E-02 1.8630E-01 0.0000E+00 0.0000E+00 0.0000E+00 0.0000E+00 0.0000E+00 0.0000E+00 0.0000E+00
   0.1150 0.0000E+00 9.3151E-02 0.0000E+00 0.0000E+00 0.0000E+00 0.0000E+00 0.0000E+00 0.0000E+00 0.0000E+00 0.0000E+00 0.0000E+00
   0.1250 0.0000E+00 0.0000E+00 0.0000E+00 9.3151E-02 0.0000E+00 0.0000E+00 0.0000E+00 0.0000E+00 0.0000E+00 0.0000E+00 0.0000E+00
   0.1350 0.0000E+00 9.3151E-02 0.0000E+00 0.0000E+00 0.0000E+00 0.0000E+00 0.0000E+00 0.0000E+00 0.0000E+00 0.0000E+00 0.0000E+00
   0.1450 0.0000E+00 9.3151E-02 0.0000E+00 0.0000E+00 0.0000E+00 0.0000E+00 0.0000E+00 0.0000E+00 0.0000E+00 0.0000E+00 0.0000E+00
   0.1750 0.0000E+00 0.0000E+00 9.3151E-02 0.0000E+00 0.0000E+00 0.0000E+00 0.0000E+00 0.0000E+00 0.0000E+00 0.0000E+00 0.0000E+00
   0.9350 0.0000E+00 1.8630E-01 0.0000E+00 0.0000E+00 0.0000E+00 0.0000E+00 0.0000E+00 0.0000E+00 0.0000E+00 0.0000E+00 0.0000E+00
   0.9650 0.0000E+00 9.3151E-02 0.0000E+00 0.0000E+00 0.0000E+00 0.0000E+00 0.0000E+00 0.0000E+00 0.0000E+00 0.0000E+00 0.0000E+00
   0.9750 9.3151E-02 0.0000E+00 0.0000E+00 0.0000E+00 0.0000E+00 0.0000E+00 0.0000E+00 0.0000E+00 0.0000E+00 0.0000E+00 0.0000E+00
   0.9850 0.0000E+00 9.3151E-02 0.0000E+00 0.0000E+00 0.0000E+00 0.0000E+00 0.0000E+00 0.0000E+00 0.0000E+00 0.0000E+00 0.0000E+00
   0.9950 0.0000E+00 9.3151E-02 0.0000E+00 0.0000E+00 0.0000E+00 0.0000E+00 0.0000E+00 0.0000E+00 0.0000E+00 0.0000E+00 0.0000E+00
   1.0250 0.0000E+00 1.6767E-01 0.0000E+00 0.0000E+00 0.0000E+00 0.0000E+00 0.0000E+00 0.0000E+00 0.0000E+00 0.0000E+00 0.0000E+00
   1.0750 1.8630E-02 3.1671E-01 0.0000E+00 0.0000E+00 0.0000E+00 0.0000E+00 0.0000E+00 0.0000E+00 0.0000E+00 0.0000E+00 0.0000E+00
   1.1250 1.1178E-01 6.1480E-01 0.0000E+00 0.0000E+00 0.0000E+00 0.0000E+00 0.0000E+00 0.0000E+00 0.0000E+00 0.0000E+00 0.0000E+00
   1.1750 3.1671E-01 1.2296E+00 1.8630E-02 0.0000E+00 0.0000E+00 0.0000E+00 0.0000E+00 0.0000E+00 0.0000E+00 0.0000E+00 0.0000E+00
   1.2250 3.5398E-01 2.7386E+00 0.0000E+00 0.0000E+00 0.0000E+00 0.0000E+00 0.0000E+00 0.0000E+00 0.0000E+00 0.0000E+00 0.0000E+00
   1.2750 1.0247E+00 5.8685E+00 5.5891E-02 3.7261E-02 0.0000E+00 0.0000E+00 0.0000E+00 0.0000E+00 0.0000E+00 0.0000E+00 0.0000E+00
   1.3250 1.9189E+00 1.1588E+01 1.4904E-01 1.8630E-01 0.0000E+00 0.0000E+00 0.0000E+00 0.0000E+00 0.0000E+00 0.0000E+00 0.0000E+00
   1.3750 2.1052E+00 1.7941E+01 2.6082E-01 4.2850E-01 0.0000E+00 0.0000E+00 0.0000E+00 0.0000E+00 0.0000E+00 0.0000E+00 0.0000E+00
   1.4250 4.0987E+00 3.1522E+01 7.8247E-01 7.8247E-01 0.0000E+00 0.0000E+00 0.0000E+00 0.0000E+00 0.0000E+00 0.0000E+00 0.0000E+00
   1.4750 6.8746E+00 4.9147E+01 1.0806E+00 1.5836E+00 0.0000E+00 0.0000E+00 0.0000E+00 0.0000E+00 0.0000E+00 0.0000E+00 0.0000E+00
   1.5250 9.6877E+00 7.1596E+01 2.4406E+00 2.9063E+00 0.0000E+00 0.0000E+00 0.0000E+00 0.0000E+00 0.0000E+00 0.0000E+00 0.0000E+00
   1.5750 1.3004E+01 9.5704E+01 3.9124E+00 5.7195E+00 0.0000E+00 0.0000E+00 0.0000E+00 0.0000E+00 0.0000E+00 0.0000E+00 0.0000E+00
   1.6250 1.5314E+01 1.1545E+02 7.2844E+00 9.8554E+00 1.8630E-02 0.0000E+00 7.4521E-02 0.0000E+00 0.0000E+00 0.0000E+00 0.0000E+00
   1.6750 1.7252E+01 1.2745E+02 1.2426E+01 1.7624E+01 0.0000E+00 0.0000E+00 1.4904E-01 0.0000E+00 0.0000E+00 0.0000E+00 0.0000E+00
   1.7250 1.7643E+01 1.2780E+02 2.0046E+01 2.8001E+01 0.0000E+00 0.0000E+00 2.6082E-01 0.0000E+00 0.0000E+00 0.0000E+00 0.0000E+00
   1.7750 1.6413E+01 1.2180E+02 3.0162E+01 4.2198E+01 0.0000E+00 0.0000E+00 5.4028E-01 0.0000E+00 0.0000E+00 0.0000E+00 0.0000E+00
   1.8250 1.3954E+01 1.0614E+02 3.9049E+01 5.9654E+01 1.8630E-02 0.0000E+00 1.1923E+00 0.0000E+00 0.0000E+00 0.0000E+00 0.0000E+00
   1.8750 1.0675E+01 8.5718E+01 5.0209E+01 7.3291E+01 3.7261E-02 0.0000E+00 1.7885E+00 0.0000E+00 0.0000E+00 0.0000E+00 0.0000E+00
   1.9250 8.5699E+00 6.3343E+01 6.2467E+01 8.7898E+01 7.4521E-02 0.0000E+00 2.9622E+00 0.0000E+00 0.0000E+00 0.0000E+00 0.0000E+00
   1.9750 5.6077E+00 4.2514E+01 6.5225E+01 9.6672E+01 5.5891E-02 0.0000E+00 5.0488E+00 0.0000E+00 0.0000E+00 0.0000E+00 0.0000E+00
   2.0250 3.8006E+00 2.4443E+01 6.6529E+01 9.4996E+01 1.6767E-01 0.0000E+00 7.8992E+00 0.0000E+00 0.0000E+00 0.0000E+00 0.0000E+00
   2.0750 2.1425E+00 1.4979E+01 6.0008E+01 8.9649E+01 4.0987E-01 0.0000E+00 1.1625E+01 1.8630E-02 0.0000E+00 0.0000E+00 0.0000E+00
   2.1250 1.2855E+00 8.1414E+00 5.2481E+01 7.6365E+01 8.1973E-01 0.0000E+00 1.6395E+01 3.7261E-02 0.0000E+00 0.0000E+00 0.0000E+00
   2.1750 7.4521E-01 3.6143E+00 4.2067E+01 5.9449E+01 1.6581E+00 0.0000E+00 1.9525E+01 9.3151E-02 0.0000E+00 0.0000E+00 0.0000E+00
   2.2250 2.2356E-01 1.4718E+00 3.0200E+01 4.3725E+01 2.1797E+00 3.7261E-02 2.2580E+01 1.1178E-01 0.0000E+00 0.0000E+00 0.0000E+00
   2.2750 1.4904E-01 6.1480E-01 2.0251E+01 2.9902E+01 4.1359E+00 1.8630E-02 2.5114E+01 1.8630E-01 0.0000E+00 1.8630E-02 0.0000E+00
   2.3250 5.5891E-02 4.4713E-01 1.2780E+01 1.7997E+01 6.2784E+00 1.1178E-01 2.5468E+01 4.0987E-01 0.0000E+00 7.4521E-02 0.0000E+00
   2.3750 3.7261E-02 1.6767E-01 6.9305E+00 1.0247E+01 9.2034E+00 1.3041E-01 2.4517E+01 1.0806E+00 0.0000E+00 1.8630E-02 1.8630E-02
   2.4250 0.0000E+00 1.8630E-02 3.8378E+00 5.8872E+00 1.2091E+01 3.9124E-01 1.9115E+01 1.6022E+00 0.0000E+00 5.5891E-02 0.0000E+00
   2.4750 0.0000E+00 0.0000E+00 1.7512E+00 2.2543E+00 1.4681E+01 7.4521E-01 1.6655E+01 2.9063E+00 3.7261E-02 4.0987E-01 1.8630E-02
   2.5250 0.0000E+00 0.0000E+00 7.0795E-01 1.2669E+00 1.7941E+01 1.4904E+00 1.1290E+01 6.2784E+00 9.3151E-02 4.0987E-01 5.5891E-02
   2.5750 0.0000E+00 0.0000E+00 3.9124E-01 5.0302E-01 1.8015E+01 2.1052E+00 7.8061E+00 8.6258E+00 1.3041E-01 8.7562E-01 9.3151E-02
   2.6250 0.0000E+00 0.0000E+00 1.1178E-01 2.4219E-01 1.7606E+01 3.5025E+00 4.4713E+00 1.4029E+01 3.9124E-01 1.5277E+00 1.3041E-01
   2.6750 0.0000E+00 0.0000E+00 0.0000E+00 5.5891E-02 1.5463E+01 4.5830E+00 2.6641E+00 2.0940E+01 8.9425E-01 2.0121E+00 3.5398E-01
   2.7250 0.0000E+00 0.0000E+00 0.0000E+00 1.8630E-02 1.4848E+01 7.1168E+00 1.4345E+00 2.8616E+01 1.4532E+00 2.6641E+00 7.6384E-01
   2.7750 0.0000E+00 0.0000E+00 0.0000E+00 1.8630E-02 1.0638E+01 8.9239E+00 6.1480E-01 3.8676E+01 2.7386E+00 4.2477E+00 8.5699E-01
   2.8250 0.0000E+00 0.0000E+00 0.0000E+00 0.0000E+00 6.9677E+00 9.8927E+00 2.6082E-01 4.4675E+01 4.8811E+00 5.4028E+00 2.3474E+00
   2.8750 0.0000E+00 0.0000E+00 0.0000E+00 0.0000E+00 5.5705E+00 1.0657E+01 1.4904E-01 4.7917E+01 8.7935E+00 5.2537E+00 4.2850E+00
   2.9250 0.0000E+00 0.0000E+00 1.8630E-02 0.0000E+00 3.0554E+00 1.1867E+01 7.4521E-02 4.5421E+01 1.4588E+01 5.4773E+00 7.1354E+00
   2.9750 0.0000E+00 0.0000E+00 0.0000E+00 0.0000E+00 1.4718E+00 1.0545E+01 0.0000E+00 3.9701E+01 2.2524E+01 4.8439E+00 1.1383E+01
   3.0250 0.0000E+00 0.0000E+00 0.0000E+00 0.0000E+00 8.9425E-01 7.8992E+00 0.0000E+00 3.2212E+01 3.3125E+01 4.0800E+00 1.7214E+01
   3.0750 0.0000E+00 0.0000E+00 0.0000E+00 0.0000E+00 4.0987E-01 6.3529E+00 0.0000E+00 2.4722E+01 4.5160E+01 2.9995E+00 2.2952E+01
   3.1250 0.0000E+00 0.0000E+00 0.0000E+00 0.0000E+00 2.0493E-01 4.4713E+00 0.0000E+00 1.6711E+01 5.3003E+01 2.0121E+00 2.8486E+01
   3.1750 0.0000E+00 0.0000E+00 0.0000E+00 0.0000E+00 5.5891E-02 2.6455E+00 0.0000E+00 9.6691E+00 5.8667E+01 1.1364E+00 3.0926E+01
   3.2250 0.0000E+00 0.0000E+00 0.0000E+00 0.0000E+00 5.5891E-02 1.5091E+00 1.8630E-02 4.9929E+00 5.5313E+01 7.4521E-01 2.9678E+01
   3.2750 0.0000E+00 0.0000E+00 0.0000E+00 0.0000E+00 0.0000E+00 8.1973E-01 0.0000E+00 2.4778E+00 4.9966E+01 3.5398E-01 2.6679E+01
   3.3250 0.0000E+00 0.0000E+00 0.0000E+00 0.0000E+00 1.8630E-02 3.3534E-01 0.0000E+00 1.0060E+00 3.8285E+01 1.8630E-01 2.0382E+01
   3.3750 0.0000E+00 0.0000E+00 0.0000E+00 0.0000E+00 0.0000E+00 1.6767E-01 0.0000E+00 4.2850E-01 2.5393E+01 1.8630E-02 1.2967E+01
   3.4250 0.0000E+00 0.0000E+00 0.0000E+00 0.0000E+00 0.0000E+00 3.7261E-02 0.0000E+00 2.4219E-01 1.4811E+01 1.8630E-02 7.6011E+00
   3.4750 0.0000E+00 0.0000E+00 0.0000E+00 0.0000E+00 0.0000E+00 5.5891E-02 0.0000E+00 1.3041E-01 7.6943E+00 1.8630E-02 4.6762E+00
   3.5250 0.0000E+00 0.0000E+00 0.0000E+00 0.0000E+00 0.0000E+00 1.8630E-02 0.0000E+00 3.7261E-02 3.7633E+00 0.0000E+00 1.7512E+00
   3.5750 0.0000E+00 0.0000E+00 0.0000E+00 0.0000E+00 0.0000E+00 0.0000E+00 0.0000E+00 1.8630E-02 1.9003E+00 1.8630E-02 7.4521E-01
   3.6250 0.0000E+00 0.0000E+00 0.0000E+00 0.0000E+00 0.0000E+00 0.0000E+00 0.0000E+00 0.0000E+00 7.8247E-01 0.0000E+00 2.9808E-01
   3.6750 0.0000E+00 0.0000E+00 0.0000E+00 0.0000E+00 0.0000E+00 0.0000E+00 0.0000E+00 0.0000E+00 1.8630E-01 0.0000E+00 9.3151E-02
   3.7250 0.0000E+00 0.0000E+00 0.0000E+00 0.0000E+00 0.0000E+00 0.0000E+00 0.0000E+00 0.0000E+00 5.5891E-02 0.0000E+00 0.0000E+00
   3.7750 0.0000E+00 0.0000E+00 0.0000E+00 0.0000E+00 0.0000E+00 0.0000E+00 0.0000E+00 0.0000E+00 5.5891E-02 0.0000E+00 1.8630E-02
   3.8250 0.0000E+00 0.0000E+00 0.0000E+00 0.0000E+00 0.0000E+00 0.0000E+00 0.0000E+00 0.0000E+00 1.8630E-02 0.0000E+00 0.0000E+00

          Energy integ. ang. distrib. of prod. particles
 theta      He6        Li6        Li7        Be7        Be9        Be10         B8         B10        B11        C10    C11     
   5.0000 8.0850E+01 5.9792E+02 3.1454E+02 4.5536E+02 8.7769E+01 5.0911E+01 1.2129E+02 2.0882E+02 2.3875E+02 2.3684E+01 1.2710E+02
  15.0000 8.9055E-01 6.8155E+00 3.9631E+00 5.6522E+00 1.3342E+00 5.8165E-01 8.0182E-01 2.3923E+00 5.7212E+00 1.6759E-01 5.3531E+00
  25.0000 7.4261E-01 6.1421E+00 3.7694E+00 5.5968E+00 1.4228E+00 4.9709E-01 8.6537E-01 2.4069E+00 5.8544E+00 2.0125E-01 5.4961E+00
  35.0000 7.5180E-01 6.3717E+00 3.9295E+00 5.4509E+00 1.4309E+00 4.8489E-01 9.1194E-01 2.3785E+00 5.8513E+00 1.9277E-01 5.3323E+00
  45.0000 7.5777E-01 6.2967E+00 3.8346E+00 5.4740E+00 1.4181E+00 4.8353E-01 8.7084E-01 2.3335E+00 6.0465E+00 1.7080E-01 5.5907E+00
  55.0000 7.7976E-01 6.3377E+00 4.0441E+00 5.5819E+00 1.4276E+00 4.8281E-01 8.2233E-01 2.4286E+00 6.2391E+00 1.6405E-01 5.8663E+00
  65.0000 7.1603E-01 6.2313E+00 3.8786E+00 5.5453E+00 1.5071E+00 5.2365E-01 9.3281E-01 2.6614E+00 6.4471E+00 2.1209E-01 5.9816E+00
  75.0000 7.8542E-01 6.1874E+00 3.8646E+00 5.3905E+00 1.4634E+00 5.2215E-01 8.4618E-01 2.6116E+00 6.6250E+00 1.9283E-01 6.2499E+00
  85.0000 7.3339E-01 5.9593E+00 3.8650E+00 5.3599E+00 1.4616E+00 5.1653E-01 8.0254E-01 2.6988E+00 6.6064E+00 1.9124E-01 6.2197E+00
  95.0000 6.8045E-01 5.8210E+00 3.6942E+00 5.1994E+00 1.4480E+00 4.8238E-01 8.6316E-01 2.5792E+00 6.5646E+00 2.0490E-01 6.1591E+00
 105.0000 6.6127E-01 5.7630E+00 3.5256E+00 5.1528E+00 1.4432E+00 5.3271E-01 7.5461E-01 2.5324E+00 6.2411E+00 2.1044E-01 6.2006E+00
 115.0000 6.7662E-01 5.6841E+00 3.5276E+00 4.9428E+00 1.3542E+00 4.9081E-01 7.4700E-01 2.3949E+00 6.1768E+00 2.0458E-01 5.7611E+00
 125.0000 6.5205E-01 5.3358E+00 3.3205E+00 4.7772E+00 1.3456E+00 4.5269E-01 6.9254E-01 2.2790E+00 5.9982E+00 1.9001E-01 5.7262E+00
 135.0000 6.5192E-01 5.2310E+00 3.1863E+00 4.5514E+00 1.3880E+00 4.3422E-01 6.6275E-01 2.1097E+00 5.7254E+00 2.1410E-01 5.4788E+00
 145.0000 5.9165E-01 5.1721E+00 3.0650E+00 4.4648E+00 1.3716E+00 4.3299E-01 6.1093E-01 2.0137E+00 5.6896E+00 1.8239E-01 5.4183E+00
 155.0000 7.0840E-01 5.0010E+00 2.9745E+00 4.1719E+00 1.3323E+00 4.0854E-01 6.1784E-01 2.0527E+00 5.6571E+00 1.8314E-01 5.3854E+00
 165.0000 6.1122E-01 5.1001E+00 3.0134E+00 4.2391E+00 1.3736E+00 4.0091E-01 6.6709E-01 1.9224E+00 5.4353E+00 1.8074E-01 5.2644E+00
 175.0000 5.4648E-01 4.8793E+00 2.9276E+00 4.1669E+00 1.3076E+00 4.3913E-01 6.7334E-01 2.0005E+00 5.8551E+00 1.9517E-01 5.1915E+00


 *************** Nuclide yields [mb]  (zero values suppressed) *****************
 (normalized to the Total Reaction Cross Section.)

                 Z =  10.                Z =   9.                Z =   8.
 A =  16 0.000E+00 +/- 0.00E+00 2.795E-03 +/- 1.61E-03 5.347E-01 +/- 2.23E-02
 A =  15 0.000E+00 +/- 0.00E+00 5.589E-03 +/- 2.28E-03 8.735E+01 +/- 2.85E-01
 A =  14 0.000E+00 +/- 0.00E+00 6.521E-03 +/- 2.46E-03 1.465E+01 +/- 1.17E-01
 A =  13 0.000E+00 +/- 0.00E+00 0.000E+00 +/- 0.00E+00 7.629E-01 +/- 2.67E-02
 A =  11 0.000E+00 +/- 0.00E+00 0.000E+00 +/- 0.00E+00 9.315E-04 +/- 9.32E-04
 S =   5 0.000E+00 +/- 0.00E+00 1.490E-02 +/- 3.73E-03 1.033E+02 +/- 3.10E-01

                 Z =   7.                Z =   6.                Z =   5.
 A =  15 9.253E+01 +/- 2.94E-01 3.819E-02 +/- 5.96E-03 0.000E+00 +/- 0.00E+00
 A =  14 5.298E+01 +/- 2.22E-01 1.679E+01 +/- 1.25E-01 4.658E-03 +/- 2.08E-03
 A =  13 1.545E+01 +/- 1.20E-01 3.061E+01 +/- 1.69E-01 1.054E+00 +/- 3.13E-02
 A =  12 6.250E-01 +/- 2.41E-02 5.839E+01 +/- 2.33E-01 1.521E+00 +/- 3.76E-02
 A =  11 0.000E+00 +/- 0.00E+00 8.473E+01 +/- 2.81E-01 9.970E+01 +/- 3.05E-01
 A =  10 0.000E+00 +/- 0.00E+00 4.680E+00 +/- 6.60E-02 5.005E+01 +/- 2.16E-01
 A =   9 0.000E+00 +/- 0.00E+00 3.684E+00 +/- 5.86E-02 0.000E+00 +/- 0.00E+00
 A =   8 0.000E+00 +/- 0.00E+00 0.000E+00 +/- 0.00E+00 2.143E+01 +/- 1.41E-01
 S =   8 1.616E+02 +/- 3.88E-01 1.989E+02 +/- 4.30E-01 1.738E+02 +/- 4.02E-01

                 Z =   4.                Z =   3.                Z =   2.
 A =  12 1.863E-03 +/- 1.32E-03 0.000E+00 +/- 0.00E+00 0.000E+00 +/- 0.00E+00
 A =  11 2.021E-01 +/- 1.37E-02 2.701E-02 +/- 5.02E-03 0.000E+00 +/- 0.00E+00
 A =  10 1.094E+01 +/- 1.01E-01 0.000E+00 +/- 0.00E+00 0.000E+00 +/- 0.00E+00
 A =   9 2.606E+01 +/- 1.56E-01 2.118E+00 +/- 4.44E-02 0.000E+00 +/- 0.00E+00
 A =   8 0.000E+00 +/- 0.00E+00 1.247E+01 +/- 1.08E-01 8.747E-01 +/- 2.85E-02
 A =   7 1.076E+02 +/- 3.17E-01 7.526E+01 +/- 2.65E-01 0.000E+00 +/- 0.00E+00
 A =   6 0.000E+00 +/- 0.00E+00 1.301E+02 +/- 3.48E-01 1.654E+01 +/- 1.24E-01
 A =   4 0.000E+00 +/- 0.00E+00 0.000E+00 +/- 0.00E+00 8.363E+02 +/- 8.83E-01
 A =   3 0.000E+00 +/- 0.00E+00 0.000E+00 +/- 0.00E+00 3.372E+02 +/- 5.60E-01
 S =   9 1.448E+02 +/- 3.67E-01 2.199E+02 +/- 4.53E-01 1.191E+03 +/- 1.05E+00

                 Z =   1.                Z =   0.                Z =   0.
 A =   3 2.529E+02 +/- 4.85E-01 0.000E+00 +/- 0.00E+00 0.000E+00 +/- 0.00E+00
 A =   2 6.711E+02 +/- 7.91E-01 0.000E+00 +/- 0.00E+00 0.000E+00 +/- 0.00E+00
 A =   1 1.027E+03 +/- 9.78E-01 1.057E+03 +/- 9.92E-01 0.000E+00 +/- 0.00E+00
 S =   3 1.951E+03 +/- 1.35E+00 2.046-317 +/- 1.38-160 8.385E-04 +/- 8.84E-04
 End of nuclide yields.

Mass-Yield [mb] and Kinetic Energy [MeV] Distributions of Residual Nuclei
 A =  16 5.375E-01+/-2.24E-02     4.576E+03
 A =  15 1.799E+02+/-4.09E-01     4.371E+03
 A =  14 8.443E+01+/-2.80E-01     4.063E+03
 A =  13 4.788E+01+/-2.11E-01     3.763E+03
 A =  12 6.054E+01+/-2.37E-01     3.484E+03
 A =  11 1.847E+02+/-4.15E-01     5.867E+02
 A =  10 6.567E+01+/-2.47E-01     1.175E+03
 A =   9 3.186E+01+/-1.72E-01     1.009E+03
 A =   8 3.477E+01+/-1.80E-01     1.230E+03
 A =   7 1.828E+02+/-4.13E-01     7.984E+02
 A =   6 1.466E+02+/-3.70E-01     7.558E+02
 A =   4 8.363E+02+/-8.83E-01     5.739E+02
 A =   3 5.901E+02+/-7.41E-01     4.304E+02
 A =   2 6.711E+02+/-7.91E-01     3.112E+02
 A =   1 2.084E+03+/-1.39E+00     1.651E+02
 S =  15 5.201E+03+/-2.20E+00     6.397E+02

Charge-Yield [mb] and Kinetic Energy [MeV] Distributions of Residual Nuclei
 Z =  9 1.490E-02+/-3.73E-03     4.163E+03
 Z =  8 1.033E+02+/-3.10E-01     4.328E+03
 Z =  7 1.616E+02+/-3.88E-01     4.205E+03
 Z =  6 1.989E+02+/-4.30E-01     2.198E+03
 Z =  5 1.738E+02+/-4.02E-01     9.392E+02
 Z =  4 1.448E+02+/-3.67E-01     8.449E+02
 Z =  3 2.199E+02+/-4.53E-01     8.007E+02
 Z =  2 1.191E+03+/-1.05E+00     5.367E+02
 Z =  1 1.951E+03+/-1.35E+00     2.514E+02
 S =  9 4.144E+03+/-1.96E+00     7.613E+02

 *************** Nuclide yields [mb] in Forward direction (theta_lab < 90) (zero values suppressed) *******

                 Z =  10.               Z =   9.               Z =   8.
 A =  16 0.000E+00 +/- 0.00E+00 2.795E-03 +/- 1.61E-03 5.347E-01 +/- 2.23E-02
 A =  15 0.000E+00 +/- 0.00E+00 5.589E-03 +/- 2.28E-03 8.735E+01 +/- 2.85E-01
 A =  14 0.000E+00 +/- 0.00E+00 6.521E-03 +/- 2.46E-03 1.465E+01 +/- 1.17E-01
 A =  13 0.000E+00 +/- 0.00E+00 0.000E+00 +/- 0.00E+00 7.629E-01 +/- 2.67E-02
 A =  11 0.000E+00 +/- 0.00E+00 0.000E+00 +/- 0.00E+00 9.315E-04 +/- 9.32E-04
 S =   5 0.000E+00 +/- 0.00E+00 1.490E-02 +/- 3.73E-03 1.033E+02 +/- 3.10E-01

                 Z =   7.               Z =   6.               Z =   5.
 A =  15 9.253E+01 +/- 2.94E-01 3.819E-02 +/- 5.96E-03 0.000E+00 +/- 0.00E+00
 A =  14 5.298E+01 +/- 2.22E-01 1.679E+01 +/- 1.25E-01 4.658E-03 +/- 2.08E-03
 A =  13 1.545E+01 +/- 1.20E-01 3.061E+01 +/- 1.69E-01 1.054E+00 +/- 3.13E-02
 A =  12 6.250E-01 +/- 2.41E-02 5.839E+01 +/- 2.33E-01 1.521E+00 +/- 3.76E-02
 A =  11 0.000E+00 +/- 0.00E+00 4.847E+01 +/- 2.12E-01 6.169E+01 +/- 2.40E-01
 A =  10 0.000E+00 +/- 0.00E+00 3.425E+00 +/- 5.65E-02 3.555E+01 +/- 1.82E-01
 A =   9 0.000E+00 +/- 0.00E+00 3.212E+00 +/- 5.47E-02 0.000E+00 +/- 0.00E+00
 A =   8 0.000E+00 +/- 0.00E+00 0.000E+00 +/- 0.00E+00 1.689E+01 +/- 1.25E-01
 S =   8 1.616E+02 +/- 3.88E-01 1.609E+02 +/- 3.87E-01 1.167E+02 +/- 3.30E-01

                 Z =   4.               Z =   3.               Z =   2.
 A =  12 1.863E-03 +/- 1.32E-03 0.000E+00 +/- 0.00E+00 0.000E+00 +/- 0.00E+00
 A =  11 2.012E-01 +/- 1.37E-02 2.701E-02 +/- 5.02E-03 0.000E+00 +/- 0.00E+00
 A =  10 8.003E+00 +/- 8.63E-02 0.000E+00 +/- 0.00E+00 0.000E+00 +/- 0.00E+00
 A =   9 1.733E+01 +/- 1.27E-01 1.886E+00 +/- 4.19E-02 0.000E+00 +/- 0.00E+00
 A =   8 0.000E+00 +/- 0.00E+00 9.692E+00 +/- 9.50E-02 7.936E-01 +/- 2.72E-02
 A =   7 7.739E+01 +/- 2.68E-01 5.411E+01 +/- 2.25E-01 0.000E+00 +/- 0.00E+00
 A =   6 0.000E+00 +/- 0.00E+00 9.565E+01 +/- 2.98E-01 1.241E+01 +/- 1.08E-01
 A =   4 0.000E+00 +/- 0.00E+00 0.000E+00 +/- 0.00E+00 6.361E+02 +/- 7.70E-01
 A =   3 0.000E+00 +/- 0.00E+00 0.000E+00 +/- 0.00E+00 2.588E+02 +/- 4.91E-01
 S =   9 1.029E+02 +/- 3.10E-01 1.614E+02 +/- 3.88E-01 9.081E+02 +/- 9.20E-01

                 Z =   1.               Z =   0.               Z =   0.
 A =   3 1.951E+02 +/- 4.26E-01 0.000E+00 +/- 0.00E+00 0.000E+00 +/- 0.00E+00
 A =   2 5.249E+02 +/- 6.99E-01 0.000E+00 +/- 0.00E+00 0.000E+00 +/- 0.00E+00
 A =   1 7.960E+02 +/- 8.61E-01 8.140E+02 +/- 8.71E-01 0.000E+00 +/- 0.00E+00
 S =   3 1.516E+03 +/- 1.19E+00 8.140E+02 +/- 8.71E-01 6.477-313 +/- 2.46-158

 End of nuclide yields (Forward direction).

Mass Yield[mb] and Mean Kin. Energy[MeV] of Resid. Nucl. produced in Forward direction:
 A =  16 5.375E-01+/-2.24E-02     4.576E+03+/-6.26E+01
 A =  15 1.799E+02+/-4.09E-01     4.371E+03+/-7.54E+01
 A =  14 8.443E+01+/-2.80E-01     4.063E+03+/-1.10E+02
 A =  13 4.788E+01+/-2.11E-01     3.763E+03+/-1.25E+02
 A =  12 6.054E+01+/-2.37E-01     3.484E+03+/-1.35E+02
 A =  11 1.104E+02+/-3.21E-01     9.806E+02+/-1.47E+03
 A =  10 4.698E+01+/-2.09E-01     1.642E+03+/-1.43E+03
 A =   9 2.243E+01+/-1.45E-01     1.432E+03+/-1.29E+03
 A =   8 2.737E+01+/-1.60E-01     1.561E+03+/-1.08E+03
 A =   7 1.315E+02+/-3.50E-01     1.108E+03+/-1.00E+03
 A =   6 1.081E+02+/-3.17E-01     1.023E+03+/-8.48E+02
 A =   4 6.361E+02+/-7.70E-01     7.525E+02+/-5.53E+02
 A =   3 4.539E+02+/-6.50E-01     5.555E+02+/-4.20E+02
 A =   2 5.249E+02+/-6.99E-01     3.935E+02+/-2.83E+02
 A =   1 1.610E+03+/-1.22E+00     2.087E+02+/-1.50E+02
 S =  15 4.045E+03+/-1.94E+00     8.190E+02+/-1.20E+03

Charge Yield[mb] and Mean Kin. Energy[MeV] of Resid. Nucl. produced in Forward direction:
 Z =  9 1.490E-02+/-3.73E-03     4.163E+03+/-4.16E+03
 Z =  8 1.033E+02+/-3.10E-01     4.328E+03+/-4.33E+03
 Z =  7 1.616E+02+/-3.88E-01     4.205E+03+/-4.20E+03
 Z =  6 1.609E+02+/-3.87E-01     2.717E+03+/-2.72E+03
 Z =  5 1.167E+02+/-3.30E-01     1.397E+03+/-1.40E+03
 Z =  4 1.029E+02+/-3.10E-01     1.187E+03+/-1.19E+03
 Z =  3 1.614E+02+/-3.88E-01     1.089E+03+/-1.09E+03
 Z =  2 9.081E+02+/-9.20E-01     7.013E+02+/-7.00E+02
 Z =  1 1.516E+03+/-1.19E+00     3.188E+02+/-3.18E+02
 Z =  0 8.140E+02+/-8.71E-01     2.063E+02+/-2.06E+02
 S = 10 4.045E+03+/-1.94E+00     8.190E+02+/-1.20E+03

 *************** Nuclide yields [mb] in Backward direction (theta_lab > 90) (zero values suppressed) *******

                 Z =   7.               Z =   6.               Z =   5.
 A =  11 0.000E+00 +/- 0.00E+00 3.626E+01 +/- 1.84E-01 3.800E+01 +/- 1.88E-01
 A =  10 0.000E+00 +/- 0.00E+00 1.255E+00 +/- 3.42E-02 1.450E+01 +/- 1.16E-01
 A =   9 0.000E+00 +/- 0.00E+00 4.723E-01 +/- 2.10E-02 0.000E+00 +/- 0.00E+00
 A =   8 0.000E+00 +/- 0.00E+00 0.000E+00 +/- 0.00E+00 4.539E+00 +/- 6.50E-02
 S =   4 0.000E+00 +/- 0.00E+00 3.799E+01 +/- 1.88E-01 5.704E+01 +/- 2.31E-01

                 Z =   4.               Z =   3.               Z =   2.
 A =  11 9.315E-04 +/- 9.32E-04 0.000E+00 +/- 0.00E+00 0.000E+00 +/- 0.00E+00
 A =  10 2.936E+00 +/- 5.23E-02 0.000E+00 +/- 0.00E+00 0.000E+00 +/- 0.00E+00
 A =   9 8.725E+00 +/- 9.02E-02 2.319E-01 +/- 1.47E-02 0.000E+00 +/- 0.00E+00
 A =   8 0.000E+00 +/- 0.00E+00 2.778E+00 +/- 5.09E-02 8.104E-02 +/- 8.69E-03
 A =   7 3.018E+01 +/- 1.68E-01 2.114E+01 +/- 1.40E-01 0.000E+00 +/- 0.00E+00
 A =   6 0.000E+00 +/- 0.00E+00 3.440E+01 +/- 1.79E-01 4.128E+00 +/- 6.20E-02
 A =   4 0.000E+00 +/- 0.00E+00 0.000E+00 +/- 0.00E+00 2.002E+02 +/- 4.32E-01
 A =   3 0.000E+00 +/- 0.00E+00 0.000E+00 +/- 0.00E+00 7.839E+01 +/- 2.70E-01
 S =   8 4.184E+01 +/- 1.97E-01 5.856E+01 +/- 2.34E-01 2.828E+02 +/- 5.13E-01

                 Z =   1.               Z =   0.               Z =   0.
 A =   3 5.781E+01 +/- 2.32E-01 0.000E+00 +/- 0.00E+00 0.000E+00 +/- 0.00E+00
 A =   2 1.462E+02 +/- 3.69E-01 0.000E+00 +/- 0.00E+00 0.000E+00 +/- 0.00E+00
 A =   1 2.312E+02 +/- 4.64E-01 2.427E+02 +/- 4.76E-01 0.000E+00 +/- 0.00E+00
 S =   3 4.353E+02 +/- 6.37E-01 2.427E+02 +/- 4.76E-01 6.477-313 +/- 2.46-158

 End of nuclide yields (Backward direction).

Mass Yield[mb] and Mean Kin. Energy[MeV] of Resid. Nucl. produced in Backward direction:
 A =  11 7.427E+01+/-2.63E-01     1.127E+00+/-1.02E+00
 A =  10 1.869E+01+/-1.32E-01     2.161E+00+/-2.33E+00
 A =   9 9.430E+00+/-9.37E-02     3.169E+00+/-3.08E+00
 A =   8 7.398E+00+/-8.30E-02     5.220E+00+/-4.70E+00
 A =   7 5.132E+01+/-2.19E-01     5.105E+00+/-5.33E+00
 A =   6 3.853E+01+/-1.89E-01     6.662E+00+/-6.39E+00
 A =   4 2.002E+02+/-4.32E-01     6.500E+00+/-7.29E+00
 A =   3 1.362E+02+/-3.56E-01     1.350E+01+/-1.19E+01
 A =   2 1.462E+02+/-3.69E-01     1.580E+01+/-1.39E+01
 A =   1 4.740E+02+/-6.64E-01     1.711E+01+/-1.74E+01
 S =  10 1.156E+03+/-1.04E+00     1.234E+01+/-1.45E+01

Charge Yield[mb] and Mean Kin. Energy[MeV] of Resid. Nucl. produced in Backward direction:
 Z =  6 3.799E+01+/-1.88E-01     1.228E+00+/-1.23E+00
 Z =  5 5.704E+01+/-2.31E-01     1.689E+00+/-2.27E+00
 Z =  4 4.184E+01+/-1.97E-01     4.518E+00+/-4.88E+00
 Z =  3 5.856E+01+/-2.34E-01     5.951E+00+/-5.97E+00
 Z =  2 2.828E+02+/-5.13E-01     8.364E+00+/-9.22E+00
 Z =  1 4.353E+02+/-6.37E-01     1.662E+01+/-1.57E+01
 Z =  0 2.427E+02+/-4.76E-01     1.643E+01+/-1.75E+01
 S =  7 1.156E+03+/-1.04E+00     1.234E+01+/-1.45E+01

 *************** Nuclide average kinetic energies (MeV (zero yield suppressed) *******

                 Z =  10.               Z =   9.               Z =   8.
 A =  16 0.000E+00 +/- 0.00E+00 4.576E+03 +/- 1.19E+02 4.576E+03 +/- 6.22E+01
 A =  15 0.000E+00 +/- 0.00E+00 4.283E+03 +/- 9.81E+01 4.372E+03 +/- 7.50E+01
 A =  14 0.000E+00 +/- 0.00E+00 3.884E+03 +/- 2.04E+02 4.084E+03 +/- 1.12E+02
 A =  13 0.000E+00 +/- 0.00E+00 0.000E+00 +/- 0.00E+00 3.795E+03 +/- 1.49E+02
 A =  11 0.000E+00 +/- 0.00E+00 0.000E+00 +/- 0.00E+00 3.184E+03 +/- 0.00E+00
 S =   5 0.000E+00 +/- 0.00E+00 4.163E+03 +/- 3.10E+02 4.328E+03 +/- 1.39E+02

                 Z =   7.               Z =   6.               Z =   5.
 A =  15 4.371E+03 +/- 7.57E+01 4.344E+03 +/- 1.07E+02 0.000E+00 +/- 0.00E+00
 A =  14 4.052E+03 +/- 1.08E+02 4.078E+03 +/- 1.13E+02 4.018E+03 +/- 1.74E+02
 A =  13 3.765E+03 +/- 1.26E+02 3.760E+03 +/- 1.23E+02 3.794E+03 +/- 1.42E+02
 A =  12 3.492E+03 +/- 1.44E+02 3.483E+03 +/- 1.35E+02 3.497E+03 +/- 1.31E+02
 A =  11 0.000E+00 +/- 0.00E+00 4.359E+02 +/- 1.09E+03 7.090E+02 +/- 1.32E+03
 A =  10 0.000E+00 +/- 0.00E+00 1.389E+03 +/- 1.45E+03 1.134E+03 +/- 1.41E+03
 A =   9 0.000E+00 +/- 0.00E+00 1.841E+03 +/- 1.18E+03 0.000E+00 +/- 0.00E+00
 A =   8 0.000E+00 +/- 0.00E+00 0.000E+00 +/- 0.00E+00 1.233E+03 +/- 1.15E+03
 S =   8 4.205E+03 +/- 2.29E+02 2.198E+03 +/- 1.76E+03 9.392E+02 +/- 1.38E+03

                 Z =   4.               Z =   3.               Z =   2.
 A =  12 3.416E+03 +/- 4.33E+01 0.000E+00 +/- 0.00E+00 0.000E+00 +/- 0.00E+00
 A =  11 3.100E+03 +/- 5.06E+02 3.164E+03 +/- 1.65E+02 0.000E+00 +/- 0.00E+00
 A =  10 1.274E+03 +/- 1.44E+03 0.000E+00 +/- 0.00E+00 0.000E+00 +/- 0.00E+00
 A =   9 8.209E+02 +/- 1.21E+03 1.881E+03 +/- 1.17E+03 0.000E+00 +/- 0.00E+00
 A =   8 0.000E+00 +/- 0.00E+00 1.190E+03 +/- 1.15E+03 1.712E+03 +/- 1.02E+03
 A =   7 8.028E+02 +/- 9.84E+02 7.920E+02 +/- 9.81E+02 0.000E+00 +/- 0.00E+00
 A =   6 0.000E+00 +/- 0.00E+00 7.504E+02 +/- 8.54E+02 7.990E+02 +/- 8.59E+02
 A =   4 0.000E+00 +/- 0.00E+00 0.000E+00 +/- 0.00E+00 5.739E+02 +/- 5.78E+02
 A =   3 0.000E+00 +/- 0.00E+00 0.000E+00 +/- 0.00E+00 4.287E+02 +/- 4.34E+02
 S =   9 8.449E+02 +/- 1.08E+03 8.007E+02 +/- 9.33E+02 5.367E+02 +/- 5.52E+02

                 Z =   1.               Z =   0.               Z =   0.
 A =   3 4.328E+02 +/- 4.34E+02 0.000E+00 +/- 0.00E+00 0.000E+00 +/- 0.00E+00
 A =   2 3.112E+02 +/- 2.95E+02 0.000E+00 +/- 0.00E+00 0.000E+00 +/- 0.00E+00
 A =   1 1.676E+02 +/- 1.55E+02 1.627E+02 +/- 1.54E+02 0.000E+00 +/- 0.00E+00
 S =   3 2.514E+02 +/- 2.76E+02 1.627E+02 +/- 1.54E+02

 End of nuclide average kinetic energies.

Mass Yield[mb], Mean emiss. angle[deg.] and Mean z-velocity[1/c] of Resid. Nucl. and Forward/Backward ratio :
 A =  16 5.375E-01+/-2.24E-02   1.472E+00+/- 4.08E-01   6.421E-01+/- 3.20E-03   1.000E+00+/- 0.00E+00
 A =  15 1.799E+02+/-4.09E-01   5.678E-01+/- 3.45E-01   6.474E-01+/- 3.95E-03   1.000E+00+/- 0.00E+00
 A =  14 8.443E+01+/-2.80E-01   8.633E-01+/- 5.27E-01   6.456E-01+/- 6.09E-03   1.000E+00+/- 0.00E+00
 A =  13 4.788E+01+/-2.11E-01   1.048E+00+/- 6.18E-01   6.446E-01+/- 7.25E-03   1.000E+00+/- 0.00E+00
 A =  12 6.054E+01+/-2.37E-01   1.268E+00+/- 7.32E-01   6.468E-01+/- 8.33E-03   1.000E+00+/- 0.00E+00
 A =  11 1.847E+02+/-4.15E-01   7.331E+01+/- 4.85E+01   1.191E-01+/- 2.50E-01   1.486E+00+/- 9.58E-03
 A =  10 6.567E+01+/-2.47E-01   5.306E+01+/- 5.15E+01   2.632E-01+/- 3.16E-01   2.514E+00+/- 2.89E-02
 A =   9 3.186E+01+/-1.72E-01   5.511E+01+/- 5.19E+01   2.513E-01+/- 3.14E-01   2.379E+00+/- 3.90E-02
 A =   8 3.477E+01+/-1.80E-01   4.131E+01+/- 4.91E+01   3.449E-01+/- 3.19E-01   3.700E+00+/- 6.31E-02
 A =   7 1.828E+02+/-4.13E-01   5.354E+01+/- 5.09E+01   2.566E-01+/- 3.13E-01   2.562E+00+/- 1.77E-02
 A =   6 1.466E+02+/-3.70E-01   5.041E+01+/- 5.08E+01   2.828E-01+/- 3.17E-01   2.804E+00+/- 2.20E-02
 A =   4 8.363E+02+/-8.83E-01   4.592E+01+/- 5.05E+01   3.201E-01+/- 3.21E-01   3.177E+00+/- 1.07E-02
 A =   3 5.901E+02+/-7.41E-01   4.632E+01+/- 4.89E+01   3.175E-01+/- 3.18E-01   3.333E+00+/- 1.35E-02
 A =   2 6.711E+02+/-7.91E-01   4.472E+01+/- 4.79E+01   3.362E-01+/- 3.18E-01   3.589E+00+/- 1.38E-02
 A =   1 2.084E+03+/-1.39E+00   4.668E+01+/- 4.80E+01   3.336E-01+/- 3.25E-01   3.397E+00+/- 7.35E-03
 S =  15 5.201E+03+/-2.20E+00   4.436E+01+/- 4.89E+01   3.393E-01+/- 3.22E-01   3.498E+00+/- 4.82E-03

Charge Yield[mb], Mean emiss. angle[deg.] and Mean z-velocity[1/c] of Resid. Nucl. and Forward/Backward ratio :
 Z =  9 1.490E-02+/-3.73E-03   9.834E-01+/- 4.50E-01   6.403E-01+/- 9.02E-03   1.000E+00+/- 0.00E+00
 Z =  8 1.033E+02+/-3.10E-01   6.199E-01+/- 3.95E-01   6.474E-01+/- 4.33E-03   1.000E+00+/- 0.00E+00
 Z =  7 1.616E+02+/-3.88E-01   7.138E-01+/- 4.87E-01   6.462E-01+/- 5.25E-03   1.000E+00+/- 0.00E+00
 Z =  6 1.989E+02+/-4.30E-01   3.529E+01+/- 4.91E+01   3.971E-01+/- 3.14E-01   9.373E+03+/- 4.23E+01
 Z =  5 1.738E+02+/-4.02E-01   6.075E+01+/- 5.13E+01   2.082E-01+/- 3.01E-01   1.692E+03+/- 5.39E+00
 Z =  4 1.448E+02+/-3.67E-01   5.457E+01+/- 5.12E+01   2.508E-01+/- 3.13E-01   6.461E+02+/- 1.49E+00
 Z =  3 2.199E+02+/-4.53E-01   5.101E+01+/- 5.08E+01   2.767E-01+/- 3.17E-01   5.043E+02+/- 8.61E-01
 Z =  2 1.191E+03+/-1.05E+00   4.611E+01+/- 5.01E+01   3.188E-01+/- 3.20E-01   2.692E+02+/- 1.79E-01
 Z =  1 1.951E+03+/-1.35E+00   4.578E+01+/- 4.80E+01   3.345E-01+/- 3.22E-01   6.679E+01+/- 2.69E-02
 Z =  0 1.057E+03+/-9.92E-01   4.694E+01+/- 4.82E+01   3.300E-01+/- 3.25E-01   4.211E+01+/- 2.35E-02
 S = 10 5.201E+03+/-2.20E+00   4.436E+01+/- 4.89E+01   3.393E-01+/- 3.22E-01   3.498E+00+/- 4.82E-03

                         Mass distributions of residual nuclei
            After cascade After preco Dec. by evap Dec. by fiss. Before fission

   A =  17    1.200E-05    1.200E-05    1.200E-05    0.000E+00    0.000E+00
   A =  16    2.073E-02    1.795E-02    1.795E-02    0.000E+00    0.000E+00
   A =  15    2.950E-01    2.893E-01    2.893E-01    0.000E+00    0.000E+00
   A =  14    3.671E-01    3.685E-01    3.685E-01    0.000E+00    0.000E+00
   A =  13    3.172E-01    3.243E-01    3.243E-01    0.000E+00    0.000E+00
    <A> =     1.402E+01    1.400E+01    1.400E+01    0.000E+00    0.000E+00
    DisA=     8.335E-01    8.279E-01    8.279E-01    0.000E+00    0.000E+00
    norm=     1.000E+00    1.000E+00    1.000E+00    0.000E+00    0.000E+00

                         Charge distributions of residual nuclei
            After cascade After preco Dec. by evap Dec. by fiss. Before fission

   Z =  10    7.900E-05    6.300E-05    6.300E-05    0.000E+00    0.000E+00
   Z =   9    1.331E-02    1.145E-02    1.145E-02    0.000E+00    0.000E+00
   Z =   8    2.568E-01    2.516E-01    2.516E-01    0.000E+00    0.000E+00
   Z =   7    4.872E-01    4.924E-01    4.924E-01    0.000E+00    0.000E+00
   Z =   6    2.064E-01    2.091E-01    2.091E-01    0.000E+00    0.000E+00
   Z =   5    3.489E-02    3.418E-02    3.418E-02    0.000E+00    0.000E+00
   Z =   4    1.314E-03    1.253E-03    1.253E-03    0.000E+00    0.000E+00
   Z =   3    1.900E-05    1.900E-05    1.900E-05    0.000E+00    0.000E+00
    <Z> =     7.003E+00    6.993E+00    6.993E+00    0.000E+00    0.000E+00
    DisZ=     8.178E-01    8.095E-01    8.095E-01    0.000E+00    0.000E+00
    norm=     1.000E+00    1.000E+00    1.000E+00    0.000E+00    0.000E+00

                     Excitation energy distributions [1/MeV] of residual nuclei
      E*(MeV)   After cascade After preco Dec. by evap Dec. by fiss. Before fission

     0.-   10.    2.531E-02    2.626E-02    2.626E-02    0.000E+00    0.000E+00
    10.-   20.    2.465E-02    2.566E-02    2.566E-02    0.000E+00    0.000E+00
    20.-   30.    1.620E-02    1.656E-02    1.656E-02    0.000E+00    0.000E+00
    30.-   40.    1.093E-02    1.075E-02    1.075E-02    0.000E+00    0.000E+00
    40.-   50.    7.383E-03    6.911E-03    6.911E-03    0.000E+00    0.000E+00
    50.-   60.    5.001E-03    4.541E-03    4.541E-03    0.000E+00    0.000E+00
    60.-   70.    3.519E-03    3.086E-03    3.086E-03    0.000E+00    0.000E+00
    70.-   80.    2.321E-03    2.031E-03    2.031E-03    0.000E+00    0.000E+00
    80.-   90.    1.570E-03    1.388E-03    1.388E-03    0.000E+00    0.000E+00
    90.-  100.    1.051E-03    9.530E-04    9.530E-04    0.000E+00    0.000E+00
   100.-  110.    6.752E-04    6.153E-04    6.153E-04    0.000E+00    0.000E+00
   110.-  120.    4.385E-04    4.225E-04    4.225E-04    0.000E+00    0.000E+00
   120.-  130.    2.750E-04    2.662E-04    2.662E-04    0.000E+00    0.000E+00
   130.-  140.    1.871E-04    1.789E-04    1.789E-04    0.000E+00    0.000E+00
   140.-  150.    1.175E-04    1.097E-04    1.097E-04    0.000E+00    0.000E+00
   150.-  160.    8.510E-05    7.620E-05    7.620E-05    0.000E+00    0.000E+00
   160.-  170.    6.960E-05    5.470E-05    5.470E-05    0.000E+00    0.000E+00
   170.-  180.    5.750E-05    3.910E-05    3.910E-05    0.000E+00    0.000E+00
   180.-  190.    3.950E-05    2.610E-05    2.610E-05    0.000E+00    0.000E+00
   190.-  200.    3.050E-05    1.900E-05    1.900E-05    0.000E+00    0.000E+00
   200.-  210.    2.660E-05    1.440E-05    1.440E-05    0.000E+00    0.000E+00
   210.-  220.    2.030E-05    1.280E-05    1.280E-05    0.000E+00    0.000E+00
   220.-  230.    1.200E-05    9.800E-06    9.800E-06    0.000E+00    0.000E+00
   230.-  240.    7.200E-06    5.400E-06    5.400E-06    0.000E+00    0.000E+00
   240.-  250.    5.300E-06    3.100E-06    3.100E-06    0.000E+00    0.000E+00
   250.-  260.    4.900E-06    4.600E-06    4.600E-06    0.000E+00    0.000E+00
   260.-  270.    3.600E-06    2.100E-06    2.100E-06    0.000E+00    0.000E+00
   270.-  280.    2.100E-06    1.600E-06    1.600E-06    0.000E+00    0.000E+00
   280.-  290.    1.000E-06    8.000E-07    8.000E-07    0.000E+00    0.000E+00
   290.-  300.    5.000E-07    3.000E-07    3.000E-07    0.000E+00    0.000E+00
   300.-  310.    4.000E-07    4.000E-07    4.000E-07    0.000E+00    0.000E+00
   310.-  320.    5.000E-07    5.000E-07    5.000E-07    0.000E+00    0.000E+00
   320.-  330.    2.000E-07    2.000E-07    2.000E-07    0.000E+00    0.000E+00
   340.-  350.    2.000E-07    2.000E-07    2.000E-07    0.000E+00    0.000E+00
       <E*> =     2.800E+01    2.672E+01    2.672E+01    0.000E+00    0.000E+00
       DisE*=     2.558E+01    2.447E+01    2.447E+01    0.000E+00    0.000E+00
        norm=     1.000E+00    1.000E+00    1.000E+00    0.000E+00    0.000E+00

                     Linear momentum per nucleon distributions [1/MeV/c] of residual nuclei
   P/A(MeV/c)   After cascade After preco Dec. by evap Dec. by fiss. Before fission

    50.-   60.    1.000E-07    1.000E-07    1.000E-07    0.000E+00    0.000E+00
   640.-  650.    3.000E-07    3.000E-07    3.000E-07    0.000E+00    0.000E+00
   650.-  660.    1.000E-07    2.000E-07    2.000E-07    0.000E+00    0.000E+00
   660.-  670.    9.000E-07    9.000E-07    9.000E-07    0.000E+00    0.000E+00
   670.-  680.    2.700E-06    2.700E-06    2.700E-06    0.000E+00    0.000E+00
   680.-  690.    5.200E-06    5.200E-06    5.200E-06    0.000E+00    0.000E+00
   690.-  700.    1.190E-05    1.260E-05    1.260E-05    0.000E+00    0.000E+00
   700.-  710.    3.540E-05    3.650E-05    3.650E-05    0.000E+00    0.000E+00
   710.-  720.    9.350E-05    9.630E-05    9.630E-05    0.000E+00    0.000E+00
   720.-  730.    1.957E-04    2.043E-04    2.043E-04    0.000E+00    0.000E+00
   730.-  740.    4.910E-04    5.052E-04    5.052E-04    0.000E+00    0.000E+00
   740.-  750.    1.135E-03    1.148E-03    1.148E-03    0.000E+00    0.000E+00
   750.-  760.    2.664E-03    2.688E-03    2.688E-03    0.000E+00    0.000E+00
   760.-  770.    5.759E-03    5.838E-03    5.838E-03    0.000E+00    0.000E+00
   770.-  780.    1.229E-02    1.234E-02    1.234E-02    0.000E+00    0.000E+00
   780.-  790.    2.493E-02    2.483E-02    2.483E-02    0.000E+00    0.000E+00
   790.-  800.    2.979E-02    2.979E-02    2.979E-02    0.000E+00    0.000E+00
   800.-  810.    1.597E-02    1.591E-02    1.591E-02    0.000E+00    0.000E+00
   810.-  820.    5.085E-03    5.061E-03    5.061E-03    0.000E+00    0.000E+00
   820.-  830.    1.279E-03    1.275E-03    1.275E-03    0.000E+00    0.000E+00
   830.-  840.    2.332E-04    2.319E-04    2.319E-04    0.000E+00    0.000E+00
   840.-  850.    2.400E-05    2.400E-05    2.400E-05    0.000E+00    0.000E+00
   850.-  860.    1.500E-06    1.500E-06    1.500E-06    0.000E+00    0.000E+00
   870.-  880.    1.000E-07    1.000E-07    1.000E-07    0.000E+00    0.000E+00
      <P/A> =     7.892E+02    7.892E+02    7.892E+02    0.000E+00    0.000E+00
    Dis(P/A)=     1.571E+01    1.577E+01    1.577E+01    0.000E+00    0.000E+00
        norm=     1.000E+00    1.000E+00    1.000E+00    0.000E+00    0.000E+00

                     Angular momentum distributions [1/hc] of residual nuclei
       L(hc)    After cascade After preco Dec. by evap Dec. by fiss. Before fission

     0.-    1.    2.591E-02    2.595E-02    2.595E-02    0.000E+00    0.000E+00
     1.-    2.    2.329E-01    2.339E-01    2.339E-01    0.000E+00    0.000E+00
     2.-    3.    2.778E-01    2.777E-01    2.777E-01    0.000E+00    0.000E+00
     3.-    4.    1.948E-01    1.941E-01    1.941E-01    0.000E+00    0.000E+00
     4.-    5.    1.189E-01    1.186E-01    1.186E-01    0.000E+00    0.000E+00
     5.-    6.    6.870E-02    6.837E-02    6.837E-02    0.000E+00    0.000E+00
     6.-    7.    4.027E-02    4.025E-02    4.025E-02    0.000E+00    0.000E+00
     7.-    8.    2.146E-02    2.160E-02    2.160E-02    0.000E+00    0.000E+00
     8.-    9.    1.081E-02    1.099E-02    1.099E-02    0.000E+00    0.000E+00
     9.-   10.    5.300E-03    5.371E-03    5.371E-03    0.000E+00    0.000E+00
    10.-   11.    1.994E-03    2.050E-03    2.050E-03    0.000E+00    0.000E+00
    11.-   12.    6.700E-04    6.910E-04    6.910E-04    0.000E+00    0.000E+00
    12.-   13.    2.050E-04    2.080E-04    2.080E-04    0.000E+00    0.000E+00
    13.-   14.    1.320E-04    1.290E-04    1.290E-04    0.000E+00    0.000E+00
    14.-   15.    6.500E-05    6.500E-05    6.500E-05    0.000E+00    0.000E+00
    15.-   16.    1.700E-05    1.700E-05    1.700E-05    0.000E+00    0.000E+00
    16.-   17.    1.500E-05    1.500E-05    1.500E-05    0.000E+00    0.000E+00
    17.-   18.    6.000E-06    6.000E-06    6.000E-06    0.000E+00    0.000E+00
    18.-   19.    2.000E-06    2.000E-06    2.000E-06    0.000E+00    0.000E+00
        <L> =     2.751E+00    2.751E+00    2.751E+00    0.000E+00    0.000E+00
        DisL=     1.768E+00    1.772E+00    1.772E+00    0.000E+00    0.000E+00
        norm=     1.000E+00    1.000E+00    1.000E+00    0.000E+00    0.000E+00

                          Multiplicity distribution of neutrons produced:
  Nn After all stages At cascade stage At preeq. stage At evap. w/o fis. At prefiss stage At postfiss. stage
   0      9.205E-01        1.000E+00        1.000E+00        9.990E-01        0.000E+00        0.000E+00
   1      7.811E-02        0.000E+00        0.000E+00        1.047E-03        0.000E+00        0.000E+00
   2      1.336E-03        0.000E+00        0.000E+00        0.000E+00        0.000E+00        0.000E+00
   3      3.000E-06        0.000E+00        0.000E+00        0.000E+00        0.000E+00        0.000E+00
 <n>=     8.079E-02        0.000E+00        0.000E+00        1.047E-03        0.000E+00        0.000E+00
  Dn=     2.774E-01        0.000E+00        0.000E+00        3.234E-02        0.000E+00        0.000E+00
 norm=    1.000E+00        1.000E+00        1.000E+00        1.000E+00        0.000E+00        0.000E+00

  to 11:  NC=     1000000  NC1=     1000000  INE=              2312986


  EXEC TIME :  0.  0.  0.  0.

  TIME PER EVENT=     0.000 SEC
