
                              NOTICE

   This software and ancillary information (herein called "software") named
   CEM03.03 is made available under the terms described here. The software has
   been approved for release with associated LA-CC number LA-CC-04-085.

        Copyright (2012). Los Alamos National Security, LLC.
   This material was produced under U.S. Government contract
   DE-AC52-06NA25396 for Los Alamos National Laboratory, which is operated
   by Los Alamos National Security, LLC, for the U.S. Department of Energy.
   The Government is granted for itself and others acting on its behalf a 
   paid-up, nonexclusive, irrevocable worldwide license in this material to
   reproduce, prepare derivative works, and perform publicly and display publicly.

   NEITHER THE UNITED STATES NOR THE UNITED STATES DEPARTMENT OF ENERGY,
   NOR LOS ALAMOS NATIONAL SECURITY LLC, NOR ANY OF THEIR EMPLOYEES,
   MAKES ANY WARRANTY, EXPRESS OR IMPLIED, OR ASSUMES ANY LEGAL LIABILITY
   OR RESPONSIBILITY FOR THE ACCURACY, COMPLETENESS, OR USEFULNESS OF ANY
   INFORMATION, APPARATUS, PRODUCT, OR PROCESS DISCLOSED, OR REPRESENTS
   THAT ITS USE WOULD NOT INFRINGE PRIVATELY OWNED RIGHTS.

        Additionally, the program is free software; you can redistribute
   it and/or modify it under the terms of the GNU General Public
   License as published by the Free Software Foundation; either
   version 2 of the License, or (at your option) any later version.
   Accordingly, this program is distributed in the hope that it will
   be useful, but WITHOUT ANY WARRANTY; without even the implied
   warranty of MERCHANTABILITY or FITNESS FOR A PARTICULAR PURPOSE.
   See the GNU General Public License for more details.

           The primary authors of CEM03.03 are: S. G. Mashnik (LANL),
      K. K. Gudima (IAP), and A. J. Sierk (LANL); with important contributions
      from R. E. Prael (LANL), M. I. Baznat (IAP), and N. V. Mokhov (Fermilab).
      (IAP = Institute of Applied Physics, Academy of Science of Moldova.)

  ------------------------------------------------------------------------------

 Wed Apr 19 05:09:41 2017

Projectile A, Z:  11,   5   (unkn)                                      
Target A, Z: 232,  92                                                   
Energy (GeV/A), limc:   0.0182,   1000000                               
 Number of types of evaporated particles = 66
 Number of types of preequilibrium particles = 66

    M      T0     A    Z   Q  B   limc   idel
10.3288 0.2000  232.  92.  5 11  100000   1

 dt0 =   -5.0, t0max =  202.0, dteta =  5.0

  mspec mpyld  mchy  misy mdubl mang  ipar1 ipar2 
    0     0     0     0     0     0     1     9

 r0m =  1.2, & cevap = 12.0.

 lim =    1000000 .

 Geometrical cross section = 2589.62 mb.
 Calculation takes into account fission and evaporation processes
 using Furihata-s GEM2 code.
 The following level density parameters were used in
 the preequilibrium part of this calculation:
 a(Z,N,E) was calculated with Moller, Nix, Myers & Swiatecki microscopic
 corrections; [Atomic Data Nucl. Data Tables, 59, 185 (1995)];
 Level density is from a shifted Fermi-gas formula, with the shift given by
  0, delta-p, delta-n, or delta-p + delta-n, for odd-odd; odd-n, even-p;
 odd-p, even-n; and even-even nuclei, respectively for the compound
 nucleus, and similarly using deltaM-p and deltaM-n for the saddle point.
 delta-n and delta-p are tabulated by Moller, Nix & Kratz and
 deltaM-n and deltaM-p are 4.80 MeV * Bs * {1/N**(1/3) or 1/Z**(1/3)}.
 Bs is the surface area of the saddle-point shape with respect to a sphere.

   Inelastic cross section used here = 2167.74 mb
 Monte Carlo inelastic cross section =  326.12 mb

     Wed Apr 19 05:09:41 2017

                200.0 MeV (Z =  5, A = *) + (Z = 92., A = 232.)

 Number of inelastic interactions =   200001,
 Number of elastic interactions   =  1388162,

 Reaction cross section = 2167.74 mb, Elastic cross section = ******* mb.

  The mean excitation energy, charge, mass, and angular momentum
  of the   100000 nuclei after the 
  cascade and before preequilibrium decay are:
  E*av =  25.4 +/- 24.4 MeV;  E*min =  -1.5;  E*max = 225.8
   Zav =  91.9 +/-  0.7;       Zmin =  89.;    Zmax =  95.
   Aav = 231.5 +/-  0.7;       Amin = 228.;    Amax = 236.
   Lav =   7.5 +/-  4.9 h-bar; Lmin =   0.;    Lmax =  52.

 The program called Fermi breakup    99995 times.

  The mean excitation energy, charge, mass, angular momentum, and 
  fission barrier height of the   62008 fissioning nuclei are:
  E*av =   0.0 +/-  0.0 MeV; E*min =1000.0; E*max =    0.0
   Zav =   0.0 +/- 0.0;        Zmin = 100.;  Zmax =   0.
   Aav =   0.0 +/- 0.0;        Amin = 400.;  Amax =   0.
   Lav =   0.0 +/- 0.0 h-bar;  Lmin = 100.;  Lmax =   0.
  Bfav =   0.0 +/- 0.0 MeV;   Bfmin = ****; Bfmax =  0.0

 The mean total fission product kinetic energy after neutron emission is   0.00 MeV.

               Direct Monte Carlo Simulation Method:
 Fissility =  0.3100 +/-  0.0012,
 Fission cross section = 6.72084E+02 +/- 2.70E+00 mb.

               Statistical Weight Functions Method:
 Fissility =  0.2573,
 Fission cross section = 5.57705E+02 mb.


                         Double differential cross-section d2S/dTdO (mb/MeV/sr) of    n
            prod. xsec for all energies= 4.9547E+03 mb, for    0.<T< 160. xsec= 4.9547E+03mb
  T(MeV)/angle:  10.        20.         9.        11.        19.        21.        30.        40.        50.        60.    dS/dT(mb/MeV)
   0.-   2. 9.3492E+01 8.9524E+01 9.4512E+01 9.2475E+01 8.9260E+01 9.0203E+01 8.9521E+01 8.9542E+01 8.6632E+01 8.7424E+01 1.0801E+03
   2.-   4. 6.3629E+01 6.1240E+01 6.4811E+01 6.3197E+01 6.1234E+01 6.1733E+01 5.9150E+01 5.7881E+01 5.6810E+01 5.6022E+01 6.9381E+02
   4.-   6. 2.9350E+01 2.6909E+01 3.0397E+01 2.8837E+01 2.7251E+01 2.7049E+01 2.4899E+01 2.4372E+01 2.3570E+01 2.2477E+01 2.9639E+02
   6.-   8. 1.5729E+01 1.2890E+01 1.6511E+01 1.5456E+01 1.3116E+01 1.2772E+01 1.0728E+01 1.0038E+01 9.3337E+00 9.3589E+00 1.2964E+02
   8.-  10. 1.1170E+01 7.2481E+00 1.1735E+01 1.0321E+01 7.2648E+00 7.0279E+00 5.7794E+00 4.9728E+00 4.1017E+00 3.9595E+00 6.7774E+01
  10.-  12. 8.2636E+00 5.2661E+00 8.7933E+00 7.9094E+00 5.4106E+00 5.2192E+00 4.1663E+00 3.1100E+00 2.2801E+00 2.1540E+00 4.3897E+01
  12.-  14. 6.8958E+00 4.7019E+00 7.2750E+00 6.4053E+00 4.7267E+00 4.6255E+00 3.7804E+00 2.2247E+00 1.6923E+00 1.3598E+00 3.3567E+01
  14.-  16. 6.1549E+00 4.4559E+00 6.6424E+00 5.9904E+00 4.6051E+00 4.4736E+00 3.2757E+00 1.8013E+00 1.2143E+00 9.2560E-01 2.7086E+01
  16.-  18. 6.3259E+00 3.9785E+00 7.0220E+00 5.8866E+00 4.0276E+00 3.8384E+00 2.4444E+00 1.2855E+00 9.0430E-01 8.2847E-01 2.2490E+01
  18.-  20. 5.6420E+00 3.7760E+00 5.8517E+00 5.2643E+00 4.0124E+00 3.6590E+00 1.9595E+00 9.4684E-01 6.7823E-01 7.2563E-01 1.8930E+01
  20.-  22. 4.1318E+00 2.5897E+00 4.3334E+00 3.5527E+00 2.5989E+00 2.6372E+00 1.5141E+00 7.6979E-01 5.5550E-01 5.0280E-01 1.5207E+01
  22.-  24. 2.4506E+00 1.8229E+00 2.5937E+00 2.1783E+00 1.9150E+00 1.8364E+00 1.0292E+00 6.3123E-01 4.9091E-01 3.3710E-01 1.1820E+01
  24.-  26. 1.7952E+00 9.6931E-01 1.9927E+00 1.6337E+00 1.0335E+00 9.2509E-01 6.8284E-01 5.3116E-01 3.6172E-01 3.0282E-01 9.3863E+00
  26.-  28. 1.0828E+00 7.8124E-01 1.2336E+00 1.0114E+00 7.9032E-01 7.0418E-01 4.3543E-01 4.3108E-01 3.0359E-01 2.6283E-01 7.5275E+00
  28.-  30. 9.4034E-01 5.2082E-01 1.1071E+00 8.8170E-01 5.3194E-01 4.8326E-01 3.1668E-01 2.5403E-01 2.9713E-01 2.1712E-01 5.9884E+00
  30.-  32. 7.4087E-01 3.1828E-01 8.5403E-01 7.0017E-01 3.3436E-01 3.0376E-01 2.3751E-01 2.3094E-01 1.8086E-01 1.3713E-01 4.4709E+00
  32.-  34. 5.1291E-01 3.3275E-01 6.0098E-01 5.4458E-01 3.3436E-01 2.8995E-01 2.2761E-01 2.6943E-01 1.6794E-01 7.4277E-02 3.6580E+00
  34.-  36. 5.6990E-01 1.1574E-01 5.6935E-01 4.9271E-01 1.3679E-01 1.1046E-01 1.7813E-01 1.4626E-01 8.3971E-02 5.1422E-02 2.4550E+00
  36.-  38. 1.9947E-01 1.3021E-01 3.1631E-01 1.8153E-01 1.2159E-01 1.2427E-01 9.8962E-02 3.0792E-02 1.0335E-01 4.5709E-02 1.7071E+00
  38.-  40. 2.2796E-01 1.1574E-01 2.2141E-01 2.3339E-01 1.2159E-01 9.6652E-02 6.9274E-02 6.9281E-02 2.5837E-02 7.4277E-02 1.0839E+00
  40.-  42. 2.8495E-02 1.4467E-02 3.1631E-02 2.5932E-02 0.0000E+00 1.3807E-02 1.9792E-02 7.6979E-03 1.9378E-02 2.2854E-02 1.8968E-01
  42.-  44. 0.0000E+00 0.0000E+00 0.0000E+00 0.0000E+00 0.0000E+00 0.0000E+00 0.0000E+00 1.5396E-02 6.4593E-03 1.1427E-02 3.7935E-02
  44.-  46. 0.0000E+00 1.4467E-02 0.0000E+00 0.0000E+00 1.5198E-02 1.3807E-02 0.0000E+00 7.6979E-03 0.0000E+00 1.1427E-02 4.3355E-02
  46.-  48. 0.0000E+00 0.0000E+00 0.0000E+00 0.0000E+00 0.0000E+00 0.0000E+00 9.8962E-03 1.5396E-02 0.0000E+00 5.7136E-03 2.1677E-02
  48.-  50. 0.0000E+00 0.0000E+00 0.0000E+00 0.0000E+00 0.0000E+00 0.0000E+00 0.0000E+00 7.6979E-03 0.0000E+00 0.0000E+00 5.4193E-03
  50.-  55. 0.0000E+00 0.0000E+00 0.0000E+00 0.0000E+00 0.0000E+00 0.0000E+00 0.0000E+00 3.0792E-03 0.0000E+00 2.2854E-03 4.3355E-03
  55.-  60. 0.0000E+00 5.7869E-03 0.0000E+00 1.0373E-02 6.0794E-03 0.0000E+00 0.0000E+00 0.0000E+00 5.1674E-03 2.2854E-03 8.6709E-03
  60.-  65. 0.0000E+00 0.0000E+00 0.0000E+00 0.0000E+00 0.0000E+00 0.0000E+00 3.9585E-03 0.0000E+00 0.0000E+00 0.0000E+00 2.1677E-03
  70.-  75. 0.0000E+00 0.0000E+00 0.0000E+00 0.0000E+00 0.0000E+00 0.0000E+00 3.9585E-03 0.0000E+00 2.5837E-03 0.0000E+00 4.3355E-03
2600.-2650. 0.0000E+00 0.0000E+00 0.0000E+00 0.0000E+00 0.0000E+00 0.0000E+00 0.0000E+00 0.0000E+00 0.0000E+00 1.7735E-01 1.6930E-01
2650.-2700. 9.1526E-01 4.7800E-01 1.0059E+00 7.9975E-01 5.1310E-01 4.5620E-01 3.1668E-01 2.4880E-01 1.9378E-01 1.8626E-01 1.8556E-01
 energ. int. 5.6637E+02 4.8078E+02 5.8732E+02 5.4956E+02 4.8206E+02 4.7942E+02 4.3718E+02 4.1191E+02 3.8988E+02 3.8391E+02 4.9637E+03


                         Double differential cross-section d2S/dTdO (mb/MeV/sr) of    p
            prod. xsec for all energies= 4.7703E+02 mb, for    2.<T< 160. xsec= 4.5333E+02mb
  T(MeV)/angle:  10.        20.         9.        11.        19.        21.        30.        40.        50.        60.    dS/dT(mb/MeV)
   0.-   2. 1.5672E+00 6.9443E-01 1.7713E+00 1.4263E+00 7.5992E-01 7.1798E-01 4.6512E-01 5.6964E-01 4.5215E-01 3.0853E-01 1.1852E+01
   2.-   4. 3.1914E+00 1.3889E+00 3.3212E+00 3.0341E+00 1.4894E+00 1.2841E+00 1.1084E+00 9.2375E-01 7.1698E-01 7.1991E-01 2.2230E+01
   4.-   6. 3.8183E+00 2.1122E+00 4.2701E+00 3.5268E+00 2.2342E+00 1.9330E+00 1.2271E+00 1.0777E+00 8.9138E-01 7.5991E-01 2.7346E+01
   6.-   8. 3.8468E+00 2.0399E+00 4.5548E+00 3.4490E+00 2.0822E+00 1.8778E+00 1.3756E+00 1.0238E+00 8.0095E-01 8.0562E-01 2.6202E+01
   8.-  10. 3.3909E+00 1.5914E+00 3.7008E+00 2.9044E+00 1.7022E+00 1.5326E+00 1.1381E+00 1.0161E+00 8.0095E-01 6.8563E-01 2.2572E+01
  10.-  12. 2.9350E+00 1.6059E+00 3.4794E+00 2.8266E+00 1.5502E+00 1.6017E+00 1.1974E+00 7.3130E-01 7.2990E-01 6.3992E-01 2.1027E+01
  12.-  14. 3.1345E+00 1.5769E+00 3.4477E+00 2.9044E+00 1.4894E+00 1.4774E+00 1.0292E+00 7.1590E-01 6.7823E-01 6.3421E-01 1.8090E+01
  14.-  16. 2.7640E+00 1.2442E+00 2.6253E+00 2.5414E+00 1.4438E+00 1.2150E+00 1.1875E+00 1.0161E+00 6.7177E-01 6.3421E-01 1.6486E+01
  16.-  18. 1.7097E+00 1.5046E+00 1.8978E+00 1.6078E+00 1.4894E+00 1.4498E+00 1.0292E+00 6.6972E-01 6.6531E-01 4.9137E-01 1.4172E+01
  18.-  20. 1.7097E+00 9.9825E-01 1.9295E+00 1.4781E+00 1.0183E+00 1.0770E+00 9.5993E-01 5.6964E-01 5.1029E-01 4.1709E-01 1.1960E+01
  20.-  22. 1.3963E+00 1.0995E+00 1.5499E+00 1.3744E+00 1.1247E+00 1.0770E+00 6.4326E-01 4.6187E-01 3.4234E-01 3.0853E-01 9.6410E+00
  22.-  24. 1.4817E+00 9.1144E-01 1.4550E+00 1.4263E+00 9.8790E-01 8.9748E-01 5.9377E-01 4.8497E-01 3.4234E-01 2.9139E-01 8.2157E+00
  24.-  26. 7.6937E-01 6.2209E-01 8.5403E-01 8.0390E-01 6.0794E-01 5.5229E-01 4.5523E-01 4.1569E-01 2.9713E-01 2.2854E-01 6.8717E+00
  26.-  28. 9.9733E-01 5.9316E-01 1.1071E+00 9.3356E-01 6.3833E-01 5.3849E-01 2.9689E-01 3.0022E-01 2.7775E-01 2.2283E-01 5.7337E+00
  28.-  30. 8.2636E-01 3.6168E-01 8.5403E-01 7.5204E-01 4.1036E-01 3.8661E-01 3.5626E-01 1.8475E-01 2.0670E-01 1.4855E-01 4.5577E+00
  30.-  32. 4.5592E-01 3.0381E-01 4.4283E-01 4.6678E-01 3.3436E-01 2.8995E-01 2.5730E-01 1.8475E-01 1.6148E-01 9.7131E-02 3.6201E+00
  32.-  34. 4.5592E-01 2.0254E-01 6.0098E-01 4.1492E-01 2.1278E-01 1.9330E-01 2.2761E-01 9.2375E-02 7.1052E-02 1.8855E-01 2.9861E+00
  34.-  36. 3.1345E-01 1.5914E-01 2.8468E-01 3.1119E-01 1.9758E-01 1.5188E-01 2.0782E-01 1.3856E-01 7.1052E-02 7.4277E-02 2.0377E+00
  36.-  38. 3.7044E-01 1.4467E-01 3.4794E-01 2.8526E-01 1.5198E-01 1.2427E-01 5.9377E-02 1.0777E-01 7.1052E-02 7.4277E-02 1.5879E+00
  38.-  40. 5.6990E-02 1.1574E-01 9.4892E-02 1.0373E-01 1.2159E-01 8.2844E-02 1.9792E-02 5.3885E-02 3.8756E-02 3.4282E-02 9.5922E-01
  40.-  42. 2.8495E-02 4.3402E-02 3.1631E-02 2.5932E-02 4.5595E-02 5.5229E-02 3.9585E-02 2.3094E-02 1.9378E-02 5.7136E-03 1.7342E-01
  42.-  44. 0.0000E+00 2.8935E-02 0.0000E+00 0.0000E+00 3.0397E-02 2.7615E-02 9.8962E-03 1.5396E-02 1.9378E-02 0.0000E+00 6.5032E-02
  44.-  46. 5.6990E-02 0.0000E+00 6.3261E-02 5.1865E-02 0.0000E+00 0.0000E+00 2.9689E-02 0.0000E+00 1.2919E-02 1.1427E-02 5.9613E-02
  46.-  48. 0.0000E+00 1.4467E-02 0.0000E+00 0.0000E+00 1.5198E-02 1.3807E-02 0.0000E+00 0.0000E+00 0.0000E+00 0.0000E+00 5.4193E-03
  48.-  50. 0.0000E+00 1.4467E-02 0.0000E+00 0.0000E+00 1.5198E-02 1.3807E-02 9.8962E-03 0.0000E+00 0.0000E+00 5.7136E-03 2.1677E-02
  50.-  55. 1.1398E-02 0.0000E+00 1.2652E-02 0.0000E+00 0.0000E+00 0.0000E+00 0.0000E+00 3.0792E-03 0.0000E+00 2.2854E-03 6.5032E-03
  55.-  60. 0.0000E+00 5.7869E-03 0.0000E+00 0.0000E+00 6.0794E-03 5.5229E-03 0.0000E+00 0.0000E+00 0.0000E+00 2.2854E-03 4.3355E-03
  60.-  65. 0.0000E+00 0.0000E+00 0.0000E+00 0.0000E+00 0.0000E+00 0.0000E+00 0.0000E+00 3.0792E-03 2.5837E-03 0.0000E+00 4.3355E-03
  65.-  70. 0.0000E+00 0.0000E+00 0.0000E+00 0.0000E+00 0.0000E+00 0.0000E+00 3.9585E-03 0.0000E+00 0.0000E+00 0.0000E+00 2.1677E-03
2600.-2650. 0.0000E+00 0.0000E+00 0.0000E+00 0.0000E+00 0.0000E+00 0.0000E+00 0.0000E+00 0.0000E+00 0.0000E+00 1.2684E-01 1.3201E-01
2650.-2700. 6.8388E-01 3.2985E-01 6.9714E-01 5.7881E-01 3.8178E-01 3.2585E-01 2.2920E-01 1.8352E-01 1.5890E-01 1.2776E-01 1.3462E-01
 energ. int. 9.8422E+01 5.5178E+01 1.1109E+02 9.3875E+01 5.4167E+01 5.1805E+01 3.7566E+01 2.9083E+01 2.3783E+01 2.1437E+01 4.5926E+02


                         Double differential cross-section d2S/dTdO (mb/MeV/sr) of    d
            prod. xsec for all energies= 2.4788E+01 mb, for    3.<T< 215. xsec= 2.4777E+01mb
  T(MeV)/angle:  10.        20.         9.        11.        19.        21.        30.        40.        50.        60.    dS/dT(mb/MeV)
   2.-   4. 0.0000E+00 0.0000E+00 0.0000E+00 0.0000E+00 0.0000E+00 0.0000E+00 0.0000E+00 0.0000E+00 1.2919E-02 0.0000E+00 2.1677E-02
   4.-   6. 0.0000E+00 0.0000E+00 0.0000E+00 0.0000E+00 0.0000E+00 0.0000E+00 9.8962E-03 7.6979E-03 0.0000E+00 0.0000E+00 2.1677E-02
   6.-   8. 0.0000E+00 1.4467E-02 0.0000E+00 0.0000E+00 1.5198E-02 1.3807E-02 0.0000E+00 7.6979E-03 0.0000E+00 0.0000E+00 3.2516E-02
   8.-  10. 0.0000E+00 1.0127E-01 0.0000E+00 0.0000E+00 9.1190E-02 9.6652E-02 1.9792E-02 3.0792E-02 3.8756E-02 5.7136E-03 3.3058E-01
  10.-  12. 1.4248E-01 1.1574E-01 1.2652E-01 1.5559E-01 1.3679E-01 9.6652E-02 1.6824E-01 1.0007E-01 1.2919E-01 1.4855E-01 1.1597E+00
  12.-  14. 1.9947E-01 2.4594E-01 2.5304E-01 2.0746E-01 2.4317E-01 2.3473E-01 2.1772E-01 2.0784E-01 1.8732E-01 1.0856E-01 1.4632E+00
  14.-  16. 3.4194E-01 2.4594E-01 4.1120E-01 3.1119E-01 1.9758E-01 2.4853E-01 2.4741E-01 2.0784E-01 1.8732E-01 1.8855E-01 1.4903E+00
  16.-  18. 1.4248E-01 3.4722E-01 1.5815E-01 1.5559E-01 3.0397E-01 3.1757E-01 2.3751E-01 2.3094E-01 1.8732E-01 1.9426E-01 1.4415E+00
  18.-  20. 3.1345E-01 2.7488E-01 3.4794E-01 3.3712E-01 2.7357E-01 3.0376E-01 2.4741E-01 1.6166E-01 2.2608E-01 1.3713E-01 1.4307E+00
  20.-  22. 1.7097E-01 2.7488E-01 1.5815E-01 1.5559E-01 3.0397E-01 2.7615E-01 1.9792E-01 1.7705E-01 1.4856E-01 1.5427E-01 1.0243E+00
  22.-  24. 3.1345E-01 1.8808E-01 1.8978E-01 3.3712E-01 2.7357E-01 1.9330E-01 1.7813E-01 1.6166E-01 1.6148E-01 1.0284E-01 9.2129E-01
  24.-  26. 1.7097E-01 1.4467E-01 1.8978E-01 1.8153E-01 1.3679E-01 1.5188E-01 1.0886E-01 9.2375E-02 9.0430E-02 8.5704E-02 6.2322E-01
  26.-  28. 1.7097E-01 1.4467E-01 1.8978E-01 1.2966E-01 9.1190E-02 1.5188E-01 1.2865E-01 7.6979E-02 1.0335E-01 6.8563E-02 5.3651E-01
  28.-  30. 1.1398E-01 1.0127E-01 1.5815E-01 1.0373E-01 1.0639E-01 1.2427E-01 9.8962E-02 4.6187E-02 7.7512E-02 9.1417E-02 4.6606E-01
  30.-  32. 8.5485E-02 5.7869E-02 6.3261E-02 7.7797E-02 7.5992E-02 5.5229E-02 6.9274E-02 9.2375E-02 3.8756E-02 2.8568E-02 3.1432E-01
  32.-  34. 5.6990E-02 7.2337E-02 6.3261E-02 7.7797E-02 4.5595E-02 5.5229E-02 4.9481E-02 3.8490E-02 2.5837E-02 3.4282E-02 2.1677E-01
  34.-  36. 2.2796E-01 5.7869E-02 2.5304E-01 1.5559E-01 6.0794E-02 5.5229E-02 4.9481E-02 4.6187E-02 6.4593E-03 1.7141E-02 2.1135E-01
  36.-  38. 8.5485E-02 1.4467E-02 1.2652E-01 1.0373E-01 1.5198E-02 0.0000E+00 3.9585E-02 7.6979E-03 1.9378E-02 1.7141E-02 1.4632E-01
  38.-  40. 1.1398E-01 8.6804E-02 1.2652E-01 1.0373E-01 7.5992E-02 8.2844E-02 3.9585E-02 1.5396E-02 1.2919E-02 1.7141E-02 1.5174E-01
  40.-  42. 2.8495E-02 4.3402E-02 3.1631E-02 2.5932E-02 4.5595E-02 4.1422E-02 9.8962E-03 1.5396E-02 6.4593E-03 0.0000E+00 5.4193E-02
  42.-  44. 2.8495E-02 4.3402E-02 3.1631E-02 5.1865E-02 3.0397E-02 2.7615E-02 0.0000E+00 1.5396E-02 3.8756E-02 5.7136E-03 9.7548E-02
  44.-  46. 2.8495E-02 4.3402E-02 3.1631E-02 2.5932E-02 4.5595E-02 4.1422E-02 2.9689E-02 7.6979E-03 0.0000E+00 5.7136E-03 5.4193E-02
  46.-  48. 0.0000E+00 2.8935E-02 3.1631E-02 0.0000E+00 3.0397E-02 2.7615E-02 3.9585E-02 7.6979E-03 6.4593E-03 1.1427E-02 5.9613E-02
  48.-  50. 0.0000E+00 0.0000E+00 0.0000E+00 0.0000E+00 0.0000E+00 0.0000E+00 9.8962E-03 2.3094E-02 0.0000E+00 0.0000E+00 2.7097E-02
  50.-  55. 0.0000E+00 1.1574E-02 0.0000E+00 0.0000E+00 1.2159E-02 1.1046E-02 0.0000E+00 3.0792E-03 5.1674E-03 0.0000E+00 2.1677E-02
  55.-  60. 0.0000E+00 5.7869E-03 0.0000E+00 0.0000E+00 6.0794E-03 5.5229E-03 0.0000E+00 0.0000E+00 0.0000E+00 0.0000E+00 4.3355E-03
  60.-  65. 1.1398E-02 0.0000E+00 1.2652E-02 1.0373E-02 0.0000E+00 0.0000E+00 3.9585E-03 0.0000E+00 2.5837E-03 0.0000E+00 6.5032E-03
  65.-  70. 0.0000E+00 0.0000E+00 0.0000E+00 0.0000E+00 0.0000E+00 0.0000E+00 3.9585E-03 0.0000E+00 0.0000E+00 0.0000E+00 2.1677E-03
  70.-  75. 1.1398E-02 0.0000E+00 0.0000E+00 1.0373E-02 6.0794E-03 0.0000E+00 3.9585E-03 0.0000E+00 0.0000E+00 0.0000E+00 4.3355E-03
 energ. int. 5.5850E+00 5.3818E+00 5.9466E+00 5.4976E+00 5.3194E+00 5.2744E+00 4.4533E+00 3.5718E+00 3.4364E+00 2.8454E+00 2.4777E+01


                         Double differential cross-section d2S/dTdO (mb/MeV/sr) of    t
            prod. xsec for all energies= 4.3571E+00 mb, for    3.<T< 250. xsec= 4.3571E+00mb
  T(MeV)/angle:  10.        20.         9.        11.        19.        21.        30.        40.        50.        60.    dS/dT(mb/MeV)
   4.-   6. 0.0000E+00 0.0000E+00 0.0000E+00 0.0000E+00 0.0000E+00 0.0000E+00 0.0000E+00 0.0000E+00 0.0000E+00 0.0000E+00 5.4193E-03
   6.-   8. 0.0000E+00 0.0000E+00 0.0000E+00 0.0000E+00 0.0000E+00 0.0000E+00 0.0000E+00 0.0000E+00 6.4593E-03 0.0000E+00 5.4193E-03
   8.-  10. 0.0000E+00 0.0000E+00 0.0000E+00 0.0000E+00 0.0000E+00 0.0000E+00 0.0000E+00 0.0000E+00 0.0000E+00 0.0000E+00 6.5032E-02
  10.-  12. 0.0000E+00 1.4467E-02 0.0000E+00 0.0000E+00 1.5198E-02 1.3807E-02 9.8962E-03 4.6187E-02 2.5837E-02 1.7141E-02 1.8968E-01
  12.-  14. 0.0000E+00 0.0000E+00 0.0000E+00 0.0000E+00 0.0000E+00 0.0000E+00 1.9792E-02 1.5396E-02 4.5215E-02 3.4282E-02 2.4929E-01
  14.-  16. 5.6990E-02 1.4467E-02 3.1631E-02 5.1865E-02 3.0397E-02 1.3807E-02 4.9481E-02 3.0792E-02 3.2297E-02 4.5709E-02 2.5471E-01
  16.-  18. 2.8495E-02 2.8935E-02 3.1631E-02 2.5932E-02 3.0397E-02 2.7615E-02 2.9689E-02 3.0792E-02 2.5837E-02 2.8568E-02 2.1135E-01
  18.-  20. 0.0000E+00 1.4467E-02 0.0000E+00 0.0000E+00 1.5198E-02 2.7615E-02 2.9689E-02 4.6187E-02 3.8756E-02 1.7141E-02 2.3303E-01
  20.-  22. 0.0000E+00 2.8935E-02 0.0000E+00 0.0000E+00 3.0397E-02 2.7615E-02 2.9689E-02 3.0792E-02 1.9378E-02 1.1427E-02 1.5716E-01
  22.-  24. 0.0000E+00 0.0000E+00 0.0000E+00 0.0000E+00 0.0000E+00 0.0000E+00 3.9585E-02 3.0792E-02 1.9378E-02 5.7136E-03 1.4090E-01
  24.-  26. 0.0000E+00 0.0000E+00 0.0000E+00 0.0000E+00 0.0000E+00 0.0000E+00 0.0000E+00 3.0792E-02 3.2297E-02 1.7141E-02 1.2464E-01
  26.-  28. 0.0000E+00 5.7869E-02 0.0000E+00 0.0000E+00 4.5595E-02 5.5229E-02 1.9792E-02 3.0792E-02 1.2919E-02 1.7141E-02 1.1381E-01
  28.-  30. 2.8495E-02 2.8935E-02 3.1631E-02 2.5932E-02 3.0397E-02 2.7615E-02 2.9689E-02 7.6979E-03 6.4593E-03 1.1427E-02 9.7548E-02
  30.-  32. 0.0000E+00 0.0000E+00 0.0000E+00 0.0000E+00 0.0000E+00 0.0000E+00 1.9792E-02 7.6979E-03 6.4593E-03 5.7136E-03 3.7935E-02
  32.-  34. 2.8495E-02 5.7869E-02 3.1631E-02 5.1865E-02 6.0794E-02 4.1422E-02 0.0000E+00 1.5396E-02 0.0000E+00 0.0000E+00 4.8774E-02
  34.-  36. 2.8495E-02 2.8935E-02 3.1631E-02 2.5932E-02 3.0397E-02 2.7615E-02 9.8962E-03 7.6979E-03 6.4593E-03 0.0000E+00 5.4193E-02
  36.-  38. 0.0000E+00 0.0000E+00 0.0000E+00 0.0000E+00 0.0000E+00 1.3807E-02 2.9689E-02 0.0000E+00 0.0000E+00 0.0000E+00 3.7935E-02
  38.-  40. 0.0000E+00 2.8935E-02 0.0000E+00 0.0000E+00 3.0397E-02 2.7615E-02 1.9792E-02 0.0000E+00 6.4593E-03 0.0000E+00 3.7935E-02
  40.-  42. 2.8495E-02 1.4467E-02 3.1631E-02 2.5932E-02 0.0000E+00 1.3807E-02 9.8962E-03 0.0000E+00 0.0000E+00 1.1427E-02 3.2516E-02
  44.-  46. 2.8495E-02 0.0000E+00 3.1631E-02 2.5932E-02 0.0000E+00 0.0000E+00 1.9792E-02 0.0000E+00 6.4593E-03 5.7136E-03 2.7097E-02
  46.-  48. 0.0000E+00 1.4467E-02 0.0000E+00 0.0000E+00 1.5198E-02 1.3807E-02 0.0000E+00 7.6979E-03 0.0000E+00 0.0000E+00 1.0839E-02
  48.-  50. 0.0000E+00 0.0000E+00 0.0000E+00 0.0000E+00 0.0000E+00 0.0000E+00 9.8962E-03 0.0000E+00 0.0000E+00 0.0000E+00 5.4193E-03
  50.-  55. 1.1398E-02 5.7869E-03 1.2652E-02 1.0373E-02 0.0000E+00 5.5229E-03 0.0000E+00 0.0000E+00 0.0000E+00 0.0000E+00 4.3355E-03
  55.-  60. 0.0000E+00 5.7869E-03 0.0000E+00 0.0000E+00 6.0794E-03 5.5229E-03 0.0000E+00 3.0792E-03 0.0000E+00 0.0000E+00 4.3355E-03
  60.-  65. 0.0000E+00 0.0000E+00 0.0000E+00 0.0000E+00 0.0000E+00 0.0000E+00 7.9170E-03 0.0000E+00 0.0000E+00 0.0000E+00 4.3355E-03
  70.-  75. 0.0000E+00 5.7869E-03 0.0000E+00 0.0000E+00 6.0794E-03 5.5229E-03 0.0000E+00 0.0000E+00 0.0000E+00 0.0000E+00 2.1677E-03
 energ. int. 5.1291E-01 7.5230E-01 5.0609E-01 5.1865E-01 7.2952E-01 7.4560E-01 7.9170E-01 6.9281E-01 5.8134E-01 4.5709E-01 4.3571E+00


                         Double differential cross-section d2S/dTdO (mb/MeV/sr) of  He3
            prod. xsec for all energies= 7.1535E-01 mb, for    2.<T< 580. xsec= 7.1535E-01mb
  T(MeV)/angle:  10.        20.         9.        11.        19.        21.        30.        40.        50.        60.    dS/dT(mb/MeV)
  18.-  20. 0.0000E+00 0.0000E+00 0.0000E+00 0.0000E+00 0.0000E+00 0.0000E+00 0.0000E+00 0.0000E+00 0.0000E+00 5.7136E-03 5.4193E-03
  20.-  22. 0.0000E+00 0.0000E+00 0.0000E+00 0.0000E+00 0.0000E+00 0.0000E+00 9.8962E-03 0.0000E+00 0.0000E+00 5.7136E-03 1.6258E-02
  22.-  24. 0.0000E+00 0.0000E+00 0.0000E+00 0.0000E+00 0.0000E+00 0.0000E+00 0.0000E+00 7.6979E-03 6.4593E-03 0.0000E+00 2.1677E-02
  24.-  26. 0.0000E+00 0.0000E+00 0.0000E+00 0.0000E+00 0.0000E+00 0.0000E+00 9.8962E-03 7.6979E-03 1.2919E-02 1.1427E-02 4.3355E-02
  26.-  28. 2.8495E-02 2.8935E-02 3.1631E-02 2.5932E-02 1.5198E-02 2.7615E-02 0.0000E+00 1.5396E-02 0.0000E+00 5.7136E-03 3.7935E-02
  28.-  30. 0.0000E+00 2.8935E-02 0.0000E+00 0.0000E+00 3.0397E-02 2.7615E-02 9.8962E-03 1.5396E-02 0.0000E+00 5.7136E-03 4.8774E-02
  30.-  32. 0.0000E+00 0.0000E+00 0.0000E+00 0.0000E+00 0.0000E+00 1.3807E-02 9.8962E-03 0.0000E+00 0.0000E+00 5.7136E-03 1.6258E-02
  32.-  34. 0.0000E+00 0.0000E+00 3.1631E-02 0.0000E+00 0.0000E+00 0.0000E+00 0.0000E+00 1.5396E-02 1.2919E-02 1.1427E-02 5.4193E-02
  34.-  36. 0.0000E+00 1.4467E-02 0.0000E+00 0.0000E+00 1.5198E-02 1.3807E-02 9.8962E-03 7.6979E-03 6.4593E-03 0.0000E+00 2.7097E-02
  36.-  38. 0.0000E+00 1.4467E-02 0.0000E+00 0.0000E+00 1.5198E-02 1.3807E-02 9.8962E-03 7.6979E-03 0.0000E+00 0.0000E+00 1.6258E-02
  40.-  42. 2.8495E-02 1.4467E-02 3.1631E-02 2.5932E-02 1.5198E-02 1.3807E-02 0.0000E+00 7.6979E-03 0.0000E+00 0.0000E+00 2.1677E-02
  42.-  44. 0.0000E+00 0.0000E+00 3.1631E-02 0.0000E+00 0.0000E+00 0.0000E+00 0.0000E+00 0.0000E+00 0.0000E+00 0.0000E+00 1.6258E-02
  44.-  46. 0.0000E+00 1.4467E-02 0.0000E+00 0.0000E+00 1.5198E-02 1.3807E-02 0.0000E+00 0.0000E+00 0.0000E+00 0.0000E+00 1.0839E-02
  46.-  48. 0.0000E+00 0.0000E+00 0.0000E+00 0.0000E+00 0.0000E+00 0.0000E+00 9.8962E-03 0.0000E+00 0.0000E+00 0.0000E+00 5.4193E-03
  50.-  55. 1.1398E-02 5.7869E-03 1.2652E-02 1.0373E-02 0.0000E+00 5.5229E-03 0.0000E+00 0.0000E+00 0.0000E+00 0.0000E+00 4.3355E-03
  60.-  65. 0.0000E+00 0.0000E+00 0.0000E+00 0.0000E+00 0.0000E+00 0.0000E+00 0.0000E+00 0.0000E+00 0.0000E+00 2.2854E-03 2.1677E-03
 energ. int. 1.7097E-01 2.6041E-01 3.1631E-01 1.5559E-01 2.1278E-01 2.7615E-01 1.3855E-01 1.6935E-01 7.7512E-02 1.1427E-01 7.1535E-01


                         Double differential cross-section d2S/dTdO (mb/MeV/sr) of  He4
            prod. xsec for all energies= 1.2627E+01 mb, for    2.<T< 650. xsec= 1.2627E+01mb
  T(MeV)/angle:  10.        20.         9.        11.        19.        21.        30.        40.        50.        60.    dS/dT(mb/MeV)
   2.-   4. 0.0000E+00 0.0000E+00 0.0000E+00 0.0000E+00 0.0000E+00 0.0000E+00 0.0000E+00 0.0000E+00 0.0000E+00 0.0000E+00 1.0839E-02
   4.-   6. 0.0000E+00 0.0000E+00 0.0000E+00 0.0000E+00 0.0000E+00 0.0000E+00 0.0000E+00 1.5396E-02 0.0000E+00 0.0000E+00 2.1677E-02
   6.-   8. 0.0000E+00 0.0000E+00 0.0000E+00 0.0000E+00 0.0000E+00 0.0000E+00 9.8962E-03 0.0000E+00 0.0000E+00 0.0000E+00 2.7097E-02
   8.-  10. 0.0000E+00 0.0000E+00 0.0000E+00 0.0000E+00 0.0000E+00 0.0000E+00 9.8962E-03 0.0000E+00 6.4593E-03 0.0000E+00 4.8774E-02
  10.-  12. 0.0000E+00 0.0000E+00 0.0000E+00 0.0000E+00 0.0000E+00 0.0000E+00 0.0000E+00 7.6979E-03 0.0000E+00 0.0000E+00 4.3355E-02
  12.-  14. 0.0000E+00 0.0000E+00 0.0000E+00 0.0000E+00 0.0000E+00 0.0000E+00 9.8962E-03 0.0000E+00 6.4593E-03 1.1427E-02 5.4193E-02
  14.-  16. 0.0000E+00 0.0000E+00 0.0000E+00 0.0000E+00 0.0000E+00 0.0000E+00 9.8962E-03 3.8490E-02 6.4593E-03 5.7136E-03 9.2129E-02
  16.-  18. 2.8495E-02 0.0000E+00 3.1631E-02 2.5932E-02 0.0000E+00 0.0000E+00 9.8962E-03 0.0000E+00 1.2919E-02 1.1427E-02 4.3355E-02
  18.-  20. 0.0000E+00 0.0000E+00 0.0000E+00 0.0000E+00 0.0000E+00 0.0000E+00 9.8962E-03 0.0000E+00 6.4593E-03 0.0000E+00 4.3355E-02
  20.-  22. 0.0000E+00 0.0000E+00 0.0000E+00 0.0000E+00 0.0000E+00 1.3807E-02 9.8962E-03 2.3094E-02 6.4593E-03 1.7141E-02 2.7639E-01
  22.-  24. 8.5485E-02 1.4467E-02 1.2652E-01 7.7797E-02 1.5198E-02 1.3807E-02 6.9274E-02 3.8490E-02 5.1674E-02 3.9995E-02 4.2271E-01
  24.-  26. 0.0000E+00 2.8935E-02 0.0000E+00 0.0000E+00 3.0397E-02 2.7615E-02 2.9689E-02 3.8490E-02 1.9378E-02 2.2854E-02 2.4929E-01
  26.-  28. 2.8495E-02 2.8935E-02 3.1631E-02 2.5932E-02 3.0397E-02 2.7615E-02 9.8962E-03 2.3094E-02 1.2919E-02 5.7136E-03 1.6258E-01
  28.-  30. 0.0000E+00 5.7869E-02 0.0000E+00 0.0000E+00 4.5595E-02 5.5229E-02 2.9689E-02 1.5396E-02 1.9378E-02 5.7136E-03 1.3548E-01
  30.-  32. 0.0000E+00 4.3402E-02 0.0000E+00 0.0000E+00 4.5595E-02 5.5229E-02 3.9585E-02 0.0000E+00 1.2919E-02 0.0000E+00 1.0297E-01
  32.-  34. 5.6990E-02 5.7869E-02 0.0000E+00 5.1865E-02 9.1190E-02 5.5229E-02 1.9792E-02 7.6979E-03 6.4593E-03 5.7136E-03 7.5871E-02
  34.-  36. 2.8495E-02 1.4467E-02 3.1631E-02 5.1865E-02 1.5198E-02 0.0000E+00 1.9792E-02 7.6979E-03 0.0000E+00 5.7136E-03 4.8774E-02
  36.-  38. 0.0000E+00 5.7869E-02 0.0000E+00 2.5932E-02 6.0794E-02 5.5229E-02 2.9689E-02 2.3094E-02 6.4593E-03 5.7136E-03 8.6709E-02
  38.-  40. 5.6990E-02 4.3402E-02 6.3261E-02 5.1865E-02 0.0000E+00 5.5229E-02 4.9481E-02 3.0792E-02 0.0000E+00 5.7136E-03 8.6709E-02
  40.-  42. 5.6990E-02 1.1574E-01 6.3261E-02 5.1865E-02 1.2159E-01 1.1046E-01 9.8962E-03 0.0000E+00 0.0000E+00 5.7136E-03 7.0451E-02
  42.-  44. 2.8495E-02 1.0127E-01 3.1631E-02 2.5932E-02 1.0639E-01 9.6652E-02 9.8962E-03 7.6979E-03 0.0000E+00 0.0000E+00 5.9613E-02
  44.-  46. 5.6990E-02 1.3021E-01 6.3261E-02 7.7797E-02 1.0639E-01 1.2427E-01 3.9585E-02 1.5396E-02 0.0000E+00 0.0000E+00 9.2129E-02
  46.-  48. 8.5485E-02 2.1701E-01 9.4892E-02 1.2966E-01 2.2798E-01 2.0711E-01 9.8962E-02 1.5396E-02 6.4593E-03 0.0000E+00 1.7342E-01
  48.-  50. 8.5485E-02 2.4594E-01 9.4892E-02 1.2966E-01 2.4317E-01 2.2092E-01 1.0886E-01 1.5396E-02 0.0000E+00 0.0000E+00 1.9510E-01
  50.-  55. 1.7097E-01 2.4305E-01 1.7713E-01 2.0746E-01 2.4317E-01 2.3196E-01 9.5004E-02 1.2317E-02 0.0000E+00 0.0000E+00 1.8859E-01
  55.-  60. 1.5957E-01 3.0671E-01 1.5183E-01 1.9709E-01 2.7965E-01 2.8719E-01 1.4251E-01 2.1554E-02 2.5837E-03 0.0000E+00 2.4712E-01
  60.-  65. 1.9377E-01 3.5879E-01 1.8978E-01 2.3858E-01 3.7084E-01 3.3138E-01 1.2667E-01 9.2375E-03 0.0000E+00 0.0000E+00 2.4929E-01
  65.-  70. 3.1914E-01 2.6620E-01 3.1631E-01 3.3193E-01 2.6141E-01 2.5406E-01 1.5042E-01 1.8475E-02 0.0000E+00 0.0000E+00 2.5796E-01
  70.-  75. 1.5957E-01 2.0833E-01 1.6448E-01 1.3485E-01 1.9454E-01 2.2644E-01 1.5438E-01 1.2317E-02 0.0000E+00 0.0000E+00 2.0160E-01
  75.-  80. 6.8388E-02 1.5046E-01 7.5913E-02 6.2238E-02 1.3983E-01 1.4912E-01 8.3128E-02 9.2375E-03 0.0000E+00 0.0000E+00 1.2139E-01
  80.-  85. 3.4194E-02 9.2591E-02 5.0609E-02 6.2238E-02 7.9032E-02 9.3890E-02 6.7294E-02 0.0000E+00 0.0000E+00 0.0000E+00 8.0206E-02
  85.-  90. 0.0000E+00 6.9443E-02 0.0000E+00 1.0373E-02 6.6873E-02 6.6275E-02 4.3543E-02 0.0000E+00 0.0000E+00 0.0000E+00 4.9858E-02
  90.-  95. 0.0000E+00 6.3656E-02 0.0000E+00 0.0000E+00 5.4714E-02 7.7321E-02 5.5419E-02 3.0792E-03 0.0000E+00 0.0000E+00 5.6361E-02
  95.- 100. 0.0000E+00 2.3148E-02 0.0000E+00 0.0000E+00 2.4317E-02 2.2092E-02 1.5834E-02 0.0000E+00 0.0000E+00 0.0000E+00 1.7342E-02
 100.- 105. 0.0000E+00 5.7869E-03 0.0000E+00 0.0000E+00 0.0000E+00 5.5229E-03 0.0000E+00 0.0000E+00 0.0000E+00 0.0000E+00 2.1677E-03
 105.- 110. 1.1398E-02 0.0000E+00 1.2652E-02 1.0373E-02 0.0000E+00 5.5229E-03 3.9585E-03 0.0000E+00 0.0000E+00 0.0000E+00 4.3355E-03
 energ. int. 6.7818E+00 1.1256E+01 6.9587E+00 7.7278E+00 1.0852E+01 1.0991E+01 5.9575E+00 1.0777E+00 3.7464E-01 2.9711E-01 1.2627E+01


                         Double differential cross-section d2S/dTdO (mb/MeV/sr) of  Li8
            prod. xsec for all energies= 7.5871E-02 mb, for    4.<T<2500. xsec= 7.5871E-02mb
  T(MeV)/angle:  10.        20.         9.        11.        19.        21.        30.        40.        50.        60.    dS/dT(mb/MeV)
  80.-  85. 0.0000E+00 0.0000E+00 0.0000E+00 0.0000E+00 0.0000E+00 5.5229E-03 3.9585E-03 0.0000E+00 0.0000E+00 0.0000E+00 2.1677E-03
  85.-  90. 0.0000E+00 5.7869E-03 0.0000E+00 0.0000E+00 0.0000E+00 5.5229E-03 0.0000E+00 0.0000E+00 0.0000E+00 0.0000E+00 2.1677E-03
 100.- 105. 0.0000E+00 1.1574E-02 0.0000E+00 0.0000E+00 6.0794E-03 1.1046E-02 0.0000E+00 0.0000E+00 0.0000E+00 0.0000E+00 4.3355E-03
 130.- 135. 1.1398E-02 5.7869E-03 1.2652E-02 2.0746E-02 6.0794E-03 0.0000E+00 0.0000E+00 0.0000E+00 0.0000E+00 0.0000E+00 4.3355E-03
 135.- 140. 1.1398E-02 0.0000E+00 1.2652E-02 1.0373E-02 0.0000E+00 0.0000E+00 0.0000E+00 0.0000E+00 0.0000E+00 0.0000E+00 2.1677E-03
 energ. int. 1.1398E-01 1.1574E-01 1.2652E-01 1.5559E-01 6.0794E-02 1.1046E-01 1.9792E-02 0.0000E+00 0.0000E+00 0.0000E+00 7.5871E-02


                         Double differential cross-section d2S/dTdO (mb/MeV/sr) of  Li9
            prod. xsec for all energies= 1.5499E+00 mb, for    4.<T<2500. xsec= 1.5499E+00mb
  T(MeV)/angle:  10.        20.         9.        11.        19.        21.        30.        40.        50.        60.    dS/dT(mb/MeV)
  42.-  44. 0.0000E+00 0.0000E+00 0.0000E+00 0.0000E+00 0.0000E+00 0.0000E+00 0.0000E+00 0.0000E+00 6.4593E-03 0.0000E+00 5.4193E-03
  75.-  80. 0.0000E+00 0.0000E+00 0.0000E+00 0.0000E+00 0.0000E+00 0.0000E+00 3.9585E-03 0.0000E+00 0.0000E+00 0.0000E+00 2.1677E-03
  80.-  85. 0.0000E+00 5.7869E-03 0.0000E+00 0.0000E+00 6.0794E-03 5.5229E-03 0.0000E+00 0.0000E+00 0.0000E+00 0.0000E+00 2.1677E-03
  85.-  90. 1.1398E-02 1.1574E-02 1.2652E-02 1.0373E-02 1.2159E-02 1.1046E-02 0.0000E+00 0.0000E+00 0.0000E+00 0.0000E+00 6.5032E-03
  90.-  95. 0.0000E+00 0.0000E+00 0.0000E+00 0.0000E+00 0.0000E+00 0.0000E+00 3.9585E-03 3.0792E-03 0.0000E+00 0.0000E+00 4.3355E-03
  95.- 100. 1.1398E-02 1.1574E-02 1.2652E-02 1.0373E-02 1.2159E-02 1.1046E-02 7.9170E-03 0.0000E+00 0.0000E+00 0.0000E+00 1.0839E-02
 100.- 105. 0.0000E+00 2.3148E-02 0.0000E+00 0.0000E+00 2.4317E-02 2.2092E-02 0.0000E+00 0.0000E+00 0.0000E+00 0.0000E+00 8.6709E-03
 105.- 110. 1.1398E-02 1.1574E-02 1.2652E-02 2.0746E-02 6.0794E-03 5.5229E-03 7.9170E-03 0.0000E+00 0.0000E+00 0.0000E+00 1.0839E-02
 110.- 115. 1.1398E-02 6.3656E-02 1.2652E-02 2.0746E-02 6.6873E-02 5.5229E-02 0.0000E+00 0.0000E+00 0.0000E+00 0.0000E+00 2.6013E-02
 115.- 120. 4.5592E-02 4.6295E-02 3.7957E-02 4.1492E-02 5.4714E-02 4.4184E-02 1.1875E-02 3.0792E-03 0.0000E+00 0.0000E+00 3.4684E-02
 120.- 125. 4.5592E-02 5.2082E-02 5.0609E-02 7.2610E-02 4.2556E-02 3.8661E-02 7.9170E-03 0.0000E+00 0.0000E+00 0.0000E+00 3.2516E-02
 125.- 130. 4.5592E-02 4.0509E-02 3.7957E-02 6.2238E-02 4.8635E-02 2.7615E-02 3.9585E-03 0.0000E+00 0.0000E+00 0.0000E+00 2.6013E-02
 130.- 135. 3.4194E-02 4.6295E-02 1.2652E-02 3.1119E-02 5.4714E-02 4.4184E-02 0.0000E+00 0.0000E+00 0.0000E+00 0.0000E+00 2.6013E-02
 135.- 140. 3.4194E-02 2.3148E-02 2.5304E-02 2.0746E-02 3.0397E-02 3.3138E-02 7.9170E-03 0.0000E+00 0.0000E+00 0.0000E+00 1.9510E-02
 140.- 145. 1.1398E-02 3.4722E-02 1.2652E-02 1.0373E-02 3.6476E-02 3.3138E-02 7.9170E-03 0.0000E+00 0.0000E+00 0.0000E+00 1.9510E-02
 145.- 150. 3.4194E-02 2.3148E-02 2.5304E-02 3.1119E-02 3.0397E-02 2.7615E-02 3.9585E-03 0.0000E+00 0.0000E+00 0.0000E+00 1.7342E-02
 150.- 155. 2.2796E-02 0.0000E+00 2.5304E-02 2.0746E-02 0.0000E+00 5.5229E-03 1.9792E-02 0.0000E+00 0.0000E+00 0.0000E+00 1.5174E-02
 155.- 160. 3.4194E-02 2.3148E-02 2.5304E-02 3.1119E-02 3.0397E-02 2.2092E-02 0.0000E+00 0.0000E+00 0.0000E+00 0.0000E+00 1.5174E-02
 160.- 165. 1.1398E-02 1.1574E-02 2.5304E-02 1.0373E-02 6.0794E-03 1.1046E-02 0.0000E+00 0.0000E+00 0.0000E+00 0.0000E+00 8.6709E-03
 165.- 170. 1.1398E-02 1.7361E-02 0.0000E+00 1.0373E-02 2.4317E-02 1.6569E-02 0.0000E+00 0.0000E+00 0.0000E+00 0.0000E+00 8.6709E-03
 170.- 175. 0.0000E+00 1.1574E-02 0.0000E+00 0.0000E+00 1.2159E-02 1.1046E-02 0.0000E+00 0.0000E+00 0.0000E+00 0.0000E+00 4.3355E-03
 175.- 180. 1.1398E-02 5.7869E-03 1.2652E-02 1.0373E-02 6.0794E-03 5.5229E-03 3.9585E-03 0.0000E+00 0.0000E+00 0.0000E+00 6.5032E-03
 180.- 185. 0.0000E+00 0.0000E+00 0.0000E+00 0.0000E+00 0.0000E+00 0.0000E+00 3.9585E-03 0.0000E+00 0.0000E+00 0.0000E+00 2.1677E-03
 energ. int. 1.9377E+00 2.3148E+00 1.7081E+00 2.0746E+00 2.5229E+00 2.1539E+00 4.7502E-01 3.0792E-02 1.2919E-02 0.0000E+00 1.5499E+00


                         Double differential cross-section d2S/dTdO (mb/MeV/sr) of  Be9
            prod. xsec for all energies= 7.6955E-01 mb, for    4.<T<2500. xsec= 7.6955E-01mb
  T(MeV)/angle:  10.        20.         9.        11.        19.        21.        30.        40.        50.        60.    dS/dT(mb/MeV)
  28.-  30. 0.0000E+00 0.0000E+00 0.0000E+00 0.0000E+00 0.0000E+00 0.0000E+00 0.0000E+00 7.6979E-03 0.0000E+00 0.0000E+00 5.4193E-03
  32.-  34. 0.0000E+00 1.4467E-02 0.0000E+00 0.0000E+00 1.5198E-02 1.3807E-02 9.8962E-03 0.0000E+00 0.0000E+00 0.0000E+00 1.6258E-02
  34.-  36. 0.0000E+00 0.0000E+00 0.0000E+00 0.0000E+00 0.0000E+00 0.0000E+00 0.0000E+00 0.0000E+00 0.0000E+00 5.7136E-03 5.4193E-03
  36.-  38. 0.0000E+00 0.0000E+00 0.0000E+00 0.0000E+00 0.0000E+00 0.0000E+00 0.0000E+00 0.0000E+00 0.0000E+00 0.0000E+00 1.0839E-02
 100.- 105. 0.0000E+00 5.7869E-03 0.0000E+00 0.0000E+00 6.0794E-03 5.5229E-03 0.0000E+00 0.0000E+00 0.0000E+00 0.0000E+00 2.1677E-03
 105.- 110. 1.1398E-02 0.0000E+00 1.2652E-02 1.0373E-02 0.0000E+00 0.0000E+00 7.9170E-03 0.0000E+00 0.0000E+00 0.0000E+00 6.5032E-03
 110.- 115. 0.0000E+00 5.7869E-03 0.0000E+00 0.0000E+00 6.0794E-03 5.5229E-03 3.9585E-03 0.0000E+00 0.0000E+00 0.0000E+00 4.3355E-03
 115.- 120. 0.0000E+00 1.7361E-02 0.0000E+00 0.0000E+00 1.8238E-02 2.2092E-02 7.9170E-03 0.0000E+00 0.0000E+00 0.0000E+00 1.0839E-02
 120.- 125. 0.0000E+00 2.8935E-02 0.0000E+00 0.0000E+00 2.4317E-02 2.7615E-02 0.0000E+00 0.0000E+00 0.0000E+00 0.0000E+00 1.0839E-02
 125.- 130. 0.0000E+00 5.7869E-03 0.0000E+00 0.0000E+00 6.0794E-03 5.5229E-03 1.5834E-02 0.0000E+00 0.0000E+00 0.0000E+00 1.0839E-02
 130.- 135. 1.1398E-02 1.1574E-02 1.2652E-02 2.0746E-02 1.2159E-02 1.1046E-02 7.9170E-03 0.0000E+00 0.0000E+00 0.0000E+00 1.0839E-02
 135.- 140. 1.1398E-02 1.1574E-02 1.2652E-02 1.0373E-02 1.2159E-02 1.1046E-02 3.9585E-03 0.0000E+00 0.0000E+00 0.0000E+00 8.6709E-03
 140.- 145. 1.1398E-02 3.4722E-02 1.2652E-02 2.0746E-02 3.0397E-02 2.7615E-02 1.5834E-02 0.0000E+00 0.0000E+00 0.0000E+00 2.3845E-02
 145.- 150. 0.0000E+00 1.7361E-02 0.0000E+00 0.0000E+00 1.2159E-02 1.6569E-02 3.9585E-03 0.0000E+00 0.0000E+00 0.0000E+00 8.6709E-03
 150.- 155. 1.1398E-02 1.1574E-02 1.2652E-02 1.0373E-02 1.2159E-02 1.1046E-02 1.5834E-02 0.0000E+00 0.0000E+00 0.0000E+00 1.5174E-02
 155.- 160. 0.0000E+00 1.7361E-02 0.0000E+00 0.0000E+00 1.8238E-02 1.6569E-02 0.0000E+00 0.0000E+00 0.0000E+00 0.0000E+00 6.5032E-03
 160.- 165. 0.0000E+00 5.7869E-03 0.0000E+00 0.0000E+00 6.0794E-03 5.5229E-03 0.0000E+00 0.0000E+00 0.0000E+00 0.0000E+00 2.1677E-03
 165.- 170. 0.0000E+00 5.7869E-03 0.0000E+00 0.0000E+00 0.0000E+00 5.5229E-03 0.0000E+00 0.0000E+00 0.0000E+00 0.0000E+00 4.3355E-03
 170.- 175. 1.1398E-02 0.0000E+00 1.2652E-02 0.0000E+00 0.0000E+00 0.0000E+00 0.0000E+00 0.0000E+00 0.0000E+00 0.0000E+00 2.1677E-03
 180.- 185. 0.0000E+00 1.1574E-02 0.0000E+00 0.0000E+00 1.2159E-02 1.1046E-02 3.9585E-03 0.0000E+00 0.0000E+00 0.0000E+00 6.5032E-03
 190.- 195. 0.0000E+00 0.0000E+00 0.0000E+00 0.0000E+00 0.0000E+00 0.0000E+00 3.9585E-03 0.0000E+00 0.0000E+00 0.0000E+00 2.1677E-03
 195.- 200. 0.0000E+00 0.0000E+00 0.0000E+00 0.0000E+00 0.0000E+00 0.0000E+00 3.9585E-03 0.0000E+00 0.0000E+00 0.0000E+00 2.1677E-03
 energ. int. 3.4194E-01 9.8378E-01 3.7957E-01 3.6305E-01 9.1190E-01 9.3890E-01 4.9481E-01 1.5396E-02 0.0000E+00 1.1427E-02 7.6955E-01


                         Double differential cross-section d2S/dTdO (mb/MeV/sr) of Be10
            prod. xsec for all energies= 3.7838E+01 mb, for    4.<T<2500. xsec= 3.7838E+01mb
  T(MeV)/angle:  10.        20.         9.        11.        19.        21.        30.        40.        50.        60.    dS/dT(mb/MeV)
  34.-  36. 0.0000E+00 0.0000E+00 0.0000E+00 0.0000E+00 0.0000E+00 0.0000E+00 0.0000E+00 0.0000E+00 0.0000E+00 0.0000E+00 5.4193E-03
  65.-  70. 0.0000E+00 0.0000E+00 0.0000E+00 0.0000E+00 0.0000E+00 0.0000E+00 3.9585E-03 0.0000E+00 0.0000E+00 0.0000E+00 2.1677E-03
  75.-  80. 0.0000E+00 1.1574E-02 0.0000E+00 0.0000E+00 1.2159E-02 1.1046E-02 0.0000E+00 0.0000E+00 0.0000E+00 0.0000E+00 4.3355E-03
  80.-  85. 0.0000E+00 2.8935E-02 0.0000E+00 0.0000E+00 3.0397E-02 2.7615E-02 3.9585E-03 0.0000E+00 0.0000E+00 0.0000E+00 1.3006E-02
  85.-  90. 1.1398E-02 5.7869E-03 0.0000E+00 1.0373E-02 1.2159E-02 5.5229E-03 7.9170E-03 0.0000E+00 0.0000E+00 0.0000E+00 8.6709E-03
  90.-  95. 1.1398E-02 3.4722E-02 0.0000E+00 1.0373E-02 3.6476E-02 3.8661E-02 7.9170E-03 3.0792E-03 0.0000E+00 0.0000E+00 2.1677E-02
  95.- 100. 1.1398E-02 5.7869E-02 0.0000E+00 1.0373E-02 6.6873E-02 6.0752E-02 1.5834E-02 3.0792E-03 0.0000E+00 0.0000E+00 3.4684E-02
 100.- 105. 3.4194E-02 8.6804E-02 2.5304E-02 6.2238E-02 9.1190E-02 7.1798E-02 3.9585E-02 3.0792E-03 0.0000E+00 0.0000E+00 6.2864E-02
 105.- 110. 1.1398E-01 1.1574E-01 1.0122E-01 1.0373E-01 1.2767E-01 1.1046E-01 3.1668E-02 3.0792E-03 0.0000E+00 0.0000E+00 8.8877E-02
 110.- 115. 1.3678E-01 2.0254E-01 1.3917E-01 1.4522E-01 2.0670E-01 1.9330E-01 5.1460E-02 3.0792E-03 0.0000E+00 0.0000E+00 1.3223E-01
 115.- 120. 1.8237E-01 3.3564E-01 1.6448E-01 1.8671E-01 3.3436E-01 3.2585E-01 5.1460E-02 0.0000E+00 0.0000E+00 0.0000E+00 1.9076E-01
 120.- 125. 3.3054E-01 4.9189E-01 2.6570E-01 3.7343E-01 5.3498E-01 4.4736E-01 8.7087E-02 0.0000E+00 0.0000E+00 0.0000E+00 2.9698E-01
 125.- 130. 2.7355E-01 5.6133E-01 2.7835E-01 3.6305E-01 5.9578E-01 5.0811E-01 8.3128E-02 0.0000E+00 0.0000E+00 0.0000E+00 3.0782E-01
 130.- 135. 4.9012E-01 8.6804E-01 4.4283E-01 5.3939E-01 8.5111E-01 8.4501E-01 1.4251E-01 3.0792E-03 0.0000E+00 0.0000E+00 5.0291E-01
 135.- 140. 5.1291E-01 1.1227E+00 4.8079E-01 5.3939E-01 1.1490E+00 1.0494E+00 1.1084E-01 3.0792E-03 0.0000E+00 0.0000E+00 5.9179E-01
 140.- 145. 4.5592E-01 1.1921E+00 3.9222E-01 5.7051E-01 1.2098E+00 1.0880E+00 1.1875E-01 0.0000E+00 0.0000E+00 0.0000E+00 6.1130E-01
 145.- 150. 6.3829E-01 1.2095E+00 6.4526E-01 6.4312E-01 1.1672E+00 1.1819E+00 1.4646E-01 0.0000E+00 0.0000E+00 0.0000E+00 6.6333E-01
 150.- 155. 7.7507E-01 1.3368E+00 6.7057E-01 7.9871E-01 1.3800E+00 1.3034E+00 2.0584E-01 0.0000E+00 0.0000E+00 0.0000E+00 7.7171E-01
 155.- 160. 6.2689E-01 1.1574E+00 6.1996E-01 6.5349E-01 1.1247E+00 1.1156E+00 1.5834E-01 0.0000E+00 0.0000E+00 0.0000E+00 6.5249E-01
 160.- 165. 6.6109E-01 1.1227E+00 6.5792E-01 6.9499E-01 1.1916E+00 1.0825E+00 1.9001E-01 0.0000E+00 0.0000E+00 0.0000E+00 6.7200E-01
 165.- 170. 5.1291E-01 9.3170E-01 4.6813E-01 5.6014E-01 9.6054E-01 9.4442E-01 1.8209E-01 3.0792E-03 0.0000E+00 0.0000E+00 5.6361E-01
 170.- 175. 4.3312E-01 5.1504E-01 4.5548E-01 4.4604E-01 5.4106E-01 4.9154E-01 1.4646E-01 0.0000E+00 0.0000E+00 0.0000E+00 3.8586E-01
 175.- 180. 3.1914E-01 5.0346E-01 3.7957E-01 3.4231E-01 4.9851E-01 4.8602E-01 8.7087E-02 0.0000E+00 0.0000E+00 0.0000E+00 3.4033E-01
 180.- 185. 3.4194E-01 2.8935E-01 3.9222E-01 3.0081E-01 2.9789E-01 2.8719E-01 7.1253E-02 0.0000E+00 0.0000E+00 0.0000E+00 2.4062E-01
 185.- 190. 2.0516E-01 2.0254E-01 2.4039E-01 1.9709E-01 2.1278E-01 2.0435E-01 4.3543E-02 0.0000E+00 0.0000E+00 0.0000E+00 1.5824E-01
 190.- 195. 1.4817E-01 9.8378E-02 2.0244E-01 1.2448E-01 9.1190E-02 8.8367E-02 2.7709E-02 0.0000E+00 0.0000E+00 0.0000E+00 9.1045E-02
 195.- 200. 4.5592E-02 7.5230E-02 7.5913E-02 6.2238E-02 7.2952E-02 6.0752E-02 2.3751E-02 0.0000E+00 0.0000E+00 0.0000E+00 5.8529E-02
 200.- 205. 6.8388E-02 5.7869E-02 8.8566E-02 8.2983E-02 5.4714E-02 4.4184E-02 3.9585E-03 0.0000E+00 0.0000E+00 0.0000E+00 4.3355E-02
 205.- 210. 2.2796E-02 2.8935E-02 2.5304E-02 3.1119E-02 2.4317E-02 2.2092E-02 1.1875E-02 3.0792E-03 0.0000E+00 0.0000E+00 2.3845E-02
 210.- 215. 2.2796E-02 5.7869E-03 2.5304E-02 2.0746E-02 6.0794E-03 1.1046E-02 1.1875E-02 0.0000E+00 0.0000E+00 0.0000E+00 1.3006E-02
 215.- 220. 1.1398E-02 1.1574E-02 1.2652E-02 1.0373E-02 1.2159E-02 1.1046E-02 0.0000E+00 0.0000E+00 0.0000E+00 0.0000E+00 6.5032E-03
 220.- 225. 0.0000E+00 1.1574E-02 0.0000E+00 0.0000E+00 1.2159E-02 1.1046E-02 3.9585E-03 0.0000E+00 0.0000E+00 0.0000E+00 6.5032E-03
 225.- 230. 0.0000E+00 5.7869E-03 0.0000E+00 0.0000E+00 6.0794E-03 5.5229E-03 0.0000E+00 0.0000E+00 0.0000E+00 0.0000E+00 2.1677E-03
 255.- 260. 1.1398E-02 0.0000E+00 1.2652E-02 0.0000E+00 0.0000E+00 0.0000E+00 0.0000E+00 0.0000E+00 0.0000E+00 0.0000E+00 2.1677E-03
 energ. int. 3.7044E+01 6.3396E+01 3.6312E+01 3.9417E+01 6.4563E+01 6.0670E+01 1.0351E+01 1.3856E-01 0.0000E+00 0.0000E+00 3.7838E+01


                         Double differential cross-section d2S/dTdO (mb/MeV/sr) of  B10
            prod. xsec for all energies= 3.3416E+01 mb, for    9.<T<2500. xsec= 3.3416E+01mb
  T(MeV)/angle:  10.        20.         9.        11.        19.        21.        30.        40.        50.        60.    dS/dT(mb/MeV)
  40.-  42. 0.0000E+00 0.0000E+00 0.0000E+00 0.0000E+00 0.0000E+00 0.0000E+00 9.8962E-03 0.0000E+00 0.0000E+00 0.0000E+00 1.0839E-02
  70.-  75. 0.0000E+00 0.0000E+00 0.0000E+00 0.0000E+00 0.0000E+00 0.0000E+00 3.9585E-03 0.0000E+00 0.0000E+00 0.0000E+00 2.1677E-03
  75.-  80. 0.0000E+00 5.7869E-03 0.0000E+00 0.0000E+00 6.0794E-03 5.5229E-03 7.9170E-03 0.0000E+00 0.0000E+00 0.0000E+00 6.5032E-03
  85.-  90. 0.0000E+00 0.0000E+00 0.0000E+00 0.0000E+00 0.0000E+00 0.0000E+00 3.9585E-03 3.0792E-03 0.0000E+00 0.0000E+00 4.3355E-03
  90.-  95. 0.0000E+00 2.8935E-02 0.0000E+00 0.0000E+00 3.0397E-02 2.7615E-02 1.1875E-02 0.0000E+00 0.0000E+00 0.0000E+00 2.1677E-02
  95.- 100. 0.0000E+00 2.8935E-02 1.2652E-02 0.0000E+00 3.0397E-02 3.3138E-02 3.9585E-03 0.0000E+00 0.0000E+00 0.0000E+00 1.5174E-02
 100.- 105. 3.4194E-02 5.7869E-02 3.7957E-02 3.1119E-02 4.8635E-02 6.0752E-02 7.9170E-03 3.0792E-03 0.0000E+00 0.0000E+00 3.4684E-02
 105.- 110. 1.1398E-02 7.5230E-02 0.0000E+00 4.1492E-02 8.5111E-02 6.0752E-02 3.1668E-02 6.1583E-03 0.0000E+00 0.0000E+00 5.2026E-02
 110.- 115. 4.5592E-02 6.9443E-02 3.7957E-02 4.1492E-02 7.2952E-02 7.1798E-02 2.7709E-02 0.0000E+00 0.0000E+00 0.0000E+00 5.4193E-02
 115.- 120. 9.1184E-02 1.2731E-01 1.0122E-01 8.2983E-02 1.0943E-01 1.3807E-01 4.7502E-02 1.2317E-02 0.0000E+00 0.0000E+00 1.0188E-01
 120.- 125. 6.8388E-02 1.5046E-01 7.5913E-02 8.2983E-02 1.5198E-01 1.3807E-01 7.1253E-02 0.0000E+00 0.0000E+00 0.0000E+00 1.0839E-01
 125.- 130. 1.1398E-01 2.0833E-01 1.5183E-01 1.3485E-01 1.8846E-01 2.0435E-01 7.9170E-02 0.0000E+00 0.0000E+00 0.0000E+00 1.5174E-01
 130.- 135. 2.6215E-01 3.7036E-01 2.4039E-01 2.1783E-01 3.4652E-01 3.9213E-01 1.0292E-01 1.2317E-02 0.0000E+00 0.0000E+00 2.5362E-01
 135.- 140. 1.7097E-01 5.4397E-01 2.0244E-01 1.8671E-01 5.0459E-01 5.7991E-01 1.2271E-01 0.0000E+00 0.0000E+00 0.0000E+00 3.0999E-01
 140.- 145. 3.1914E-01 7.2915E-01 2.6570E-01 3.5268E-01 7.1129E-01 7.4560E-01 1.8605E-01 0.0000E+00 0.0000E+00 0.0000E+00 4.4005E-01
 145.- 150. 3.8753E-01 9.2012E-01 3.7957E-01 3.9417E-01 8.4503E-01 9.2785E-01 1.7022E-01 3.0792E-03 0.0000E+00 0.0000E+00 5.2242E-01
 150.- 155. 4.3312E-01 1.0764E+00 3.5426E-01 4.4604E-01 1.1004E+00 1.0991E+00 2.2563E-01 3.0792E-03 0.0000E+00 0.0000E+00 6.2214E-01
 155.- 160. 4.7872E-01 1.1863E+00 4.6813E-01 5.4976E-01 1.1429E+00 1.1653E+00 2.5730E-01 3.0792E-03 0.0000E+00 0.0000E+00 6.8934E-01
 160.- 165. 7.0668E-01 1.0243E+00 6.1996E-01 7.1573E-01 1.0457E+00 1.0273E+00 2.3751E-01 3.0792E-03 0.0000E+00 0.0000E+00 6.6983E-01
 165.- 170. 6.6109E-01 8.3332E-01 5.8200E-01 6.8461E-01 8.4503E-01 8.5606E-01 2.1772E-01 3.0792E-03 0.0000E+00 0.0000E+00 5.8529E-01
 170.- 175. 4.9012E-01 6.5392E-01 5.0609E-01 4.6678E-01 6.0794E-01 6.5723E-01 2.1376E-01 3.0792E-03 0.0000E+00 0.0000E+00 4.8991E-01
 175.- 180. 3.5334E-01 5.0925E-01 3.7957E-01 3.0081E-01 4.5595E-01 5.5782E-01 1.7417E-01 0.0000E+00 0.0000E+00 0.0000E+00 3.9019E-01
 180.- 185. 3.5334E-01 4.3402E-01 3.5426E-01 3.5268E-01 4.3163E-01 4.6393E-01 1.6230E-01 6.1583E-03 0.0000E+00 0.0000E+00 3.5551E-01
 185.- 190. 2.6215E-01 2.4884E-01 3.1631E-01 2.5932E-01 2.4925E-01 2.4853E-01 1.1875E-01 0.0000E+00 0.0000E+00 0.0000E+00 2.3845E-01
 190.- 195. 2.0516E-01 2.1412E-01 2.4039E-01 1.6597E-01 1.6414E-01 2.3196E-01 7.5211E-02 0.0000E+00 0.0000E+00 0.0000E+00 1.7559E-01
 195.- 200. 9.1184E-02 1.2153E-01 8.8566E-02 9.3356E-02 1.0335E-01 1.3255E-01 6.3336E-02 0.0000E+00 0.0000E+00 0.0000E+00 1.0405E-01
 200.- 205. 9.1184E-02 1.5046E-01 1.0122E-01 7.2610E-02 1.2159E-01 1.6569E-01 3.9585E-02 3.0792E-03 0.0000E+00 0.0000E+00 1.0622E-01
 205.- 210. 1.0258E-01 5.2082E-02 1.1387E-01 9.3356E-02 5.4714E-02 6.0752E-02 3.5626E-02 0.0000E+00 0.0000E+00 0.0000E+00 6.0697E-02
 210.- 215. 0.0000E+00 2.3148E-02 1.2652E-02 0.0000E+00 1.8238E-02 2.2092E-02 1.1875E-02 3.0792E-03 0.0000E+00 0.0000E+00 1.9510E-02
 215.- 220. 3.4194E-02 4.0509E-02 3.7957E-02 4.1492E-02 4.2556E-02 4.4184E-02 2.3751E-02 0.0000E+00 0.0000E+00 0.0000E+00 3.6851E-02
 220.- 225. 0.0000E+00 1.7361E-02 0.0000E+00 0.0000E+00 1.8238E-02 2.2092E-02 3.9585E-03 0.0000E+00 0.0000E+00 0.0000E+00 8.6709E-03
 225.- 230. 1.1398E-02 1.7361E-02 1.2652E-02 1.0373E-02 1.8238E-02 1.6569E-02 0.0000E+00 0.0000E+00 0.0000E+00 0.0000E+00 8.6709E-03
 230.- 235. 0.0000E+00 1.1574E-02 0.0000E+00 0.0000E+00 1.2159E-02 1.6569E-02 7.9170E-03 0.0000E+00 0.0000E+00 0.0000E+00 8.6709E-03
 235.- 240. 0.0000E+00 1.7361E-02 0.0000E+00 0.0000E+00 1.8238E-02 1.6569E-02 3.9585E-03 0.0000E+00 0.0000E+00 0.0000E+00 8.6709E-03
 240.- 245. 0.0000E+00 2.8935E-02 0.0000E+00 0.0000E+00 3.0397E-02 2.7615E-02 3.9585E-03 0.0000E+00 0.0000E+00 0.0000E+00 1.3006E-02
 245.- 250. 0.0000E+00 5.7869E-03 0.0000E+00 0.0000E+00 6.0794E-03 5.5229E-03 3.9585E-03 0.0000E+00 0.0000E+00 0.0000E+00 4.3355E-03
 250.- 255. 0.0000E+00 1.1574E-02 0.0000E+00 0.0000E+00 1.2159E-02 1.1046E-02 0.0000E+00 0.0000E+00 0.0000E+00 0.0000E+00 4.3355E-03
 energ. int. 2.8894E+01 4.9970E+01 2.8468E+01 2.9096E+01 4.8149E+01 5.1170E+01 1.3815E+01 3.3871E-01 0.0000E+00 0.0000E+00 3.3416E+01


                         Double differential cross-section d2S/dTdO (mb/MeV/sr) of  B11
            prod. xsec for all energies= 2.5623E+01 mb, for    9.<T<2500. xsec= 2.5623E+01mb
  T(MeV)/angle:  10.        20.         9.        11.        19.        21.        30.        40.        50.        60.    dS/dT(mb/MeV)
  38.-  40. 0.0000E+00 0.0000E+00 0.0000E+00 0.0000E+00 0.0000E+00 0.0000E+00 0.0000E+00 7.6979E-03 0.0000E+00 0.0000E+00 1.0839E-02
  46.-  48. 0.0000E+00 0.0000E+00 0.0000E+00 0.0000E+00 0.0000E+00 0.0000E+00 0.0000E+00 7.6979E-03 0.0000E+00 0.0000E+00 5.4193E-03
  75.-  80. 0.0000E+00 0.0000E+00 0.0000E+00 0.0000E+00 0.0000E+00 0.0000E+00 3.9585E-03 0.0000E+00 0.0000E+00 0.0000E+00 2.1677E-03
  85.-  90. 0.0000E+00 0.0000E+00 0.0000E+00 0.0000E+00 0.0000E+00 0.0000E+00 3.9585E-03 0.0000E+00 0.0000E+00 0.0000E+00 2.1677E-03
  90.-  95. 0.0000E+00 5.7869E-03 0.0000E+00 0.0000E+00 6.0794E-03 5.5229E-03 3.9585E-03 3.0792E-03 0.0000E+00 0.0000E+00 6.5032E-03
  95.- 100. 0.0000E+00 0.0000E+00 0.0000E+00 0.0000E+00 0.0000E+00 0.0000E+00 7.9170E-03 0.0000E+00 0.0000E+00 0.0000E+00 4.3355E-03
 100.- 105. 2.2796E-02 5.7869E-03 0.0000E+00 2.0746E-02 1.8238E-02 1.1046E-02 7.9170E-03 0.0000E+00 0.0000E+00 0.0000E+00 1.0839E-02
 105.- 110. 2.2796E-02 1.7361E-02 2.5304E-02 3.1119E-02 1.8238E-02 1.1046E-02 3.9585E-03 3.0792E-03 0.0000E+00 0.0000E+00 1.5174E-02
 110.- 115. 1.1398E-02 3.4722E-02 1.2652E-02 1.0373E-02 3.0397E-02 3.8661E-02 1.1875E-02 3.0792E-03 0.0000E+00 0.0000E+00 2.3845E-02
 115.- 120. 6.8388E-02 7.5230E-02 6.3261E-02 6.2238E-02 7.9032E-02 7.1798E-02 3.1668E-02 9.2375E-03 0.0000E+00 0.0000E+00 6.5032E-02
 120.- 125. 6.8388E-02 9.2591E-02 6.3261E-02 7.2610E-02 9.1190E-02 8.8367E-02 5.5419E-02 3.0792E-03 0.0000E+00 0.0000E+00 8.2374E-02
 125.- 130. 1.4817E-01 2.4884E-01 1.2652E-01 1.6597E-01 2.4925E-01 2.4301E-01 1.1084E-01 3.0792E-03 0.0000E+00 0.0000E+00 1.8859E-01
 130.- 135. 1.3678E-01 3.3564E-01 1.2652E-01 1.9709E-01 3.2829E-01 2.9824E-01 1.5834E-01 0.0000E+00 0.0000E+00 0.0000E+00 2.4062E-01
 135.- 140. 3.6474E-01 6.2499E-01 3.4161E-01 3.6305E-01 6.3225E-01 6.4066E-01 2.0584E-01 9.2375E-03 0.0000E+00 0.0000E+00 4.2704E-01
 140.- 145. 5.0151E-01 7.8702E-01 4.8079E-01 5.7051E-01 7.8424E-01 7.1798E-01 2.1772E-01 3.0792E-03 0.0000E+00 0.0000E+00 5.1809E-01
 145.- 150. 6.8388E-01 8.8540E-01 6.5792E-01 7.3648E-01 8.9367E-01 8.5606E-01 2.5334E-01 0.0000E+00 0.0000E+00 0.0000E+00 6.0480E-01
 150.- 155. 7.1808E-01 7.6966E-01 6.1996E-01 7.6760E-01 8.5111E-01 7.3455E-01 2.0980E-01 9.2375E-03 0.0000E+00 0.0000E+00 5.5277E-01
 155.- 160. 6.7248E-01 7.1179E-01 5.8200E-01 7.4685E-01 7.7208E-01 6.6828E-01 3.0085E-01 6.1583E-03 0.0000E+00 0.0000E+00 5.6578E-01
 160.- 165. 4.9012E-01 6.4235E-01 4.9344E-01 4.9790E-01 6.5049E-01 6.4618E-01 2.6126E-01 9.2375E-03 0.0000E+00 0.0000E+00 4.9424E-01
 165.- 170. 4.3312E-01 4.6874E-01 3.9222E-01 4.0454E-01 5.2283E-01 4.9154E-01 2.2168E-01 1.2317E-02 0.0000E+00 0.0000E+00 3.9019E-01
 170.- 175. 1.7097E-01 3.5879E-01 1.8978E-01 1.6597E-01 3.5868E-01 3.5899E-01 1.6230E-01 6.1583E-03 0.0000E+00 0.0000E+00 2.6663E-01
 175.- 180. 2.1656E-01 1.6782E-01 2.2774E-01 2.2820E-01 1.8238E-01 1.6017E-01 1.3063E-01 6.1583E-03 0.0000E+00 0.0000E+00 1.8643E-01
 180.- 185. 2.2796E-01 1.5046E-01 2.2774E-01 1.8671E-01 1.5806E-01 1.6017E-01 1.1875E-01 3.0792E-03 0.0000E+00 0.0000E+00 1.7559E-01
 185.- 190. 1.5957E-01 5.7869E-02 1.6448E-01 1.4522E-01 5.4714E-02 6.0752E-02 7.5211E-02 3.0792E-03 0.0000E+00 0.0000E+00 9.5380E-02
 190.- 195. 9.1184E-02 2.8935E-02 1.0122E-01 6.2238E-02 3.0397E-02 3.3138E-02 6.7294E-02 6.1583E-03 0.0000E+00 0.0000E+00 6.9367E-02
 195.- 200. 0.0000E+00 1.7361E-02 0.0000E+00 0.0000E+00 1.2159E-02 1.6569E-02 3.5626E-02 3.0792E-03 0.0000E+00 0.0000E+00 3.0348E-02
 200.- 205. 2.2796E-02 4.6295E-02 2.5304E-02 3.1119E-02 4.2556E-02 4.4184E-02 3.1668E-02 0.0000E+00 0.0000E+00 0.0000E+00 3.9019E-02
 205.- 210. 1.1398E-02 1.7361E-02 0.0000E+00 2.0746E-02 2.4317E-02 1.6569E-02 1.9792E-02 0.0000E+00 0.0000E+00 0.0000E+00 1.9510E-02
 210.- 215. 1.1398E-02 1.1574E-02 1.2652E-02 1.0373E-02 1.2159E-02 1.1046E-02 2.3751E-02 3.0792E-03 0.0000E+00 0.0000E+00 2.1677E-02
 215.- 220. 1.1398E-02 1.1574E-02 1.2652E-02 1.0373E-02 6.0794E-03 1.6569E-02 7.9170E-03 0.0000E+00 0.0000E+00 0.0000E+00 1.0839E-02
 220.- 225. 0.0000E+00 0.0000E+00 0.0000E+00 0.0000E+00 0.0000E+00 0.0000E+00 7.9170E-03 0.0000E+00 0.0000E+00 0.0000E+00 4.3355E-03
 230.- 235. 0.0000E+00 0.0000E+00 0.0000E+00 0.0000E+00 0.0000E+00 5.5229E-03 3.9585E-03 0.0000E+00 0.0000E+00 0.0000E+00 2.1677E-03
 235.- 240. 0.0000E+00 5.7869E-03 0.0000E+00 0.0000E+00 6.0794E-03 5.5229E-03 0.0000E+00 0.0000E+00 0.0000E+00 0.0000E+00 2.1677E-03
 energ. int. 2.6329E+01 3.2899E+01 2.4735E+01 2.7540E+01 3.4075E+01 3.2061E+01 1.3776E+01 5.5425E-01 0.0000E+00 0.0000E+00 2.5623E+01


                         Double differential cross-section d2S/dTdO (mb/MeV/sr) of  B12
            prod. xsec for all energies= 2.3737E+00 mb, for    9.<T<2500. xsec= 2.3737E+00mb
  T(MeV)/angle:  10.        20.         9.        11.        19.        21.        30.        40.        50.        60.    dS/dT(mb/MeV)
  85.-  90. 0.0000E+00 0.0000E+00 0.0000E+00 0.0000E+00 0.0000E+00 0.0000E+00 0.0000E+00 3.0792E-03 0.0000E+00 0.0000E+00 2.1677E-03
 105.- 110. 0.0000E+00 5.7869E-03 0.0000E+00 0.0000E+00 0.0000E+00 5.5229E-03 0.0000E+00 3.0792E-03 0.0000E+00 0.0000E+00 4.3355E-03
 110.- 115. 0.0000E+00 0.0000E+00 0.0000E+00 0.0000E+00 0.0000E+00 5.5229E-03 3.9585E-03 0.0000E+00 0.0000E+00 0.0000E+00 2.1677E-03
 115.- 120. 0.0000E+00 0.0000E+00 0.0000E+00 0.0000E+00 0.0000E+00 0.0000E+00 3.9585E-03 0.0000E+00 0.0000E+00 0.0000E+00 2.1677E-03
 120.- 125. 0.0000E+00 2.3148E-02 0.0000E+00 0.0000E+00 2.4317E-02 2.2092E-02 7.9170E-03 0.0000E+00 0.0000E+00 0.0000E+00 1.3006E-02
 125.- 130. 0.0000E+00 3.4722E-02 0.0000E+00 0.0000E+00 3.0397E-02 4.4184E-02 1.1875E-02 0.0000E+00 0.0000E+00 0.0000E+00 1.9510E-02
 130.- 135. 4.5592E-02 8.1017E-02 2.5304E-02 4.1492E-02 7.2952E-02 8.2844E-02 1.9792E-02 0.0000E+00 0.0000E+00 0.0000E+00 4.9858E-02
 135.- 140. 1.1398E-02 1.5046E-01 1.2652E-02 2.0746E-02 1.2767E-01 1.5464E-01 3.5626E-02 0.0000E+00 0.0000E+00 0.0000E+00 7.8038E-02
 140.- 145. 1.1398E-02 1.5046E-01 1.2652E-02 2.0746E-02 1.3983E-01 1.4912E-01 2.7709E-02 0.0000E+00 0.0000E+00 0.0000E+00 7.3703E-02
 145.- 150. 0.0000E+00 9.2591E-02 0.0000E+00 3.1119E-02 8.5111E-02 9.9413E-02 4.7502E-02 0.0000E+00 0.0000E+00 0.0000E+00 6.0697E-02
 150.- 155. 2.2796E-02 1.3889E-01 2.5304E-02 2.0746E-02 1.4590E-01 1.4912E-01 2.7709E-02 0.0000E+00 0.0000E+00 0.0000E+00 7.1535E-02
 155.- 160. 4.5592E-02 7.5230E-02 3.7957E-02 5.1865E-02 7.2952E-02 7.1798E-02 1.5834E-02 0.0000E+00 0.0000E+00 0.0000E+00 4.5522E-02
 160.- 165. 2.2796E-02 2.8935E-02 0.0000E+00 2.0746E-02 3.6476E-02 3.3138E-02 7.9170E-03 0.0000E+00 0.0000E+00 0.0000E+00 1.9510E-02
 165.- 170. 2.2796E-02 4.6295E-02 2.5304E-02 3.1119E-02 4.2556E-02 3.8661E-02 0.0000E+00 0.0000E+00 0.0000E+00 0.0000E+00 2.1677E-02
 170.- 175. 0.0000E+00 1.1574E-02 0.0000E+00 0.0000E+00 6.0794E-03 1.6569E-02 3.9585E-03 0.0000E+00 0.0000E+00 0.0000E+00 6.5032E-03
 180.- 185. 1.1398E-02 0.0000E+00 1.2652E-02 1.0373E-02 0.0000E+00 0.0000E+00 0.0000E+00 0.0000E+00 0.0000E+00 0.0000E+00 2.1677E-03
 185.- 190. 0.0000E+00 5.7869E-03 0.0000E+00 0.0000E+00 6.0794E-03 5.5229E-03 0.0000E+00 0.0000E+00 0.0000E+00 0.0000E+00 2.1677E-03
 energ. int. 9.6883E-01 4.2245E+00 7.5913E-01 1.2448E+00 3.9516E+00 4.3907E+00 1.0688E+00 3.0792E-02 0.0000E+00 0.0000E+00 2.3737E+00


                         Double differential cross-section d2S/dTdO (mb/MeV/sr) of  C11
            prod. xsec for all energies= 1.0167E+01 mb, for   11.<T<2500. xsec= 1.0167E+01mb
  T(MeV)/angle:  10.        20.         9.        11.        19.        21.        30.        40.        50.        60.    dS/dT(mb/MeV)
 100.- 105. 1.1398E-02 0.0000E+00 1.2652E-02 1.0373E-02 0.0000E+00 0.0000E+00 0.0000E+00 0.0000E+00 0.0000E+00 0.0000E+00 2.1677E-03
 105.- 110. 2.2796E-02 5.7869E-03 1.2652E-02 2.0746E-02 1.2159E-02 5.5229E-03 3.9585E-03 0.0000E+00 0.0000E+00 0.0000E+00 8.6709E-03
 110.- 115. 0.0000E+00 1.1574E-02 0.0000E+00 0.0000E+00 1.2159E-02 1.1046E-02 1.9792E-02 0.0000E+00 0.0000E+00 0.0000E+00 1.5174E-02
 115.- 120. 1.1398E-02 2.3148E-02 1.2652E-02 1.0373E-02 1.8238E-02 3.3138E-02 1.9792E-02 0.0000E+00 0.0000E+00 0.0000E+00 2.1677E-02
 120.- 125. 4.5592E-02 6.9443E-02 3.7957E-02 5.1865E-02 7.2952E-02 8.2844E-02 5.1460E-02 6.1583E-03 0.0000E+00 0.0000E+00 6.7200E-02
 125.- 130. 5.6990E-02 1.1574E-01 3.7957E-02 5.1865E-02 1.2767E-01 1.1598E-01 5.1460E-02 3.0792E-03 0.0000E+00 0.0000E+00 8.4542E-02
 130.- 135. 3.4194E-02 1.2731E-01 3.7957E-02 6.2238E-02 1.2767E-01 1.1598E-01 3.9585E-02 9.2375E-03 0.0000E+00 0.0000E+00 8.2374E-02
 135.- 140. 1.1398E-01 2.8935E-01 1.0122E-01 1.5559E-01 2.7357E-01 2.6510E-01 8.3128E-02 3.0792E-03 0.0000E+00 0.0000E+00 1.7992E-01
 140.- 145. 1.1398E-01 3.0671E-01 1.0122E-01 1.6597E-01 2.9789E-01 2.8167E-01 1.1480E-01 6.1583E-03 0.0000E+00 0.0000E+00 2.0377E-01
 145.- 150. 1.5957E-01 3.4722E-01 1.3917E-01 1.5559E-01 3.1613E-01 3.3138E-01 1.5438E-01 0.0000E+00 0.0000E+00 0.0000E+00 2.4712E-01
 150.- 155. 1.4817E-01 4.3981E-01 1.3917E-01 1.8671E-01 4.1948E-01 4.0870E-01 1.0292E-01 6.1583E-03 0.0000E+00 0.0000E+00 2.5362E-01
 155.- 160. 6.8388E-02 3.9351E-01 6.3261E-02 8.2983E-02 3.8300E-01 3.9765E-01 1.1875E-01 3.0792E-03 0.0000E+00 0.0000E+00 2.2761E-01
 160.- 165. 4.5592E-02 2.8935E-01 5.0609E-02 9.3356E-02 2.6749E-01 2.6510E-01 5.9377E-02 6.1583E-03 0.0000E+00 0.0000E+00 1.5391E-01
 165.- 170. 5.6990E-02 1.8518E-01 6.3261E-02 5.1865E-02 1.6414E-01 2.0987E-01 6.7294E-02 0.0000E+00 0.0000E+00 0.0000E+00 1.2139E-01
 170.- 175. 3.4194E-02 1.2153E-01 3.7957E-02 4.1492E-02 1.2159E-01 1.1598E-01 5.9377E-02 0.0000E+00 0.0000E+00 0.0000E+00 8.4542E-02
 175.- 180. 3.4194E-02 1.2153E-01 3.7957E-02 3.1119E-02 1.0943E-01 1.3255E-01 7.1253E-02 0.0000E+00 0.0000E+00 0.0000E+00 9.5380E-02
 180.- 185. 5.6990E-02 6.3656E-02 6.3261E-02 7.2610E-02 6.0794E-02 6.6275E-02 4.3543E-02 3.0792E-03 0.0000E+00 0.0000E+00 6.0697E-02
 185.- 190. 7.9786E-02 2.3148E-02 7.5913E-02 5.1865E-02 2.4317E-02 2.2092E-02 2.7709E-02 0.0000E+00 0.0000E+00 0.0000E+00 3.9019E-02
 190.- 195. 3.4194E-02 1.1574E-02 3.7957E-02 3.1119E-02 1.2159E-02 1.1046E-02 2.3751E-02 3.0792E-03 0.0000E+00 0.0000E+00 3.2516E-02
 195.- 200. 0.0000E+00 5.7869E-03 1.2652E-02 0.0000E+00 6.0794E-03 5.5229E-03 7.9170E-03 0.0000E+00 0.0000E+00 0.0000E+00 8.6709E-03
 200.- 205. 0.0000E+00 1.1574E-02 0.0000E+00 0.0000E+00 6.0794E-03 1.1046E-02 7.9170E-03 0.0000E+00 0.0000E+00 0.0000E+00 8.6709E-03
 205.- 210. 1.1398E-02 5.7869E-03 1.2652E-02 1.0373E-02 6.0794E-03 5.5229E-03 7.9170E-03 0.0000E+00 0.0000E+00 0.0000E+00 1.0839E-02
 210.- 215. 1.1398E-02 0.0000E+00 1.2652E-02 1.0373E-02 0.0000E+00 0.0000E+00 7.9170E-03 0.0000E+00 0.0000E+00 0.0000E+00 6.5032E-03
 215.- 220. 0.0000E+00 0.0000E+00 0.0000E+00 0.0000E+00 0.0000E+00 0.0000E+00 7.9170E-03 0.0000E+00 0.0000E+00 0.0000E+00 4.3355E-03
 220.- 225. 1.1398E-02 1.1574E-02 1.2652E-02 0.0000E+00 1.2159E-02 1.1046E-02 0.0000E+00 0.0000E+00 0.0000E+00 0.0000E+00 6.5032E-03
 225.- 230. 0.0000E+00 5.7869E-03 0.0000E+00 0.0000E+00 6.0794E-03 5.5229E-03 0.0000E+00 0.0000E+00 0.0000E+00 0.0000E+00 2.1677E-03
 235.- 240. 0.0000E+00 5.7869E-03 0.0000E+00 0.0000E+00 6.0794E-03 5.5229E-03 0.0000E+00 0.0000E+00 0.0000E+00 0.0000E+00 2.1677E-03
 245.- 250. 0.0000E+00 0.0000E+00 0.0000E+00 0.0000E+00 0.0000E+00 0.0000E+00 3.9585E-03 0.0000E+00 0.0000E+00 0.0000E+00 2.1677E-03
 energ. int. 5.8130E+00 1.4959E+01 5.5670E+00 6.7424E+00 1.4317E+01 1.4581E+01 5.7794E+00 2.4633E-01 0.0000E+00 0.0000E+00 1.0167E+01


                         Double differential cross-section d2S/dTdO (mb/MeV/sr) of  C12
            prod. xsec for all energies= 2.3086E+00 mb, for   11.<T<2500. xsec= 2.3086E+00mb
  T(MeV)/angle:  10.        20.         9.        11.        19.        21.        30.        40.        50.        60.    dS/dT(mb/MeV)
 105.- 110. 1.1398E-02 5.7869E-03 1.2652E-02 1.0373E-02 6.0794E-03 5.5229E-03 0.0000E+00 0.0000E+00 0.0000E+00 0.0000E+00 4.3355E-03
 120.- 125. 0.0000E+00 5.7869E-03 0.0000E+00 0.0000E+00 6.0794E-03 5.5229E-03 0.0000E+00 0.0000E+00 0.0000E+00 0.0000E+00 2.1677E-03
 125.- 130. 1.1398E-02 1.7361E-02 1.2652E-02 1.0373E-02 6.0794E-03 2.2092E-02 3.5626E-02 0.0000E+00 0.0000E+00 0.0000E+00 2.8181E-02
 130.- 135. 0.0000E+00 8.1017E-02 0.0000E+00 0.0000E+00 7.9032E-02 8.2844E-02 3.5626E-02 0.0000E+00 0.0000E+00 0.0000E+00 4.9858E-02
 135.- 140. 1.1398E-02 6.3656E-02 1.2652E-02 1.0373E-02 6.0794E-02 6.0752E-02 1.9792E-02 0.0000E+00 0.0000E+00 0.0000E+00 3.6851E-02
 140.- 145. 0.0000E+00 1.2153E-01 0.0000E+00 1.0373E-02 9.1190E-02 1.1598E-01 5.9377E-02 0.0000E+00 0.0000E+00 0.0000E+00 7.8038E-02
 145.- 150. 2.2796E-02 1.2153E-01 2.5304E-02 3.1119E-02 9.7270E-02 1.2150E-01 4.7502E-02 0.0000E+00 0.0000E+00 0.0000E+00 7.5871E-02
 150.- 155. 5.6990E-02 8.6804E-02 6.3261E-02 5.1865E-02 8.5111E-02 9.9413E-02 3.9585E-02 0.0000E+00 0.0000E+00 0.0000E+00 6.5032E-02
 155.- 160. 3.4194E-02 9.8378E-02 3.7957E-02 5.1865E-02 9.7270E-02 9.9413E-02 2.3751E-02 0.0000E+00 0.0000E+00 0.0000E+00 5.6361E-02
 160.- 165. 3.4194E-02 2.8935E-02 3.7957E-02 3.1119E-02 3.0397E-02 3.3138E-02 1.1875E-02 0.0000E+00 0.0000E+00 0.0000E+00 2.3845E-02
 165.- 170. 0.0000E+00 4.0509E-02 0.0000E+00 2.0746E-02 3.0397E-02 3.3138E-02 7.9170E-03 0.0000E+00 0.0000E+00 0.0000E+00 2.3845E-02
 170.- 175. 1.1398E-02 2.8935E-02 1.2652E-02 1.0373E-02 2.4317E-02 2.7615E-02 3.9585E-03 0.0000E+00 0.0000E+00 0.0000E+00 1.5174E-02
 175.- 180. 0.0000E+00 0.0000E+00 0.0000E+00 0.0000E+00 0.0000E+00 0.0000E+00 3.9585E-03 0.0000E+00 0.0000E+00 0.0000E+00 2.1677E-03
 energ. int. 9.6883E-01 3.5011E+00 1.0754E+00 1.1929E+00 3.0701E+00 3.5347E+00 1.4448E+00 0.0000E+00 0.0000E+00 0.0000E+00 2.3086E+00


          Angular distribution of produced fragments dS/dOm [mb/sr] for energy range(MeV)
Tmin-Tmax   0.- 160.   2.- 160.   3.- 215.   3.- 250.   2.- 580.   2.- 650.   2.-2500.   4.-2500.   4.-2500.   4.-2500.
ang1-ang2      n          p          d          t        He3        He4        He6        Li6        Li7        Li8
  0.-  5. 1.1755E+03 5.1316E+02 7.2532E+00 0.0000E+00 9.0664E-01 4.9865E+00 0.0000E+00 0.0000E+00 0.0000E+00 0.0000E+00
  5.- 10. 5.4567E+02 8.1957E+01 5.9082E+00 4.5447E-01 1.5149E-01 7.1201E+00 0.0000E+00 0.0000E+00 0.0000E+00 0.0000E+00
 10.- 15. 5.0238E+02 6.3768E+01 5.3902E+00 5.4815E-01 1.8272E-01 6.5778E+00 0.0000E+00 0.0000E+00 0.0000E+00 1.8272E-01
 15.- 20. 4.6931E+02 4.2348E+01 5.8524E+00 7.2333E-01 2.6303E-01 1.0981E+01 0.0000E+00 0.0000E+00 0.0000E+00 1.3151E-01
 20.- 25. 4.4458E+02 3.5963E+01 5.0121E+00 7.7506E-01 2.5835E-01 1.1471E+01 0.0000E+00 0.0000E+00 0.0000E+00 1.0334E-01
 25.- 30. 4.3256E+02 2.8991E+01 4.7106E+00 5.9953E-01 1.2847E-01 8.6075E+00 0.0000E+00 0.0000E+00 0.0000E+00 4.2823E-02
 30.- 35. 4.1122E+02 2.6902E+01 4.2322E+00 9.5685E-01 1.4721E-01 3.6802E+00 0.0000E+00 0.0000E+00 0.0000E+00 0.0000E+00
 35.- 40. 3.9884E+02 2.3257E+01 3.8978E+00 7.7956E-01 1.9489E-01 1.5916E+00 0.0000E+00 0.0000E+00 0.0000E+00 0.0000E+00
 40.- 45. 3.9952E+02 2.0078E+01 3.2781E+00 6.1464E-01 1.4634E-01 6.1464E-01 0.0000E+00 0.0000E+00 0.0000E+00 0.0000E+00
 45.- 50. 3.8449E+02 1.8291E+01 3.5134E+00 7.7777E-01 8.0459E-02 5.3640E-01 0.0000E+00 0.0000E+00 0.0000E+00 0.0000E+00
 50.- 55. 3.7518E+02 1.7173E+01 3.3897E+00 3.9879E-01 7.4772E-02 2.2432E-01 0.0000E+00 0.0000E+00 0.0000E+00 0.0000E+00
 55.- 60. 3.8010E+02 1.5380E+01 2.9541E+00 3.7513E-01 1.1723E-01 2.5790E-01 0.0000E+00 0.0000E+00 0.0000E+00 0.0000E+00
 60.- 65. 3.6939E+02 1.5805E+01 2.7420E+00 5.3502E-01 1.1146E-01 3.3439E-01 0.0000E+00 0.0000E+00 0.0000E+00 0.0000E+00
 65.- 70. 3.6845E+02 1.4276E+01 2.3115E+00 3.2104E-01 8.5611E-02 2.7824E-01 0.0000E+00 0.0000E+00 0.0000E+00 0.0000E+00
 70.- 75. 3.7365E+02 1.4161E+01 1.9489E+00 4.3540E-01 4.1466E-02 4.5613E-01 0.0000E+00 0.0000E+00 0.0000E+00 0.0000E+00
 75.- 80. 3.6112E+02 1.3995E+01 2.3494E+00 3.8482E-01 4.0507E-02 3.6457E-01 0.0000E+00 0.0000E+00 0.0000E+00 0.0000E+00
 80.- 85. 3.6149E+02 1.2884E+01 1.8349E+00 3.3905E-01 1.9944E-02 1.9944E-01 0.0000E+00 0.0000E+00 0.0000E+00 0.0000E+00
 85.- 90. 3.5609E+02 1.2647E+01 1.9397E+00 2.7709E-01 1.9792E-02 2.5730E-01 0.0000E+00 0.0000E+00 0.0000E+00 0.0000E+00
 90.- 95. 3.5745E+02 1.2410E+01 1.2667E+00 1.7813E-01 0.0000E+00 3.3647E-01 0.0000E+00 0.0000E+00 0.0000E+00 0.0000E+00
 95.-100. 3.5108E+02 1.3024E+01 1.3163E+00 2.5928E-01 0.0000E+00 1.9944E-01 0.0000E+00 0.0000E+00 0.0000E+00 0.0000E+00
100.-105. 3.4774E+02 1.4198E+01 1.0734E+00 2.6330E-01 4.0507E-02 2.4304E-01 0.0000E+00 0.0000E+00 0.0000E+00 0.0000E+00
105.-110. 3.4631E+02 1.3352E+01 1.0989E+00 2.6953E-01 0.0000E+00 2.2807E-01 0.0000E+00 0.0000E+00 0.0000E+00 0.0000E+00
110.-115. 3.5021E+02 1.3655E+01 1.0487E+00 1.9263E-01 4.2806E-02 2.7824E-01 0.0000E+00 0.0000E+00 0.0000E+00 0.0000E+00
115.-120. 3.4560E+02 1.4223E+01 8.6940E-01 1.3375E-01 4.4585E-02 2.8980E-01 0.0000E+00 0.0000E+00 0.0000E+00 0.0000E+00
120.-125. 3.4568E+02 1.4395E+01 7.2681E-01 1.4067E-01 2.3445E-02 1.8756E-01 0.0000E+00 0.0000E+00 0.0000E+00 0.0000E+00
125.-130. 3.3989E+02 1.5428E+01 7.2280E-01 1.4954E-01 0.0000E+00 1.7447E-01 0.0000E+00 0.0000E+00 0.0000E+00 0.0000E+00
130.-135. 3.3820E+02 1.6655E+01 8.8505E-01 1.6092E-01 0.0000E+00 1.6092E-01 0.0000E+00 0.0000E+00 0.0000E+00 0.0000E+00
135.-140. 3.3966E+02 1.6976E+01 6.7318E-01 2.0488E-01 0.0000E+00 2.6342E-01 0.0000E+00 0.0000E+00 0.0000E+00 0.0000E+00
140.-145. 3.4077E+02 2.1665E+01 6.4963E-01 1.6241E-01 0.0000E+00 2.2737E-01 0.0000E+00 0.0000E+00 0.0000E+00 0.0000E+00
145.-150. 3.4461E+02 2.3332E+01 3.6802E-01 1.4721E-01 3.6802E-02 3.3122E-01 0.0000E+00 0.0000E+00 0.0000E+00 0.0000E+00
150.-155. 3.5107E+02 2.5780E+01 2.9976E-01 1.7129E-01 0.0000E+00 4.2823E-01 0.0000E+00 0.0000E+00 0.0000E+00 0.0000E+00
155.-160. 3.5007E+02 3.2398E+01 4.6504E-01 2.0668E-01 0.0000E+00 1.0334E-01 0.0000E+00 0.0000E+00 0.0000E+00 0.0000E+00
160.-165. 3.5838E+02 4.1296E+01 6.5757E-01 1.9727E-01 0.0000E+00 3.9454E-01 0.0000E+00 0.0000E+00 0.0000E+00 0.0000E+00
165.-170. 3.7740E+02 5.8744E+01 5.4815E-01 2.7408E-01 0.0000E+00 9.1359E-02 0.0000E+00 0.0000E+00 0.0000E+00 0.0000E+00
170.-175. 4.3690E+02 8.5441E+01 6.0597E-01 0.0000E+00 0.0000E+00 1.5149E-01 0.0000E+00 0.0000E+00 0.0000E+00 0.0000E+00
175.-180. 6.6502E+02 2.5295E+02 0.0000E+00 0.0000E+00 0.0000E+00 9.0664E-01 0.0000E+00 0.0000E+00 0.0000E+00 0.0000E+00
 Int. x sec 4.9547E+03 4.5333E+02 2.4777E+01 4.3571E+00 7.1535E-01 1.2627E+01 0.0000E+00 0.0000E+00 0.0000E+00 7.5871E-02


          Angular distribution of produced fragments dS/dOm [mb/sr] for energy range(MeV)
Tmin-Tmax   4.-2500.   4.-2500.   4.-2500.   4.-2500.   9.-2500.   9.-2500.   9.-2500.   9.-2500.  11.-2500.  11.-2500.
ang1-ang2    Li9        Be7        Be9       Be10         B9        B10        B11        B12        C11        C12
  0.-  5. 9.0664E-01 0.0000E+00 4.5332E-01 5.3039E+01 0.0000E+00 5.8025E+01 1.4506E+01 0.0000E+00 4.9865E+00 9.0664E-01
  5.- 10. 1.8179E+00 0.0000E+00 3.0298E-01 3.3480E+01 0.0000E+00 2.7420E+01 2.3178E+01 9.0895E-01 5.4537E+00 7.5746E-01
 10.- 15. 2.0099E+00 0.0000E+00 3.6543E-01 3.9193E+01 0.0000E+00 2.9783E+01 2.8230E+01 1.0049E+00 6.0297E+00 1.0963E+00
 15.- 20. 3.0248E+00 0.0000E+00 6.5757E-01 6.6481E+01 0.0000E+00 4.1427E+01 3.6167E+01 3.1564E+00 1.3875E+01 2.4988E+00
 20.- 25. 1.7568E+00 0.0000E+00 1.2401E+00 6.0972E+01 0.0000E+00 5.6683E+01 3.0331E+01 5.0638E+00 1.5811E+01 4.2887E+00
 25.- 30. 8.5647E-01 0.0000E+00 8.9929E-01 1.9784E+01 0.0000E+00 2.5137E+01 1.9699E+01 2.1412E+00 8.9501E+00 2.5266E+00
 30.- 35. 1.4721E-01 0.0000E+00 1.4721E-01 2.2449E+00 0.0000E+00 4.0850E+00 8.6852E+00 1.4721E-01 3.0546E+00 5.1523E-01
 35.- 40. 6.4963E-02 0.0000E+00 3.2482E-02 2.2737E-01 0.0000E+00 6.1715E-01 1.0719E+00 3.2482E-02 4.5474E-01 0.0000E+00
 40.- 45. 0.0000E+00 0.0000E+00 0.0000E+00 5.8537E-02 0.0000E+00 8.7806E-02 8.7806E-02 2.9269E-02 5.8537E-02 0.0000E+00
 45.- 50. 0.0000E+00 0.0000E+00 0.0000E+00 0.0000E+00 0.0000E+00 0.0000E+00 0.0000E+00 0.0000E+00 0.0000E+00 0.0000E+00
 50.- 55. 2.4924E-02 0.0000E+00 0.0000E+00 0.0000E+00 0.0000E+00 0.0000E+00 0.0000E+00 0.0000E+00 0.0000E+00 0.0000E+00
 55.- 60. 0.0000E+00 0.0000E+00 0.0000E+00 0.0000E+00 0.0000E+00 0.0000E+00 0.0000E+00 0.0000E+00 0.0000E+00 0.0000E+00
 60.- 65. 0.0000E+00 0.0000E+00 2.2292E-02 0.0000E+00 0.0000E+00 0.0000E+00 0.0000E+00 0.0000E+00 0.0000E+00 0.0000E+00
 65.- 70. 0.0000E+00 0.0000E+00 0.0000E+00 0.0000E+00 0.0000E+00 0.0000E+00 0.0000E+00 0.0000E+00 0.0000E+00 0.0000E+00
 70.- 75. 0.0000E+00 0.0000E+00 0.0000E+00 0.0000E+00 0.0000E+00 0.0000E+00 2.0733E-02 0.0000E+00 0.0000E+00 0.0000E+00
 75.- 80. 0.0000E+00 0.0000E+00 2.0254E-02 0.0000E+00 0.0000E+00 0.0000E+00 0.0000E+00 0.0000E+00 0.0000E+00 0.0000E+00
 80.- 85. 0.0000E+00 0.0000E+00 1.9944E-02 0.0000E+00 0.0000E+00 0.0000E+00 0.0000E+00 0.0000E+00 0.0000E+00 0.0000E+00
 85.- 90. 0.0000E+00 0.0000E+00 0.0000E+00 0.0000E+00 0.0000E+00 0.0000E+00 0.0000E+00 0.0000E+00 0.0000E+00 0.0000E+00
 90.- 95. 0.0000E+00 0.0000E+00 0.0000E+00 0.0000E+00 0.0000E+00 0.0000E+00 0.0000E+00 0.0000E+00 0.0000E+00 0.0000E+00
 95.-100. 0.0000E+00 0.0000E+00 1.9944E-02 0.0000E+00 0.0000E+00 0.0000E+00 0.0000E+00 0.0000E+00 0.0000E+00 0.0000E+00
100.-105. 0.0000E+00 0.0000E+00 0.0000E+00 0.0000E+00 0.0000E+00 0.0000E+00 0.0000E+00 0.0000E+00 0.0000E+00 0.0000E+00
105.-110. 0.0000E+00 0.0000E+00 0.0000E+00 0.0000E+00 0.0000E+00 0.0000E+00 0.0000E+00 0.0000E+00 0.0000E+00 0.0000E+00
110.-115. 0.0000E+00 0.0000E+00 0.0000E+00 0.0000E+00 0.0000E+00 2.1403E-02 0.0000E+00 0.0000E+00 0.0000E+00 0.0000E+00
115.-120. 0.0000E+00 0.0000E+00 0.0000E+00 0.0000E+00 0.0000E+00 0.0000E+00 0.0000E+00 0.0000E+00 0.0000E+00 0.0000E+00
120.-125. 0.0000E+00 0.0000E+00 0.0000E+00 0.0000E+00 0.0000E+00 0.0000E+00 0.0000E+00 0.0000E+00 0.0000E+00 0.0000E+00
125.-130. 0.0000E+00 0.0000E+00 0.0000E+00 0.0000E+00 0.0000E+00 0.0000E+00 0.0000E+00 0.0000E+00 0.0000E+00 0.0000E+00
130.-135. 0.0000E+00 0.0000E+00 0.0000E+00 0.0000E+00 0.0000E+00 0.0000E+00 0.0000E+00 0.0000E+00 0.0000E+00 0.0000E+00
135.-140. 0.0000E+00 0.0000E+00 0.0000E+00 0.0000E+00 0.0000E+00 0.0000E+00 0.0000E+00 0.0000E+00 0.0000E+00 0.0000E+00
140.-145. 0.0000E+00 0.0000E+00 0.0000E+00 0.0000E+00 0.0000E+00 0.0000E+00 0.0000E+00 0.0000E+00 0.0000E+00 0.0000E+00
145.-150. 0.0000E+00 0.0000E+00 0.0000E+00 0.0000E+00 0.0000E+00 0.0000E+00 0.0000E+00 0.0000E+00 0.0000E+00 0.0000E+00
150.-155. 0.0000E+00 0.0000E+00 0.0000E+00 0.0000E+00 0.0000E+00 0.0000E+00 0.0000E+00 0.0000E+00 0.0000E+00 0.0000E+00
155.-160. 0.0000E+00 0.0000E+00 0.0000E+00 5.1671E-02 0.0000E+00 0.0000E+00 0.0000E+00 0.0000E+00 0.0000E+00 0.0000E+00
160.-165. 0.0000E+00 0.0000E+00 0.0000E+00 0.0000E+00 0.0000E+00 0.0000E+00 0.0000E+00 0.0000E+00 0.0000E+00 0.0000E+00
165.-170. 0.0000E+00 0.0000E+00 0.0000E+00 0.0000E+00 0.0000E+00 0.0000E+00 0.0000E+00 0.0000E+00 0.0000E+00 0.0000E+00
170.-175. 0.0000E+00 0.0000E+00 0.0000E+00 0.0000E+00 0.0000E+00 0.0000E+00 0.0000E+00 0.0000E+00 0.0000E+00 0.0000E+00
175.-180. 0.0000E+00 0.0000E+00 0.0000E+00 0.0000E+00 0.0000E+00 0.0000E+00 0.0000E+00 0.0000E+00 0.0000E+00 0.0000E+00
 Int. xsec 1.5499E+00 0.0000E+00 7.6955E-01 3.7838E+01 0.0000E+00 3.3416E+01 2.5623E+01 2.3737E+00 1.0167E+01 2.3086E+00


          Angular distribution of produced fragments dS/dOm [mb/sr] for energy range(MeV)
Tmin-Tmax  11.-2500.  11.-2500.  14.-2500.  16.-2500.  16.-2500.  16.-2500.  16.-2500.  16.-2500.  16.-2500.  16.-2500.
ang1-ang2    C13        C14        Z=7        Z=8        Z=9       Z=10       Z=11       Z=12       Z=13       Z=14
  0.-  5. 0.0000E+00 0.0000E+00 0.0000E+00 0.0000E+00 0.0000E+00 0.0000E+00 0.0000E+00 0.0000E+00 0.0000E+00 0.0000E+00
  5.- 10. 0.0000E+00 0.0000E+00 0.0000E+00 0.0000E+00 0.0000E+00 0.0000E+00 0.0000E+00 0.0000E+00 0.0000E+00 0.0000E+00
 10.- 15. 0.0000E+00 0.0000E+00 0.0000E+00 0.0000E+00 0.0000E+00 0.0000E+00 0.0000E+00 0.0000E+00 0.0000E+00 0.0000E+00
 15.- 20. 0.0000E+00 0.0000E+00 0.0000E+00 0.0000E+00 0.0000E+00 0.0000E+00 0.0000E+00 0.0000E+00 0.0000E+00 0.0000E+00
 20.- 25. 0.0000E+00 0.0000E+00 0.0000E+00 0.0000E+00 0.0000E+00 0.0000E+00 0.0000E+00 0.0000E+00 0.0000E+00 0.0000E+00
 25.- 30. 0.0000E+00 0.0000E+00 0.0000E+00 0.0000E+00 0.0000E+00 0.0000E+00 0.0000E+00 0.0000E+00 0.0000E+00 0.0000E+00
 30.- 35. 0.0000E+00 0.0000E+00 0.0000E+00 0.0000E+00 0.0000E+00 0.0000E+00 0.0000E+00 0.0000E+00 0.0000E+00 0.0000E+00
 35.- 40. 0.0000E+00 0.0000E+00 0.0000E+00 0.0000E+00 0.0000E+00 0.0000E+00 0.0000E+00 0.0000E+00 0.0000E+00 0.0000E+00
 40.- 45. 0.0000E+00 0.0000E+00 0.0000E+00 0.0000E+00 0.0000E+00 0.0000E+00 0.0000E+00 0.0000E+00 0.0000E+00 0.0000E+00
 45.- 50. 0.0000E+00 0.0000E+00 0.0000E+00 0.0000E+00 0.0000E+00 0.0000E+00 0.0000E+00 0.0000E+00 0.0000E+00 0.0000E+00
 50.- 55. 0.0000E+00 0.0000E+00 0.0000E+00 0.0000E+00 0.0000E+00 0.0000E+00 0.0000E+00 0.0000E+00 0.0000E+00 0.0000E+00
 55.- 60. 0.0000E+00 0.0000E+00 0.0000E+00 0.0000E+00 0.0000E+00 0.0000E+00 0.0000E+00 0.0000E+00 0.0000E+00 0.0000E+00
 60.- 65. 0.0000E+00 0.0000E+00 0.0000E+00 0.0000E+00 0.0000E+00 0.0000E+00 0.0000E+00 0.0000E+00 0.0000E+00 0.0000E+00
 65.- 70. 0.0000E+00 0.0000E+00 0.0000E+00 0.0000E+00 0.0000E+00 0.0000E+00 0.0000E+00 0.0000E+00 0.0000E+00 0.0000E+00
 70.- 75. 0.0000E+00 0.0000E+00 0.0000E+00 0.0000E+00 0.0000E+00 0.0000E+00 0.0000E+00 0.0000E+00 0.0000E+00 0.0000E+00
 75.- 80. 0.0000E+00 0.0000E+00 0.0000E+00 0.0000E+00 0.0000E+00 0.0000E+00 0.0000E+00 0.0000E+00 0.0000E+00 0.0000E+00
 80.- 85. 0.0000E+00 0.0000E+00 0.0000E+00 0.0000E+00 0.0000E+00 0.0000E+00 0.0000E+00 0.0000E+00 0.0000E+00 0.0000E+00
 85.- 90. 0.0000E+00 0.0000E+00 0.0000E+00 0.0000E+00 0.0000E+00 0.0000E+00 0.0000E+00 0.0000E+00 0.0000E+00 0.0000E+00
 90.- 95. 0.0000E+00 0.0000E+00 0.0000E+00 0.0000E+00 0.0000E+00 0.0000E+00 0.0000E+00 0.0000E+00 0.0000E+00 0.0000E+00
 95.-100. 0.0000E+00 0.0000E+00 0.0000E+00 0.0000E+00 0.0000E+00 0.0000E+00 0.0000E+00 0.0000E+00 0.0000E+00 0.0000E+00
100.-105. 0.0000E+00 0.0000E+00 0.0000E+00 0.0000E+00 0.0000E+00 0.0000E+00 0.0000E+00 0.0000E+00 0.0000E+00 0.0000E+00
105.-110. 0.0000E+00 0.0000E+00 0.0000E+00 0.0000E+00 0.0000E+00 0.0000E+00 0.0000E+00 0.0000E+00 0.0000E+00 0.0000E+00
110.-115. 0.0000E+00 0.0000E+00 0.0000E+00 0.0000E+00 0.0000E+00 0.0000E+00 0.0000E+00 0.0000E+00 0.0000E+00 0.0000E+00
115.-120. 0.0000E+00 0.0000E+00 0.0000E+00 0.0000E+00 0.0000E+00 0.0000E+00 0.0000E+00 0.0000E+00 0.0000E+00 0.0000E+00
120.-125. 0.0000E+00 0.0000E+00 0.0000E+00 0.0000E+00 0.0000E+00 0.0000E+00 0.0000E+00 0.0000E+00 0.0000E+00 0.0000E+00
125.-130. 0.0000E+00 0.0000E+00 0.0000E+00 0.0000E+00 0.0000E+00 0.0000E+00 0.0000E+00 0.0000E+00 0.0000E+00 0.0000E+00
130.-135. 0.0000E+00 0.0000E+00 0.0000E+00 0.0000E+00 0.0000E+00 0.0000E+00 0.0000E+00 0.0000E+00 0.0000E+00 0.0000E+00
135.-140. 0.0000E+00 0.0000E+00 0.0000E+00 0.0000E+00 0.0000E+00 0.0000E+00 0.0000E+00 0.0000E+00 0.0000E+00 0.0000E+00
140.-145. 0.0000E+00 0.0000E+00 0.0000E+00 0.0000E+00 0.0000E+00 0.0000E+00 0.0000E+00 0.0000E+00 0.0000E+00 0.0000E+00
145.-150. 0.0000E+00 0.0000E+00 0.0000E+00 0.0000E+00 0.0000E+00 0.0000E+00 0.0000E+00 0.0000E+00 0.0000E+00 0.0000E+00
150.-155. 0.0000E+00 0.0000E+00 0.0000E+00 0.0000E+00 0.0000E+00 0.0000E+00 0.0000E+00 0.0000E+00 0.0000E+00 0.0000E+00
155.-160. 0.0000E+00 0.0000E+00 0.0000E+00 0.0000E+00 0.0000E+00 0.0000E+00 0.0000E+00 0.0000E+00 0.0000E+00 0.0000E+00
160.-165. 0.0000E+00 0.0000E+00 0.0000E+00 0.0000E+00 0.0000E+00 0.0000E+00 0.0000E+00 0.0000E+00 0.0000E+00 0.0000E+00
165.-170. 0.0000E+00 0.0000E+00 0.0000E+00 0.0000E+00 0.0000E+00 0.0000E+00 0.0000E+00 0.0000E+00 0.0000E+00 0.0000E+00
170.-175. 0.0000E+00 0.0000E+00 0.0000E+00 0.0000E+00 0.0000E+00 0.0000E+00 0.0000E+00 0.0000E+00 0.0000E+00 0.0000E+00
175.-180. 0.0000E+00 0.0000E+00 0.0000E+00 0.0000E+00 0.0000E+00 0.0000E+00 0.0000E+00 0.0000E+00 0.0000E+00 0.0000E+00
 Int. xsec 0.0000E+00 0.0000E+00 0.0000E+00 0.0000E+00 0.0000E+00 0.0000E+00 0.0000E+00 0.0000E+00 0.0000E+00 0.0000E+00

 The program called Fermi breakup    99995 times.

 Elapsed cpu time  =   7. hr,  7. min, and 45.475 sec.
