
                              NOTICE

   This software and ancillary information (herein called "software") named
   CEM03.03 is made available under the terms described here. The software has
   been approved for release with associated LA-CC number LA-CC-04-085.

        Copyright (2012). Los Alamos National Security, LLC.
   This material was produced under U.S. Government contract
   DE-AC52-06NA25396 for Los Alamos National Laboratory, which is operated
   by Los Alamos National Security, LLC, for the U.S. Department of Energy.
   The Government is granted for itself and others acting on its behalf a 
   paid-up, nonexclusive, irrevocable worldwide license in this material to
   reproduce, prepare derivative works, and perform publicly and display publicly.

   NEITHER THE UNITED STATES NOR THE UNITED STATES DEPARTMENT OF ENERGY,
   NOR LOS ALAMOS NATIONAL SECURITY LLC, NOR ANY OF THEIR EMPLOYEES,
   MAKES ANY WARRANTY, EXPRESS OR IMPLIED, OR ASSUMES ANY LEGAL LIABILITY
   OR RESPONSIBILITY FOR THE ACCURACY, COMPLETENESS, OR USEFULNESS OF ANY
   INFORMATION, APPARATUS, PRODUCT, OR PROCESS DISCLOSED, OR REPRESENTS
   THAT ITS USE WOULD NOT INFRINGE PRIVATELY OWNED RIGHTS.

        Additionally, the program is free software; you can redistribute
   it and/or modify it under the terms of the GNU General Public
   License as published by the Free Software Foundation; either
   version 2 of the License, or (at your option) any later version.
   Accordingly, this program is distributed in the hope that it will
   be useful, but WITHOUT ANY WARRANTY; without even the implied
   warranty of MERCHANTABILITY or FITNESS FOR A PARTICULAR PURPOSE.
   See the GNU General Public License for more details.

           The primary authors of CEM03.03 are: S. G. Mashnik (LANL),
      K. K. Gudima (IAP), and A. J. Sierk (LANL); with important contributions
      from R. E. Prael (LANL), M. I. Baznat (IAP), and N. V. Mokhov (Fermilab).
      (IAP = Institute of Applied Physics, Academy of Science of Moldova.)

  ------------------------------------------------------------------------------

 Thu Apr 20 02:12:25 2017

Projectile A, Z:  11,   5   (unkn)                                      
Target A, Z: 232,  92                                                   
Energy (GeV/A), limc:   0.0182,   1000000                               
 Number of types of evaporated particles = 66
 Number of types of preequilibrium particles = 66

    M      T0     A    Z   Q  B   limc   idel
10.3288 0.2000  232.  92.  5 11  100000   1

 dt0 =   -5.0, t0max =  202.0, dteta =  5.0

  mspec mpyld  mchy  misy mdubl mang  ipar1 ipar2 
    0     0     0     0     0     0     1     9

 r0m =  1.2, & cevap = 12.0.

 lim =    1000000 .

 Geometrical cross section = 2589.62 mb.
 Calculation takes into account fission and evaporation processes
 using Furihata-s GEM2 code.
 The following level density parameters were used in
 the preequilibrium part of this calculation:
 a(Z,N,E) was calculated with Moller, Nix, Myers & Swiatecki microscopic
 corrections; [Atomic Data Nucl. Data Tables, 59, 185 (1995)];
 Level density is from a shifted Fermi-gas formula, with the shift given by
  0, delta-p, delta-n, or delta-p + delta-n, for odd-odd; odd-n, even-p;
 odd-p, even-n; and even-even nuclei, respectively for the compound
 nucleus, and similarly using deltaM-p and deltaM-n for the saddle point.
 delta-n and delta-p are tabulated by Moller, Nix & Kratz and
 deltaM-n and deltaM-p are 4.80 MeV * Bs * {1/N**(1/3) or 1/Z**(1/3)}.
 Bs is the surface area of the saddle-point shape with respect to a sphere.

   Inelastic cross section used here = 2167.74 mb
 Monte Carlo inelastic cross section =  326.12 mb

     Thu Apr 20 02:12:25 2017

                200.0 MeV (Z =  5, A = *) + (Z = 92., A = 232.)

 Number of inelastic interactions =   200001,
 Number of elastic interactions   =  1388162,

 Reaction cross section = 2167.74 mb, Elastic cross section = ******* mb.

  The mean excitation energy, charge, mass, and angular momentum
  of the   100000 nuclei after the 
  cascade and before preequilibrium decay are:
  E*av =  25.4 +/- 24.4 MeV;  E*min =  -1.5;  E*max = 225.8
   Zav =  91.9 +/-  0.7;       Zmin =  89.;    Zmax =  95.
   Aav = 231.5 +/-  0.7;       Amin = 228.;    Amax = 236.
   Lav =   7.5 +/-  4.9 h-bar; Lmin =   0.;    Lmax =  52.

  The mean excitation energy, charge, mass, angular momentum, and 
  fission barrier height of the   61820 fissioning nuclei are:
  E*av =   0.0 +/-  0.0 MeV; E*min =1000.0; E*max =    0.0
   Zav =   0.0 +/- 0.0;        Zmin = 100.;  Zmax =   0.
   Aav =   0.0 +/- 0.0;        Amin = 400.;  Amax =   0.
   Lav =   0.0 +/- 0.0 h-bar;  Lmin = 100.;  Lmax =   0.
  Bfav =   0.0 +/- 0.0 MeV;   Bfmin = ****; Bfmax =  0.0

 The mean total fission product kinetic energy after neutron emission is   0.00 MeV.

               Direct Monte Carlo Simulation Method:
 Fissility =  0.3091 +/-  0.0012,
 Fission cross section = 6.70046E+02 +/- 2.69E+00 mb.

               Statistical Weight Functions Method:
 Fissility =  0.3234,
 Fission cross section = 7.00949E+02 mb.


                         Double differential cross-section d2S/dTdO (mb/MeV/sr) of    n
            prod. xsec for all energies= 4.9118E+03 mb, for    0.<T< 160. xsec= 4.9118E+03mb
  T(MeV)/angle:  10.        20.         9.        11.        19.        21.        30.        40.        50.        60.    dS/dT(mb/MeV)
   0.-   2. 8.8620E+01 8.8815E+01 8.9673E+01 8.8455E+01 8.8257E+01 8.8588E+01 9.0590E+01 8.8433E+01 8.7349E+01 8.7069E+01 1.0752E+03
   2.-   4. 6.6052E+01 5.8390E+01 6.6045E+01 6.5090E+01 5.8757E+01 5.8516E+01 6.0258E+01 5.7865E+01 5.7778E+01 5.6296E+01 6.9384E+02
   4.-   6. 2.8894E+01 2.5925E+01 2.9828E+01 2.8629E+01 2.5716E+01 2.6041E+01 2.4968E+01 2.4387E+01 2.3486E+01 2.2934E+01 2.9613E+02
   6.-   8. 1.4675E+01 1.2239E+01 1.5025E+01 1.4444E+01 1.2144E+01 1.1985E+01 1.1341E+01 9.7609E+00 9.3466E+00 8.8903E+00 1.2912E+02
   8.-  10. 9.0044E+00 5.7291E+00 9.1729E+00 8.5317E+00 5.9578E+00 5.7301E+00 5.1658E+00 4.5572E+00 3.9725E+00 3.9595E+00 6.6045E+01
  10.-  12. 5.3856E+00 3.7760E+00 5.8517E+00 4.9012E+00 3.6172E+00 3.7694E+00 3.0184E+00 2.6404E+00 2.2349E+00 2.1826E+00 4.1295E+01
  12.-  14. 4.7587E+00 2.5897E+00 5.0609E+00 4.3566E+00 2.7053E+00 2.5682E+00 2.1475E+00 1.8706E+00 1.5373E+00 1.4055E+00 3.1194E+01
  14.-  16. 3.3909E+00 2.1122E+00 3.8906E+00 3.2675E+00 2.1886E+00 2.1125E+00 1.5933E+00 1.4241E+00 1.0077E+00 9.4274E-01 2.4252E+01
  16.-  18. 2.9920E+00 1.6203E+00 3.4477E+00 2.7229E+00 1.5806E+00 1.5602E+00 1.1777E+00 1.1470E+00 8.6555E-01 7.9990E-01 2.0084E+01
  18.-  20. 2.7640E+00 1.5914E+00 3.0682E+00 2.5154E+00 1.7326E+00 1.5326E+00 1.0886E+00 9.1605E-01 7.5574E-01 7.2563E-01 1.7233E+01
  20.-  22. 2.3081E+00 1.1863E+00 2.5937E+00 1.8931E+00 1.1247E+00 1.1598E+00 7.6201E-01 7.0051E-01 4.7799E-01 5.5993E-01 1.3890E+01
  22.-  24. 1.6242E+00 9.6931E-01 1.8978E+00 1.4263E+00 9.8790E-01 9.6652E-01 7.2242E-01 6.3123E-01 4.7799E-01 3.4282E-01 1.1288E+01
  24.-  26. 1.6527E+00 8.6804E-01 1.8662E+00 1.4263E+00 8.8151E-01 8.9748E-01 6.0367E-01 5.2346E-01 3.3588E-01 2.7997E-01 9.2183E+00
  26.-  28. 9.9733E-01 7.5230E-01 1.1703E+00 1.0114E+00 7.5992E-01 6.6275E-01 3.7606E-01 3.6950E-01 2.6483E-01 2.5711E-01 7.5058E+00
  28.-  30. 8.8335E-01 5.7869E-01 1.0754E+00 8.2983E-01 5.3194E-01 5.5229E-01 2.7709E-01 2.4633E-01 2.8421E-01 2.1712E-01 5.9342E+00
  30.-  32. 7.4087E-01 3.7615E-01 8.8566E-01 6.7424E-01 4.2556E-01 3.7280E-01 2.2761E-01 2.0784E-01 1.8732E-01 1.3713E-01 4.5089E+00
  32.-  34. 5.1291E-01 2.8935E-01 6.3261E-01 4.6678E-01 2.8877E-01 3.0376E-01 2.1772E-01 2.2324E-01 1.6794E-01 8.5704E-02 3.5713E+00
  34.-  36. 5.4141E-01 7.2337E-02 5.3772E-01 4.6678E-01 1.0639E-01 8.2844E-02 1.5834E-01 1.1547E-01 7.1052E-02 6.2850E-02 2.3953E+00
  36.-  38. 1.9947E-01 1.4467E-01 3.1631E-01 1.8153E-01 1.3679E-01 1.2427E-01 6.9274E-02 5.3885E-02 1.2273E-01 5.7136E-02 1.7233E+00
  38.-  40. 2.2796E-01 1.0127E-01 2.2141E-01 2.3339E-01 1.0639E-01 8.2844E-02 3.9585E-02 5.3885E-02 2.5837E-02 7.4277E-02 1.0568E+00
  40.-  42. 8.5485E-02 7.2337E-02 9.4892E-02 7.7797E-02 6.0794E-02 6.9037E-02 1.9792E-02 2.3094E-02 2.5837E-02 5.7136E-03 2.2761E-01
  42.-  44. 2.8495E-02 0.0000E+00 3.1631E-02 2.5932E-02 0.0000E+00 0.0000E+00 0.0000E+00 0.0000E+00 1.2919E-02 5.7136E-03 4.3355E-02
  44.-  46. 5.6990E-02 0.0000E+00 6.3261E-02 5.1865E-02 0.0000E+00 0.0000E+00 9.8962E-03 7.6979E-03 1.9378E-02 0.0000E+00 4.8774E-02
  46.-  48. 0.0000E+00 0.0000E+00 0.0000E+00 0.0000E+00 0.0000E+00 0.0000E+00 0.0000E+00 1.5396E-02 0.0000E+00 0.0000E+00 1.6258E-02
  48.-  50. 0.0000E+00 0.0000E+00 0.0000E+00 0.0000E+00 0.0000E+00 0.0000E+00 1.9792E-02 0.0000E+00 6.4593E-03 0.0000E+00 1.6258E-02
  50.-  55. 1.1398E-02 0.0000E+00 1.2652E-02 1.0373E-02 0.0000E+00 0.0000E+00 7.9170E-03 0.0000E+00 7.7512E-03 0.0000E+00 1.5174E-02
  55.-  60. 0.0000E+00 5.7869E-03 0.0000E+00 0.0000E+00 6.0794E-03 5.5229E-03 7.9170E-03 0.0000E+00 0.0000E+00 0.0000E+00 6.5032E-03
2600.-2650. 0.0000E+00 0.0000E+00 0.0000E+00 0.0000E+00 0.0000E+00 0.0000E+00 0.0000E+00 0.0000E+00 0.0000E+00 1.7735E-01 1.6930E-01
2650.-2700. 9.1526E-01 4.7800E-01 1.0059E+00 7.9975E-01 5.1310E-01 4.5620E-01 3.1668E-01 2.4880E-01 1.9378E-01 1.8626E-01 1.8556E-01
 energ. int. 5.2055E+02 4.4175E+02 5.3747E+02 5.0656E+02 4.4051E+02 4.3852E+02 4.2587E+02 4.0506E+02 3.9189E+02 3.8388E+02 4.9208E+03


                         Double differential cross-section d2S/dTdO (mb/MeV/sr) of    p
            prod. xsec for all energies= 4.7382E+02 mb, for    2.<T< 160. xsec= 4.5011E+02mb
  T(MeV)/angle:  10.        20.         9.        11.        19.        21.        30.        40.        50.        60.    dS/dT(mb/MeV)
   0.-   2. 1.5672E+00 6.9443E-01 1.7713E+00 1.4263E+00 7.5992E-01 7.1798E-01 4.6512E-01 5.6964E-01 4.5215E-01 3.0853E-01 1.1857E+01
   2.-   4. 3.1630E+00 1.3889E+00 3.2896E+00 3.0081E+00 1.4894E+00 1.2841E+00 1.1183E+00 9.3145E-01 7.1698E-01 7.1420E-01 2.2246E+01
   4.-   6. 3.8183E+00 2.0978E+00 4.2701E+00 3.5268E+00 2.2190E+00 1.9192E+00 1.2172E+00 1.0854E+00 8.8493E-01 7.5419E-01 2.7335E+01
   6.-   8. 3.8183E+00 2.0254E+00 4.5232E+00 3.4231E+00 2.0670E+00 1.8502E+00 1.3558E+00 1.0084E+00 8.1387E-01 7.9990E-01 2.6121E+01
   8.-  10. 3.3624E+00 1.5625E+00 3.6691E+00 2.9044E+00 1.6718E+00 1.5050E+00 1.0787E+00 9.9303E-01 7.8158E-01 6.9134E-01 2.2485E+01
  10.-  12. 2.7355E+00 1.6927E+00 3.2580E+00 2.7229E+00 1.6262E+00 1.6431E+00 1.1678E+00 7.8519E-01 7.1052E-01 5.8279E-01 2.0826E+01
  12.-  14. 2.8780E+00 1.2876E+00 3.1947E+00 2.6451E+00 1.2007E+00 1.2289E+00 9.2035E-01 7.3130E-01 7.2344E-01 6.4564E-01 1.7949E+01
  14.-  16. 2.8495E+00 1.0850E+00 2.7202E+00 2.6192E+00 1.2463E+00 1.0356E+00 1.0985E+00 9.8533E-01 6.4593E-01 6.1707E-01 1.6144E+01
  16.-  18. 1.8807E+00 1.1863E+00 2.0244E+00 1.7115E+00 1.1855E+00 1.0908E+00 8.0159E-01 5.8504E-01 6.8469E-01 5.3708E-01 1.3960E+01
  18.-  20. 1.6527E+00 6.7996E-01 1.9295E+00 1.4263E+00 7.2952E-01 7.0418E-01 7.9170E-01 5.1576E-01 5.3612E-01 3.5996E-01 1.1857E+01
  20.-  22. 1.3393E+00 9.1144E-01 1.5815E+00 1.2966E+00 9.2710E-01 8.9748E-01 6.1357E-01 4.4648E-01 3.2297E-01 3.1996E-01 9.5163E+00
  22.-  24. 1.3963E+00 9.2591E-01 1.3285E+00 1.4003E+00 1.0183E+00 9.2509E-01 5.6409E-01 4.3108E-01 3.2942E-01 3.1425E-01 8.1019E+00
  24.-  26. 8.2636E-01 5.0636E-01 9.1729E-01 8.2983E-01 4.8635E-01 4.1422E-01 3.8595E-01 3.6950E-01 2.7129E-01 2.7997E-01 6.8067E+00
  26.-  28. 9.4034E-01 5.9316E-01 1.0122E+00 8.8170E-01 6.5353E-01 5.7991E-01 2.4741E-01 2.8482E-01 2.2608E-01 2.2283E-01 5.5982E+00
  28.-  30. 8.8335E-01 3.1828E-01 9.4892E-01 7.7797E-01 3.4956E-01 4.0041E-01 3.1668E-01 1.9245E-01 2.3899E-01 1.5998E-01 4.5089E+00
  30.-  32. 5.6990E-01 2.7488E-01 5.3772E-01 5.7051E-01 3.3436E-01 2.7615E-01 2.7709E-01 1.5396E-01 1.7440E-01 1.1999E-01 3.6418E+00
  32.-  34. 5.1291E-01 2.3148E-01 6.9587E-01 4.6678E-01 2.4317E-01 2.3473E-01 1.9792E-01 1.2317E-01 1.0981E-01 1.5998E-01 3.0565E+00
  34.-  36. 3.1345E-01 1.5914E-01 2.8468E-01 3.3712E-01 1.9758E-01 1.3807E-01 1.8803E-01 1.0777E-01 5.8134E-02 8.5704E-02 2.0052E+00
  36.-  38. 4.5592E-01 1.0127E-01 4.4283E-01 3.8898E-01 1.2159E-01 8.2844E-02 4.9481E-02 1.1547E-01 5.8134E-02 7.4277E-02 1.5608E+00
  38.-  40. 5.6990E-02 1.1574E-01 9.4892E-02 7.7797E-02 1.2159E-01 9.6652E-02 2.9689E-02 6.1583E-02 5.1674E-02 1.7141E-02 9.5380E-01
  40.-  42. 2.8495E-02 2.8935E-02 3.1631E-02 2.5932E-02 3.0397E-02 4.1422E-02 4.9481E-02 7.6979E-03 3.2297E-02 5.7136E-03 1.6800E-01
  42.-  44. 2.8495E-02 0.0000E+00 3.1631E-02 2.5932E-02 0.0000E+00 0.0000E+00 1.9792E-02 3.0792E-02 6.4593E-03 5.7136E-03 6.5032E-02
  44.-  46. 5.6990E-02 0.0000E+00 6.3261E-02 5.1865E-02 0.0000E+00 0.0000E+00 9.8962E-03 0.0000E+00 6.4593E-03 5.7136E-03 3.2516E-02
  46.-  48. 2.8495E-02 0.0000E+00 3.1631E-02 2.5932E-02 0.0000E+00 0.0000E+00 0.0000E+00 7.6979E-03 0.0000E+00 5.7136E-03 2.1677E-02
  48.-  50. 0.0000E+00 1.4467E-02 0.0000E+00 0.0000E+00 1.5198E-02 1.3807E-02 0.0000E+00 1.5396E-02 0.0000E+00 0.0000E+00 2.1677E-02
  50.-  55. 0.0000E+00 5.7869E-03 0.0000E+00 0.0000E+00 6.0794E-03 5.5229E-03 7.9170E-03 3.0792E-03 2.5837E-03 2.2854E-03 1.5174E-02
  55.-  60. 0.0000E+00 5.7869E-03 0.0000E+00 0.0000E+00 6.0794E-03 5.5229E-03 0.0000E+00 3.0792E-03 0.0000E+00 2.2854E-03 8.6709E-03
  65.-  70. 0.0000E+00 0.0000E+00 0.0000E+00 0.0000E+00 0.0000E+00 5.5229E-03 7.9170E-03 0.0000E+00 0.0000E+00 0.0000E+00 4.3355E-03
2600.-2650. 0.0000E+00 0.0000E+00 0.0000E+00 0.0000E+00 0.0000E+00 0.0000E+00 0.0000E+00 0.0000E+00 0.0000E+00 1.2684E-01 1.3201E-01
2650.-2700. 6.8388E-01 3.2985E-01 6.9714E-01 5.7881E-01 3.8178E-01 3.2585E-01 2.2920E-01 1.8352E-01 1.5890E-01 1.2776E-01 1.3462E-01
 energ. int. 9.8137E+01 5.2227E+01 1.1096E+02 9.3719E+01 5.1279E+01 4.8878E+01 3.5706E+01 2.8605E+01 2.3757E+01 2.1437E+01 4.5604E+02


                         Double differential cross-section d2S/dTdO (mb/MeV/sr) of    d
            prod. xsec for all energies= 2.5590E+01 mb, for    3.<T< 215. xsec= 2.5579E+01mb
  T(MeV)/angle:  10.        20.         9.        11.        19.        21.        30.        40.        50.        60.    dS/dT(mb/MeV)
   2.-   4. 0.0000E+00 0.0000E+00 0.0000E+00 0.0000E+00 0.0000E+00 0.0000E+00 0.0000E+00 1.5396E-02 6.4593E-03 1.1427E-02 2.7097E-02
   4.-   6. 0.0000E+00 0.0000E+00 0.0000E+00 0.0000E+00 0.0000E+00 0.0000E+00 0.0000E+00 0.0000E+00 0.0000E+00 5.7136E-03 1.6258E-02
   6.-   8. 0.0000E+00 0.0000E+00 0.0000E+00 0.0000E+00 0.0000E+00 0.0000E+00 0.0000E+00 7.6979E-03 0.0000E+00 0.0000E+00 2.1677E-02
   8.-  10. 2.8495E-02 1.4467E-02 3.1631E-02 2.5932E-02 1.5198E-02 1.3807E-02 2.9689E-02 1.5396E-02 3.2297E-02 3.4282E-02 2.4929E-01
  10.-  12. 1.4248E-01 2.3148E-01 9.4892E-02 1.5559E-01 2.2798E-01 2.0711E-01 1.3855E-01 1.0007E-01 1.4210E-01 8.5704E-02 1.0784E+00
  12.-  14. 8.5485E-02 2.8935E-01 9.4892E-02 1.2966E-01 2.7357E-01 2.3473E-01 1.2865E-01 2.2324E-01 1.8086E-01 1.7712E-01 1.5553E+00
  14.-  16. 1.7097E-01 4.0509E-01 1.8978E-01 1.2966E-01 3.9516E-01 4.4184E-01 2.4741E-01 2.3094E-01 1.8086E-01 1.7141E-01 1.6529E+00
  16.-  18. 2.2796E-01 1.7361E-01 2.8468E-01 2.0746E-01 1.8238E-01 2.0711E-01 1.9792E-01 1.7705E-01 2.5191E-01 1.3141E-01 1.3223E+00
  18.-  20. 2.2796E-01 1.7361E-01 2.2141E-01 2.3339E-01 1.9758E-01 1.5188E-01 2.6720E-01 2.3863E-01 2.0024E-01 1.0284E-01 1.2410E+00
  20.-  22. 3.7044E-01 2.4594E-01 3.1631E-01 3.6305E-01 3.0397E-01 2.3473E-01 1.9792E-01 1.8475E-01 1.5502E-01 1.7141E-01 1.1814E+00
  22.-  24. 1.9947E-01 2.0254E-01 2.2141E-01 2.0746E-01 1.9758E-01 1.9330E-01 2.1772E-01 2.1554E-01 1.3565E-01 9.1417E-02 1.0026E+00
  24.-  26. 2.5646E-01 1.8808E-01 2.2141E-01 2.5932E-01 2.2798E-01 2.2092E-01 1.6824E-01 1.3856E-01 7.7512E-02 6.2850E-02 7.4245E-01
  26.-  28. 1.7097E-01 1.0127E-01 1.2652E-01 1.5559E-01 1.2159E-01 8.2844E-02 4.9481E-02 1.0777E-01 1.0335E-01 7.4277E-02 5.5277E-01
  28.-  30. 5.6990E-02 8.6804E-02 6.3261E-02 5.1865E-02 7.5992E-02 1.1046E-01 1.1875E-01 1.2317E-01 6.4593E-02 6.2850E-02 4.6064E-01
  30.-  32. 1.1398E-01 8.6804E-02 1.2652E-01 1.5559E-01 7.5992E-02 5.5229E-02 1.1875E-01 6.1583E-02 9.0430E-02 5.7136E-02 3.7935E-01
  32.-  34. 8.5485E-02 7.2337E-02 9.4892E-02 7.7797E-02 7.5992E-02 5.5229E-02 8.9066E-02 3.0792E-02 6.4593E-02 6.2850E-02 3.2516E-01
  34.-  36. 1.4248E-01 7.2337E-02 1.5815E-01 1.5559E-01 7.5992E-02 5.5229E-02 5.9377E-02 1.5396E-02 2.5837E-02 1.1427E-02 1.8968E-01
  36.-  38. 1.7097E-01 7.2337E-02 9.4892E-02 1.5559E-01 1.0639E-01 6.9037E-02 5.9377E-02 3.8490E-02 3.8756E-02 3.4282E-02 2.4387E-01
  38.-  40. 0.0000E+00 7.2337E-02 0.0000E+00 0.0000E+00 7.5992E-02 6.9037E-02 1.9792E-02 1.5396E-02 3.2297E-02 5.7136E-03 1.3548E-01
  40.-  42. 5.6990E-02 2.8935E-02 6.3261E-02 5.1865E-02 1.5198E-02 4.1422E-02 2.9689E-02 2.3094E-02 3.8756E-02 1.1427E-02 1.3548E-01
  42.-  44. 8.5485E-02 4.3402E-02 9.4892E-02 7.7797E-02 4.5595E-02 2.7615E-02 3.9585E-02 3.8490E-02 1.2919E-02 0.0000E+00 9.7548E-02
  44.-  46. 2.8495E-02 2.8935E-02 3.1631E-02 2.5932E-02 3.0397E-02 2.7615E-02 1.9792E-02 1.5396E-02 6.4593E-03 0.0000E+00 5.4193E-02
  46.-  48. 0.0000E+00 0.0000E+00 0.0000E+00 0.0000E+00 0.0000E+00 0.0000E+00 1.9792E-02 7.6979E-03 6.4593E-03 0.0000E+00 2.7097E-02
  48.-  50. 0.0000E+00 0.0000E+00 0.0000E+00 0.0000E+00 0.0000E+00 0.0000E+00 1.9792E-02 7.6979E-03 6.4593E-03 0.0000E+00 2.7097E-02
  50.-  55. 0.0000E+00 5.7869E-03 0.0000E+00 0.0000E+00 6.0794E-03 1.1046E-02 3.9585E-03 6.1583E-03 2.5837E-03 4.5709E-03 1.7342E-02
  55.-  60. 0.0000E+00 0.0000E+00 0.0000E+00 0.0000E+00 0.0000E+00 0.0000E+00 3.9585E-03 0.0000E+00 2.5837E-03 0.0000E+00 4.3355E-03
  60.-  65. 0.0000E+00 0.0000E+00 0.0000E+00 0.0000E+00 0.0000E+00 0.0000E+00 0.0000E+00 0.0000E+00 0.0000E+00 4.5709E-03 6.5032E-03
  70.-  75. 0.0000E+00 0.0000E+00 0.0000E+00 0.0000E+00 0.0000E+00 0.0000E+00 3.9585E-03 0.0000E+00 0.0000E+00 0.0000E+00 2.1677E-03
 energ. int. 5.2431E+00 5.2082E+00 5.0609E+00 5.2383E+00 5.4714E+00 5.0535E+00 4.5325E+00 4.0953E+00 3.7335E+00 2.7654E+00 2.5579E+01


                         Double differential cross-section d2S/dTdO (mb/MeV/sr) of    t
            prod. xsec for all energies= 4.5089E+00 mb, for    3.<T< 250. xsec= 4.4980E+00mb
  T(MeV)/angle:  10.        20.         9.        11.        19.        21.        30.        40.        50.        60.    dS/dT(mb/MeV)
   2.-   4. 0.0000E+00 0.0000E+00 0.0000E+00 0.0000E+00 0.0000E+00 0.0000E+00 0.0000E+00 0.0000E+00 0.0000E+00 0.0000E+00 1.0839E-02
   4.-   6. 0.0000E+00 0.0000E+00 0.0000E+00 0.0000E+00 0.0000E+00 0.0000E+00 0.0000E+00 0.0000E+00 0.0000E+00 0.0000E+00 1.0839E-02
   6.-   8. 0.0000E+00 0.0000E+00 0.0000E+00 0.0000E+00 0.0000E+00 0.0000E+00 0.0000E+00 0.0000E+00 0.0000E+00 0.0000E+00 1.6258E-02
   8.-  10. 0.0000E+00 0.0000E+00 0.0000E+00 0.0000E+00 0.0000E+00 0.0000E+00 0.0000E+00 0.0000E+00 0.0000E+00 1.1427E-02 4.3355E-02
  10.-  12. 2.8495E-02 2.8935E-02 3.1631E-02 2.5932E-02 3.0397E-02 2.7615E-02 2.9689E-02 3.0792E-02 1.9378E-02 1.7141E-02 1.7884E-01
  12.-  14. 0.0000E+00 5.7869E-02 0.0000E+00 0.0000E+00 4.5595E-02 8.2844E-02 4.9481E-02 4.6187E-02 6.4593E-03 1.1427E-02 2.3303E-01
  14.-  16. 5.6990E-02 7.2337E-02 3.1631E-02 5.1865E-02 9.1190E-02 6.9037E-02 3.9585E-02 2.3094E-02 1.2919E-02 3.4282E-02 2.6013E-01
  16.-  18. 5.6990E-02 5.7869E-02 6.3261E-02 5.1865E-02 3.0397E-02 5.5229E-02 5.9377E-02 3.0792E-02 3.2297E-02 2.2854E-02 2.5471E-01
  18.-  20. 2.8495E-02 4.3402E-02 0.0000E+00 2.5932E-02 4.5595E-02 4.1422E-02 3.9585E-02 3.0792E-02 2.5837E-02 2.2854E-02 1.8426E-01
  20.-  22. 5.6990E-02 5.7869E-02 6.3261E-02 5.1865E-02 6.0794E-02 5.5229E-02 3.9585E-02 5.3885E-02 4.5215E-02 2.2854E-02 2.1677E-01
  22.-  24. 2.8495E-02 0.0000E+00 3.1631E-02 2.5932E-02 0.0000E+00 1.3807E-02 2.9689E-02 5.3885E-02 2.5837E-02 1.1427E-02 1.4090E-01
  24.-  26. 5.6990E-02 5.7869E-02 6.3261E-02 7.7797E-02 7.5992E-02 4.1422E-02 2.9689E-02 2.3094E-02 6.4593E-03 2.2854E-02 1.3006E-01
  26.-  28. 0.0000E+00 1.4467E-02 0.0000E+00 0.0000E+00 0.0000E+00 4.1422E-02 3.9585E-02 7.6979E-03 1.2919E-02 5.7136E-03 1.0839E-01
  28.-  30. 0.0000E+00 5.7869E-02 0.0000E+00 0.0000E+00 6.0794E-02 5.5229E-02 1.9792E-02 3.0792E-02 1.2919E-02 5.7136E-03 9.7548E-02
  30.-  32. 2.8495E-02 4.3402E-02 0.0000E+00 2.5932E-02 6.0794E-02 4.1422E-02 9.8962E-03 2.3094E-02 1.2919E-02 1.7141E-02 9.7548E-02
  32.-  34. 0.0000E+00 1.4467E-02 0.0000E+00 0.0000E+00 1.5198E-02 2.7615E-02 9.8962E-03 7.6979E-03 1.2919E-02 5.7136E-03 4.3355E-02
  34.-  36. 5.6990E-02 1.4467E-02 6.3261E-02 5.1865E-02 1.5198E-02 1.3807E-02 9.8962E-03 1.5396E-02 0.0000E+00 5.7136E-03 5.4193E-02
  36.-  38. 2.8495E-02 1.4467E-02 3.1631E-02 5.1865E-02 1.5198E-02 0.0000E+00 9.8962E-03 7.6979E-03 6.4593E-03 0.0000E+00 3.7935E-02
  38.-  40. 0.0000E+00 1.4467E-02 0.0000E+00 0.0000E+00 0.0000E+00 1.3807E-02 0.0000E+00 0.0000E+00 6.4593E-03 0.0000E+00 2.1677E-02
  40.-  42. 0.0000E+00 1.4467E-02 0.0000E+00 0.0000E+00 1.5198E-02 1.3807E-02 0.0000E+00 0.0000E+00 0.0000E+00 5.7136E-03 1.6258E-02
  42.-  44. 2.8495E-02 0.0000E+00 3.1631E-02 2.5932E-02 0.0000E+00 1.3807E-02 2.9689E-02 0.0000E+00 0.0000E+00 0.0000E+00 3.2516E-02
  44.-  46. 2.8495E-02 0.0000E+00 3.1631E-02 2.5932E-02 0.0000E+00 0.0000E+00 0.0000E+00 7.6979E-03 0.0000E+00 0.0000E+00 1.0839E-02
  46.-  48. 0.0000E+00 0.0000E+00 0.0000E+00 0.0000E+00 0.0000E+00 0.0000E+00 9.8962E-03 7.6979E-03 0.0000E+00 5.7136E-03 1.6258E-02
  50.-  55. 0.0000E+00 0.0000E+00 0.0000E+00 0.0000E+00 0.0000E+00 0.0000E+00 3.9585E-03 6.1583E-03 0.0000E+00 0.0000E+00 1.0839E-02
  60.-  65. 0.0000E+00 0.0000E+00 0.0000E+00 0.0000E+00 0.0000E+00 0.0000E+00 0.0000E+00 0.0000E+00 0.0000E+00 0.0000E+00 2.1677E-03
  80.-  85. 0.0000E+00 5.7869E-03 0.0000E+00 0.0000E+00 6.0794E-03 5.5229E-03 0.0000E+00 0.0000E+00 0.0000E+00 0.0000E+00 2.1677E-03
 energ. int. 9.6883E-01 1.1574E+00 8.8566E-01 9.8543E-01 1.1551E+00 1.2427E+00 9.3025E-01 8.3137E-01 4.7799E-01 4.5709E-01 4.4980E+00


                         Double differential cross-section d2S/dTdO (mb/MeV/sr) of  He3
            prod. xsec for all energies= 7.1535E-01 mb, for    2.<T< 580. xsec= 7.1535E-01mb
  T(MeV)/angle:  10.        20.         9.        11.        19.        21.        30.        40.        50.        60.    dS/dT(mb/MeV)
  22.-  24. 0.0000E+00 1.4467E-02 0.0000E+00 0.0000E+00 1.5198E-02 1.3807E-02 0.0000E+00 0.0000E+00 0.0000E+00 1.1427E-02 2.7097E-02
  24.-  26. 0.0000E+00 1.4467E-02 0.0000E+00 0.0000E+00 1.5198E-02 1.3807E-02 0.0000E+00 1.5396E-02 6.4593E-03 0.0000E+00 5.4193E-02
  26.-  28. 2.8495E-02 0.0000E+00 3.1631E-02 2.5932E-02 0.0000E+00 0.0000E+00 0.0000E+00 7.6979E-03 6.4593E-03 5.7136E-03 3.7935E-02
  28.-  30. 0.0000E+00 0.0000E+00 0.0000E+00 0.0000E+00 0.0000E+00 0.0000E+00 9.8962E-03 1.5396E-02 6.4593E-03 0.0000E+00 3.2516E-02
  30.-  32. 0.0000E+00 1.4467E-02 0.0000E+00 0.0000E+00 1.5198E-02 1.3807E-02 0.0000E+00 1.5396E-02 6.4593E-03 0.0000E+00 3.2516E-02
  32.-  34. 0.0000E+00 1.4467E-02 0.0000E+00 0.0000E+00 1.5198E-02 1.3807E-02 9.8962E-03 0.0000E+00 0.0000E+00 5.7136E-03 2.1677E-02
  34.-  36. 0.0000E+00 0.0000E+00 0.0000E+00 0.0000E+00 0.0000E+00 0.0000E+00 0.0000E+00 7.6979E-03 6.4593E-03 0.0000E+00 2.1677E-02
  36.-  38. 0.0000E+00 2.8935E-02 0.0000E+00 2.5932E-02 3.0397E-02 1.3807E-02 9.8962E-03 7.6979E-03 0.0000E+00 0.0000E+00 3.7935E-02
  38.-  40. 0.0000E+00 0.0000E+00 0.0000E+00 0.0000E+00 0.0000E+00 0.0000E+00 0.0000E+00 0.0000E+00 6.4593E-03 5.7136E-03 1.0839E-02
  40.-  42. 0.0000E+00 0.0000E+00 0.0000E+00 0.0000E+00 0.0000E+00 0.0000E+00 0.0000E+00 0.0000E+00 0.0000E+00 1.1427E-02 1.0839E-02
  42.-  44. 0.0000E+00 0.0000E+00 0.0000E+00 0.0000E+00 0.0000E+00 0.0000E+00 0.0000E+00 0.0000E+00 6.4593E-03 0.0000E+00 5.4193E-03
  44.-  46. 0.0000E+00 0.0000E+00 0.0000E+00 0.0000E+00 0.0000E+00 0.0000E+00 0.0000E+00 7.6979E-03 0.0000E+00 5.7136E-03 1.0839E-02
  48.-  50. 0.0000E+00 0.0000E+00 0.0000E+00 0.0000E+00 0.0000E+00 1.3807E-02 9.8962E-03 7.6979E-03 0.0000E+00 0.0000E+00 1.0839E-02
  50.-  55. 0.0000E+00 5.7869E-03 0.0000E+00 1.0373E-02 6.0794E-03 5.5229E-03 7.9170E-03 3.0792E-03 0.0000E+00 0.0000E+00 8.6709E-03
  55.-  60. 0.0000E+00 0.0000E+00 0.0000E+00 0.0000E+00 0.0000E+00 0.0000E+00 0.0000E+00 3.0792E-03 0.0000E+00 2.2854E-03 4.3355E-03
  60.-  65. 0.0000E+00 0.0000E+00 0.0000E+00 0.0000E+00 0.0000E+00 0.0000E+00 3.9585E-03 0.0000E+00 0.0000E+00 0.0000E+00 2.1677E-03
  65.-  70. 1.1398E-02 0.0000E+00 0.0000E+00 1.0373E-02 6.0794E-03 0.0000E+00 0.0000E+00 0.0000E+00 0.0000E+00 0.0000E+00 2.1677E-03
 energ. int. 1.1398E-01 2.0254E-01 6.3261E-02 2.0746E-01 2.4317E-01 1.9330E-01 1.3855E-01 2.0015E-01 9.0430E-02 1.0284E-01 7.1535E-01


                         Double differential cross-section d2S/dTdO (mb/MeV/sr) of  He4
            prod. xsec for all energies= 3.7719E+00 mb, for    2.<T< 650. xsec= 3.7610E+00mb
  T(MeV)/angle:  10.        20.         9.        11.        19.        21.        30.        40.        50.        60.    dS/dT(mb/MeV)
   2.-   4. 0.0000E+00 0.0000E+00 0.0000E+00 0.0000E+00 0.0000E+00 0.0000E+00 0.0000E+00 0.0000E+00 0.0000E+00 0.0000E+00 5.4193E-03
   4.-   6. 0.0000E+00 0.0000E+00 0.0000E+00 0.0000E+00 0.0000E+00 0.0000E+00 0.0000E+00 0.0000E+00 0.0000E+00 1.1427E-02 3.2516E-02
   6.-   8. 0.0000E+00 0.0000E+00 0.0000E+00 0.0000E+00 0.0000E+00 0.0000E+00 0.0000E+00 0.0000E+00 0.0000E+00 5.7136E-03 2.7097E-02
   8.-  10. 0.0000E+00 0.0000E+00 0.0000E+00 0.0000E+00 0.0000E+00 0.0000E+00 9.8962E-03 7.6979E-03 1.9378E-02 0.0000E+00 5.4193E-02
  10.-  12. 0.0000E+00 1.4467E-02 0.0000E+00 0.0000E+00 1.5198E-02 1.3807E-02 0.0000E+00 0.0000E+00 6.4593E-03 1.7141E-02 4.8774E-02
  12.-  14. 0.0000E+00 0.0000E+00 0.0000E+00 0.0000E+00 0.0000E+00 0.0000E+00 0.0000E+00 0.0000E+00 6.4593E-03 0.0000E+00 5.4193E-02
  14.-  16. 0.0000E+00 0.0000E+00 0.0000E+00 0.0000E+00 0.0000E+00 0.0000E+00 0.0000E+00 0.0000E+00 6.4593E-03 5.7136E-03 2.7097E-02
  16.-  18. 0.0000E+00 0.0000E+00 0.0000E+00 0.0000E+00 0.0000E+00 0.0000E+00 0.0000E+00 0.0000E+00 1.2919E-02 5.7136E-03 5.9613E-02
  18.-  20. 0.0000E+00 0.0000E+00 0.0000E+00 0.0000E+00 0.0000E+00 0.0000E+00 0.0000E+00 1.5396E-02 6.4593E-03 5.7136E-03 8.6709E-02
  20.-  22. 0.0000E+00 1.4467E-02 0.0000E+00 0.0000E+00 1.5198E-02 1.3807E-02 1.9792E-02 1.5396E-02 6.4593E-03 2.2854E-02 2.9264E-01
  22.-  24. 2.8495E-02 1.0127E-01 3.1631E-02 5.1865E-02 9.1190E-02 8.2844E-02 2.9689E-02 6.9281E-02 2.5837E-02 4.5709E-02 4.3355E-01
  24.-  26. 5.6990E-02 4.3402E-02 6.3261E-02 7.7797E-02 3.0397E-02 2.7615E-02 1.9792E-02 7.6979E-03 1.2919E-02 2.8568E-02 2.3303E-01
  26.-  28. 8.5485E-02 1.4467E-02 9.4892E-02 7.7797E-02 1.5198E-02 1.3807E-02 1.9792E-02 7.6979E-03 1.9378E-02 2.2854E-02 1.4090E-01
  28.-  30. 0.0000E+00 1.4467E-02 0.0000E+00 0.0000E+00 1.5198E-02 1.3807E-02 1.9792E-02 1.5396E-02 0.0000E+00 0.0000E+00 8.6709E-02
  30.-  32. 5.6990E-02 2.8935E-02 6.3261E-02 5.1865E-02 3.0397E-02 2.7615E-02 9.8962E-03 1.5396E-02 0.0000E+00 0.0000E+00 9.2129E-02
  32.-  34. 0.0000E+00 0.0000E+00 0.0000E+00 0.0000E+00 0.0000E+00 0.0000E+00 1.9792E-02 0.0000E+00 0.0000E+00 2.8568E-02 4.8774E-02
  34.-  36. 2.8495E-02 0.0000E+00 3.1631E-02 2.5932E-02 0.0000E+00 0.0000E+00 9.8962E-03 0.0000E+00 6.4593E-03 0.0000E+00 2.1677E-02
  36.-  38. 0.0000E+00 0.0000E+00 0.0000E+00 0.0000E+00 0.0000E+00 0.0000E+00 0.0000E+00 7.6979E-03 6.4593E-03 5.7136E-03 3.7935E-02
  38.-  40. 0.0000E+00 0.0000E+00 0.0000E+00 0.0000E+00 0.0000E+00 0.0000E+00 0.0000E+00 7.6979E-03 6.4593E-03 0.0000E+00 1.6258E-02
  40.-  42. 0.0000E+00 0.0000E+00 0.0000E+00 0.0000E+00 0.0000E+00 0.0000E+00 0.0000E+00 0.0000E+00 0.0000E+00 5.7136E-03 1.6258E-02
  42.-  44. 0.0000E+00 0.0000E+00 0.0000E+00 0.0000E+00 0.0000E+00 0.0000E+00 1.9792E-02 0.0000E+00 6.4593E-03 0.0000E+00 1.6258E-02
  44.-  46. 2.8495E-02 1.4467E-02 3.1631E-02 2.5932E-02 1.5198E-02 1.3807E-02 0.0000E+00 0.0000E+00 6.4593E-03 0.0000E+00 1.6258E-02
  46.-  48. 2.8495E-02 0.0000E+00 3.1631E-02 2.5932E-02 0.0000E+00 0.0000E+00 0.0000E+00 0.0000E+00 0.0000E+00 0.0000E+00 1.0839E-02
  48.-  50. 0.0000E+00 0.0000E+00 0.0000E+00 0.0000E+00 0.0000E+00 0.0000E+00 1.9792E-02 0.0000E+00 0.0000E+00 0.0000E+00 1.6258E-02
  55.-  60. 0.0000E+00 0.0000E+00 0.0000E+00 0.0000E+00 0.0000E+00 0.0000E+00 0.0000E+00 3.0792E-03 0.0000E+00 0.0000E+00 2.1677E-03
  65.-  70. 0.0000E+00 0.0000E+00 0.0000E+00 0.0000E+00 0.0000E+00 0.0000E+00 0.0000E+00 3.0792E-03 0.0000E+00 0.0000E+00 2.1677E-03
 energ. int. 6.2689E-01 4.9189E-01 6.9587E-01 6.7424E-01 4.5595E-01 4.1422E-01 3.9585E-01 3.6950E-01 3.1005E-01 4.2281E-01 3.7610E+00


                         Double differential cross-section d2S/dTdO (mb/MeV/sr) of  Be9
            prod. xsec for all energies= 8.6709E-02 mb, for    4.<T<2500. xsec= 8.6709E-02mb
  T(MeV)/angle:  10.        20.         9.        11.        19.        21.        30.        40.        50.        60.    dS/dT(mb/MeV)
  30.-  32. 0.0000E+00 0.0000E+00 0.0000E+00 0.0000E+00 0.0000E+00 0.0000E+00 0.0000E+00 0.0000E+00 0.0000E+00 0.0000E+00 5.4193E-03
  32.-  34. 0.0000E+00 0.0000E+00 0.0000E+00 0.0000E+00 0.0000E+00 0.0000E+00 0.0000E+00 0.0000E+00 6.4593E-03 5.7136E-03 2.7097E-02
  34.-  36. 0.0000E+00 0.0000E+00 0.0000E+00 0.0000E+00 0.0000E+00 0.0000E+00 0.0000E+00 7.6979E-03 0.0000E+00 0.0000E+00 1.0839E-02
 energ. int. 0.0000E+00 0.0000E+00 0.0000E+00 0.0000E+00 0.0000E+00 0.0000E+00 0.0000E+00 1.5396E-02 1.2919E-02 1.1427E-02 8.6709E-02


                         Double differential cross-section d2S/dTdO (mb/MeV/sr) of Be10
            prod. xsec for all energies= 1.0839E-02 mb, for    4.<T<2500. xsec= 1.0839E-02mb
  T(MeV)/angle:  10.        20.         9.        11.        19.        21.        30.        40.        50.        60.    dS/dT(mb/MeV)
  34.-  36. 0.0000E+00 0.0000E+00 0.0000E+00 0.0000E+00 0.0000E+00 0.0000E+00 0.0000E+00 0.0000E+00 6.4593E-03 0.0000E+00 5.4193E-03
 energ. int. 0.0000E+00 0.0000E+00 0.0000E+00 0.0000E+00 0.0000E+00 0.0000E+00 0.0000E+00 0.0000E+00 1.2919E-02 0.0000E+00 1.0839E-02


                         Double differential cross-section d2S/dTdO (mb/MeV/sr) of  B10
            prod. xsec for all energies= 3.2516E-02 mb, for    9.<T<2500. xsec= 3.2516E-02mb
  T(MeV)/angle:  10.        20.         9.        11.        19.        21.        30.        40.        50.        60.    dS/dT(mb/MeV)
  36.-  38. 0.0000E+00 0.0000E+00 0.0000E+00 0.0000E+00 0.0000E+00 0.0000E+00 0.0000E+00 0.0000E+00 0.0000E+00 0.0000E+00 5.4193E-03
  40.-  42. 0.0000E+00 0.0000E+00 0.0000E+00 0.0000E+00 0.0000E+00 1.3807E-02 9.8962E-03 0.0000E+00 0.0000E+00 0.0000E+00 5.4193E-03
  48.-  50. 0.0000E+00 1.4467E-02 0.0000E+00 0.0000E+00 1.5198E-02 1.3807E-02 0.0000E+00 0.0000E+00 0.0000E+00 0.0000E+00 5.4193E-03
 energ. int. 0.0000E+00 2.8935E-02 0.0000E+00 0.0000E+00 3.0397E-02 5.5229E-02 1.9792E-02 0.0000E+00 0.0000E+00 0.0000E+00 3.2516E-02


                         Double differential cross-section d2S/dTdO (mb/MeV/sr) of  B11
            prod. xsec for all energies= 3.2516E-02 mb, for    9.<T<2500. xsec= 3.2516E-02mb
  T(MeV)/angle:  10.        20.         9.        11.        19.        21.        30.        40.        50.        60.    dS/dT(mb/MeV)
  34.-  36. 0.0000E+00 0.0000E+00 0.0000E+00 0.0000E+00 0.0000E+00 0.0000E+00 0.0000E+00 0.0000E+00 0.0000E+00 0.0000E+00 5.4193E-03
  46.-  48. 0.0000E+00 0.0000E+00 0.0000E+00 0.0000E+00 0.0000E+00 0.0000E+00 9.8962E-03 0.0000E+00 0.0000E+00 0.0000E+00 1.0839E-02
 energ. int. 0.0000E+00 0.0000E+00 0.0000E+00 0.0000E+00 0.0000E+00 0.0000E+00 1.9792E-02 0.0000E+00 0.0000E+00 0.0000E+00 3.2516E-02


                         Double differential cross-section d2S/dTdO (mb/MeV/sr) of  C11
            prod. xsec for all energies= 1.0839E-02 mb, for   11.<T<2500. xsec= 1.0839E-02mb
  T(MeV)/angle:  10.        20.         9.        11.        19.        21.        30.        40.        50.        60.    dS/dT(mb/MeV)
  50.-  55. 0.0000E+00 0.0000E+00 0.0000E+00 0.0000E+00 0.0000E+00 0.0000E+00 0.0000E+00 0.0000E+00 0.0000E+00 0.0000E+00 2.1677E-03
 energ. int. 0.0000E+00 0.0000E+00 0.0000E+00 0.0000E+00 0.0000E+00 0.0000E+00 0.0000E+00 0.0000E+00 0.0000E+00 0.0000E+00 1.0839E-02


          Angular distribution of produced fragments dS/dOm [mb/sr] for energy range(MeV)
Tmin-Tmax   0.- 160.   2.- 160.   3.- 215.   3.- 250.   2.- 580.   2.- 650.   2.-2500.   4.-2500.   4.-2500.   4.-2500.
ang1-ang2      n          p          d          t        He3        He4        He6        Li6        Li7        Li8
  0.-  5. 1.1256E+03 5.1497E+02 6.3465E+00 2.2666E+00 0.0000E+00 0.0000E+00 0.0000E+00 0.0000E+00 0.0000E+00 0.0000E+00
  5.- 10. 5.0886E+02 8.3472E+01 5.6052E+00 3.0298E-01 0.0000E+00 7.5746E-01 0.0000E+00 0.0000E+00 0.0000E+00 0.0000E+00
 10.- 15. 4.5113E+02 6.2398E+01 5.0247E+00 1.3704E+00 1.8272E-01 5.4815E-01 0.0000E+00 0.0000E+00 0.0000E+00 0.0000E+00
 15.- 20. 4.2387E+02 4.0112E+01 5.6551E+00 9.8636E-01 3.2879E-01 4.6030E-01 0.0000E+00 0.0000E+00 0.0000E+00 0.0000E+00
 20.- 25. 4.1058E+02 3.2449E+01 4.8571E+00 1.2918E+00 1.0334E-01 5.1671E-01 0.0000E+00 0.0000E+00 0.0000E+00 0.0000E+00
 25.- 30. 4.1577E+02 2.5865E+01 4.4536E+00 1.0278E+00 2.1412E-01 3.8541E-01 0.0000E+00 0.0000E+00 0.0000E+00 0.0000E+00
 30.- 35. 4.0464E+02 2.6129E+01 4.6002E+00 8.4644E-01 7.3604E-02 4.0482E-01 0.0000E+00 0.0000E+00 0.0000E+00 0.0000E+00
 35.- 40. 3.9624E+02 2.2055E+01 4.1252E+00 7.7956E-01 2.5985E-01 3.2482E-01 0.0000E+00 0.0000E+00 0.0000E+00 0.0000E+00
 40.- 45. 3.8883E+02 2.0254E+01 4.0683E+00 8.7806E-01 1.4634E-01 4.0976E-01 0.0000E+00 0.0000E+00 0.0000E+00 0.0000E+00
 45.- 50. 3.8709E+02 1.8586E+01 3.9961E+00 4.8276E-01 8.0459E-02 2.4138E-01 0.0000E+00 0.0000E+00 0.0000E+00 0.0000E+00
 50.- 55. 3.7663E+02 1.6849E+01 3.4894E+00 4.7356E-01 9.9696E-02 3.7386E-01 0.0000E+00 0.0000E+00 0.0000E+00 0.0000E+00
 55.- 60. 3.7714E+02 1.5427E+01 2.9307E+00 4.9235E-01 9.3781E-02 4.6891E-01 0.0000E+00 0.0000E+00 0.0000E+00 0.0000E+00
 60.- 65. 3.7215E+02 1.5761E+01 2.6305E+00 4.2356E-01 1.1146E-01 3.7897E-01 0.0000E+00 0.0000E+00 0.0000E+00 0.0000E+00
 65.- 70. 3.6847E+02 1.4019E+01 2.4399E+00 5.3507E-01 6.4208E-02 3.2104E-01 0.0000E+00 0.0000E+00 0.0000E+00 0.0000E+00
 70.- 75. 3.6905E+02 1.4617E+01 2.3014E+00 2.0733E-01 2.0733E-02 4.3540E-01 0.0000E+00 0.0000E+00 0.0000E+00 0.0000E+00
 75.- 80. 3.5971E+02 1.4319E+01 1.6608E+00 1.8228E-01 1.4178E-01 2.4304E-01 0.0000E+00 0.0000E+00 0.0000E+00 0.0000E+00
 80.- 85. 3.5942E+02 1.2585E+01 1.9146E+00 4.1883E-01 1.9944E-02 2.9916E-01 0.0000E+00 0.0000E+00 0.0000E+00 0.0000E+00
 85.- 90. 3.5779E+02 1.2548E+01 1.7417E+00 2.7709E-01 1.9792E-02 2.5730E-01 0.0000E+00 0.0000E+00 0.0000E+00 0.0000E+00
 90.- 95. 3.5250E+02 1.2430E+01 1.4448E+00 3.5626E-01 5.9377E-02 1.9792E-01 0.0000E+00 0.0000E+00 0.0000E+00 0.0000E+00
 95.-100. 3.5162E+02 1.2685E+01 1.3562E+00 1.7950E-01 1.9944E-02 2.1939E-01 0.0000E+00 0.0000E+00 0.0000E+00 0.0000E+00
100.-105. 3.4867E+02 1.3448E+01 9.9243E-01 3.4431E-01 0.0000E+00 3.0381E-01 0.0000E+00 0.0000E+00 0.0000E+00 0.0000E+00
105.-110. 3.4836E+02 1.3580E+01 1.2025E+00 2.0733E-01 2.0733E-02 4.1466E-01 0.0000E+00 0.0000E+00 0.0000E+00 0.0000E+00
110.-115. 3.4711E+02 1.3099E+01 1.1129E+00 1.7122E-01 0.0000E+00 2.5683E-01 0.0000E+00 0.0000E+00 0.0000E+00 0.0000E+00
115.-120. 3.4364E+02 1.4535E+01 1.0032E+00 1.1146E-01 2.2292E-02 1.5605E-01 0.0000E+00 0.0000E+00 0.0000E+00 0.0000E+00
120.-125. 3.4059E+02 1.4466E+01 9.3781E-01 4.6891E-02 0.0000E+00 2.5790E-01 0.0000E+00 0.0000E+00 0.0000E+00 0.0000E+00
125.-130. 3.4166E+02 1.5428E+01 9.2219E-01 7.4772E-02 2.4924E-02 1.7447E-01 0.0000E+00 0.0000E+00 0.0000E+00 0.0000E+00
130.-135. 3.3734E+02 1.6387E+01 8.8505E-01 1.0728E-01 0.0000E+00 3.7548E-01 0.0000E+00 0.0000E+00 0.0000E+00 0.0000E+00
135.-140. 3.4312E+02 1.7210E+01 7.3172E-01 2.3415E-01 0.0000E+00 1.7561E-01 0.0000E+00 0.0000E+00 0.0000E+00 0.0000E+00
140.-145. 3.3687E+02 2.1600E+01 6.8212E-01 6.4963E-02 0.0000E+00 2.5985E-01 0.0000E+00 0.0000E+00 0.0000E+00 0.0000E+00
145.-150. 3.4314E+02 2.3406E+01 6.6243E-01 2.2081E-01 0.0000E+00 7.3604E-02 0.0000E+00 0.0000E+00 0.0000E+00 0.0000E+00
150.-155. 3.4152E+02 2.5566E+01 5.5670E-01 0.0000E+00 0.0000E+00 3.4259E-01 0.0000E+00 0.0000E+00 0.0000E+00 0.0000E+00
155.-160. 3.5710E+02 3.2191E+01 5.6838E-01 5.1671E-02 5.1671E-02 5.1671E-02 0.0000E+00 0.0000E+00 0.0000E+00 0.0000E+00
160.-165. 3.6916E+02 4.1098E+01 3.2879E-01 1.9727E-01 0.0000E+00 1.9727E-01 0.0000E+00 0.0000E+00 0.0000E+00 0.0000E+00
165.-170. 3.7923E+02 5.8378E+01 2.7408E-01 0.0000E+00 0.0000E+00 2.7408E-01 0.0000E+00 0.0000E+00 0.0000E+00 0.0000E+00
170.-175. 4.2736E+02 8.5290E+01 6.0597E-01 0.0000E+00 0.0000E+00 1.5149E-01 0.0000E+00 0.0000E+00 0.0000E+00 0.0000E+00
175.-180. 6.5188E+02 2.5205E+02 9.0664E-01 4.5332E-01 0.0000E+00 0.0000E+00 0.0000E+00 0.0000E+00 0.0000E+00 0.0000E+00
 Int. x sec 4.9118E+03 4.5011E+02 2.5579E+01 4.4980E+00 7.1535E-01 3.7610E+00 0.0000E+00 0.0000E+00 0.0000E+00 0.0000E+00


          Angular distribution of produced fragments dS/dOm [mb/sr] for energy range(MeV)
Tmin-Tmax   4.-2500.   4.-2500.   4.-2500.   4.-2500.   9.-2500.   9.-2500.   9.-2500.   9.-2500.  11.-2500.  11.-2500.
ang1-ang2    Li9        Be7        Be9       Be10         B9        B10        B11        B12        C11        C12
  0.-  5. 0.0000E+00 0.0000E+00 0.0000E+00 0.0000E+00 0.0000E+00 0.0000E+00 0.0000E+00 0.0000E+00 0.0000E+00 0.0000E+00
  5.- 10. 0.0000E+00 0.0000E+00 0.0000E+00 0.0000E+00 0.0000E+00 0.0000E+00 0.0000E+00 0.0000E+00 0.0000E+00 0.0000E+00
 10.- 15. 0.0000E+00 0.0000E+00 0.0000E+00 0.0000E+00 0.0000E+00 0.0000E+00 0.0000E+00 0.0000E+00 0.0000E+00 0.0000E+00
 15.- 20. 0.0000E+00 0.0000E+00 0.0000E+00 0.0000E+00 0.0000E+00 6.5757E-02 0.0000E+00 0.0000E+00 0.0000E+00 0.0000E+00
 20.- 25. 0.0000E+00 0.0000E+00 0.0000E+00 0.0000E+00 0.0000E+00 0.0000E+00 0.0000E+00 0.0000E+00 0.0000E+00 0.0000E+00
 25.- 30. 0.0000E+00 0.0000E+00 0.0000E+00 0.0000E+00 0.0000E+00 4.2823E-02 4.2823E-02 0.0000E+00 0.0000E+00 0.0000E+00
 30.- 35. 0.0000E+00 0.0000E+00 0.0000E+00 0.0000E+00 0.0000E+00 0.0000E+00 0.0000E+00 0.0000E+00 0.0000E+00 0.0000E+00
 35.- 40. 0.0000E+00 0.0000E+00 3.2482E-02 0.0000E+00 0.0000E+00 0.0000E+00 0.0000E+00 0.0000E+00 0.0000E+00 0.0000E+00
 40.- 45. 0.0000E+00 0.0000E+00 0.0000E+00 0.0000E+00 0.0000E+00 0.0000E+00 0.0000E+00 0.0000E+00 0.0000E+00 0.0000E+00
 45.- 50. 0.0000E+00 0.0000E+00 0.0000E+00 2.6820E-02 0.0000E+00 0.0000E+00 0.0000E+00 0.0000E+00 0.0000E+00 0.0000E+00
 50.- 55. 0.0000E+00 0.0000E+00 2.4924E-02 0.0000E+00 0.0000E+00 0.0000E+00 0.0000E+00 0.0000E+00 0.0000E+00 0.0000E+00
 55.- 60. 0.0000E+00 0.0000E+00 0.0000E+00 0.0000E+00 0.0000E+00 0.0000E+00 0.0000E+00 0.0000E+00 0.0000E+00 0.0000E+00
 60.- 65. 0.0000E+00 0.0000E+00 2.2292E-02 0.0000E+00 0.0000E+00 0.0000E+00 0.0000E+00 0.0000E+00 0.0000E+00 0.0000E+00
 65.- 70. 0.0000E+00 0.0000E+00 0.0000E+00 0.0000E+00 0.0000E+00 2.1403E-02 0.0000E+00 0.0000E+00 0.0000E+00 0.0000E+00
 70.- 75. 0.0000E+00 0.0000E+00 0.0000E+00 0.0000E+00 0.0000E+00 0.0000E+00 0.0000E+00 0.0000E+00 0.0000E+00 0.0000E+00
 75.- 80. 0.0000E+00 0.0000E+00 0.0000E+00 0.0000E+00 0.0000E+00 0.0000E+00 0.0000E+00 0.0000E+00 0.0000E+00 0.0000E+00
 80.- 85. 0.0000E+00 0.0000E+00 1.9944E-02 0.0000E+00 0.0000E+00 0.0000E+00 1.9944E-02 0.0000E+00 0.0000E+00 0.0000E+00
 85.- 90. 0.0000E+00 0.0000E+00 0.0000E+00 0.0000E+00 0.0000E+00 0.0000E+00 1.9792E-02 0.0000E+00 0.0000E+00 0.0000E+00
 90.- 95. 0.0000E+00 0.0000E+00 0.0000E+00 0.0000E+00 0.0000E+00 0.0000E+00 0.0000E+00 0.0000E+00 0.0000E+00 0.0000E+00
 95.-100. 0.0000E+00 0.0000E+00 0.0000E+00 0.0000E+00 0.0000E+00 0.0000E+00 0.0000E+00 0.0000E+00 0.0000E+00 0.0000E+00
100.-105. 0.0000E+00 0.0000E+00 2.0254E-02 0.0000E+00 0.0000E+00 0.0000E+00 0.0000E+00 0.0000E+00 0.0000E+00 0.0000E+00
105.-110. 0.0000E+00 0.0000E+00 2.0733E-02 0.0000E+00 0.0000E+00 0.0000E+00 0.0000E+00 0.0000E+00 0.0000E+00 0.0000E+00
110.-115. 0.0000E+00 0.0000E+00 2.1403E-02 0.0000E+00 0.0000E+00 0.0000E+00 0.0000E+00 0.0000E+00 0.0000E+00 0.0000E+00
115.-120. 0.0000E+00 0.0000E+00 0.0000E+00 0.0000E+00 0.0000E+00 0.0000E+00 0.0000E+00 0.0000E+00 0.0000E+00 0.0000E+00
120.-125. 0.0000E+00 0.0000E+00 0.0000E+00 0.0000E+00 0.0000E+00 0.0000E+00 0.0000E+00 0.0000E+00 2.3445E-02 0.0000E+00
125.-130. 0.0000E+00 0.0000E+00 0.0000E+00 0.0000E+00 0.0000E+00 0.0000E+00 0.0000E+00 0.0000E+00 0.0000E+00 0.0000E+00
130.-135. 0.0000E+00 0.0000E+00 0.0000E+00 0.0000E+00 0.0000E+00 0.0000E+00 0.0000E+00 0.0000E+00 0.0000E+00 0.0000E+00
135.-140. 0.0000E+00 0.0000E+00 0.0000E+00 0.0000E+00 0.0000E+00 0.0000E+00 0.0000E+00 0.0000E+00 0.0000E+00 0.0000E+00
140.-145. 0.0000E+00 0.0000E+00 0.0000E+00 0.0000E+00 0.0000E+00 0.0000E+00 0.0000E+00 0.0000E+00 0.0000E+00 0.0000E+00
145.-150. 0.0000E+00 0.0000E+00 0.0000E+00 0.0000E+00 0.0000E+00 0.0000E+00 0.0000E+00 0.0000E+00 0.0000E+00 0.0000E+00
150.-155. 0.0000E+00 0.0000E+00 0.0000E+00 0.0000E+00 0.0000E+00 0.0000E+00 0.0000E+00 0.0000E+00 0.0000E+00 0.0000E+00
155.-160. 0.0000E+00 0.0000E+00 5.1671E-02 0.0000E+00 0.0000E+00 0.0000E+00 0.0000E+00 0.0000E+00 0.0000E+00 0.0000E+00
160.-165. 0.0000E+00 0.0000E+00 0.0000E+00 0.0000E+00 0.0000E+00 0.0000E+00 0.0000E+00 0.0000E+00 0.0000E+00 0.0000E+00
165.-170. 0.0000E+00 0.0000E+00 0.0000E+00 0.0000E+00 0.0000E+00 0.0000E+00 0.0000E+00 0.0000E+00 0.0000E+00 0.0000E+00
170.-175. 0.0000E+00 0.0000E+00 0.0000E+00 0.0000E+00 0.0000E+00 0.0000E+00 0.0000E+00 0.0000E+00 0.0000E+00 0.0000E+00
175.-180. 0.0000E+00 0.0000E+00 0.0000E+00 0.0000E+00 0.0000E+00 0.0000E+00 0.0000E+00 0.0000E+00 0.0000E+00 0.0000E+00
 Int. xsec 0.0000E+00 0.0000E+00 8.6709E-02 1.0839E-02 0.0000E+00 3.2516E-02 3.2516E-02 0.0000E+00 1.0839E-02 0.0000E+00


          Angular distribution of produced fragments dS/dOm [mb/sr] for energy range(MeV)
Tmin-Tmax  11.-2500.  11.-2500.  14.-2500.  16.-2500.  16.-2500.  16.-2500.  16.-2500.  16.-2500.  16.-2500.  16.-2500.
ang1-ang2    C13        C14        Z=7        Z=8        Z=9       Z=10       Z=11       Z=12       Z=13       Z=14
  0.-  5. 0.0000E+00 0.0000E+00 0.0000E+00 0.0000E+00 0.0000E+00 0.0000E+00 0.0000E+00 0.0000E+00 0.0000E+00 0.0000E+00
  5.- 10. 0.0000E+00 0.0000E+00 0.0000E+00 0.0000E+00 0.0000E+00 0.0000E+00 0.0000E+00 0.0000E+00 0.0000E+00 0.0000E+00
 10.- 15. 0.0000E+00 0.0000E+00 0.0000E+00 0.0000E+00 0.0000E+00 0.0000E+00 0.0000E+00 0.0000E+00 0.0000E+00 0.0000E+00
 15.- 20. 0.0000E+00 0.0000E+00 0.0000E+00 0.0000E+00 0.0000E+00 0.0000E+00 0.0000E+00 0.0000E+00 0.0000E+00 0.0000E+00
 20.- 25. 0.0000E+00 0.0000E+00 0.0000E+00 0.0000E+00 0.0000E+00 0.0000E+00 0.0000E+00 0.0000E+00 0.0000E+00 0.0000E+00
 25.- 30. 0.0000E+00 0.0000E+00 0.0000E+00 0.0000E+00 0.0000E+00 0.0000E+00 0.0000E+00 0.0000E+00 0.0000E+00 0.0000E+00
 30.- 35. 0.0000E+00 0.0000E+00 0.0000E+00 0.0000E+00 0.0000E+00 0.0000E+00 0.0000E+00 0.0000E+00 0.0000E+00 0.0000E+00
 35.- 40. 0.0000E+00 0.0000E+00 0.0000E+00 0.0000E+00 0.0000E+00 0.0000E+00 0.0000E+00 0.0000E+00 0.0000E+00 0.0000E+00
 40.- 45. 0.0000E+00 0.0000E+00 0.0000E+00 0.0000E+00 0.0000E+00 0.0000E+00 0.0000E+00 0.0000E+00 0.0000E+00 0.0000E+00
 45.- 50. 0.0000E+00 0.0000E+00 0.0000E+00 0.0000E+00 0.0000E+00 0.0000E+00 0.0000E+00 0.0000E+00 0.0000E+00 0.0000E+00
 50.- 55. 0.0000E+00 0.0000E+00 0.0000E+00 0.0000E+00 0.0000E+00 0.0000E+00 0.0000E+00 0.0000E+00 0.0000E+00 0.0000E+00
 55.- 60. 0.0000E+00 0.0000E+00 0.0000E+00 0.0000E+00 0.0000E+00 0.0000E+00 0.0000E+00 0.0000E+00 0.0000E+00 0.0000E+00
 60.- 65. 0.0000E+00 0.0000E+00 0.0000E+00 0.0000E+00 0.0000E+00 0.0000E+00 0.0000E+00 0.0000E+00 0.0000E+00 0.0000E+00
 65.- 70. 0.0000E+00 0.0000E+00 0.0000E+00 0.0000E+00 0.0000E+00 0.0000E+00 0.0000E+00 0.0000E+00 0.0000E+00 0.0000E+00
 70.- 75. 0.0000E+00 0.0000E+00 0.0000E+00 0.0000E+00 0.0000E+00 0.0000E+00 0.0000E+00 0.0000E+00 0.0000E+00 0.0000E+00
 75.- 80. 0.0000E+00 0.0000E+00 0.0000E+00 0.0000E+00 0.0000E+00 0.0000E+00 0.0000E+00 0.0000E+00 0.0000E+00 0.0000E+00
 80.- 85. 0.0000E+00 0.0000E+00 0.0000E+00 0.0000E+00 0.0000E+00 0.0000E+00 0.0000E+00 0.0000E+00 0.0000E+00 0.0000E+00
 85.- 90. 0.0000E+00 0.0000E+00 0.0000E+00 0.0000E+00 0.0000E+00 0.0000E+00 0.0000E+00 0.0000E+00 0.0000E+00 0.0000E+00
 90.- 95. 0.0000E+00 0.0000E+00 0.0000E+00 0.0000E+00 0.0000E+00 0.0000E+00 0.0000E+00 0.0000E+00 0.0000E+00 0.0000E+00
 95.-100. 0.0000E+00 0.0000E+00 0.0000E+00 0.0000E+00 0.0000E+00 0.0000E+00 0.0000E+00 0.0000E+00 0.0000E+00 0.0000E+00
100.-105. 0.0000E+00 0.0000E+00 0.0000E+00 0.0000E+00 0.0000E+00 0.0000E+00 0.0000E+00 0.0000E+00 0.0000E+00 0.0000E+00
105.-110. 0.0000E+00 0.0000E+00 0.0000E+00 0.0000E+00 0.0000E+00 0.0000E+00 0.0000E+00 0.0000E+00 0.0000E+00 0.0000E+00
110.-115. 0.0000E+00 0.0000E+00 0.0000E+00 0.0000E+00 0.0000E+00 0.0000E+00 0.0000E+00 0.0000E+00 0.0000E+00 0.0000E+00
115.-120. 0.0000E+00 0.0000E+00 0.0000E+00 0.0000E+00 0.0000E+00 0.0000E+00 0.0000E+00 0.0000E+00 0.0000E+00 0.0000E+00
120.-125. 0.0000E+00 0.0000E+00 0.0000E+00 0.0000E+00 0.0000E+00 0.0000E+00 0.0000E+00 0.0000E+00 0.0000E+00 0.0000E+00
125.-130. 0.0000E+00 0.0000E+00 0.0000E+00 0.0000E+00 0.0000E+00 0.0000E+00 0.0000E+00 0.0000E+00 0.0000E+00 0.0000E+00
130.-135. 0.0000E+00 0.0000E+00 0.0000E+00 0.0000E+00 0.0000E+00 0.0000E+00 0.0000E+00 0.0000E+00 0.0000E+00 0.0000E+00
135.-140. 0.0000E+00 0.0000E+00 0.0000E+00 0.0000E+00 0.0000E+00 0.0000E+00 0.0000E+00 0.0000E+00 0.0000E+00 0.0000E+00
140.-145. 0.0000E+00 0.0000E+00 0.0000E+00 0.0000E+00 0.0000E+00 0.0000E+00 0.0000E+00 0.0000E+00 0.0000E+00 0.0000E+00
145.-150. 0.0000E+00 0.0000E+00 0.0000E+00 0.0000E+00 0.0000E+00 0.0000E+00 0.0000E+00 0.0000E+00 0.0000E+00 0.0000E+00
150.-155. 0.0000E+00 0.0000E+00 0.0000E+00 0.0000E+00 0.0000E+00 0.0000E+00 0.0000E+00 0.0000E+00 0.0000E+00 0.0000E+00
155.-160. 0.0000E+00 0.0000E+00 0.0000E+00 0.0000E+00 0.0000E+00 0.0000E+00 0.0000E+00 0.0000E+00 0.0000E+00 0.0000E+00
160.-165. 0.0000E+00 0.0000E+00 0.0000E+00 0.0000E+00 0.0000E+00 0.0000E+00 0.0000E+00 0.0000E+00 0.0000E+00 0.0000E+00
165.-170. 0.0000E+00 0.0000E+00 0.0000E+00 0.0000E+00 0.0000E+00 0.0000E+00 0.0000E+00 0.0000E+00 0.0000E+00 0.0000E+00
170.-175. 0.0000E+00 0.0000E+00 0.0000E+00 0.0000E+00 0.0000E+00 0.0000E+00 0.0000E+00 0.0000E+00 0.0000E+00 0.0000E+00
175.-180. 0.0000E+00 0.0000E+00 0.0000E+00 0.0000E+00 0.0000E+00 0.0000E+00 0.0000E+00 0.0000E+00 0.0000E+00 0.0000E+00
 Int. xsec 0.0000E+00 0.0000E+00 0.0000E+00 0.0000E+00 0.0000E+00 0.0000E+00 0.0000E+00 0.0000E+00 0.0000E+00 0.0000E+00

 Elapsed cpu time  =   7. hr, 13. min, and 30.531 sec.
