
                              NOTICE

   This software and ancillary information (herein called "software") named
   CEM03.03 is made available under the terms described here. The software has
   been approved for release with associated LA-CC number LA-CC-04-085.

        Copyright (2012). Los Alamos National Security, LLC.
   This material was produced under U.S. Government contract
   DE-AC52-06NA25396 for Los Alamos National Laboratory, which is operated
   by Los Alamos National Security, LLC, for the U.S. Department of Energy.
   The Government is granted for itself and others acting on its behalf a 
   paid-up, nonexclusive, irrevocable worldwide license in this material to
   reproduce, prepare derivative works, and perform publicly and display publicly.

   NEITHER THE UNITED STATES NOR THE UNITED STATES DEPARTMENT OF ENERGY,
   NOR LOS ALAMOS NATIONAL SECURITY LLC, NOR ANY OF THEIR EMPLOYEES,
   MAKES ANY WARRANTY, EXPRESS OR IMPLIED, OR ASSUMES ANY LEGAL LIABILITY
   OR RESPONSIBILITY FOR THE ACCURACY, COMPLETENESS, OR USEFULNESS OF ANY
   INFORMATION, APPARATUS, PRODUCT, OR PROCESS DISCLOSED, OR REPRESENTS
   THAT ITS USE WOULD NOT INFRINGE PRIVATELY OWNED RIGHTS.

        Additionally, the program is free software; you can redistribute
   it and/or modify it under the terms of the GNU General Public
   License as published by the Free Software Foundation; either
   version 2 of the License, or (at your option) any later version.
   Accordingly, this program is distributed in the hope that it will
   be useful, but WITHOUT ANY WARRANTY; without even the implied
   warranty of MERCHANTABILITY or FITNESS FOR A PARTICULAR PURPOSE.
   See the GNU General Public License for more details.

           The primary authors of CEM03.03 are: S. G. Mashnik (LANL),
      K. K. Gudima (IAP), and A. J. Sierk (LANL); with important contributions
      from R. E. Prael (LANL), M. I. Baznat (IAP), and N. V. Mokhov (Fermilab).
      (IAP = Institute of Applied Physics, Academy of Science of Moldova.)

  ------------------------------------------------------------------------------

 Sun Jan 15 04:30:25 2017

Projectile A, Z:  11,   5   (unkn)                                      
Target A, Z: 232,  92                                                   
Energy (GeV/A), limc:   0.0182,   1000000                               
 Number of types of evaporated particles = 66
 Number of types of preequilibrium particles = 66

    M      T0     A    Z   Q  B   limc   idel
10.3288 0.2000  232.  92.  5 11  100000   1

 dt0 =   -5.0, t0max =  202.0, dteta =  5.0

  mspec mpyld  mchy  misy mdubl mang  ipar1 ipar2 
    0     0     0     0     0     0     1     9

 r0m =  1.2, & cevap = 12.0.

 lim =    1000000 .

 Geometrical cross section = 2589.62 mb.
 Calculation takes into account fission and evaporation processes
 using Furihata-s GEM2 code.
 The following level density parameters were used in
 the preequilibrium part of this calculation:
 a(Z,N,E) was calculated with Moller, Nix, Myers & Swiatecki microscopic
 corrections; [Atomic Data Nucl. Data Tables, 59, 185 (1995)];
 Level density is from a shifted Fermi-gas formula, with the shift given by
  0, delta-p, delta-n, or delta-p + delta-n, for odd-odd; odd-n, even-p;
 odd-p, even-n; and even-even nuclei, respectively for the compound
 nucleus, and similarly using deltaM-p and deltaM-n for the saddle point.
 delta-n and delta-p are tabulated by Moller, Nix & Kratz and
 deltaM-n and deltaM-p are 4.80 MeV * Bs * {1/N**(1/3) or 1/Z**(1/3)}.
 Bs is the surface area of the saddle-point shape with respect to a sphere.

   Inelastic cross section used here = 2167.74 mb
 Monte Carlo inelastic cross section =  411.69 mb

     Sun Jan 15 04:30:25 2017

                200.0 MeV (Z =  5, A = *) + (Z = 92., A = 232.)

 Number of inelastic interactions =   200000,
 Number of elastic interactions   =  1058056,

 Reaction cross section = 2167.74 mb, Elastic cross section = ******* mb.

  The mean excitation energy, charge, mass, and angular momentum
  of the   100000 nuclei after the 
  cascade and before preequilibrium decay are:
  E*av =  10.6 +/- 13.6 MeV;  E*min =  -2.1;  E*max = 138.3
   Zav =  91.7 +/-  0.6;       Zmin =  88.;    Zmax =  94.
   Aav = 231.1 +/-  0.5;       Amin = 228.;    Amax = 234.
   Lav =   5.5 +/-  3.8 h-bar; Lmin =   0.;    Lmax =  34.

  The mean excitation energy, charge, mass, angular momentum, and 
  fission barrier height of the   33372 fissioning nuclei are:
  E*av =   0.0 +/-  0.0 MeV; E*min =1000.0; E*max =    0.0
   Zav =   0.0 +/- 0.0;        Zmin = 100.;  Zmax =   0.
   Aav =   0.0 +/- 0.0;        Amin = 400.;  Amax =   0.
   Lav =   0.0 +/- 0.0 h-bar;  Lmin = 100.;  Lmax =   0.
  Bfav =   0.0 +/- 0.0 MeV;   Bfmin = ****; Bfmax =  0.0

 The mean total fission product kinetic energy after neutron emission is   0.00 MeV.

               Direct Monte Carlo Simulation Method:
 Fissility =  0.1669 +/-  0.0009,
 Fission cross section = 3.61710E+02 +/- 1.98E+00 mb.

               Statistical Weight Functions Method:
 Fissility =  0.2319,
 Fission cross section = 5.02738E+02 mb.


                         Double differential cross-section d2S/dTdO (mb/MeV/sr) of    n
            prod. xsec for all energies= 2.5469E+03 mb, for    0.<T< 160. xsec= 2.5469E+03mb
  T(MeV)/angle:  10.        20.         9.        11.        19.        21.        30.        40.        50.        60.    dS/dT(mb/MeV)
   0.-   2. 4.4424E+01 4.3952E+01 4.5453E+01 4.4085E+01 4.3635E+01 4.4156E+01 4.4464E+01 4.3016E+01 4.3252E+01 4.2601E+01 5.3416E+02
   2.-   4. 2.7412E+01 2.6114E+01 2.8310E+01 2.6892E+01 2.6111E+01 2.6068E+01 2.4929E+01 2.4680E+01 2.5017E+01 2.4889E+01 3.1275E+02
   4.-   6. 1.3792E+01 1.1675E+01 1.4455E+01 1.3096E+01 1.1657E+01 1.1667E+01 1.0629E+01 1.0023E+01 9.6632E+00 9.7474E+00 1.3938E+02
   6.-   8. 8.3491E+00 5.4687E+00 9.3311E+00 7.8057E+00 5.4107E+00 5.3297E+00 4.3346E+00 4.0953E+00 3.8821E+00 3.7824E+00 6.6468E+01
   8.-  10. 5.4141E+00 3.5590E+00 6.1364E+00 5.2124E+00 3.6780E+00 3.3276E+00 2.5038E+00 2.0477E+00 1.9184E+00 1.8226E+00 4.2472E+01
  10.-  12. 5.1006E+00 2.5029E+00 5.5038E+00 4.4863E+00 2.6141E+00 2.3335E+00 1.7220E+00 1.6397E+00 1.2789E+00 1.0856E+00 3.1600E+01
  12.-  14. 4.5022E+00 1.6348E+00 4.8079E+00 3.9158E+00 1.7782E+00 1.6569E+00 1.5339E+00 1.2471E+00 8.6555E-01 9.5417E-01 2.6717E+01
  14.-  16. 3.1630E+00 1.6782E+00 3.5110E+00 2.8526E+00 1.7934E+00 1.6845E+00 1.2073E+00 1.0007E+00 9.9474E-01 8.1133E-01 2.3059E+01
  16.-  18. 2.4791E+00 1.8952E+00 2.7835E+00 2.1783E+00 2.0062E+00 1.7674E+00 1.0193E+00 1.0084E+00 6.5239E-01 6.9706E-01 2.0073E+01
  18.-  20. 2.7070E+00 1.3455E+00 2.7519E+00 2.4895E+00 1.3831E+00 1.2703E+00 9.5994E-01 6.5432E-01 5.7488E-01 5.0851E-01 1.6572E+01
  20.-  22. 1.6527E+00 8.8251E-01 1.7081E+00 1.4263E+00 9.1191E-01 8.5606E-01 6.5315E-01 4.9267E-01 5.5550E-01 4.6852E-01 1.3960E+01
  22.-  24. 1.5102E+00 9.2591E-01 1.7397E+00 1.3485E+00 9.7270E-01 9.1129E-01 6.5315E-01 6.0044E-01 3.8110E-01 3.5996E-01 1.1906E+01
  24.-  26. 1.4248E+00 6.3657E-01 1.4866E+00 1.1670E+00 6.6873E-01 5.9372E-01 3.4637E-01 4.3108E-01 3.0359E-01 2.8568E-01 9.3050E+00
  26.-  28. 1.3108E+00 5.6423E-01 1.3918E+00 1.2448E+00 6.2314E-01 4.9707E-01 4.6513E-01 2.5403E-01 2.9713E-01 1.7712E-01 7.7985E+00
  28.-  30. 5.4141E-01 3.6168E-01 6.3262E-01 4.9272E-01 3.1917E-01 4.0042E-01 3.1668E-01 2.0784E-01 2.7775E-01 1.6570E-01 6.0155E+00
  30.-  32. 6.8388E-01 3.3275E-01 7.2751E-01 6.2238E-01 3.3437E-01 3.4519E-01 2.6720E-01 1.3856E-01 1.0335E-01 1.6570E-01 4.3788E+00
  32.-  34. 5.4141E-01 2.0254E-01 4.4283E-01 4.9272E-01 2.7357E-01 2.0711E-01 9.8963E-02 1.3856E-01 1.1627E-01 1.1999E-01 3.1703E+00
  34.-  36. 3.1345E-01 1.3021E-01 3.1631E-01 2.8526E-01 1.3679E-01 1.1046E-01 6.9274E-02 1.2317E-01 9.6890E-02 6.2850E-02 2.0160E+00
  36.-  38. 1.7097E-01 5.7870E-02 1.5815E-01 1.8153E-01 7.5992E-02 5.5230E-02 5.9378E-02 4.6188E-02 3.2297E-02 3.9995E-02 1.0297E+00
  38.-  40. 2.8495E-02 4.3402E-02 3.1631E-02 2.5932E-02 3.0397E-02 4.1422E-02 1.9793E-02 2.3094E-02 6.4593E-03 1.7141E-02 5.4194E-01
  40.-  42. 0.0000E+00 0.0000E+00 3.1631E-02 0.0000E+00 0.0000E+00 0.0000E+00 2.9689E-02 0.0000E+00 0.0000E+00 5.7136E-03 5.9613E-02
  42.-  44. 2.8495E-02 0.0000E+00 3.1631E-02 2.5932E-02 0.0000E+00 0.0000E+00 0.0000E+00 0.0000E+00 0.0000E+00 0.0000E+00 1.0839E-02
  48.-  50. 2.8495E-02 0.0000E+00 3.1631E-02 2.5932E-02 0.0000E+00 0.0000E+00 0.0000E+00 0.0000E+00 0.0000E+00 0.0000E+00 5.4194E-03
2600.-2650. 0.0000E+00 0.0000E+00 0.0000E+00 0.0000E+00 0.0000E+00 0.0000E+00 0.0000E+00 0.0000E+00 0.0000E+00 1.9975E-01 1.8209E-01
2650.-2700. 9.5972E-01 4.6122E-01 1.0388E+00 8.5577E-01 5.1553E-01 4.4184E-01 3.3964E-01 2.6573E-01 2.1858E-01 1.9152E-01 1.8144E-01
 energ. int. 3.0154E+02 2.3122E+02 3.1719E+02 2.8303E+02 2.3184E+02 2.2882E+02 2.0885E+02 1.9659E+02 1.9103E+02 1.8649E+02 2.5559E+03


                         Double differential cross-section d2S/dTdO (mb/MeV/sr) of    p
            prod. xsec for all energies= 4.4586E+02 mb, for    2.<T< 160. xsec= 4.2473E+02mb
  T(MeV)/angle:  10.        20.         9.        11.        19.        21.        30.        40.        50.        60.    dS/dT(mb/MeV)
   0.-   2. 1.3393E+00 7.5230E-01 1.5183E+00 1.2707E+00 8.0552E-01 8.0083E-01 5.0471E-01 4.6188E-01 3.5526E-01 3.7710E-01 1.0568E+01
   2.-   4. 2.7640E+00 1.4757E+00 3.0682E+00 2.5673E+00 1.5654E+00 1.2565E+00 1.1282E+00 8.0828E-01 6.3947E-01 4.9709E-01 1.9098E+01
   4.-   6. 4.1888E+00 1.9676E+00 4.4283E+00 3.7343E+00 2.2646E+00 1.9330E+00 1.3756E+00 9.5454E-01 9.1723E-01 7.4848E-01 2.5877E+01
   6.-   8. 3.4764E+00 1.7216E+00 4.0487E+00 3.1897E+00 1.8694E+00 1.5326E+00 1.2667E+00 9.6224E-01 7.5574E-01 7.4848E-01 2.4046E+01
   8.-  10. 2.9350E+00 1.5769E+00 3.3845E+00 2.9044E+00 1.6870E+00 1.4360E+00 1.0787E+00 8.6217E-01 6.5885E-01 7.7134E-01 2.2393E+01
  10.-  12. 2.5646E+00 1.2587E+00 2.8468E+00 2.1783E+00 1.2615E+00 1.2979E+00 1.0490E+00 7.4670E-01 7.9450E-01 5.5422E-01 1.9667E+01
  12.-  14. 2.3936E+00 1.4757E+00 2.6570E+00 2.4376E+00 1.4895E+00 1.3117E+00 7.4222E-01 5.5425E-01 5.7488E-01 5.1423E-01 1.7477E+01
  14.-  16. 2.0802E+00 1.3165E+00 2.0560E+00 1.9968E+00 1.3983E+00 1.2289E+00 9.2035E-01 5.9274E-01 5.1029E-01 4.4566E-01 1.5239E+01
  16.-  18. 1.9377E+00 7.8124E-01 2.3090E+00 1.7375E+00 8.6631E-01 7.7322E-01 7.9170E-01 5.8504E-01 5.3613E-01 3.9995E-01 1.3337E+01
  18.-  20. 1.6527E+00 1.0561E+00 1.9611E+00 1.4522E+00 1.0335E+00 1.0356E+00 6.4326E-01 5.3886E-01 4.7799E-01 3.2568E-01 1.1971E+01
  20.-  22. 1.6527E+00 7.3784E-01 1.9611E+00 1.4263E+00 8.5111E-01 7.0418E-01 4.2554E-01 4.1569E-01 3.6172E-01 2.9711E-01 9.7711E+00
  22.-  24. 1.0543E+00 4.0509E-01 1.2020E+00 8.5577E-01 4.1036E-01 4.1422E-01 4.0575E-01 3.5411E-01 2.7129E-01 1.8855E-01 7.7985E+00
  24.-  26. 1.1968E+00 4.3402E-01 1.3601E+00 1.0114E+00 4.5595E-01 4.4184E-01 3.1668E-01 3.3101E-01 2.5191E-01 2.1140E-01 6.7579E+00
  26.-  28. 9.1185E-01 4.4849E-01 9.1729E-01 8.5577E-01 4.8635E-01 4.5565E-01 3.8595E-01 2.2324E-01 2.2608E-01 1.7712E-01 5.5657E+00
  28.-  30. 3.9893E-01 3.9062E-01 4.4283E-01 4.6678E-01 3.7996E-01 3.7280E-01 2.9689E-01 1.5396E-01 1.6148E-01 1.4855E-01 4.3897E+00
  30.-  32. 5.4141E-01 1.8808E-01 6.3262E-01 3.8899E-01 1.8238E-01 1.9330E-01 1.8803E-01 1.3086E-01 9.6890E-02 1.6570E-01 3.4142E+00
  32.-  34. 2.5646E-01 1.8808E-01 3.1631E-01 2.0746E-01 1.6718E-01 1.6569E-01 1.5834E-01 1.1547E-01 8.3971E-02 7.4277E-02 2.4333E+00
  34.-  36. 1.9947E-01 8.6804E-02 2.2142E-01 1.5559E-01 9.1191E-02 8.2845E-02 9.8963E-03 4.6188E-02 2.5837E-02 5.7136E-02 1.5066E+00
  36.-  38. 1.4248E-01 2.8935E-02 2.2142E-01 1.2966E-01 0.0000E+00 2.7615E-02 5.9378E-02 5.3886E-02 3.8756E-02 4.5709E-02 1.0188E+00
  38.-  40. 5.6990E-02 2.8935E-02 1.2652E-01 5.1865E-02 1.5198E-02 4.1422E-02 3.9585E-02 1.5396E-02 1.2919E-02 1.7141E-02 5.3110E-01
  40.-  42. 0.0000E+00 0.0000E+00 0.0000E+00 0.0000E+00 0.0000E+00 0.0000E+00 0.0000E+00 0.0000E+00 0.0000E+00 5.7136E-03 4.3355E-02
  42.-  44. 0.0000E+00 0.0000E+00 0.0000E+00 0.0000E+00 0.0000E+00 0.0000E+00 0.0000E+00 0.0000E+00 6.4593E-03 0.0000E+00 5.4194E-03
  44.-  46. 0.0000E+00 0.0000E+00 0.0000E+00 0.0000E+00 0.0000E+00 0.0000E+00 0.0000E+00 0.0000E+00 0.0000E+00 5.7136E-03 5.4194E-03
  46.-  48. 0.0000E+00 0.0000E+00 0.0000E+00 0.0000E+00 0.0000E+00 0.0000E+00 0.0000E+00 7.6979E-03 6.4593E-03 0.0000E+00 1.0839E-02
  50.-  55. 0.0000E+00 0.0000E+00 0.0000E+00 0.0000E+00 0.0000E+00 0.0000E+00 0.0000E+00 3.0792E-03 0.0000E+00 0.0000E+00 2.1677E-03
2600.-2650. 0.0000E+00 0.0000E+00 0.0000E+00 0.0000E+00 0.0000E+00 0.0000E+00 0.0000E+00 0.0000E+00 0.0000E+00 1.2890E-01 1.2334E-01
2650.-2700. 6.3715E-01 3.2986E-01 6.9967E-01 5.6844E-01 3.4835E-01 3.0652E-01 2.1613E-01 1.7890E-01 1.4469E-01 1.2799E-01 1.1706E-01
 energ. int. 9.3806E+01 4.7048E+01 1.0717E+02 8.4436E+01 5.0885E+01 4.4791E+01 3.3944E+01 2.5080E+01 2.2272E+01 1.9381E+01 4.3081E+02


                         Double differential cross-section d2S/dTdO (mb/MeV/sr) of    d
            prod. xsec for all energies= 4.0645E+00 mb, for    3.<T< 215. xsec= 4.0645E+00mb
  T(MeV)/angle:  10.        20.         9.        11.        19.        21.        30.        40.        50.        60.    dS/dT(mb/MeV)
   2.-   4. 0.0000E+00 0.0000E+00 0.0000E+00 0.0000E+00 0.0000E+00 0.0000E+00 0.0000E+00 0.0000E+00 0.0000E+00 0.0000E+00 5.4194E-03
   8.-  10. 0.0000E+00 0.0000E+00 0.0000E+00 0.0000E+00 0.0000E+00 0.0000E+00 0.0000E+00 0.0000E+00 6.4593E-03 0.0000E+00 3.7936E-02
  10.-  12. 0.0000E+00 7.2337E-02 0.0000E+00 0.0000E+00 7.5992E-02 6.9037E-02 3.9585E-02 1.5396E-02 2.5837E-02 5.7136E-03 2.1677E-01
  12.-  14. 2.8495E-02 4.3402E-02 3.1631E-02 5.1865E-02 3.0397E-02 2.7615E-02 1.9793E-02 6.1584E-02 1.2919E-02 2.8568E-02 2.7639E-01
  14.-  16. 5.6990E-02 7.2337E-02 6.3262E-02 7.7797E-02 9.1191E-02 5.5230E-02 4.9481E-02 6.1584E-02 1.2919E-02 1.7141E-02 2.7639E-01
  16.-  18. 1.4248E-01 2.8935E-02 1.5815E-01 1.2966E-01 3.0397E-02 4.1422E-02 5.9378E-02 2.3094E-02 4.5215E-02 2.8568E-02 2.2761E-01
  18.-  20. 5.6990E-02 7.2337E-02 9.4892E-02 5.1865E-02 7.5992E-02 6.9037E-02 2.9689E-02 2.3094E-02 3.8756E-02 2.8568E-02 2.7097E-01
  20.-  22. 2.8495E-02 8.6804E-02 3.1631E-02 5.1865E-02 9.1191E-02 8.2845E-02 8.9067E-02 3.0792E-02 1.9378E-02 1.1427E-02 2.1136E-01
  22.-  24. 0.0000E+00 0.0000E+00 3.1631E-02 0.0000E+00 0.0000E+00 0.0000E+00 2.9689E-02 3.8490E-02 1.2919E-02 1.7141E-02 1.3006E-01
  24.-  26. 0.0000E+00 1.4467E-02 0.0000E+00 0.0000E+00 1.5198E-02 1.3807E-02 1.9793E-02 0.0000E+00 0.0000E+00 2.2854E-02 8.1290E-02
  26.-  28. 2.8495E-02 0.0000E+00 3.1631E-02 2.5932E-02 0.0000E+00 0.0000E+00 4.9481E-02 1.5396E-02 1.9378E-02 1.1427E-02 8.6710E-02
  28.-  30. 5.6990E-02 0.0000E+00 3.1631E-02 5.1865E-02 1.5198E-02 0.0000E+00 9.8963E-03 2.3094E-02 2.5837E-02 0.0000E+00 7.0452E-02
  30.-  32. 0.0000E+00 0.0000E+00 0.0000E+00 0.0000E+00 0.0000E+00 0.0000E+00 9.8963E-03 0.0000E+00 1.2919E-02 0.0000E+00 3.7936E-02
  32.-  34. 0.0000E+00 0.0000E+00 0.0000E+00 0.0000E+00 0.0000E+00 0.0000E+00 0.0000E+00 0.0000E+00 6.4593E-03 5.7136E-03 3.2516E-02
  34.-  36. 0.0000E+00 0.0000E+00 0.0000E+00 0.0000E+00 0.0000E+00 0.0000E+00 0.0000E+00 0.0000E+00 6.4593E-03 5.7136E-03 1.0839E-02
  36.-  38. 0.0000E+00 0.0000E+00 0.0000E+00 0.0000E+00 0.0000E+00 0.0000E+00 0.0000E+00 0.0000E+00 6.4593E-03 1.1427E-02 2.1677E-02
  38.-  40. 0.0000E+00 0.0000E+00 0.0000E+00 0.0000E+00 0.0000E+00 0.0000E+00 0.0000E+00 0.0000E+00 0.0000E+00 0.0000E+00 1.0839E-02
  40.-  42. 0.0000E+00 0.0000E+00 0.0000E+00 0.0000E+00 0.0000E+00 0.0000E+00 0.0000E+00 0.0000E+00 6.4593E-03 0.0000E+00 5.4194E-03
  42.-  44. 0.0000E+00 1.4467E-02 0.0000E+00 2.5932E-02 1.5198E-02 0.0000E+00 0.0000E+00 0.0000E+00 6.4593E-03 0.0000E+00 1.0839E-02
  44.-  46. 0.0000E+00 0.0000E+00 0.0000E+00 0.0000E+00 0.0000E+00 0.0000E+00 0.0000E+00 7.6979E-03 6.4593E-03 0.0000E+00 1.0839E-02
 energ. int. 7.9787E-01 8.1017E-01 9.4892E-01 9.3357E-01 8.8151E-01 7.1799E-01 8.1150E-01 6.0044E-01 5.4258E-01 3.8853E-01 4.0645E+00


                         Double differential cross-section d2S/dTdO (mb/MeV/sr) of    t
            prod. xsec for all energies= 4.5523E-01 mb, for    3.<T< 250. xsec= 4.5523E-01mb
  T(MeV)/angle:  10.        20.         9.        11.        19.        21.        30.        40.        50.        60.    dS/dT(mb/MeV)
   6.-   8. 0.0000E+00 0.0000E+00 0.0000E+00 0.0000E+00 0.0000E+00 0.0000E+00 0.0000E+00 0.0000E+00 0.0000E+00 0.0000E+00 5.4194E-03
   8.-  10. 0.0000E+00 0.0000E+00 0.0000E+00 0.0000E+00 0.0000E+00 0.0000E+00 0.0000E+00 0.0000E+00 0.0000E+00 0.0000E+00 1.0839E-02
  10.-  12. 0.0000E+00 0.0000E+00 0.0000E+00 0.0000E+00 0.0000E+00 0.0000E+00 0.0000E+00 0.0000E+00 0.0000E+00 0.0000E+00 2.7097E-02
  12.-  14. 2.8495E-02 2.8935E-02 0.0000E+00 2.5932E-02 4.5595E-02 2.7615E-02 1.9793E-02 0.0000E+00 6.4593E-03 0.0000E+00 5.9613E-02
  14.-  16. 2.8495E-02 0.0000E+00 3.1631E-02 2.5932E-02 0.0000E+00 0.0000E+00 0.0000E+00 7.6979E-03 0.0000E+00 0.0000E+00 2.1677E-02
  16.-  18. 2.8495E-02 0.0000E+00 3.1631E-02 2.5932E-02 0.0000E+00 0.0000E+00 0.0000E+00 0.0000E+00 6.4593E-03 5.7136E-03 1.6258E-02
  18.-  20. 2.8495E-02 0.0000E+00 3.1631E-02 2.5932E-02 0.0000E+00 0.0000E+00 0.0000E+00 0.0000E+00 0.0000E+00 0.0000E+00 1.0839E-02
  20.-  22. 0.0000E+00 0.0000E+00 0.0000E+00 0.0000E+00 0.0000E+00 0.0000E+00 0.0000E+00 7.6979E-03 0.0000E+00 0.0000E+00 1.0839E-02
  22.-  24. 0.0000E+00 0.0000E+00 0.0000E+00 0.0000E+00 0.0000E+00 0.0000E+00 9.8963E-03 0.0000E+00 0.0000E+00 0.0000E+00 2.1677E-02
  24.-  26. 0.0000E+00 1.4467E-02 0.0000E+00 0.0000E+00 1.5198E-02 1.3807E-02 0.0000E+00 0.0000E+00 6.4593E-03 0.0000E+00 1.6258E-02
  26.-  28. 0.0000E+00 1.4467E-02 0.0000E+00 0.0000E+00 1.5198E-02 1.3807E-02 0.0000E+00 0.0000E+00 6.4593E-03 0.0000E+00 1.0839E-02
  30.-  32. 0.0000E+00 0.0000E+00 0.0000E+00 0.0000E+00 0.0000E+00 0.0000E+00 0.0000E+00 7.6979E-03 0.0000E+00 0.0000E+00 5.4194E-03
  32.-  34. 0.0000E+00 1.4467E-02 0.0000E+00 0.0000E+00 1.5198E-02 1.3807E-02 0.0000E+00 0.0000E+00 0.0000E+00 0.0000E+00 5.4194E-03
  36.-  38. 0.0000E+00 0.0000E+00 0.0000E+00 0.0000E+00 0.0000E+00 0.0000E+00 0.0000E+00 0.0000E+00 6.4593E-03 0.0000E+00 5.4194E-03
 energ. int. 2.2796E-01 1.4467E-01 1.8978E-01 2.0746E-01 1.8238E-01 1.3807E-01 5.9378E-02 4.6188E-02 6.4593E-02 1.1427E-02 4.5523E-01


                         Double differential cross-section d2S/dTdO (mb/MeV/sr) of  He3
            prod. xsec for all energies= 8.6710E-02 mb, for    2.<T< 580. xsec= 8.6710E-02mb
  T(MeV)/angle:  10.        20.         9.        11.        19.        21.        30.        40.        50.        60.    dS/dT(mb/MeV)
  20.-  22. 0.0000E+00 0.0000E+00 0.0000E+00 0.0000E+00 0.0000E+00 0.0000E+00 0.0000E+00 0.0000E+00 0.0000E+00 0.0000E+00 5.4194E-03
  22.-  24. 0.0000E+00 0.0000E+00 0.0000E+00 0.0000E+00 0.0000E+00 0.0000E+00 0.0000E+00 0.0000E+00 0.0000E+00 0.0000E+00 5.4194E-03
  24.-  26. 0.0000E+00 1.4467E-02 0.0000E+00 0.0000E+00 1.5198E-02 1.3807E-02 0.0000E+00 0.0000E+00 0.0000E+00 0.0000E+00 1.0839E-02
  32.-  34. 0.0000E+00 0.0000E+00 0.0000E+00 0.0000E+00 0.0000E+00 0.0000E+00 0.0000E+00 0.0000E+00 6.4593E-03 0.0000E+00 1.0839E-02
  42.-  44. 0.0000E+00 0.0000E+00 0.0000E+00 0.0000E+00 0.0000E+00 0.0000E+00 0.0000E+00 0.0000E+00 6.4593E-03 0.0000E+00 5.4194E-03
  50.-  55. 0.0000E+00 0.0000E+00 0.0000E+00 0.0000E+00 0.0000E+00 0.0000E+00 0.0000E+00 0.0000E+00 0.0000E+00 2.2854E-03 2.1677E-03
 energ. int. 0.0000E+00 2.8935E-02 0.0000E+00 0.0000E+00 3.0397E-02 2.7615E-02 0.0000E+00 0.0000E+00 2.5837E-02 1.1427E-02 8.6710E-02


                         Double differential cross-section d2S/dTdO (mb/MeV/sr) of  He4
            prod. xsec for all energies= 6.0697E-01 mb, for    2.<T< 650. xsec= 6.0697E-01mb
  T(MeV)/angle:  10.        20.         9.        11.        19.        21.        30.        40.        50.        60.    dS/dT(mb/MeV)
   4.-   6. 0.0000E+00 0.0000E+00 0.0000E+00 0.0000E+00 0.0000E+00 0.0000E+00 0.0000E+00 0.0000E+00 0.0000E+00 0.0000E+00 5.4194E-03
   8.-  10. 0.0000E+00 0.0000E+00 0.0000E+00 0.0000E+00 0.0000E+00 0.0000E+00 0.0000E+00 0.0000E+00 0.0000E+00 0.0000E+00 1.0839E-02
  10.-  12. 0.0000E+00 0.0000E+00 0.0000E+00 0.0000E+00 0.0000E+00 0.0000E+00 0.0000E+00 0.0000E+00 0.0000E+00 0.0000E+00 1.6258E-02
  12.-  14. 0.0000E+00 0.0000E+00 0.0000E+00 0.0000E+00 0.0000E+00 0.0000E+00 0.0000E+00 0.0000E+00 0.0000E+00 0.0000E+00 1.6258E-02
  14.-  16. 0.0000E+00 0.0000E+00 0.0000E+00 0.0000E+00 0.0000E+00 0.0000E+00 0.0000E+00 7.6979E-03 0.0000E+00 0.0000E+00 5.4194E-03
  16.-  18. 0.0000E+00 0.0000E+00 0.0000E+00 0.0000E+00 0.0000E+00 0.0000E+00 0.0000E+00 0.0000E+00 6.4593E-03 0.0000E+00 1.6258E-02
  18.-  20. 0.0000E+00 0.0000E+00 0.0000E+00 0.0000E+00 0.0000E+00 0.0000E+00 9.8963E-03 0.0000E+00 0.0000E+00 0.0000E+00 1.0839E-02
  20.-  22. 0.0000E+00 0.0000E+00 0.0000E+00 0.0000E+00 0.0000E+00 0.0000E+00 9.8963E-03 0.0000E+00 0.0000E+00 0.0000E+00 3.7936E-02
  22.-  24. 0.0000E+00 0.0000E+00 0.0000E+00 0.0000E+00 0.0000E+00 0.0000E+00 9.8963E-03 0.0000E+00 0.0000E+00 1.1427E-02 6.5032E-02
  24.-  26. 0.0000E+00 0.0000E+00 0.0000E+00 0.0000E+00 0.0000E+00 0.0000E+00 0.0000E+00 1.5396E-02 6.4593E-03 0.0000E+00 6.5032E-02
  26.-  28. 0.0000E+00 0.0000E+00 0.0000E+00 0.0000E+00 0.0000E+00 0.0000E+00 0.0000E+00 1.5396E-02 6.4593E-03 0.0000E+00 2.1677E-02
  28.-  30. 0.0000E+00 0.0000E+00 0.0000E+00 0.0000E+00 0.0000E+00 0.0000E+00 0.0000E+00 7.6979E-03 0.0000E+00 0.0000E+00 1.0839E-02
  30.-  32. 0.0000E+00 0.0000E+00 0.0000E+00 0.0000E+00 0.0000E+00 0.0000E+00 0.0000E+00 0.0000E+00 0.0000E+00 0.0000E+00 5.4194E-03
  32.-  34. 0.0000E+00 0.0000E+00 0.0000E+00 0.0000E+00 0.0000E+00 0.0000E+00 0.0000E+00 0.0000E+00 0.0000E+00 0.0000E+00 5.4194E-03
  36.-  38. 0.0000E+00 0.0000E+00 0.0000E+00 0.0000E+00 0.0000E+00 0.0000E+00 0.0000E+00 0.0000E+00 0.0000E+00 0.0000E+00 5.4194E-03
  65.-  70. 0.0000E+00 0.0000E+00 0.0000E+00 0.0000E+00 0.0000E+00 0.0000E+00 3.9585E-03 0.0000E+00 0.0000E+00 0.0000E+00 2.1677E-03
 energ. int. 0.0000E+00 0.0000E+00 0.0000E+00 0.0000E+00 0.0000E+00 0.0000E+00 7.9170E-02 9.2375E-02 3.8756E-02 2.2854E-02 6.0697E-01


                         Double differential cross-section d2S/dTdO (mb/MeV/sr) of  Be9
            prod. xsec for all energies= 3.2516E-02 mb, for    4.<T<2500. xsec= 3.2516E-02mb
  T(MeV)/angle:  10.        20.         9.        11.        19.        21.        30.        40.        50.        60.    dS/dT(mb/MeV)
  28.-  30. 0.0000E+00 0.0000E+00 0.0000E+00 0.0000E+00 0.0000E+00 0.0000E+00 0.0000E+00 0.0000E+00 0.0000E+00 0.0000E+00 5.4194E-03
  30.-  32. 0.0000E+00 0.0000E+00 0.0000E+00 0.0000E+00 0.0000E+00 0.0000E+00 0.0000E+00 0.0000E+00 0.0000E+00 0.0000E+00 5.4194E-03
  34.-  36. 0.0000E+00 0.0000E+00 0.0000E+00 0.0000E+00 0.0000E+00 0.0000E+00 0.0000E+00 0.0000E+00 0.0000E+00 0.0000E+00 5.4194E-03
 energ. int. 0.0000E+00 0.0000E+00 0.0000E+00 0.0000E+00 0.0000E+00 0.0000E+00 0.0000E+00 0.0000E+00 0.0000E+00 0.0000E+00 3.2516E-02


                         Double differential cross-section d2S/dTdO (mb/MeV/sr) of  B10
            prod. xsec for all energies= 1.0839E-02 mb, for    9.<T<2500. xsec= 1.0839E-02mb
  T(MeV)/angle:  10.        20.         9.        11.        19.        21.        30.        40.        50.        60.    dS/dT(mb/MeV)
  44.-  46. 0.0000E+00 0.0000E+00 0.0000E+00 0.0000E+00 0.0000E+00 0.0000E+00 0.0000E+00 0.0000E+00 0.0000E+00 0.0000E+00 5.4194E-03
 energ. int. 0.0000E+00 0.0000E+00 0.0000E+00 0.0000E+00 0.0000E+00 0.0000E+00 0.0000E+00 0.0000E+00 0.0000E+00 0.0000E+00 1.0839E-02


                         Double differential cross-section d2S/dTdO (mb/MeV/sr) of  C11
            prod. xsec for all energies= 1.0839E-02 mb, for   11.<T<2500. xsec= 1.0839E-02mb
  T(MeV)/angle:  10.        20.         9.        11.        19.        21.        30.        40.        50.        60.    dS/dT(mb/MeV)
  50.-  55. 0.0000E+00 0.0000E+00 0.0000E+00 0.0000E+00 0.0000E+00 0.0000E+00 0.0000E+00 0.0000E+00 0.0000E+00 2.2854E-03 2.1677E-03
 energ. int. 0.0000E+00 0.0000E+00 0.0000E+00 0.0000E+00 0.0000E+00 0.0000E+00 0.0000E+00 0.0000E+00 0.0000E+00 1.1427E-02 1.0839E-02


          Angular distribution of produced fragments dS/dOm [mb/sr] for energy range(MeV)
Tmin-Tmax   0.- 160.   2.- 160.   3.- 215.   3.- 250.   2.- 580.   2.- 650.   2.-2500.   4.-2500.   4.-2500.   4.-2500.
ang1-ang2      n          p          d          t        He3        He4        He6        Li6        Li7        Li8
  0.-  5. 9.1254E+02 5.4580E+02 1.3600E+00 0.0000E+00 0.0000E+00 0.0000E+00 0.0000E+00 0.0000E+00 0.0000E+00 0.0000E+00
  5.- 10. 2.8647E+02 8.3321E+01 7.5746E-01 0.0000E+00 0.0000E+00 0.0000E+00 0.0000E+00 0.0000E+00 0.0000E+00 0.0000E+00
 10.- 15. 2.2986E+02 5.1527E+01 8.2223E-01 3.6544E-01 0.0000E+00 0.0000E+00 0.0000E+00 0.0000E+00 0.0000E+00 0.0000E+00
 15.- 20. 2.0898E+02 3.7285E+01 9.8637E-01 1.3152E-01 0.0000E+00 0.0000E+00 0.0000E+00 0.0000E+00 0.0000E+00 0.0000E+00
 20.- 25. 2.0710E+02 2.8988E+01 6.7173E-01 1.5501E-01 5.1671E-02 0.0000E+00 0.0000E+00 0.0000E+00 0.0000E+00 0.0000E+00
 25.- 30. 1.9510E+02 2.5908E+01 8.9930E-01 1.2847E-01 0.0000E+00 1.2847E-01 0.0000E+00 0.0000E+00 0.0000E+00 0.0000E+00
 30.- 35. 1.9038E+02 2.1566E+01 7.3604E-01 0.0000E+00 0.0000E+00 3.6802E-02 0.0000E+00 0.0000E+00 0.0000E+00 0.0000E+00
 35.- 40. 1.8411E+02 1.8287E+01 7.4708E-01 3.2482E-02 0.0000E+00 1.2993E-01 0.0000E+00 0.0000E+00 0.0000E+00 0.0000E+00
 40.- 45. 1.8340E+02 1.7444E+01 4.6830E-01 5.8538E-02 0.0000E+00 5.8538E-02 0.0000E+00 0.0000E+00 0.0000E+00 0.0000E+00
 45.- 50. 1.8369E+02 1.6199E+01 5.9004E-01 5.3640E-02 5.3640E-02 0.0000E+00 0.0000E+00 0.0000E+00 0.0000E+00 0.0000E+00
 50.- 55. 1.7761E+02 1.4905E+01 4.9848E-01 7.4773E-02 0.0000E+00 7.4773E-02 0.0000E+00 0.0000E+00 0.0000E+00 0.0000E+00
 55.- 60. 1.7828E+02 1.3833E+01 4.2202E-01 2.3445E-02 2.3445E-02 0.0000E+00 0.0000E+00 0.0000E+00 0.0000E+00 0.0000E+00
 60.- 65. 1.7682E+02 1.3286E+01 3.5668E-01 0.0000E+00 0.0000E+00 4.4585E-02 0.0000E+00 0.0000E+00 0.0000E+00 0.0000E+00
 65.- 70. 1.7157E+02 1.2178E+01 4.2806E-01 4.2806E-02 2.1403E-02 8.5612E-02 0.0000E+00 0.0000E+00 0.0000E+00 0.0000E+00
 70.- 75. 1.7005E+02 1.2440E+01 4.1467E-01 1.0367E-01 0.0000E+00 4.1467E-02 0.0000E+00 0.0000E+00 0.0000E+00 0.0000E+00
 75.- 80. 1.7040E+02 1.2031E+01 3.4431E-01 2.0254E-02 0.0000E+00 2.0254E-02 0.0000E+00 0.0000E+00 0.0000E+00 0.0000E+00
 80.- 85. 1.7058E+02 1.1727E+01 1.5955E-01 1.9944E-02 1.9944E-02 7.9777E-02 0.0000E+00 0.0000E+00 0.0000E+00 0.0000E+00
 85.- 90. 1.6984E+02 1.1717E+01 1.9793E-01 3.9585E-02 0.0000E+00 7.9170E-02 0.0000E+00 0.0000E+00 0.0000E+00 0.0000E+00
 90.- 95. 1.6638E+02 1.1302E+01 2.3751E-01 9.8963E-02 1.9793E-02 7.9170E-02 0.0000E+00 0.0000E+00 0.0000E+00 0.0000E+00
 95.-100. 1.6616E+02 1.1628E+01 3.9889E-01 3.9889E-02 0.0000E+00 1.9944E-02 0.0000E+00 0.0000E+00 0.0000E+00 0.0000E+00
100.-105. 1.6622E+02 1.1302E+01 1.2152E-01 2.0254E-02 0.0000E+00 2.0254E-02 0.0000E+00 0.0000E+00 0.0000E+00 0.0000E+00
105.-110. 1.6524E+02 1.1942E+01 1.2440E-01 0.0000E+00 2.0733E-02 4.1467E-02 0.0000E+00 0.0000E+00 0.0000E+00 0.0000E+00
110.-115. 1.6564E+02 1.2735E+01 3.2104E-01 0.0000E+00 0.0000E+00 6.4209E-02 0.0000E+00 0.0000E+00 0.0000E+00 0.0000E+00
115.-120. 1.6262E+02 1.2573E+01 1.5605E-01 2.2293E-02 0.0000E+00 6.6878E-02 0.0000E+00 0.0000E+00 0.0000E+00 0.0000E+00
120.-125. 1.6810E+02 1.4396E+01 2.1101E-01 0.0000E+00 0.0000E+00 7.0336E-02 0.0000E+00 0.0000E+00 0.0000E+00 0.0000E+00
125.-130. 1.6585E+02 1.3584E+01 2.4924E-02 0.0000E+00 0.0000E+00 4.9848E-02 0.0000E+00 0.0000E+00 0.0000E+00 0.0000E+00
130.-135. 1.6736E+02 1.5475E+01 8.0460E-02 0.0000E+00 0.0000E+00 5.3640E-02 0.0000E+00 0.0000E+00 0.0000E+00 0.0000E+00
135.-140. 1.6914E+02 1.6947E+01 5.8538E-02 0.0000E+00 0.0000E+00 2.9269E-02 0.0000E+00 0.0000E+00 0.0000E+00 0.0000E+00
140.-145. 1.6761E+02 1.8547E+01 1.2993E-01 3.2482E-02 0.0000E+00 3.2482E-02 0.0000E+00 0.0000E+00 0.0000E+00 0.0000E+00
145.-150. 1.7418E+02 2.0683E+01 1.4721E-01 0.0000E+00 0.0000E+00 0.0000E+00 0.0000E+00 0.0000E+00 0.0000E+00 0.0000E+00
150.-155. 1.7459E+02 2.4880E+01 8.5647E-02 0.0000E+00 0.0000E+00 4.2824E-02 0.0000E+00 0.0000E+00 0.0000E+00 0.0000E+00
155.-160. 1.8767E+02 3.0486E+01 1.5501E-01 0.0000E+00 0.0000E+00 0.0000E+00 0.0000E+00 0.0000E+00 0.0000E+00 0.0000E+00
160.-165. 1.9359E+02 3.8271E+01 1.3152E-01 0.0000E+00 0.0000E+00 6.5758E-02 0.0000E+00 0.0000E+00 0.0000E+00 0.0000E+00
165.-170. 2.1707E+02 5.0065E+01 2.7408E-01 0.0000E+00 0.0000E+00 9.1359E-02 0.0000E+00 0.0000E+00 0.0000E+00 0.0000E+00
170.-175. 2.6314E+02 8.0745E+01 0.0000E+00 0.0000E+00 0.0000E+00 0.0000E+00 0.0000E+00 0.0000E+00 0.0000E+00 0.0000E+00
175.-180. 5.2948E+02 2.4933E+02 0.0000E+00 0.0000E+00 0.0000E+00 0.0000E+00 0.0000E+00 0.0000E+00 0.0000E+00 0.0000E+00
 Int. x sec 2.5469E+03 4.2473E+02 4.0645E+00 4.5523E-01 8.6710E-02 6.0697E-01 0.0000E+00 0.0000E+00 0.0000E+00 0.0000E+00


          Angular distribution of produced fragments dS/dOm [mb/sr] for energy range(MeV)
Tmin-Tmax   4.-2500.   4.-2500.   4.-2500.   4.-2500.   9.-2500.   9.-2500.   9.-2500.   9.-2500.  11.-2500.  11.-2500.
ang1-ang2    Li9        Be7        Be9       Be10         B9        B10        B11        B12        C11        C12
  0.-  5. 0.0000E+00 0.0000E+00 0.0000E+00 0.0000E+00 0.0000E+00 0.0000E+00 0.0000E+00 0.0000E+00 0.0000E+00 0.0000E+00
  5.- 10. 0.0000E+00 0.0000E+00 0.0000E+00 0.0000E+00 0.0000E+00 0.0000E+00 0.0000E+00 0.0000E+00 0.0000E+00 0.0000E+00
 10.- 15. 0.0000E+00 0.0000E+00 0.0000E+00 0.0000E+00 0.0000E+00 0.0000E+00 0.0000E+00 0.0000E+00 0.0000E+00 0.0000E+00
 15.- 20. 0.0000E+00 0.0000E+00 0.0000E+00 0.0000E+00 0.0000E+00 0.0000E+00 0.0000E+00 0.0000E+00 0.0000E+00 0.0000E+00
 20.- 25. 0.0000E+00 0.0000E+00 0.0000E+00 0.0000E+00 0.0000E+00 0.0000E+00 0.0000E+00 0.0000E+00 0.0000E+00 0.0000E+00
 25.- 30. 0.0000E+00 0.0000E+00 0.0000E+00 0.0000E+00 0.0000E+00 0.0000E+00 0.0000E+00 0.0000E+00 0.0000E+00 0.0000E+00
 30.- 35. 0.0000E+00 0.0000E+00 0.0000E+00 0.0000E+00 0.0000E+00 0.0000E+00 0.0000E+00 0.0000E+00 0.0000E+00 0.0000E+00
 35.- 40. 0.0000E+00 0.0000E+00 0.0000E+00 0.0000E+00 0.0000E+00 0.0000E+00 0.0000E+00 0.0000E+00 0.0000E+00 0.0000E+00
 40.- 45. 0.0000E+00 0.0000E+00 0.0000E+00 0.0000E+00 0.0000E+00 0.0000E+00 0.0000E+00 0.0000E+00 0.0000E+00 0.0000E+00
 45.- 50. 0.0000E+00 0.0000E+00 0.0000E+00 0.0000E+00 0.0000E+00 0.0000E+00 0.0000E+00 0.0000E+00 0.0000E+00 0.0000E+00
 50.- 55. 0.0000E+00 0.0000E+00 0.0000E+00 0.0000E+00 0.0000E+00 0.0000E+00 0.0000E+00 0.0000E+00 0.0000E+00 0.0000E+00
 55.- 60. 0.0000E+00 0.0000E+00 0.0000E+00 0.0000E+00 0.0000E+00 0.0000E+00 0.0000E+00 0.0000E+00 2.3445E-02 0.0000E+00
 60.- 65. 0.0000E+00 0.0000E+00 0.0000E+00 0.0000E+00 0.0000E+00 0.0000E+00 0.0000E+00 0.0000E+00 0.0000E+00 0.0000E+00
 65.- 70. 0.0000E+00 0.0000E+00 0.0000E+00 0.0000E+00 0.0000E+00 0.0000E+00 0.0000E+00 0.0000E+00 0.0000E+00 0.0000E+00
 70.- 75. 0.0000E+00 0.0000E+00 0.0000E+00 0.0000E+00 0.0000E+00 0.0000E+00 0.0000E+00 0.0000E+00 0.0000E+00 0.0000E+00
 75.- 80. 0.0000E+00 0.0000E+00 0.0000E+00 0.0000E+00 0.0000E+00 0.0000E+00 0.0000E+00 0.0000E+00 0.0000E+00 0.0000E+00
 80.- 85. 0.0000E+00 0.0000E+00 1.9944E-02 0.0000E+00 0.0000E+00 0.0000E+00 0.0000E+00 0.0000E+00 0.0000E+00 0.0000E+00
 85.- 90. 0.0000E+00 0.0000E+00 0.0000E+00 0.0000E+00 0.0000E+00 0.0000E+00 0.0000E+00 0.0000E+00 0.0000E+00 0.0000E+00
 90.- 95. 0.0000E+00 0.0000E+00 0.0000E+00 0.0000E+00 0.0000E+00 0.0000E+00 0.0000E+00 0.0000E+00 0.0000E+00 0.0000E+00
 95.-100. 0.0000E+00 0.0000E+00 0.0000E+00 0.0000E+00 0.0000E+00 0.0000E+00 0.0000E+00 0.0000E+00 0.0000E+00 0.0000E+00
100.-105. 0.0000E+00 0.0000E+00 0.0000E+00 0.0000E+00 0.0000E+00 0.0000E+00 0.0000E+00 0.0000E+00 0.0000E+00 0.0000E+00
105.-110. 0.0000E+00 0.0000E+00 0.0000E+00 0.0000E+00 0.0000E+00 0.0000E+00 0.0000E+00 0.0000E+00 0.0000E+00 0.0000E+00
110.-115. 0.0000E+00 0.0000E+00 2.1403E-02 0.0000E+00 0.0000E+00 2.1403E-02 0.0000E+00 0.0000E+00 0.0000E+00 0.0000E+00
115.-120. 0.0000E+00 0.0000E+00 0.0000E+00 0.0000E+00 0.0000E+00 0.0000E+00 0.0000E+00 0.0000E+00 0.0000E+00 0.0000E+00
120.-125. 0.0000E+00 0.0000E+00 0.0000E+00 0.0000E+00 0.0000E+00 0.0000E+00 0.0000E+00 0.0000E+00 0.0000E+00 0.0000E+00
125.-130. 0.0000E+00 0.0000E+00 0.0000E+00 0.0000E+00 0.0000E+00 0.0000E+00 0.0000E+00 0.0000E+00 0.0000E+00 0.0000E+00
130.-135. 0.0000E+00 0.0000E+00 2.6820E-02 0.0000E+00 0.0000E+00 0.0000E+00 0.0000E+00 0.0000E+00 0.0000E+00 0.0000E+00
135.-140. 0.0000E+00 0.0000E+00 0.0000E+00 0.0000E+00 0.0000E+00 0.0000E+00 0.0000E+00 0.0000E+00 0.0000E+00 0.0000E+00
140.-145. 0.0000E+00 0.0000E+00 0.0000E+00 0.0000E+00 0.0000E+00 0.0000E+00 0.0000E+00 0.0000E+00 0.0000E+00 0.0000E+00
145.-150. 0.0000E+00 0.0000E+00 0.0000E+00 0.0000E+00 0.0000E+00 0.0000E+00 0.0000E+00 0.0000E+00 0.0000E+00 0.0000E+00
150.-155. 0.0000E+00 0.0000E+00 0.0000E+00 0.0000E+00 0.0000E+00 0.0000E+00 0.0000E+00 0.0000E+00 0.0000E+00 0.0000E+00
155.-160. 0.0000E+00 0.0000E+00 0.0000E+00 0.0000E+00 0.0000E+00 0.0000E+00 0.0000E+00 0.0000E+00 0.0000E+00 0.0000E+00
160.-165. 0.0000E+00 0.0000E+00 0.0000E+00 0.0000E+00 0.0000E+00 0.0000E+00 0.0000E+00 0.0000E+00 0.0000E+00 0.0000E+00
165.-170. 0.0000E+00 0.0000E+00 0.0000E+00 0.0000E+00 0.0000E+00 0.0000E+00 0.0000E+00 0.0000E+00 0.0000E+00 0.0000E+00
170.-175. 0.0000E+00 0.0000E+00 0.0000E+00 0.0000E+00 0.0000E+00 0.0000E+00 0.0000E+00 0.0000E+00 0.0000E+00 0.0000E+00
175.-180. 0.0000E+00 0.0000E+00 0.0000E+00 0.0000E+00 0.0000E+00 0.0000E+00 0.0000E+00 0.0000E+00 0.0000E+00 0.0000E+00
 Int. xsec 0.0000E+00 0.0000E+00 3.2516E-02 0.0000E+00 0.0000E+00 1.0839E-02 0.0000E+00 0.0000E+00 1.0839E-02 0.0000E+00


          Angular distribution of produced fragments dS/dOm [mb/sr] for energy range(MeV)
Tmin-Tmax  11.-2500.  11.-2500.  14.-2500.  16.-2500.  16.-2500.  16.-2500.  16.-2500.  16.-2500.  16.-2500.  16.-2500.
ang1-ang2    C13        C14        Z=7        Z=8        Z=9       Z=10       Z=11       Z=12       Z=13       Z=14
  0.-  5. 0.0000E+00 0.0000E+00 0.0000E+00 0.0000E+00 0.0000E+00 0.0000E+00 0.0000E+00 0.0000E+00 0.0000E+00 0.0000E+00
  5.- 10. 0.0000E+00 0.0000E+00 0.0000E+00 0.0000E+00 0.0000E+00 0.0000E+00 0.0000E+00 0.0000E+00 0.0000E+00 0.0000E+00
 10.- 15. 0.0000E+00 0.0000E+00 0.0000E+00 0.0000E+00 0.0000E+00 0.0000E+00 0.0000E+00 0.0000E+00 0.0000E+00 0.0000E+00
 15.- 20. 0.0000E+00 0.0000E+00 0.0000E+00 0.0000E+00 0.0000E+00 0.0000E+00 0.0000E+00 0.0000E+00 0.0000E+00 0.0000E+00
 20.- 25. 0.0000E+00 0.0000E+00 0.0000E+00 0.0000E+00 0.0000E+00 0.0000E+00 0.0000E+00 0.0000E+00 0.0000E+00 0.0000E+00
 25.- 30. 0.0000E+00 0.0000E+00 0.0000E+00 0.0000E+00 0.0000E+00 0.0000E+00 0.0000E+00 0.0000E+00 0.0000E+00 0.0000E+00
 30.- 35. 0.0000E+00 0.0000E+00 0.0000E+00 0.0000E+00 0.0000E+00 0.0000E+00 0.0000E+00 0.0000E+00 0.0000E+00 0.0000E+00
 35.- 40. 0.0000E+00 0.0000E+00 0.0000E+00 0.0000E+00 0.0000E+00 0.0000E+00 0.0000E+00 0.0000E+00 0.0000E+00 0.0000E+00
 40.- 45. 0.0000E+00 0.0000E+00 0.0000E+00 0.0000E+00 0.0000E+00 0.0000E+00 0.0000E+00 0.0000E+00 0.0000E+00 0.0000E+00
 45.- 50. 0.0000E+00 0.0000E+00 0.0000E+00 0.0000E+00 0.0000E+00 0.0000E+00 0.0000E+00 0.0000E+00 0.0000E+00 0.0000E+00
 50.- 55. 0.0000E+00 0.0000E+00 0.0000E+00 0.0000E+00 0.0000E+00 0.0000E+00 0.0000E+00 0.0000E+00 0.0000E+00 0.0000E+00
 55.- 60. 0.0000E+00 0.0000E+00 0.0000E+00 0.0000E+00 0.0000E+00 0.0000E+00 0.0000E+00 0.0000E+00 0.0000E+00 0.0000E+00
 60.- 65. 0.0000E+00 0.0000E+00 0.0000E+00 0.0000E+00 0.0000E+00 0.0000E+00 0.0000E+00 0.0000E+00 0.0000E+00 0.0000E+00
 65.- 70. 0.0000E+00 0.0000E+00 0.0000E+00 0.0000E+00 0.0000E+00 0.0000E+00 0.0000E+00 0.0000E+00 0.0000E+00 0.0000E+00
 70.- 75. 0.0000E+00 0.0000E+00 0.0000E+00 0.0000E+00 0.0000E+00 0.0000E+00 0.0000E+00 0.0000E+00 0.0000E+00 0.0000E+00
 75.- 80. 0.0000E+00 0.0000E+00 0.0000E+00 0.0000E+00 0.0000E+00 0.0000E+00 0.0000E+00 0.0000E+00 0.0000E+00 0.0000E+00
 80.- 85. 0.0000E+00 0.0000E+00 0.0000E+00 0.0000E+00 0.0000E+00 0.0000E+00 0.0000E+00 0.0000E+00 0.0000E+00 0.0000E+00
 85.- 90. 0.0000E+00 0.0000E+00 0.0000E+00 0.0000E+00 0.0000E+00 0.0000E+00 0.0000E+00 0.0000E+00 0.0000E+00 0.0000E+00
 90.- 95. 0.0000E+00 0.0000E+00 0.0000E+00 0.0000E+00 0.0000E+00 0.0000E+00 0.0000E+00 0.0000E+00 0.0000E+00 0.0000E+00
 95.-100. 0.0000E+00 0.0000E+00 0.0000E+00 0.0000E+00 0.0000E+00 0.0000E+00 0.0000E+00 0.0000E+00 0.0000E+00 0.0000E+00
100.-105. 0.0000E+00 0.0000E+00 0.0000E+00 0.0000E+00 0.0000E+00 0.0000E+00 0.0000E+00 0.0000E+00 0.0000E+00 0.0000E+00
105.-110. 0.0000E+00 0.0000E+00 0.0000E+00 0.0000E+00 0.0000E+00 0.0000E+00 0.0000E+00 0.0000E+00 0.0000E+00 0.0000E+00
110.-115. 0.0000E+00 0.0000E+00 0.0000E+00 0.0000E+00 0.0000E+00 0.0000E+00 0.0000E+00 0.0000E+00 0.0000E+00 0.0000E+00
115.-120. 0.0000E+00 0.0000E+00 0.0000E+00 0.0000E+00 0.0000E+00 0.0000E+00 0.0000E+00 0.0000E+00 0.0000E+00 0.0000E+00
120.-125. 0.0000E+00 0.0000E+00 0.0000E+00 0.0000E+00 0.0000E+00 0.0000E+00 0.0000E+00 0.0000E+00 0.0000E+00 0.0000E+00
125.-130. 0.0000E+00 0.0000E+00 0.0000E+00 0.0000E+00 0.0000E+00 0.0000E+00 0.0000E+00 0.0000E+00 0.0000E+00 0.0000E+00
130.-135. 0.0000E+00 0.0000E+00 0.0000E+00 0.0000E+00 0.0000E+00 0.0000E+00 0.0000E+00 0.0000E+00 0.0000E+00 0.0000E+00
135.-140. 0.0000E+00 0.0000E+00 0.0000E+00 0.0000E+00 0.0000E+00 0.0000E+00 0.0000E+00 0.0000E+00 0.0000E+00 0.0000E+00
140.-145. 0.0000E+00 0.0000E+00 0.0000E+00 0.0000E+00 0.0000E+00 0.0000E+00 0.0000E+00 0.0000E+00 0.0000E+00 0.0000E+00
145.-150. 0.0000E+00 0.0000E+00 0.0000E+00 0.0000E+00 0.0000E+00 0.0000E+00 0.0000E+00 0.0000E+00 0.0000E+00 0.0000E+00
150.-155. 0.0000E+00 0.0000E+00 0.0000E+00 0.0000E+00 0.0000E+00 0.0000E+00 0.0000E+00 0.0000E+00 0.0000E+00 0.0000E+00
155.-160. 0.0000E+00 0.0000E+00 0.0000E+00 0.0000E+00 0.0000E+00 0.0000E+00 0.0000E+00 0.0000E+00 0.0000E+00 0.0000E+00
160.-165. 0.0000E+00 0.0000E+00 0.0000E+00 0.0000E+00 0.0000E+00 0.0000E+00 0.0000E+00 0.0000E+00 0.0000E+00 0.0000E+00
165.-170. 0.0000E+00 0.0000E+00 0.0000E+00 0.0000E+00 0.0000E+00 0.0000E+00 0.0000E+00 0.0000E+00 0.0000E+00 0.0000E+00
170.-175. 0.0000E+00 0.0000E+00 0.0000E+00 0.0000E+00 0.0000E+00 0.0000E+00 0.0000E+00 0.0000E+00 0.0000E+00 0.0000E+00
175.-180. 0.0000E+00 0.0000E+00 0.0000E+00 0.0000E+00 0.0000E+00 0.0000E+00 0.0000E+00 0.0000E+00 0.0000E+00 0.0000E+00
 Int. xsec 0.0000E+00 0.0000E+00 0.0000E+00 0.0000E+00 0.0000E+00 0.0000E+00 0.0000E+00 0.0000E+00 0.0000E+00 0.0000E+00

 Elapsed cpu time  =   5. hr, 40. min, and 58.680 sec.
