
                              NOTICE

   This software and ancillary information (herein called "software") named
   CEM03.03 is made available under the terms described here. The software has
   been approved for release with associated LA-CC number LA-CC-04-085.

        Copyright (2012). Los Alamos National Security, LLC.
   This material was produced under U.S. Government contract
   DE-AC52-06NA25396 for Los Alamos National Laboratory, which is operated
   by Los Alamos National Security, LLC, for the U.S. Department of Energy.
   The Government is granted for itself and others acting on its behalf a 
   paid-up, nonexclusive, irrevocable worldwide license in this material to
   reproduce, prepare derivative works, and perform publicly and display publicly.

   NEITHER THE UNITED STATES NOR THE UNITED STATES DEPARTMENT OF ENERGY,
   NOR LOS ALAMOS NATIONAL SECURITY LLC, NOR ANY OF THEIR EMPLOYEES,
   MAKES ANY WARRANTY, EXPRESS OR IMPLIED, OR ASSUMES ANY LEGAL LIABILITY
   OR RESPONSIBILITY FOR THE ACCURACY, COMPLETENESS, OR USEFULNESS OF ANY
   INFORMATION, APPARATUS, PRODUCT, OR PROCESS DISCLOSED, OR REPRESENTS
   THAT ITS USE WOULD NOT INFRINGE PRIVATELY OWNED RIGHTS.

        Additionally, the program is free software; you can redistribute
   it and/or modify it under the terms of the GNU General Public
   License as published by the Free Software Foundation; either
   version 2 of the License, or (at your option) any later version.
   Accordingly, this program is distributed in the hope that it will
   be useful, but WITHOUT ANY WARRANTY; without even the implied
   warranty of MERCHANTABILITY or FITNESS FOR A PARTICULAR PURPOSE.
   See the GNU General Public License for more details.

           The primary authors of CEM03.03 are: S. G. Mashnik (LANL),
      K. K. Gudima (IAP), and A. J. Sierk (LANL); with important contributions
      from R. E. Prael (LANL), M. I. Baznat (IAP), and N. V. Mokhov (Fermilab).
      (IAP = Institute of Applied Physics, Academy of Science of Moldova.)

  ------------------------------------------------------------------------------

 Sun Jan 22 02:35:13 2017

Projectile A, Z:  11,   5   (unkn)                                      
Target A, Z: 232,  92                                                   
Energy (GeV/A), limc:   0.0182,   1000000                               
 Number of types of evaporated particles = 66
 Number of types of preequilibrium particles = 66

    M      T0     A    Z   Q  B   limc   idel
10.3288 0.2000  232.  92.  5 11 1000000   1

 dt0 =   -5.0, t0max =  202.0, dteta =  5.0

  mspec mpyld  mchy  misy mdubl mang  ipar1 ipar2 
    0     0     0     0     0     0     1     9

 r0m =  1.2, & cevap = 12.0.

 lim =   10000000 .

 Geometrical cross section = 2589.62 mb.
 Calculation takes into account fission and evaporation processes
 using Furihata-s GEM2 code.
 The following level density parameters were used in
 the preequilibrium part of this calculation:
 a(Z,N,E) was calculated with Moller, Nix, Myers & Swiatecki microscopic
 corrections; [Atomic Data Nucl. Data Tables, 59, 185 (1995)];
 Level density is from a shifted Fermi-gas formula, with the shift given by
  0, delta-p, delta-n, or delta-p + delta-n, for odd-odd; odd-n, even-p;
 odd-p, even-n; and even-even nuclei, respectively for the compound
 nucleus, and similarly using deltaM-p and deltaM-n for the saddle point.
 delta-n and delta-p are tabulated by Moller, Nix & Kratz and
 deltaM-n and deltaM-p are 4.80 MeV * Bs * {1/N**(1/3) or 1/Z**(1/3)}.
 Bs is the surface area of the saddle-point shape with respect to a sphere.

   Inelastic cross section used here = 2167.74 mb
 Monte Carlo inelastic cross section =  410.67 mb

     Sun Jan 22 02:35:13 2017

                200.0 MeV (Z =  5, A = *) + (Z = 92., A = 232.)

 Number of inelastic interactions =  2000000,
 Number of elastic interactions   = 10611691,

 Reaction cross section = 2167.74 mb, Elastic cross section = ******* mb.

  The mean excitation energy, charge, mass, and angular momentum
  of the  1000000 nuclei after the 
  cascade and before preequilibrium decay are:
  E*av =  10.6 +/- 13.5 MeV;  E*min =  -2.1;  E*max = 185.2
   Zav =  91.7 +/-  0.6;       Zmin =  88.;    Zmax =  94.
   Aav = 231.1 +/-  0.5;       Amin = 226.;    Amax = 234.
   Lav =   5.5 +/-  3.8 h-bar; Lmin =   0.;    Lmax =  42.

  The mean excitation energy, charge, mass, angular momentum, and 
  fission barrier height of the  332385 fissioning nuclei are:
  E*av =   0.0 +/-  0.0 MeV; E*min =1000.0; E*max =    0.0
   Zav =   0.0 +/- 0.0;        Zmin = 100.;  Zmax =   0.
   Aav =   0.0 +/- 0.0;        Amin = 400.;  Amax =   0.
   Lav =   0.0 +/- 0.0 h-bar;  Lmin = 100.;  Lmax =   0.
  Bfav =   0.0 +/- 0.0 MeV;   Bfmin = ****; Bfmax =  0.0

 The mean total fission product kinetic energy after neutron emission is   0.00 MeV.

               Direct Monte Carlo Simulation Method:
 Fissility =  0.1662 +/-  0.0003,
 Fission cross section = 3.60263E+02 +/- 6.25E-01 mb.

               Statistical Weight Functions Method:
 Fissility =  0.2307,
 Fission cross section = 5.00140E+02 mb.


                         Double differential cross-section d2S/dTdO (mb/MeV/sr) of    n
            prod. xsec for all energies= 2.5456E+03 mb, for    0.<T< 160. xsec= 2.5456E+03mb
  T(MeV)/angle:  10.        20.         9.        11.        19.        21.        30.        40.        50.        60.    dS/dT(mb/MeV)
   0.-   2. 4.5701E+01 4.4084E+01 4.5650E+01 4.5369E+01 4.4410E+01 4.4061E+01 4.3913E+01 4.3380E+01 4.2926E+01 4.2489E+01 5.3413E+02
   2.-   4. 2.8797E+01 2.6300E+01 2.9005E+01 2.8290E+01 2.6497E+01 2.6212E+01 2.5556E+01 2.4992E+01 2.4762E+01 2.4171E+01 3.1135E+02
   4.-   6. 1.4342E+01 1.1581E+01 1.4904E+01 1.3933E+01 1.1799E+01 1.1343E+01 1.0704E+01 9.9919E+00 9.7652E+00 9.3612E+00 1.3701E+02
   6.-   8. 8.4460E+00 5.6162E+00 9.0306E+00 7.9224E+00 5.7891E+00 5.4885E+00 4.7888E+00 4.2593E+00 4.0584E+00 3.7516E+00 6.8215E+01
   8.-  10. 5.8159E+00 3.3478E+00 6.3926E+00 5.3032E+00 3.4713E+00 3.2309E+00 2.6492E+00 2.2655E+00 2.0392E+00 1.8495E+00 4.2760E+01
  10.-  12. 4.6504E+00 2.4508E+00 5.1874E+00 4.3307E+00 2.5640E+00 2.3569E+00 1.9911E+00 1.5704E+00 1.3222E+00 1.1873E+00 3.2485E+01
  12.-  14. 3.8041E+00 2.1036E+00 4.1689E+00 3.4879E+00 2.2296E+00 2.0407E+00 1.4864E+00 1.1932E+00 1.0006E+00 8.9704E-01 2.6964E+01
  14.-  16. 3.1630E+00 1.7144E+00 3.5079E+00 2.8681E+00 1.7752E+00 1.6182E+00 1.2707E+00 9.7764E-01 8.5134E-01 7.3534E-01 2.2847E+01
  16.-  18. 2.8666E+00 1.4959E+00 3.1536E+00 2.6451E+00 1.5350E+00 1.4277E+00 9.9359E-01 8.5601E-01 7.4153E-01 6.2393E-01 1.9428E+01
  18.-  20. 2.5047E+00 1.2977E+00 2.7487E+00 2.2561E+00 1.3831E+00 1.2440E+00 8.5405E-01 7.2053E-01 6.0136E-01 5.3022E-01 1.6554E+01
  20.-  22. 2.0972E+00 1.0764E+00 2.3407E+00 1.9657E+00 1.0867E+00 9.9828E-01 8.1347E-01 5.9351E-01 4.8445E-01 4.3709E-01 1.4187E+01
  22.-  24. 1.7610E+00 8.2609E-01 1.9864E+00 1.5637E+00 8.6631E-01 7.9807E-01 6.3237E-01 5.2577E-01 4.0435E-01 3.6053E-01 1.1746E+01
  24.-  26. 1.3393E+00 7.3205E-01 1.5120E+00 1.1644E+00 7.6752E-01 7.1799E-01 5.2450E-01 4.4494E-01 3.0423E-01 2.8682E-01 9.6026E+00
  26.-  28. 1.1655E+00 5.3240E-01 1.3032E+00 1.0503E+00 5.6690E-01 5.1640E-01 3.9387E-01 3.0638E-01 2.6935E-01 2.3083E-01 7.6917E+00
  28.-  30. 9.0615E-01 4.9334E-01 9.7423E-01 8.2724E-01 5.2131E-01 4.6255E-01 3.0283E-01 2.4479E-01 2.0928E-01 1.7198E-01 6.0193E+00
  30.-  32. 6.2689E-01 3.6024E-01 6.8639E-01 5.6792E-01 3.7692E-01 3.4242E-01 2.6819E-01 2.0630E-01 1.5179E-01 1.4056E-01 4.4975E+00
  32.-  34. 4.8727E-01 2.4016E-01 5.1242E-01 4.6678E-01 2.6141E-01 2.1402E-01 1.7615E-01 1.2625E-01 1.0787E-01 1.1313E-01 3.2619E+00
  34.-  36. 3.8469E-01 1.6493E-01 4.2702E-01 3.2156E-01 1.8846E-01 1.5602E-01 1.0688E-01 8.7757E-02 7.9450E-02 6.5707E-02 2.1645E+00
  36.-  38. 1.4818E-01 9.1145E-02 1.6448E-01 1.2966E-01 9.7270E-02 8.8368E-02 7.4222E-02 5.5425E-02 4.9091E-02 3.7139E-02 1.2638E+00
  38.-  40. 9.6884E-02 3.3275E-02 1.0122E-01 9.0764E-02 4.1036E-02 3.0376E-02 2.8699E-02 2.2324E-02 1.9378E-02 1.5998E-02 5.4031E-01
  40.-  42. 8.5486E-03 2.8935E-03 6.3262E-03 5.1865E-03 4.5595E-03 2.7615E-03 5.9378E-03 6.1584E-03 1.2919E-03 5.7136E-04 6.0155E-02
  42.-  44. 0.0000E+00 2.8935E-03 0.0000E+00 0.0000E+00 3.0397E-03 2.7615E-03 9.8963E-04 1.5396E-03 6.4593E-04 0.0000E+00 3.7936E-03
  44.-  46. 2.8495E-03 2.8935E-03 3.1631E-03 2.5932E-03 3.0397E-03 2.7615E-03 0.0000E+00 7.6979E-04 1.9378E-03 5.7136E-04 5.4194E-03
  46.-  48. 0.0000E+00 0.0000E+00 0.0000E+00 0.0000E+00 0.0000E+00 0.0000E+00 0.0000E+00 7.6979E-04 0.0000E+00 0.0000E+00 5.4194E-04
  50.-  55. 1.1398E-03 5.7870E-04 0.0000E+00 1.0373E-03 1.2159E-03 5.5230E-04 3.9585E-04 0.0000E+00 0.0000E+00 0.0000E+00 6.5032E-04
  55.-  60. 0.0000E+00 0.0000E+00 0.0000E+00 0.0000E+00 0.0000E+00 0.0000E+00 3.9585E-04 3.0792E-04 0.0000E+00 0.0000E+00 4.3355E-04
2600.-2650. 0.0000E+00 0.0000E+00 0.0000E+00 0.0000E+00 0.0000E+00 0.0000E+00 0.0000E+00 0.0000E+00 0.0000E+00 1.9010E-01 1.7626E-01
2650.-2700. 9.3555E-01 4.6874E-01 1.0181E+00 8.7206E-01 5.0453E-01 4.5774E-01 3.2856E-01 2.5246E-01 2.1070E-01 1.8722E-01 1.7832E-01
 energ. int. 3.0572E+02 2.3288E+02 3.1943E+02 2.9133E+02 2.3754E+02 2.2969E+02 2.1127E+02 1.9839E+02 1.9095E+02 1.8448E+02 2.5545E+03


                         Double differential cross-section d2S/dTdO (mb/MeV/sr) of    p
            prod. xsec for all energies= 4.4363E+02 mb, for    2.<T< 160. xsec= 4.2239E+02mb
  T(MeV)/angle:  10.        20.         9.        11.        19.        21.        30.        40.        50.        60.    dS/dT(mb/MeV)
   0.-   2. 1.5416E+00 8.2175E-01 1.6290E+00 1.4159E+00 8.5871E-01 7.7322E-01 4.8888E-01 3.9029E-01 3.6495E-01 2.9425E-01 1.0620E+01
   2.-   4. 2.9493E+00 1.4742E+00 3.3212E+00 2.6373E+00 1.5122E+00 1.4015E+00 9.6687E-01 7.6748E-01 6.5950E-01 5.9193E-01 1.9665E+01
   4.-   6. 3.8440E+00 1.7997E+00 4.2417E+00 3.4360E+00 1.9150E+00 1.7411E+00 1.2667E+00 9.6455E-01 7.8739E-01 7.2277E-01 2.4827E+01
   6.-   8. 3.4992E+00 1.8113E+00 3.8178E+00 3.1119E+00 1.8801E+00 1.7563E+00 1.2548E+00 9.7456E-01 8.5457E-01 7.3191E-01 2.4521E+01
   8.-  10. 3.2599E+00 1.6261E+00 3.6091E+00 2.9174E+00 1.7113E+00 1.5768E+00 1.0460E+00 9.0836E-01 7.5703E-01 6.3478E-01 2.1829E+01
  10.-  12. 2.6871E+00 1.4815E+00 3.0144E+00 2.4273E+00 1.5274E+00 1.4097E+00 9.6489E-01 7.6595E-01 6.5627E-01 5.7708E-01 1.9588E+01
  12.-  14. 2.5646E+00 1.3932E+00 2.9069E+00 2.3573E+00 1.4180E+00 1.3338E+00 8.7483E-01 7.0359E-01 5.8457E-01 5.1708E-01 1.7258E+01
  14.-  16. 2.3224E+00 1.2297E+00 2.5842E+00 2.1005E+00 1.2752E+00 1.1778E+00 7.6300E-01 6.5509E-01 5.8263E-01 4.8623E-01 1.5479E+01
  16.-  18. 1.8180E+00 1.0431E+00 1.9959E+00 1.6726E+00 1.0989E+00 1.0273E+00 6.6899E-01 5.6811E-01 4.7605E-01 4.3652E-01 1.3174E+01
  18.-  20. 1.6299E+00 8.3188E-01 1.8631E+00 1.4626E+00 8.4504E-01 8.2707E-01 5.8289E-01 4.8882E-01 4.0435E-01 3.7424E-01 1.1348E+01
  20.-  22. 1.3450E+00 7.4507E-01 1.5214E+00 1.2759E+00 7.8120E-01 6.9313E-01 5.4133E-01 4.1646E-01 3.3201E-01 2.7768E-01 9.6611E+00
  22.-  24. 1.2481E+00 6.3946E-01 1.4107E+00 1.1358E+00 6.7481E-01 6.0753E-01 4.0872E-01 3.3178E-01 2.9132E-01 2.6740E-01 8.1518E+00
  24.-  26. 1.0800E+00 5.2661E-01 1.1830E+00 9.9062E-01 5.6842E-01 5.0259E-01 3.5924E-01 2.9483E-01 2.4481E-01 1.9369E-01 6.8647E+00
  26.-  28. 7.4657E-01 4.3547E-01 8.1607E-01 6.5090E-01 4.3924E-01 4.2389E-01 3.1569E-01 2.3556E-01 1.8603E-01 1.7427E-01 5.4855E+00
  28.-  30. 6.6964E-01 3.5734E-01 7.2751E-01 6.3534E-01 3.7844E-01 3.4104E-01 2.0584E-01 1.8783E-01 1.6730E-01 1.3770E-01 4.3404E+00
  30.-  32. 5.5851E-01 2.3293E-01 6.1364E-01 5.1346E-01 2.4774E-01 2.2920E-01 1.6626E-01 1.3086E-01 1.1562E-01 9.1418E-02 3.2993E+00
  32.-  34. 4.0463E-01 2.0544E-01 4.4599E-01 3.5527E-01 2.2950E-01 1.9192E-01 9.5994E-02 1.1393E-01 9.2369E-02 8.4562E-02 2.5102E+00
  34.-  36. 2.7925E-01 1.4323E-01 2.7519E-01 2.5414E-01 1.6262E-01 1.3255E-01 8.3129E-02 6.2353E-02 6.2010E-02 4.1709E-02 1.6637E+00
  36.-  38. 1.5672E-01 7.0890E-02 1.5499E-01 1.4522E-01 7.7512E-02 7.1799E-02 5.3440E-02 3.1562E-02 4.3924E-02 2.7997E-02 1.0064E+00
  38.-  40. 5.4141E-02 3.4722E-02 5.6935E-02 4.1492E-02 3.3437E-02 4.0042E-02 1.9793E-02 1.6166E-02 1.4211E-02 1.1427E-02 4.5360E-01
  40.-  42. 0.0000E+00 5.7870E-03 0.0000E+00 0.0000E+00 6.0794E-03 6.9037E-03 5.9378E-03 4.6188E-03 3.2297E-03 1.1427E-03 4.9316E-02
  42.-  44. 2.8495E-03 0.0000E+00 3.1631E-03 2.5932E-03 0.0000E+00 0.0000E+00 1.9793E-03 3.0792E-03 1.2919E-03 5.7136E-04 5.4194E-03
  44.-  46. 0.0000E+00 2.8935E-03 0.0000E+00 0.0000E+00 3.0397E-03 2.7615E-03 1.9793E-03 2.3094E-03 1.2919E-03 5.7136E-04 6.5032E-03
  46.-  48. 2.8495E-03 1.4467E-03 3.1631E-03 2.5932E-03 1.5198E-03 1.3807E-03 9.8963E-04 7.6979E-04 0.0000E+00 5.7136E-04 2.7097E-03
  48.-  50. 2.8495E-03 0.0000E+00 3.1631E-03 2.5932E-03 0.0000E+00 0.0000E+00 0.0000E+00 7.6979E-04 6.4593E-04 5.7136E-04 2.7097E-03
  50.-  55. 0.0000E+00 0.0000E+00 0.0000E+00 0.0000E+00 0.0000E+00 0.0000E+00 3.9585E-04 0.0000E+00 2.5837E-04 0.0000E+00 6.5032E-04
  60.-  65. 0.0000E+00 5.7870E-04 0.0000E+00 0.0000E+00 6.0794E-04 5.5230E-04 0.0000E+00 0.0000E+00 0.0000E+00 0.0000E+00 2.1677E-04
2600.-2650. 0.0000E+00 0.0000E+00 0.0000E+00 0.0000E+00 0.0000E+00 0.0000E+00 0.0000E+00 0.0000E+00 0.0000E+00 1.2847E-01 1.2272E-01
2650.-2700. 6.4365E-01 3.2505E-01 6.8512E-01 5.8379E-01 3.4422E-01 3.0111E-01 2.2666E-01 1.7770E-01 1.4185E-01 1.2620E-01 1.2330E-01
 energ. int. 9.4427E+01 4.8385E+01 1.0458E+02 8.5323E+01 5.0766E+01 4.6398E+01 3.2290E+01 2.5947E+01 2.2060E+01 1.9075E+01 4.2838E+02


                         Double differential cross-section d2S/dTdO (mb/MeV/sr) of    d
            prod. xsec for all energies= 3.7556E+00 mb, for    3.<T< 215. xsec= 3.7556E+00mb
  T(MeV)/angle:  10.        20.         9.        11.        19.        21.        30.        40.        50.        60.    dS/dT(mb/MeV)
   2.-   4. 0.0000E+00 0.0000E+00 0.0000E+00 0.0000E+00 0.0000E+00 0.0000E+00 9.8963E-04 0.0000E+00 0.0000E+00 0.0000E+00 5.4194E-04
   4.-   6. 2.8495E-03 0.0000E+00 3.1631E-03 2.5932E-03 0.0000E+00 1.3807E-03 9.8963E-04 0.0000E+00 0.0000E+00 0.0000E+00 2.1677E-03
   6.-   8. 0.0000E+00 0.0000E+00 0.0000E+00 0.0000E+00 0.0000E+00 0.0000E+00 9.8963E-04 0.0000E+00 6.4593E-04 0.0000E+00 2.1677E-03
   8.-  10. 0.0000E+00 2.8935E-03 0.0000E+00 2.5932E-03 3.0397E-03 1.3807E-03 4.9481E-03 4.6188E-03 3.8756E-03 6.8563E-03 5.5819E-02
  10.-  12. 2.8495E-02 3.0382E-02 2.2142E-02 3.3712E-02 3.6476E-02 2.6234E-02 3.0678E-02 3.0022E-02 2.3254E-02 2.5140E-02 2.2111E-01
  12.-  14. 4.8442E-02 4.3402E-02 5.3772E-02 4.1492E-02 4.5595E-02 4.6945E-02 4.4533E-02 3.4641E-02 4.2632E-02 2.5140E-02 2.9319E-01
  14.-  16. 6.8388E-02 4.7742E-02 6.9588E-02 5.9645E-02 5.1675E-02 4.8326E-02 3.9585E-02 3.9259E-02 4.8445E-02 2.9711E-02 2.8831E-01
  16.-  18. 2.8495E-02 4.4849E-02 3.1631E-02 3.6305E-02 4.5595E-02 4.1422E-02 4.6513E-02 3.3101E-02 2.7775E-02 2.1712E-02 2.3683E-01
  18.-  20. 4.2743E-02 3.9062E-02 4.1120E-02 4.4085E-02 3.7996E-02 4.2803E-02 3.2658E-02 2.4633E-02 2.5191E-02 1.9426E-02 1.8372E-01
  20.-  22. 1.4248E-02 3.7615E-02 1.5815E-02 1.8153E-02 3.6476E-02 3.7280E-02 3.6616E-02 2.5403E-02 1.4856E-02 1.7712E-02 1.5228E-01
  22.-  24. 4.5592E-02 1.8808E-02 4.4283E-02 3.8899E-02 1.8238E-02 2.0711E-02 2.0782E-02 1.6935E-02 1.6148E-02 1.4284E-02 1.1001E-01
  24.-  26. 3.1345E-02 2.7488E-02 2.8468E-02 2.8526E-02 3.0397E-02 2.4853E-02 1.9793E-02 1.3086E-02 1.4211E-02 8.5704E-03 9.8090E-02
  26.-  28. 1.9947E-02 1.3021E-02 1.5815E-02 1.8153E-02 1.3679E-02 1.5188E-02 9.8963E-03 1.2317E-02 1.3565E-02 5.1423E-03 5.9071E-02
  28.-  30. 1.9947E-02 1.1574E-02 1.5815E-02 1.5559E-02 1.5198E-02 1.3807E-02 1.4844E-02 1.3856E-02 7.1053E-03 7.9991E-03 5.6361E-02
  30.-  32. 8.5486E-03 5.7870E-03 9.4892E-03 7.7797E-03 6.0794E-03 5.5230E-03 7.9170E-03 4.6188E-03 5.1675E-03 3.4282E-03 3.4684E-02
  32.-  34. 8.5486E-03 4.3402E-03 6.3262E-03 1.0373E-02 6.0794E-03 2.7615E-03 8.9067E-03 4.6188E-03 4.5215E-03 3.4282E-03 2.7639E-02
  34.-  36. 1.4248E-02 7.2337E-03 1.5815E-02 1.8153E-02 6.0794E-03 4.1422E-03 2.9689E-03 3.8490E-03 3.2297E-03 2.8568E-03 2.1136E-02
  36.-  38. 2.8495E-03 2.8935E-03 3.1631E-03 2.5932E-03 3.0397E-03 2.7615E-03 1.9793E-03 2.3094E-03 6.4593E-04 2.8568E-03 9.7548E-03
  38.-  40. 2.8495E-03 1.4467E-03 3.1631E-03 2.5932E-03 1.5198E-03 1.3807E-03 9.8963E-04 2.3094E-03 6.4593E-04 0.0000E+00 4.8774E-03
  40.-  42. 2.8495E-03 1.4467E-03 3.1631E-03 2.5932E-03 1.5198E-03 1.3807E-03 3.9585E-03 7.6979E-04 6.4593E-04 5.7136E-04 5.4194E-03
  42.-  44. 0.0000E+00 1.4467E-03 3.1631E-03 0.0000E+00 1.5198E-03 1.3807E-03 1.9793E-03 1.5396E-03 6.4593E-04 0.0000E+00 4.3355E-03
  44.-  46. 5.6990E-03 0.0000E+00 6.3262E-03 5.1865E-03 0.0000E+00 0.0000E+00 9.8963E-04 7.6979E-04 6.4593E-04 0.0000E+00 3.2516E-03
  46.-  48. 0.0000E+00 0.0000E+00 0.0000E+00 0.0000E+00 0.0000E+00 0.0000E+00 0.0000E+00 0.0000E+00 0.0000E+00 0.0000E+00 1.6258E-03
  48.-  50. 2.8495E-03 0.0000E+00 3.1631E-03 2.5932E-03 0.0000E+00 0.0000E+00 0.0000E+00 0.0000E+00 0.0000E+00 5.7136E-04 1.0839E-03
  50.-  55. 0.0000E+00 0.0000E+00 0.0000E+00 0.0000E+00 0.0000E+00 0.0000E+00 3.9585E-04 6.1584E-04 2.5837E-04 0.0000E+00 1.0839E-03
  55.-  60. 0.0000E+00 5.7870E-04 0.0000E+00 0.0000E+00 6.0794E-04 5.5230E-04 3.9585E-04 0.0000E+00 0.0000E+00 0.0000E+00 4.3355E-04
  60.-  65. 0.0000E+00 5.7870E-04 0.0000E+00 0.0000E+00 0.0000E+00 5.5230E-04 0.0000E+00 0.0000E+00 0.0000E+00 0.0000E+00 2.1677E-04
 energ. int. 7.9787E-01 6.8865E-01 7.9077E-01 7.8316E-01 7.2345E-01 6.8485E-01 6.7097E-01 5.4040E-01 5.0900E-01 3.9081E-01 3.7556E+00


                         Double differential cross-section d2S/dTdO (mb/MeV/sr) of    t
            prod. xsec for all energies= 5.1376E-01 mb, for    3.<T< 250. xsec= 5.1159E-01mb
  T(MeV)/angle:  10.        20.         9.        11.        19.        21.        30.        40.        50.        60.    dS/dT(mb/MeV)
   0.-   2. 0.0000E+00 0.0000E+00 0.0000E+00 0.0000E+00 0.0000E+00 0.0000E+00 0.0000E+00 0.0000E+00 0.0000E+00 0.0000E+00 5.4194E-04
   2.-   4. 0.0000E+00 0.0000E+00 0.0000E+00 0.0000E+00 0.0000E+00 0.0000E+00 0.0000E+00 0.0000E+00 0.0000E+00 0.0000E+00 1.6258E-03
   4.-   6. 0.0000E+00 0.0000E+00 0.0000E+00 0.0000E+00 0.0000E+00 0.0000E+00 0.0000E+00 0.0000E+00 0.0000E+00 0.0000E+00 1.6258E-03
   6.-   8. 0.0000E+00 0.0000E+00 0.0000E+00 0.0000E+00 0.0000E+00 0.0000E+00 0.0000E+00 7.6979E-04 0.0000E+00 0.0000E+00 2.7097E-03
   8.-  10. 0.0000E+00 0.0000E+00 0.0000E+00 0.0000E+00 0.0000E+00 0.0000E+00 0.0000E+00 0.0000E+00 1.9378E-03 1.1427E-03 5.4194E-03
  10.-  12. 5.6990E-03 0.0000E+00 6.3262E-03 5.1865E-03 0.0000E+00 0.0000E+00 5.9378E-03 2.3094E-03 3.2297E-03 3.9995E-03 2.8723E-02
  12.-  14. 1.1398E-02 2.8935E-03 3.1631E-03 1.0373E-02 6.0794E-03 4.1422E-03 3.9585E-03 5.3886E-03 3.8756E-03 3.9995E-03 3.5226E-02
  14.-  16. 5.6990E-03 1.0127E-02 6.3262E-03 7.7797E-03 9.1191E-03 8.2845E-03 3.9585E-03 6.1584E-03 1.9378E-03 6.2850E-03 3.3600E-02
  16.-  18. 8.5486E-03 8.6804E-03 9.4892E-03 1.0373E-02 9.1191E-03 9.6652E-03 6.9274E-03 3.8490E-03 3.8756E-03 3.9995E-03 3.3058E-02
  18.-  20. 0.0000E+00 5.7870E-03 0.0000E+00 2.5932E-03 1.5198E-03 4.1422E-03 2.9689E-03 4.6188E-03 3.8756E-03 2.2854E-03 2.5471E-02
  20.-  22. 0.0000E+00 4.3402E-03 0.0000E+00 0.0000E+00 3.0397E-03 4.1422E-03 3.9585E-03 2.3094E-03 3.8756E-03 4.5709E-03 2.5471E-02
  22.-  24. 0.0000E+00 5.7870E-03 0.0000E+00 2.5932E-03 6.0794E-03 5.5230E-03 8.9067E-03 3.0792E-03 1.2919E-03 0.0000E+00 1.4090E-02
  24.-  26. 2.8495E-03 2.8935E-03 3.1631E-03 2.5932E-03 3.0397E-03 4.1422E-03 3.9585E-03 1.5396E-03 3.8756E-03 2.8568E-03 1.6258E-02
  26.-  28. 0.0000E+00 1.4467E-03 0.0000E+00 0.0000E+00 1.5198E-03 1.3807E-03 2.9689E-03 3.0792E-03 1.2919E-03 0.0000E+00 9.7548E-03
  28.-  30. 0.0000E+00 0.0000E+00 0.0000E+00 0.0000E+00 0.0000E+00 0.0000E+00 9.8963E-04 0.0000E+00 6.4593E-04 5.7136E-04 3.7936E-03
  30.-  32. 0.0000E+00 4.3402E-03 0.0000E+00 0.0000E+00 4.5595E-03 4.1422E-03 3.9585E-03 7.6979E-04 6.4593E-04 5.7136E-04 7.5871E-03
  32.-  34. 0.0000E+00 0.0000E+00 0.0000E+00 0.0000E+00 0.0000E+00 0.0000E+00 0.0000E+00 7.6979E-04 0.0000E+00 0.0000E+00 2.1677E-03
  34.-  36. 0.0000E+00 0.0000E+00 0.0000E+00 0.0000E+00 0.0000E+00 0.0000E+00 9.8963E-04 1.5396E-03 6.4593E-04 1.7141E-03 3.7936E-03
  36.-  38. 0.0000E+00 1.4467E-03 0.0000E+00 0.0000E+00 1.5198E-03 1.3807E-03 0.0000E+00 0.0000E+00 0.0000E+00 0.0000E+00 1.0839E-03
  38.-  40. 0.0000E+00 0.0000E+00 0.0000E+00 0.0000E+00 0.0000E+00 0.0000E+00 0.0000E+00 7.6979E-04 0.0000E+00 0.0000E+00 1.0839E-03
  40.-  42. 2.8495E-03 1.4467E-03 3.1631E-03 2.5932E-03 1.5198E-03 1.3807E-03 1.9793E-03 0.0000E+00 0.0000E+00 0.0000E+00 2.1677E-03
  42.-  44. 0.0000E+00 0.0000E+00 0.0000E+00 0.0000E+00 0.0000E+00 0.0000E+00 0.0000E+00 0.0000E+00 0.0000E+00 5.7136E-04 5.4194E-04
  44.-  46. 0.0000E+00 0.0000E+00 0.0000E+00 0.0000E+00 0.0000E+00 0.0000E+00 0.0000E+00 0.0000E+00 6.4593E-04 0.0000E+00 5.4194E-04
  46.-  48. 0.0000E+00 0.0000E+00 0.0000E+00 0.0000E+00 0.0000E+00 0.0000E+00 0.0000E+00 0.0000E+00 6.4593E-04 0.0000E+00 5.4194E-04
 energ. int. 7.4088E-02 9.8378E-02 6.3262E-02 8.8170E-02 9.4231E-02 9.6652E-02 1.0292E-01 7.3900E-02 6.4593E-02 6.5135E-02 5.1159E-01


                         Double differential cross-section d2S/dTdO (mb/MeV/sr) of  He3
            prod. xsec for all energies= 4.3355E-02 mb, for    2.<T< 580. xsec= 4.3355E-02mb
  T(MeV)/angle:  10.        20.         9.        11.        19.        21.        30.        40.        50.        60.    dS/dT(mb/MeV)
  18.-  20. 0.0000E+00 0.0000E+00 0.0000E+00 0.0000E+00 0.0000E+00 0.0000E+00 0.0000E+00 0.0000E+00 0.0000E+00 0.0000E+00 1.0839E-03
  20.-  22. 0.0000E+00 0.0000E+00 0.0000E+00 0.0000E+00 0.0000E+00 0.0000E+00 0.0000E+00 0.0000E+00 0.0000E+00 0.0000E+00 2.1677E-03
  22.-  24. 0.0000E+00 1.4467E-03 0.0000E+00 0.0000E+00 1.5198E-03 1.3807E-03 9.8963E-04 7.6979E-04 6.4593E-04 0.0000E+00 3.2516E-03
  24.-  26. 0.0000E+00 0.0000E+00 0.0000E+00 0.0000E+00 0.0000E+00 0.0000E+00 0.0000E+00 0.0000E+00 0.0000E+00 0.0000E+00 5.4194E-04
  26.-  28. 2.8495E-03 1.4467E-03 3.1631E-03 2.5932E-03 1.5198E-03 1.3807E-03 0.0000E+00 7.6979E-04 0.0000E+00 0.0000E+00 3.2516E-03
  28.-  30. 0.0000E+00 0.0000E+00 0.0000E+00 0.0000E+00 0.0000E+00 0.0000E+00 9.8963E-04 7.6979E-04 0.0000E+00 0.0000E+00 2.7097E-03
  30.-  32. 0.0000E+00 0.0000E+00 0.0000E+00 0.0000E+00 0.0000E+00 0.0000E+00 0.0000E+00 0.0000E+00 6.4593E-04 1.1427E-03 2.1677E-03
  32.-  34. 0.0000E+00 0.0000E+00 0.0000E+00 0.0000E+00 0.0000E+00 0.0000E+00 0.0000E+00 7.6979E-04 6.4593E-04 0.0000E+00 1.6258E-03
  34.-  36. 0.0000E+00 0.0000E+00 0.0000E+00 0.0000E+00 0.0000E+00 0.0000E+00 0.0000E+00 0.0000E+00 6.4593E-04 5.7136E-04 1.0839E-03
  36.-  38. 2.8495E-03 0.0000E+00 3.1631E-03 2.5932E-03 0.0000E+00 0.0000E+00 0.0000E+00 0.0000E+00 0.0000E+00 0.0000E+00 5.4194E-04
  40.-  42. 0.0000E+00 0.0000E+00 0.0000E+00 0.0000E+00 0.0000E+00 0.0000E+00 9.8963E-04 0.0000E+00 6.4593E-04 0.0000E+00 1.0839E-03
  44.-  46. 0.0000E+00 1.4467E-03 0.0000E+00 0.0000E+00 1.5198E-03 1.3807E-03 0.0000E+00 0.0000E+00 0.0000E+00 0.0000E+00 1.0839E-03
  48.-  50. 0.0000E+00 0.0000E+00 0.0000E+00 0.0000E+00 0.0000E+00 0.0000E+00 0.0000E+00 0.0000E+00 0.0000E+00 0.0000E+00 5.4194E-04
  50.-  55. 0.0000E+00 0.0000E+00 0.0000E+00 0.0000E+00 0.0000E+00 0.0000E+00 3.9585E-04 0.0000E+00 0.0000E+00 0.0000E+00 2.1677E-04
 energ. int. 1.1398E-02 8.6804E-03 1.2652E-02 1.0373E-02 9.1191E-03 8.2845E-03 7.9170E-03 6.1584E-03 6.4593E-03 3.4282E-03 4.3355E-02


                         Double differential cross-section d2S/dTdO (mb/MeV/sr) of  He4
            prod. xsec for all energies= 4.8991E-01 mb, for    2.<T< 650. xsec= 4.8991E-01mb
  T(MeV)/angle:  10.        20.         9.        11.        19.        21.        30.        40.        50.        60.    dS/dT(mb/MeV)
   2.-   4. 0.0000E+00 0.0000E+00 0.0000E+00 0.0000E+00 0.0000E+00 0.0000E+00 0.0000E+00 0.0000E+00 6.4593E-04 5.7136E-04 1.0839E-03
   4.-   6. 0.0000E+00 0.0000E+00 0.0000E+00 0.0000E+00 0.0000E+00 0.0000E+00 9.8963E-04 0.0000E+00 0.0000E+00 0.0000E+00 1.6258E-03
   6.-   8. 2.8495E-03 0.0000E+00 3.1631E-03 2.5932E-03 0.0000E+00 0.0000E+00 0.0000E+00 1.5396E-03 6.4593E-04 0.0000E+00 8.1290E-03
   8.-  10. 0.0000E+00 0.0000E+00 0.0000E+00 0.0000E+00 0.0000E+00 0.0000E+00 9.8963E-04 7.6979E-04 0.0000E+00 1.1427E-03 7.0452E-03
  10.-  12. 0.0000E+00 0.0000E+00 0.0000E+00 0.0000E+00 0.0000E+00 0.0000E+00 0.0000E+00 0.0000E+00 1.2919E-03 0.0000E+00 9.2129E-03
  12.-  14. 0.0000E+00 0.0000E+00 0.0000E+00 0.0000E+00 0.0000E+00 0.0000E+00 0.0000E+00 1.5396E-03 6.4593E-04 1.1427E-03 1.1923E-02
  14.-  16. 0.0000E+00 1.4467E-03 0.0000E+00 2.5932E-03 1.5198E-03 0.0000E+00 0.0000E+00 0.0000E+00 0.0000E+00 5.7136E-04 5.9613E-03
  16.-  18. 0.0000E+00 0.0000E+00 0.0000E+00 0.0000E+00 0.0000E+00 1.3807E-03 9.8963E-04 1.5396E-03 1.2919E-03 1.1427E-03 8.6710E-03
  18.-  20. 0.0000E+00 1.4467E-03 0.0000E+00 0.0000E+00 1.5198E-03 1.3807E-03 1.9793E-03 1.5396E-03 1.9378E-03 0.0000E+00 1.4090E-02
  20.-  22. 2.8495E-03 1.4467E-03 3.1631E-03 2.5932E-03 1.5198E-03 1.3807E-03 2.9689E-03 7.6979E-04 3.8756E-03 2.8568E-03 3.9019E-02
  22.-  24. 2.8495E-03 0.0000E+00 3.1631E-03 0.0000E+00 0.0000E+00 1.3807E-03 9.8963E-03 3.0792E-03 1.2919E-03 6.2850E-03 4.8232E-02
  24.-  26. 5.6990E-03 5.7870E-03 6.3262E-03 5.1865E-03 6.0794E-03 5.5230E-03 4.9481E-03 3.8490E-03 5.8134E-03 2.2854E-03 3.7394E-02
  26.-  28. 2.8495E-03 0.0000E+00 3.1631E-03 2.5932E-03 0.0000E+00 1.3807E-03 5.9378E-03 3.0792E-03 6.4593E-04 1.7141E-03 2.1136E-02
  28.-  30. 2.8495E-03 1.4467E-03 3.1631E-03 2.5932E-03 0.0000E+00 2.7615E-03 1.9793E-03 0.0000E+00 0.0000E+00 5.7136E-04 7.0452E-03
  30.-  32. 0.0000E+00 2.8935E-03 0.0000E+00 0.0000E+00 3.0397E-03 2.7615E-03 9.8963E-04 1.5396E-03 0.0000E+00 5.7136E-04 1.0297E-02
  32.-  34. 0.0000E+00 0.0000E+00 0.0000E+00 0.0000E+00 0.0000E+00 0.0000E+00 0.0000E+00 0.0000E+00 6.4593E-04 0.0000E+00 5.4194E-04
  34.-  36. 2.8495E-03 0.0000E+00 3.1631E-03 2.5932E-03 0.0000E+00 0.0000E+00 9.8963E-04 1.5396E-03 0.0000E+00 1.1427E-03 3.2516E-03
  36.-  38. 0.0000E+00 0.0000E+00 0.0000E+00 0.0000E+00 0.0000E+00 0.0000E+00 9.8963E-04 0.0000E+00 6.4593E-04 0.0000E+00 3.7936E-03
  38.-  40. 0.0000E+00 0.0000E+00 0.0000E+00 0.0000E+00 0.0000E+00 0.0000E+00 1.9793E-03 0.0000E+00 1.2919E-03 0.0000E+00 3.2516E-03
  42.-  44. 0.0000E+00 0.0000E+00 0.0000E+00 0.0000E+00 0.0000E+00 0.0000E+00 0.0000E+00 0.0000E+00 0.0000E+00 0.0000E+00 5.4194E-04
  44.-  46. 0.0000E+00 0.0000E+00 0.0000E+00 0.0000E+00 0.0000E+00 0.0000E+00 0.0000E+00 0.0000E+00 0.0000E+00 1.1427E-03 1.0839E-03
  48.-  50. 0.0000E+00 0.0000E+00 0.0000E+00 0.0000E+00 0.0000E+00 0.0000E+00 0.0000E+00 1.5396E-03 0.0000E+00 0.0000E+00 1.0839E-03
  50.-  55. 0.0000E+00 0.0000E+00 0.0000E+00 0.0000E+00 0.0000E+00 0.0000E+00 0.0000E+00 3.0792E-04 0.0000E+00 0.0000E+00 2.1677E-04
 energ. int. 4.5592E-02 2.8935E-02 5.0609E-02 4.1492E-02 2.7357E-02 3.5899E-02 7.1253E-02 4.6188E-02 4.1340E-02 4.2281E-02 4.8991E-01


                         Double differential cross-section d2S/dTdO (mb/MeV/sr) of  He6
            prod. xsec for all energies= 1.0839E-03 mb, for    2.<T<2500. xsec= 1.0839E-03mb
  T(MeV)/angle:  10.        20.         9.        11.        19.        21.        30.        40.        50.        60.    dS/dT(mb/MeV)
   6.-   8. 0.0000E+00 0.0000E+00 0.0000E+00 0.0000E+00 0.0000E+00 0.0000E+00 0.0000E+00 7.6979E-04 0.0000E+00 0.0000E+00 5.4194E-04
 energ. int. 0.0000E+00 0.0000E+00 0.0000E+00 0.0000E+00 0.0000E+00 0.0000E+00 0.0000E+00 1.5396E-03 0.0000E+00 0.0000E+00 1.0839E-03


                         Double differential cross-section d2S/dTdO (mb/MeV/sr) of  Be9
            prod. xsec for all energies= 3.4684E-02 mb, for    4.<T<2500. xsec= 3.4684E-02mb
  T(MeV)/angle:  10.        20.         9.        11.        19.        21.        30.        40.        50.        60.    dS/dT(mb/MeV)
  24.-  26. 0.0000E+00 0.0000E+00 0.0000E+00 0.0000E+00 0.0000E+00 0.0000E+00 0.0000E+00 0.0000E+00 0.0000E+00 0.0000E+00 5.4194E-04
  26.-  28. 0.0000E+00 1.4467E-03 0.0000E+00 0.0000E+00 1.5198E-03 1.3807E-03 0.0000E+00 0.0000E+00 0.0000E+00 0.0000E+00 3.2516E-03
  28.-  30. 2.8495E-03 0.0000E+00 3.1631E-03 2.5932E-03 0.0000E+00 0.0000E+00 0.0000E+00 0.0000E+00 6.4593E-04 0.0000E+00 3.2516E-03
  30.-  32. 0.0000E+00 0.0000E+00 0.0000E+00 0.0000E+00 0.0000E+00 0.0000E+00 0.0000E+00 0.0000E+00 6.4593E-04 0.0000E+00 2.7097E-03
  32.-  34. 0.0000E+00 1.4467E-03 0.0000E+00 0.0000E+00 1.5198E-03 1.3807E-03 0.0000E+00 0.0000E+00 6.4593E-04 1.1427E-03 3.2516E-03
  34.-  36. 0.0000E+00 1.4467E-03 0.0000E+00 0.0000E+00 1.5198E-03 1.3807E-03 0.0000E+00 7.6979E-04 0.0000E+00 0.0000E+00 1.6258E-03
  36.-  38. 0.0000E+00 1.4467E-03 0.0000E+00 0.0000E+00 0.0000E+00 1.3807E-03 0.0000E+00 0.0000E+00 1.2919E-03 5.7136E-04 2.7097E-03
 energ. int. 5.6990E-03 1.1574E-02 6.3262E-03 5.1865E-03 9.1191E-03 1.1046E-02 0.0000E+00 1.5396E-03 6.4593E-03 3.4282E-03 3.4684E-02


                         Double differential cross-section d2S/dTdO (mb/MeV/sr) of  B10
            prod. xsec for all energies= 6.5032E-03 mb, for    9.<T<2500. xsec= 6.5032E-03mb
  T(MeV)/angle:  10.        20.         9.        11.        19.        21.        30.        40.        50.        60.    dS/dT(mb/MeV)
  32.-  34. 0.0000E+00 0.0000E+00 0.0000E+00 0.0000E+00 0.0000E+00 0.0000E+00 0.0000E+00 0.0000E+00 0.0000E+00 0.0000E+00 5.4194E-04
  36.-  38. 0.0000E+00 0.0000E+00 0.0000E+00 0.0000E+00 0.0000E+00 0.0000E+00 9.8963E-04 0.0000E+00 0.0000E+00 0.0000E+00 5.4194E-04
  38.-  40. 2.8495E-03 0.0000E+00 3.1631E-03 0.0000E+00 0.0000E+00 0.0000E+00 0.0000E+00 0.0000E+00 6.4593E-04 0.0000E+00 1.0839E-03
  40.-  42. 0.0000E+00 0.0000E+00 0.0000E+00 0.0000E+00 0.0000E+00 0.0000E+00 9.8963E-04 0.0000E+00 0.0000E+00 0.0000E+00 5.4194E-04
  48.-  50. 0.0000E+00 0.0000E+00 0.0000E+00 0.0000E+00 0.0000E+00 0.0000E+00 9.8963E-04 0.0000E+00 0.0000E+00 0.0000E+00 5.4194E-04
 energ. int. 5.6990E-03 0.0000E+00 6.3262E-03 0.0000E+00 0.0000E+00 0.0000E+00 5.9378E-03 0.0000E+00 1.2919E-03 0.0000E+00 6.5032E-03


                         Double differential cross-section d2S/dTdO (mb/MeV/sr) of  B11
            prod. xsec for all energies= 9.7548E-03 mb, for    9.<T<2500. xsec= 9.7548E-03mb
  T(MeV)/angle:  10.        20.         9.        11.        19.        21.        30.        40.        50.        60.    dS/dT(mb/MeV)
  30.-  32. 0.0000E+00 0.0000E+00 0.0000E+00 0.0000E+00 0.0000E+00 0.0000E+00 0.0000E+00 0.0000E+00 0.0000E+00 0.0000E+00 5.4194E-04
  32.-  34. 0.0000E+00 0.0000E+00 0.0000E+00 0.0000E+00 0.0000E+00 0.0000E+00 0.0000E+00 0.0000E+00 0.0000E+00 0.0000E+00 5.4194E-04
  36.-  38. 0.0000E+00 0.0000E+00 0.0000E+00 0.0000E+00 0.0000E+00 0.0000E+00 0.0000E+00 0.0000E+00 0.0000E+00 0.0000E+00 5.4194E-04
  38.-  40. 0.0000E+00 0.0000E+00 0.0000E+00 0.0000E+00 0.0000E+00 0.0000E+00 0.0000E+00 0.0000E+00 0.0000E+00 0.0000E+00 5.4194E-04
  40.-  42. 0.0000E+00 0.0000E+00 0.0000E+00 0.0000E+00 0.0000E+00 0.0000E+00 0.0000E+00 0.0000E+00 0.0000E+00 0.0000E+00 5.4194E-04
  42.-  44. 2.8495E-03 0.0000E+00 3.1631E-03 2.5932E-03 0.0000E+00 0.0000E+00 9.8963E-04 0.0000E+00 0.0000E+00 0.0000E+00 1.0839E-03
  46.-  48. 0.0000E+00 0.0000E+00 0.0000E+00 0.0000E+00 0.0000E+00 0.0000E+00 9.8963E-04 0.0000E+00 0.0000E+00 0.0000E+00 1.0839E-03
 energ. int. 5.6990E-03 0.0000E+00 6.3262E-03 5.1865E-03 0.0000E+00 0.0000E+00 3.9585E-03 0.0000E+00 0.0000E+00 0.0000E+00 9.7548E-03


                         Double differential cross-section d2S/dTdO (mb/MeV/sr) of  C11
            prod. xsec for all energies= 3.2516E-03 mb, for   11.<T<2500. xsec= 3.2516E-03mb
  T(MeV)/angle:  10.        20.         9.        11.        19.        21.        30.        40.        50.        60.    dS/dT(mb/MeV)
  42.-  44. 0.0000E+00 0.0000E+00 0.0000E+00 0.0000E+00 0.0000E+00 0.0000E+00 0.0000E+00 0.0000E+00 0.0000E+00 0.0000E+00 5.4194E-04
  44.-  46. 0.0000E+00 0.0000E+00 0.0000E+00 0.0000E+00 0.0000E+00 0.0000E+00 0.0000E+00 0.0000E+00 0.0000E+00 0.0000E+00 5.4194E-04
  55.-  60. 0.0000E+00 0.0000E+00 0.0000E+00 0.0000E+00 0.0000E+00 0.0000E+00 0.0000E+00 0.0000E+00 0.0000E+00 0.0000E+00 2.1677E-04
 energ. int. 0.0000E+00 0.0000E+00 0.0000E+00 0.0000E+00 0.0000E+00 0.0000E+00 0.0000E+00 0.0000E+00 0.0000E+00 0.0000E+00 3.2516E-03


          Angular distribution of produced fragments dS/dOm [mb/sr] for energy range(MeV)
Tmin-Tmax   0.- 160.   2.- 160.   3.- 215.   3.- 250.   2.- 580.   2.- 650.   2.-2500.   4.-2500.   4.-2500.   4.-2500.
ang1-ang2      n          p          d          t        He3        He4        He6        Li6        Li7        Li8
  0.-  5. 9.1717E+02 5.1103E+02 4.5332E-01 4.5332E-02 0.0000E+00 4.5332E-02 0.0000E+00 0.0000E+00 0.0000E+00 0.0000E+00
  5.- 10. 2.9020E+02 8.7184E+01 8.0291E-01 6.0597E-02 0.0000E+00 3.0298E-02 0.0000E+00 0.0000E+00 0.0000E+00 0.0000E+00
 10.- 15. 2.3896E+02 5.2157E+01 7.9482E-01 8.2223E-02 1.8272E-02 5.4815E-02 0.0000E+00 0.0000E+00 0.0000E+00 0.0000E+00
 15.- 20. 2.1541E+02 3.7844E+01 6.9703E-01 7.8909E-02 1.3152E-02 2.6303E-02 0.0000E+00 0.0000E+00 0.0000E+00 0.0000E+00
 20.- 25. 2.0415E+02 3.0677E+01 6.8206E-01 1.1368E-01 5.1671E-03 3.1003E-02 0.0000E+00 0.0000E+00 0.0000E+00 0.0000E+00
 25.- 30. 1.9827E+02 2.4242E+01 6.3379E-01 1.1991E-01 1.2847E-02 8.9930E-02 0.0000E+00 0.0000E+00 0.0000E+00 0.0000E+00
 30.- 35. 1.9233E+02 2.0591E+01 7.0292E-01 8.8325E-02 3.6802E-03 5.5203E-02 0.0000E+00 0.0000E+00 0.0000E+00 0.0000E+00
 35.- 40. 1.8699E+02 1.8937E+01 5.3920E-01 8.1205E-02 3.2482E-03 4.2226E-02 0.0000E+00 0.0000E+00 0.0000E+00 0.0000E+00
 40.- 45. 1.8447E+02 1.7231E+01 5.4147E-01 6.7318E-02 8.7806E-03 4.9757E-02 2.9269E-03 0.0000E+00 0.0000E+00 0.0000E+00
 45.- 50. 1.8064E+02 1.6049E+01 4.8812E-01 7.2414E-02 1.0728E-02 4.8276E-02 0.0000E+00 0.0000E+00 0.0000E+00 0.0000E+00
 50.- 55. 1.7999E+02 1.4735E+01 5.2839E-01 5.7326E-02 2.4924E-03 3.4894E-02 0.0000E+00 0.0000E+00 0.0000E+00 0.0000E+00
 55.- 60. 1.7515E+02 1.3648E+01 3.8920E-01 6.0958E-02 2.3445E-03 3.7513E-02 0.0000E+00 0.0000E+00 0.0000E+00 0.0000E+00
 60.- 65. 1.7469E+02 1.3079E+01 3.9235E-01 6.9107E-02 4.4585E-03 4.6814E-02 0.0000E+00 0.0000E+00 0.0000E+00 0.0000E+00
 65.- 70. 1.7210E+02 1.2739E+01 4.2378E-01 4.7086E-02 2.1403E-03 3.2104E-02 0.0000E+00 0.0000E+00 0.0000E+00 0.0000E+00
 70.- 75. 1.7163E+02 1.2081E+01 3.2759E-01 6.4273E-02 8.2933E-03 4.9760E-02 0.0000E+00 0.0000E+00 0.0000E+00 0.0000E+00
 75.- 80. 1.7045E+02 1.1885E+01 3.4837E-01 3.4431E-02 6.0761E-03 4.4558E-02 0.0000E+00 0.0000E+00 0.0000E+00 0.0000E+00
 80.- 85. 1.6870E+02 1.1705E+01 2.8520E-01 3.1911E-02 0.0000E+00 4.7866E-02 0.0000E+00 0.0000E+00 0.0000E+00 0.0000E+00
 85.- 90. 1.6760E+02 1.1583E+01 2.4543E-01 4.1564E-02 1.9793E-03 2.1772E-02 0.0000E+00 0.0000E+00 0.0000E+00 0.0000E+00
 90.- 95. 1.6800E+02 1.1505E+01 2.4543E-01 3.5627E-02 5.9378E-03 2.7710E-02 0.0000E+00 0.0000E+00 0.0000E+00 0.0000E+00
 95.-100. 1.6620E+02 1.1586E+01 2.0343E-01 1.7950E-02 1.9944E-03 5.1855E-02 0.0000E+00 0.0000E+00 0.0000E+00 0.0000E+00
100.-105. 1.6433E+02 1.1421E+01 2.1267E-01 2.2279E-02 4.0508E-03 5.2660E-02 0.0000E+00 0.0000E+00 0.0000E+00 0.0000E+00
105.-110. 1.6554E+02 1.1764E+01 2.0111E-01 2.2807E-02 0.0000E+00 2.6953E-02 0.0000E+00 0.0000E+00 0.0000E+00 0.0000E+00
110.-115. 1.6494E+02 1.2088E+01 1.2842E-01 2.1403E-02 0.0000E+00 2.3543E-02 0.0000E+00 0.0000E+00 0.0000E+00 0.0000E+00
115.-120. 1.6390E+02 1.2816E+01 1.2261E-01 4.4585E-03 4.4585E-03 3.1210E-02 0.0000E+00 0.0000E+00 0.0000E+00 0.0000E+00
120.-125. 1.6454E+02 1.3362E+01 1.1488E-01 1.6412E-02 2.3445E-03 2.5790E-02 0.0000E+00 0.0000E+00 0.0000E+00 0.0000E+00
125.-130. 1.6445E+02 1.4237E+01 1.5453E-01 1.4955E-02 0.0000E+00 2.2432E-02 0.0000E+00 0.0000E+00 0.0000E+00 0.0000E+00
130.-135. 1.6596E+02 1.5534E+01 1.3410E-01 2.1456E-02 2.6820E-03 4.8276E-02 0.0000E+00 0.0000E+00 0.0000E+00 0.0000E+00
135.-140. 1.6563E+02 1.6584E+01 7.0245E-02 1.4634E-02 0.0000E+00 2.9269E-02 0.0000E+00 0.0000E+00 0.0000E+00 0.0000E+00
140.-145. 1.6963E+02 1.8388E+01 1.0719E-01 1.6241E-02 0.0000E+00 4.2226E-02 0.0000E+00 0.0000E+00 0.0000E+00 0.0000E+00
145.-150. 1.7358E+02 2.1106E+01 1.0673E-01 2.2081E-02 0.0000E+00 4.4162E-02 0.0000E+00 0.0000E+00 0.0000E+00 0.0000E+00
150.-155. 1.7822E+02 2.3998E+01 1.2419E-01 2.1412E-02 0.0000E+00 5.1388E-02 0.0000E+00 0.0000E+00 0.0000E+00 0.0000E+00
155.-160. 1.8432E+02 2.9050E+01 5.6838E-02 2.5836E-02 0.0000E+00 1.5501E-02 0.0000E+00 0.0000E+00 0.0000E+00 0.0000E+00
160.-165. 1.9530E+02 3.6844E+01 7.8909E-02 6.5758E-03 0.0000E+00 6.5758E-03 0.0000E+00 0.0000E+00 0.0000E+00 0.0000E+00
165.-170. 2.1661E+02 5.2294E+01 5.4815E-02 9.1359E-03 0.0000E+00 7.3087E-02 0.0000E+00 0.0000E+00 0.0000E+00 0.0000E+00
170.-175. 2.6884E+02 8.6078E+01 7.5746E-02 3.0298E-02 0.0000E+00 0.0000E+00 0.0000E+00 0.0000E+00 0.0000E+00 0.0000E+00
175.-180. 5.1421E+02 2.5975E+02 1.3600E-01 0.0000E+00 0.0000E+00 4.5332E-02 0.0000E+00 0.0000E+00 0.0000E+00 0.0000E+00
 Int. x sec 2.5456E+03 4.2239E+02 3.7556E+00 5.1159E-01 4.3355E-02 4.8991E-01 1.0839E-03 0.0000E+00 0.0000E+00 0.0000E+00


          Angular distribution of produced fragments dS/dOm [mb/sr] for energy range(MeV)
Tmin-Tmax   4.-2500.   4.-2500.   4.-2500.   4.-2500.   9.-2500.   9.-2500.   9.-2500.   9.-2500.  11.-2500.  11.-2500.
ang1-ang2    Li9        Be7        Be9       Be10         B9        B10        B11        B12        C11        C12
  0.-  5. 0.0000E+00 0.0000E+00 0.0000E+00 0.0000E+00 0.0000E+00 0.0000E+00 0.0000E+00 0.0000E+00 0.0000E+00 0.0000E+00
  5.- 10. 0.0000E+00 0.0000E+00 1.5149E-02 0.0000E+00 0.0000E+00 1.5149E-02 1.5149E-02 0.0000E+00 0.0000E+00 0.0000E+00
 10.- 15. 0.0000E+00 0.0000E+00 0.0000E+00 0.0000E+00 0.0000E+00 0.0000E+00 0.0000E+00 0.0000E+00 0.0000E+00 0.0000E+00
 15.- 20. 0.0000E+00 0.0000E+00 6.5758E-03 0.0000E+00 0.0000E+00 0.0000E+00 0.0000E+00 0.0000E+00 0.0000E+00 0.0000E+00
 20.- 25. 0.0000E+00 0.0000E+00 1.5501E-02 0.0000E+00 0.0000E+00 0.0000E+00 0.0000E+00 0.0000E+00 0.0000E+00 0.0000E+00
 25.- 30. 0.0000E+00 0.0000E+00 0.0000E+00 0.0000E+00 0.0000E+00 1.2847E-02 4.2824E-03 0.0000E+00 0.0000E+00 0.0000E+00
 30.- 35. 0.0000E+00 0.0000E+00 0.0000E+00 0.0000E+00 0.0000E+00 0.0000E+00 3.6802E-03 0.0000E+00 0.0000E+00 0.0000E+00
 35.- 40. 0.0000E+00 0.0000E+00 3.2482E-03 0.0000E+00 0.0000E+00 0.0000E+00 0.0000E+00 0.0000E+00 0.0000E+00 0.0000E+00
 40.- 45. 0.0000E+00 0.0000E+00 0.0000E+00 0.0000E+00 0.0000E+00 0.0000E+00 0.0000E+00 0.0000E+00 0.0000E+00 0.0000E+00
 45.- 50. 0.0000E+00 0.0000E+00 2.6820E-03 0.0000E+00 0.0000E+00 2.6820E-03 0.0000E+00 0.0000E+00 0.0000E+00 0.0000E+00
 50.- 55. 0.0000E+00 0.0000E+00 9.9697E-03 0.0000E+00 0.0000E+00 0.0000E+00 0.0000E+00 0.0000E+00 0.0000E+00 0.0000E+00
 55.- 60. 0.0000E+00 0.0000E+00 4.6891E-03 0.0000E+00 0.0000E+00 0.0000E+00 0.0000E+00 0.0000E+00 0.0000E+00 0.0000E+00
 60.- 65. 0.0000E+00 0.0000E+00 2.2293E-03 0.0000E+00 0.0000E+00 0.0000E+00 0.0000E+00 0.0000E+00 0.0000E+00 0.0000E+00
 65.- 70. 0.0000E+00 0.0000E+00 4.2806E-03 0.0000E+00 0.0000E+00 0.0000E+00 0.0000E+00 0.0000E+00 2.1403E-03 0.0000E+00
 70.- 75. 0.0000E+00 0.0000E+00 0.0000E+00 0.0000E+00 0.0000E+00 0.0000E+00 0.0000E+00 0.0000E+00 0.0000E+00 0.0000E+00
 75.- 80. 0.0000E+00 0.0000E+00 4.0508E-03 0.0000E+00 0.0000E+00 0.0000E+00 0.0000E+00 0.0000E+00 2.0254E-03 0.0000E+00
 80.- 85. 0.0000E+00 0.0000E+00 3.9889E-03 0.0000E+00 0.0000E+00 0.0000E+00 0.0000E+00 0.0000E+00 1.9944E-03 0.0000E+00
 85.- 90. 0.0000E+00 0.0000E+00 1.9793E-03 0.0000E+00 0.0000E+00 0.0000E+00 3.9585E-03 0.0000E+00 0.0000E+00 0.0000E+00
 90.- 95. 0.0000E+00 0.0000E+00 5.9378E-03 0.0000E+00 0.0000E+00 0.0000E+00 0.0000E+00 0.0000E+00 0.0000E+00 0.0000E+00
 95.-100. 0.0000E+00 0.0000E+00 1.9944E-03 0.0000E+00 0.0000E+00 0.0000E+00 5.9833E-03 0.0000E+00 0.0000E+00 0.0000E+00
100.-105. 0.0000E+00 0.0000E+00 2.0254E-03 0.0000E+00 0.0000E+00 2.0254E-03 0.0000E+00 0.0000E+00 0.0000E+00 0.0000E+00
105.-110. 0.0000E+00 0.0000E+00 0.0000E+00 0.0000E+00 0.0000E+00 0.0000E+00 0.0000E+00 0.0000E+00 0.0000E+00 0.0000E+00
110.-115. 0.0000E+00 0.0000E+00 2.1403E-03 0.0000E+00 0.0000E+00 0.0000E+00 0.0000E+00 0.0000E+00 0.0000E+00 0.0000E+00
115.-120. 0.0000E+00 0.0000E+00 2.2293E-03 0.0000E+00 0.0000E+00 0.0000E+00 0.0000E+00 0.0000E+00 0.0000E+00 0.0000E+00
120.-125. 0.0000E+00 0.0000E+00 0.0000E+00 0.0000E+00 0.0000E+00 0.0000E+00 2.3445E-03 0.0000E+00 0.0000E+00 0.0000E+00
125.-130. 0.0000E+00 0.0000E+00 0.0000E+00 0.0000E+00 0.0000E+00 0.0000E+00 0.0000E+00 0.0000E+00 0.0000E+00 0.0000E+00
130.-135. 0.0000E+00 0.0000E+00 8.0460E-03 0.0000E+00 0.0000E+00 0.0000E+00 0.0000E+00 0.0000E+00 0.0000E+00 0.0000E+00
135.-140. 0.0000E+00 0.0000E+00 0.0000E+00 0.0000E+00 0.0000E+00 0.0000E+00 0.0000E+00 0.0000E+00 0.0000E+00 0.0000E+00
140.-145. 0.0000E+00 0.0000E+00 0.0000E+00 0.0000E+00 0.0000E+00 0.0000E+00 0.0000E+00 0.0000E+00 0.0000E+00 0.0000E+00
145.-150. 0.0000E+00 0.0000E+00 3.6802E-03 0.0000E+00 0.0000E+00 0.0000E+00 0.0000E+00 0.0000E+00 0.0000E+00 0.0000E+00
150.-155. 0.0000E+00 0.0000E+00 0.0000E+00 0.0000E+00 0.0000E+00 0.0000E+00 0.0000E+00 0.0000E+00 0.0000E+00 0.0000E+00
155.-160. 0.0000E+00 0.0000E+00 0.0000E+00 0.0000E+00 0.0000E+00 0.0000E+00 0.0000E+00 0.0000E+00 0.0000E+00 0.0000E+00
160.-165. 0.0000E+00 0.0000E+00 0.0000E+00 0.0000E+00 0.0000E+00 0.0000E+00 0.0000E+00 0.0000E+00 0.0000E+00 0.0000E+00
165.-170. 0.0000E+00 0.0000E+00 0.0000E+00 0.0000E+00 0.0000E+00 0.0000E+00 0.0000E+00 0.0000E+00 0.0000E+00 0.0000E+00
170.-175. 0.0000E+00 0.0000E+00 0.0000E+00 0.0000E+00 0.0000E+00 0.0000E+00 0.0000E+00 0.0000E+00 0.0000E+00 0.0000E+00
175.-180. 0.0000E+00 0.0000E+00 0.0000E+00 0.0000E+00 0.0000E+00 0.0000E+00 0.0000E+00 0.0000E+00 0.0000E+00 0.0000E+00
 Int. xsec 0.0000E+00 0.0000E+00 3.4684E-02 0.0000E+00 0.0000E+00 6.5032E-03 9.7548E-03 0.0000E+00 3.2516E-03 0.0000E+00


          Angular distribution of produced fragments dS/dOm [mb/sr] for energy range(MeV)
Tmin-Tmax  11.-2500.  11.-2500.  14.-2500.  16.-2500.  16.-2500.  16.-2500.  16.-2500.  16.-2500.  16.-2500.  16.-2500.
ang1-ang2    C13        C14        Z=7        Z=8        Z=9       Z=10       Z=11       Z=12       Z=13       Z=14
  0.-  5. 0.0000E+00 0.0000E+00 0.0000E+00 0.0000E+00 0.0000E+00 0.0000E+00 0.0000E+00 0.0000E+00 0.0000E+00 0.0000E+00
  5.- 10. 0.0000E+00 0.0000E+00 0.0000E+00 0.0000E+00 0.0000E+00 0.0000E+00 0.0000E+00 0.0000E+00 0.0000E+00 0.0000E+00
 10.- 15. 0.0000E+00 0.0000E+00 0.0000E+00 0.0000E+00 0.0000E+00 0.0000E+00 0.0000E+00 0.0000E+00 0.0000E+00 0.0000E+00
 15.- 20. 0.0000E+00 0.0000E+00 0.0000E+00 0.0000E+00 0.0000E+00 0.0000E+00 0.0000E+00 0.0000E+00 0.0000E+00 0.0000E+00
 20.- 25. 0.0000E+00 0.0000E+00 0.0000E+00 0.0000E+00 0.0000E+00 0.0000E+00 0.0000E+00 0.0000E+00 0.0000E+00 0.0000E+00
 25.- 30. 0.0000E+00 0.0000E+00 0.0000E+00 0.0000E+00 0.0000E+00 0.0000E+00 0.0000E+00 0.0000E+00 0.0000E+00 0.0000E+00
 30.- 35. 0.0000E+00 0.0000E+00 0.0000E+00 0.0000E+00 0.0000E+00 0.0000E+00 0.0000E+00 0.0000E+00 0.0000E+00 0.0000E+00
 35.- 40. 0.0000E+00 0.0000E+00 0.0000E+00 0.0000E+00 0.0000E+00 0.0000E+00 0.0000E+00 0.0000E+00 0.0000E+00 0.0000E+00
 40.- 45. 0.0000E+00 0.0000E+00 0.0000E+00 0.0000E+00 0.0000E+00 0.0000E+00 0.0000E+00 0.0000E+00 0.0000E+00 0.0000E+00
 45.- 50. 0.0000E+00 0.0000E+00 0.0000E+00 0.0000E+00 0.0000E+00 0.0000E+00 0.0000E+00 0.0000E+00 0.0000E+00 0.0000E+00
 50.- 55. 0.0000E+00 0.0000E+00 0.0000E+00 0.0000E+00 0.0000E+00 0.0000E+00 0.0000E+00 0.0000E+00 0.0000E+00 0.0000E+00
 55.- 60. 0.0000E+00 0.0000E+00 0.0000E+00 0.0000E+00 0.0000E+00 0.0000E+00 0.0000E+00 0.0000E+00 0.0000E+00 0.0000E+00
 60.- 65. 0.0000E+00 0.0000E+00 0.0000E+00 0.0000E+00 0.0000E+00 0.0000E+00 0.0000E+00 0.0000E+00 0.0000E+00 0.0000E+00
 65.- 70. 0.0000E+00 0.0000E+00 0.0000E+00 0.0000E+00 0.0000E+00 0.0000E+00 0.0000E+00 0.0000E+00 0.0000E+00 0.0000E+00
 70.- 75. 0.0000E+00 0.0000E+00 0.0000E+00 0.0000E+00 0.0000E+00 0.0000E+00 0.0000E+00 0.0000E+00 0.0000E+00 0.0000E+00
 75.- 80. 0.0000E+00 0.0000E+00 0.0000E+00 0.0000E+00 0.0000E+00 0.0000E+00 0.0000E+00 0.0000E+00 0.0000E+00 0.0000E+00
 80.- 85. 0.0000E+00 0.0000E+00 0.0000E+00 0.0000E+00 0.0000E+00 0.0000E+00 0.0000E+00 0.0000E+00 0.0000E+00 0.0000E+00
 85.- 90. 0.0000E+00 0.0000E+00 0.0000E+00 0.0000E+00 0.0000E+00 0.0000E+00 0.0000E+00 0.0000E+00 0.0000E+00 0.0000E+00
 90.- 95. 0.0000E+00 0.0000E+00 0.0000E+00 0.0000E+00 0.0000E+00 0.0000E+00 0.0000E+00 0.0000E+00 0.0000E+00 0.0000E+00
 95.-100. 0.0000E+00 0.0000E+00 0.0000E+00 0.0000E+00 0.0000E+00 0.0000E+00 0.0000E+00 0.0000E+00 0.0000E+00 0.0000E+00
100.-105. 0.0000E+00 0.0000E+00 0.0000E+00 0.0000E+00 0.0000E+00 0.0000E+00 0.0000E+00 0.0000E+00 0.0000E+00 0.0000E+00
105.-110. 0.0000E+00 0.0000E+00 0.0000E+00 0.0000E+00 0.0000E+00 0.0000E+00 0.0000E+00 0.0000E+00 0.0000E+00 0.0000E+00
110.-115. 0.0000E+00 0.0000E+00 0.0000E+00 0.0000E+00 0.0000E+00 0.0000E+00 0.0000E+00 0.0000E+00 0.0000E+00 0.0000E+00
115.-120. 0.0000E+00 0.0000E+00 0.0000E+00 0.0000E+00 0.0000E+00 0.0000E+00 0.0000E+00 0.0000E+00 0.0000E+00 0.0000E+00
120.-125. 0.0000E+00 0.0000E+00 0.0000E+00 0.0000E+00 0.0000E+00 0.0000E+00 0.0000E+00 0.0000E+00 0.0000E+00 0.0000E+00
125.-130. 0.0000E+00 0.0000E+00 0.0000E+00 0.0000E+00 0.0000E+00 0.0000E+00 0.0000E+00 0.0000E+00 0.0000E+00 0.0000E+00
130.-135. 0.0000E+00 0.0000E+00 0.0000E+00 0.0000E+00 0.0000E+00 0.0000E+00 0.0000E+00 0.0000E+00 0.0000E+00 0.0000E+00
135.-140. 0.0000E+00 0.0000E+00 0.0000E+00 0.0000E+00 0.0000E+00 0.0000E+00 0.0000E+00 0.0000E+00 0.0000E+00 0.0000E+00
140.-145. 0.0000E+00 0.0000E+00 0.0000E+00 0.0000E+00 0.0000E+00 0.0000E+00 0.0000E+00 0.0000E+00 0.0000E+00 0.0000E+00
145.-150. 0.0000E+00 0.0000E+00 0.0000E+00 0.0000E+00 0.0000E+00 0.0000E+00 0.0000E+00 0.0000E+00 0.0000E+00 0.0000E+00
150.-155. 0.0000E+00 0.0000E+00 0.0000E+00 0.0000E+00 0.0000E+00 0.0000E+00 0.0000E+00 0.0000E+00 0.0000E+00 0.0000E+00
155.-160. 0.0000E+00 0.0000E+00 0.0000E+00 0.0000E+00 0.0000E+00 0.0000E+00 0.0000E+00 0.0000E+00 0.0000E+00 0.0000E+00
160.-165. 0.0000E+00 0.0000E+00 0.0000E+00 0.0000E+00 0.0000E+00 0.0000E+00 0.0000E+00 0.0000E+00 0.0000E+00 0.0000E+00
165.-170. 0.0000E+00 0.0000E+00 0.0000E+00 0.0000E+00 0.0000E+00 0.0000E+00 0.0000E+00 0.0000E+00 0.0000E+00 0.0000E+00
170.-175. 0.0000E+00 0.0000E+00 0.0000E+00 0.0000E+00 0.0000E+00 0.0000E+00 0.0000E+00 0.0000E+00 0.0000E+00 0.0000E+00
175.-180. 0.0000E+00 0.0000E+00 0.0000E+00 0.0000E+00 0.0000E+00 0.0000E+00 0.0000E+00 0.0000E+00 0.0000E+00 0.0000E+00
 Int. xsec 0.0000E+00 0.0000E+00 0.0000E+00 0.0000E+00 0.0000E+00 0.0000E+00 0.0000E+00 0.0000E+00 0.0000E+00 0.0000E+00

 Elapsed cpu time  =  45. hr, 16. min, and 54.125 sec.
