
                              NOTICE

   This software and ancillary information (herein called "software") named
   CEM03.03 is made available under the terms described here. The software has
   been approved for release with associated LA-CC number LA-CC-04-085.

        Copyright (2012). Los Alamos National Security, LLC.
   This material was produced under U.S. Government contract
   DE-AC52-06NA25396 for Los Alamos National Laboratory, which is operated
   by Los Alamos National Security, LLC, for the U.S. Department of Energy.
   The Government is granted for itself and others acting on its behalf a 
   paid-up, nonexclusive, irrevocable worldwide license in this material to
   reproduce, prepare derivative works, and perform publicly and display publicly.

   NEITHER THE UNITED STATES NOR THE UNITED STATES DEPARTMENT OF ENERGY,
   NOR LOS ALAMOS NATIONAL SECURITY LLC, NOR ANY OF THEIR EMPLOYEES,
   MAKES ANY WARRANTY, EXPRESS OR IMPLIED, OR ASSUMES ANY LEGAL LIABILITY
   OR RESPONSIBILITY FOR THE ACCURACY, COMPLETENESS, OR USEFULNESS OF ANY
   INFORMATION, APPARATUS, PRODUCT, OR PROCESS DISCLOSED, OR REPRESENTS
   THAT ITS USE WOULD NOT INFRINGE PRIVATELY OWNED RIGHTS.

        Additionally, the program is free software; you can redistribute
   it and/or modify it under the terms of the GNU General Public
   License as published by the Free Software Foundation; either
   version 2 of the License, or (at your option) any later version.
   Accordingly, this program is distributed in the hope that it will
   be useful, but WITHOUT ANY WARRANTY; without even the implied
   warranty of MERCHANTABILITY or FITNESS FOR A PARTICULAR PURPOSE.
   See the GNU General Public License for more details.

           The primary authors of CEM03.03 are: S. G. Mashnik (LANL),
      K. K. Gudima (IAP), and A. J. Sierk (LANL); with important contributions
      from R. E. Prael (LANL), M. I. Baznat (IAP), and N. V. Mokhov (Fermilab).
      (IAP = Institute of Applied Physics, Academy of Science of Moldova.)

  ------------------------------------------------------------------------------

 Tue Jan 24 12:06:00 2017

Projectile A, Z:  11,   5   (unkn)                                      
Target A, Z: 232,  92                                                   
Energy (GeV/A), limc:   0.0182,   1000000                               
 Number of types of evaporated particles = 66
 Number of types of preequilibrium particles = 66

    M      T0     A    Z   Q  B   limc   idel
10.3288 0.2000  232.  92.  5 11 1000000   1

 dt0 =   -5.0, t0max =  202.0, dteta =  5.0

  mspec mpyld  mchy  misy mdubl mang  ipar1 ipar2 
    0     0     0     0     0     0     1     9

 r0m =  1.2, & cevap = 12.0.

 lim =   10000000 .

 Geometrical cross section = 2589.62 mb.
 Calculation takes into account fission and evaporation processes
 using Furihata-s GEM2 code.
 The following level density parameters were used in
 the preequilibrium part of this calculation:
 a(Z,N,E) was calculated with Moller, Nix, Myers & Swiatecki microscopic
 corrections; [Atomic Data Nucl. Data Tables, 59, 185 (1995)];
 Level density is from a shifted Fermi-gas formula, with the shift given by
  0, delta-p, delta-n, or delta-p + delta-n, for odd-odd; odd-n, even-p;
 odd-p, even-n; and even-even nuclei, respectively for the compound
 nucleus, and similarly using deltaM-p and deltaM-n for the saddle point.
 delta-n and delta-p are tabulated by Moller, Nix & Kratz and
 deltaM-n and deltaM-p are 4.80 MeV * Bs * {1/N**(1/3) or 1/Z**(1/3)}.
 Bs is the surface area of the saddle-point shape with respect to a sphere.

   Inelastic cross section used here = 2167.74 mb
 Monte Carlo inelastic cross section =  410.94 mb

     Tue Jan 24 12:06:01 2017

                200.0 MeV (Z =  5, A = *) + (Z = 92., A = 232.)

 Number of inelastic interactions =  2000000,
 Number of elastic interactions   = 10603277,

 Reaction cross section = 2167.74 mb, Elastic cross section = ******* mb.

  The mean excitation energy, charge, mass, and angular momentum
  of the  1000000 nuclei after the 
  cascade and before preequilibrium decay are:
  E*av =  10.6 +/- 13.5 MeV;  E*min =  -2.1;  E*max = 147.5
   Zav =  91.7 +/-  0.6;       Zmin =  88.;    Zmax =  95.
   Aav = 231.1 +/-  0.5;       Amin = 227.;    Amax = 234.
   Lav =   5.5 +/-  3.8 h-bar; Lmin =   0.;    Lmax =  35.

  The mean excitation energy, charge, mass, angular momentum, and 
  fission barrier height of the  331995 fissioning nuclei are:
  E*av =   0.0 +/-  0.0 MeV; E*min =1000.0; E*max =    0.0
   Zav =   0.0 +/- 0.0;        Zmin = 100.;  Zmax =   0.
   Aav =   0.0 +/- 0.0;        Amin = 400.;  Amax =   0.
   Lav =   0.0 +/- 0.0 h-bar;  Lmin = 100.;  Lmax =   0.
  Bfav =   0.0 +/- 0.0 MeV;   Bfmin = ****; Bfmax =  0.0

 The mean total fission product kinetic energy after neutron emission is   0.00 MeV.

               Direct Monte Carlo Simulation Method:
 Fissility =  0.1660 +/-  0.0003,
 Fission cross section = 3.59840E+02 +/- 6.25E-01 mb.

               Statistical Weight Functions Method:
 Fissility =  0.2307,
 Fission cross section = 5.00050E+02 mb.


                         Double differential cross-section d2S/dTdO (mb/MeV/sr) of    n
            prod. xsec for all energies= 2.5435E+03 mb, for    0.<T< 160. xsec= 2.5435E+03mb
  T(MeV)/angle:  10.        20.         9.        11.        19.        21.        30.        40.        50.        60.    dS/dT(mb/MeV)
   0.-   2. 4.5364E+01 4.4309E+01 4.5599E+01 4.5213E+01 4.4559E+01 4.4213E+01 4.3918E+01 4.3553E+01 4.2919E+01 4.2782E+01 5.3379E+02
   2.-   4. 2.8666E+01 2.6092E+01 2.9227E+01 2.8264E+01 2.6268E+01 2.6010E+01 2.5359E+01 2.4755E+01 2.4555E+01 2.4250E+01 3.1074E+02
   4.-   6. 1.4504E+01 1.1493E+01 1.5094E+01 1.4009E+01 1.1624E+01 1.1346E+01 1.0549E+01 1.0179E+01 9.7174E+00 9.6080E+00 1.3749E+02
   6.-   8. 8.3235E+00 5.5873E+00 8.9389E+00 7.7927E+00 5.6812E+00 5.4788E+00 4.6592E+00 4.2654E+00 3.9247E+00 3.8504E+00 6.7835E+01
   8.-  10. 5.5509E+00 3.3941E+00 6.0541E+00 5.1502E+00 3.5139E+00 3.2972E+00 2.6186E+00 2.1893E+00 2.0211E+00 1.8352E+00 4.2917E+01
  10.-  12. 4.5706E+00 2.5477E+00 4.9376E+00 4.1803E+00 2.6704E+00 2.4398E+00 1.8239E+00 1.4934E+00 1.2783E+00 1.1930E+00 3.2234E+01
  12.-  14. 4.0577E+00 2.0703E+00 4.4441E+00 3.7291E+00 2.1825E+00 1.9966E+00 1.5131E+00 1.1870E+00 9.8505E-01 9.4046E-01 2.6691E+01
  14.-  16. 3.4023E+00 1.7636E+00 3.7293E+00 3.1145E+00 1.8405E+00 1.6500E+00 1.1717E+00 1.0231E+00 8.2873E-01 7.5534E-01 2.2827E+01
  16.-  18. 2.8780E+00 1.6117E+00 3.2390E+00 2.6840E+00 1.6916E+00 1.4967E+00 9.9755E-01 8.2368E-01 7.3249E-01 6.3535E-01 1.9549E+01
  18.-  20. 2.4192E+00 1.2485E+00 2.6475E+00 2.2068E+00 1.2995E+00 1.1930E+00 8.4019E-01 7.4208E-01 6.1622E-01 4.9594E-01 1.6557E+01
  20.-  22. 2.1571E+00 1.0474E+00 2.3755E+00 1.9709E+00 1.0897E+00 1.0079E+00 6.9571E-01 5.7658E-01 5.1804E-01 4.3881E-01 1.4158E+01
  22.-  24. 1.8066E+00 8.6370E-01 2.0528E+00 1.6337E+00 8.8911E-01 8.1740E-01 5.8289E-01 5.1191E-01 4.4182E-01 3.4967E-01 1.1815E+01
  24.-  26. 1.4903E+00 7.1324E-01 1.6353E+00 1.3226E+00 7.3713E-01 6.7104E-01 4.8987E-01 4.2801E-01 3.2813E-01 2.8568E-01 9.6123E+00
  26.-  28. 1.1740E+00 5.7725E-01 1.2463E+00 1.0217E+00 6.1858E-01 5.5368E-01 4.3247E-01 3.4718E-01 2.5773E-01 2.1997E-01 7.7009E+00
  28.-  30. 9.4604E-01 4.2389E-01 1.0343E+00 8.4021E-01 4.3468E-01 4.2113E-01 3.0580E-01 2.4633E-01 2.1122E-01 1.7369E-01 6.0762E+00
  30.-  32. 6.6109E-01 3.1828E-01 7.1486E-01 6.0682E-01 3.4349E-01 3.1619E-01 2.4147E-01 1.9476E-01 1.5825E-01 1.3598E-01 4.4574E+00
  32.-  34. 4.5307E-01 2.3437E-01 4.8395E-01 4.4863E-01 2.5533E-01 2.0987E-01 1.7121E-01 1.2548E-01 1.2079E-01 1.1884E-01 3.2597E+00
  34.-  36. 3.0490E-01 1.5046E-01 3.3845E-01 2.7229E-01 1.6566E-01 1.4774E-01 1.0886E-01 1.0161E-01 6.9115E-02 6.6849E-02 2.1233E+00
  36.-  38. 1.9662E-01 8.2464E-02 2.2142E-01 1.9449E-01 9.1191E-02 7.3179E-02 5.8388E-02 4.9267E-02 4.5861E-02 4.0567E-02 1.2708E+00
  38.-  40. 7.4088E-02 3.3275E-02 9.1729E-02 6.7424E-02 3.4957E-02 3.4519E-02 2.4741E-02 3.3871E-02 1.5502E-02 1.9426E-02 5.4139E-01
  40.-  42. 8.5486E-03 7.2337E-03 9.4892E-03 7.7797E-03 7.5992E-03 6.9037E-03 5.9378E-03 7.6979E-04 5.8134E-03 1.7141E-03 6.6116E-02
  42.-  44. 2.8495E-03 0.0000E+00 3.1631E-03 2.5932E-03 0.0000E+00 0.0000E+00 9.8963E-04 1.5396E-03 6.4593E-04 0.0000E+00 3.2516E-03
  44.-  46. 2.8495E-03 0.0000E+00 3.1631E-03 2.5932E-03 0.0000E+00 0.0000E+00 0.0000E+00 1.5396E-03 6.4593E-04 0.0000E+00 4.3355E-03
  46.-  48. 0.0000E+00 0.0000E+00 0.0000E+00 0.0000E+00 0.0000E+00 0.0000E+00 0.0000E+00 0.0000E+00 1.2919E-03 0.0000E+00 1.6258E-03
  48.-  50. 2.8495E-03 0.0000E+00 3.1631E-03 2.5932E-03 0.0000E+00 0.0000E+00 0.0000E+00 0.0000E+00 1.2919E-03 0.0000E+00 1.6258E-03
2600.-2650. 0.0000E+00 0.0000E+00 0.0000E+00 0.0000E+00 0.0000E+00 0.0000E+00 0.0000E+00 0.0000E+00 0.0000E+00 1.8985E-01 1.7667E-01
2650.-2700. 9.5903E-01 4.7517E-01 1.0404E+00 8.6843E-01 5.0191E-01 4.5962E-01 3.2456E-01 2.5459E-01 2.1373E-01 1.8697E-01 1.7825E-01
 energ. int. 3.0585E+02 2.3274E+02 3.2119E+02 2.9189E+02 2.3687E+02 2.2943E+02 2.0940E+02 1.9821E+02 1.9011E+02 1.8571E+02 2.5523E+03


                         Double differential cross-section d2S/dTdO (mb/MeV/sr) of    p
            prod. xsec for all energies= 4.4401E+02 mb, for    2.<T< 160. xsec= 4.2235E+02mb
  T(MeV)/angle:  10.        20.         9.        11.        19.        21.        30.        40.        50.        60.    dS/dT(mb/MeV)
   0.-   2. 1.5216E+00 7.6967E-01 1.6669E+00 1.4211E+00 8.2680E-01 7.1522E-01 5.5122E-01 3.9413E-01 3.6624E-01 3.0911E-01 1.0827E+01
   2.-   4. 2.8125E+00 1.4033E+00 3.1409E+00 2.5025E+00 1.4773E+00 1.3255E+00 1.0173E+00 7.7980E-01 6.1816E-01 5.6508E-01 1.9545E+01
   4.-   6. 3.7044E+00 1.8026E+00 4.0930E+00 3.3090E+00 1.9287E+00 1.7411E+00 1.2499E+00 9.4916E-01 8.4747E-01 7.0335E-01 2.5109E+01
   6.-   8. 3.5704E+00 1.7419E+00 4.0234E+00 3.1949E+00 1.8071E+00 1.6376E+00 1.2479E+00 9.4300E-01 8.2550E-01 7.1306E-01 2.4308E+01
   8.-  10. 3.1715E+00 1.5581E+00 3.4920E+00 2.8733E+00 1.6475E+00 1.4843E+00 1.1628E+00 8.4292E-01 7.1634E-01 6.5878E-01 2.1956E+01
  10.-  12. 2.7384E+00 1.4149E+00 2.9765E+00 2.4843E+00 1.4879E+00 1.3656E+00 1.0005E+00 8.3985E-01 6.7048E-01 6.0850E-01 1.9573E+01
  12.-  14. 2.4791E+00 1.3368E+00 2.6412E+00 2.2406E+00 1.4104E+00 1.2730E+00 8.8671E-01 7.2899E-01 5.9943E-01 5.1880E-01 1.7285E+01
  14.-  16. 2.2226E+00 1.1921E+00 2.4356E+00 2.0357E+00 1.2417E+00 1.1640E+00 8.6098E-01 6.4740E-01 5.2062E-01 4.7137E-01 1.5177E+01
  16.-  18. 1.9576E+00 1.0431E+00 2.2205E+00 1.7764E+00 1.0852E+00 1.0217E+00 7.1352E-01 5.5733E-01 4.8962E-01 4.1481E-01 1.3331E+01
  18.-  20. 1.6898E+00 9.1000E-01 1.9073E+00 1.5559E+00 9.6358E-01 8.6849E-01 5.8289E-01 4.7650E-01 4.1340E-01 3.3310E-01 1.1507E+01
  20.-  22. 1.4020E+00 7.1469E-01 1.6068E+00 1.2785E+00 7.5384E-01 6.7656E-01 5.3539E-01 4.0337E-01 3.5849E-01 2.7997E-01 9.7044E+00
  22.-  24. 1.0885E+00 6.0329E-01 1.2115E+00 9.4653E-01 6.3682E-01 5.9786E-01 4.3643E-01 3.8952E-01 2.9067E-01 2.3540E-01 8.0916E+00
  24.-  26. 1.1056E+00 5.1649E-01 1.2178E+00 1.0347E+00 5.4867E-01 4.8602E-01 3.5726E-01 2.7944E-01 2.2543E-01 2.1826E-01 6.7926E+00
  26.-  28. 8.1211E-01 4.4270E-01 8.9199E-01 7.6501E-01 4.6051E-01 4.3355E-01 3.2658E-01 2.2709E-01 2.1445E-01 1.7826E-01 5.5435E+00
  28.-  30. 6.5254E-01 3.2696E-01 6.9588E-01 5.9904E-01 3.4957E-01 3.1757E-01 2.1673E-01 1.8706E-01 1.5309E-01 1.1370E-01 4.2764E+00
  30.-  32. 5.3286E-01 2.7633E-01 6.0731E-01 4.6678E-01 2.7661E-01 2.6786E-01 1.9100E-01 1.3856E-01 1.2596E-01 1.0970E-01 3.3866E+00
  32.-  34. 3.3909E-01 1.8518E-01 3.7324E-01 2.8266E-01 1.9302E-01 1.8226E-01 1.0985E-01 1.1701E-01 9.2369E-02 7.4277E-02 2.3748E+00
  34.-  36. 2.8495E-01 1.0706E-01 2.8784E-01 2.5414E-01 1.3527E-01 9.9414E-02 8.8077E-02 6.3893E-02 5.3613E-02 4.9137E-02 1.6627E+00
  36.-  38. 1.2823E-01 5.7870E-02 1.5499E-01 1.2707E-01 5.6234E-02 5.2468E-02 6.7295E-02 3.8490E-02 3.6818E-02 3.3710E-02 9.9716E-01
  38.-  40. 7.6937E-02 3.1828E-02 8.8566E-02 7.0018E-02 3.3437E-02 3.0376E-02 3.4637E-02 1.8475E-02 2.1316E-02 1.4855E-02 4.7799E-01
  40.-  42. 2.8495E-03 0.0000E+00 3.1631E-03 2.5932E-03 0.0000E+00 0.0000E+00 3.9585E-03 5.3886E-03 1.9378E-03 1.7141E-03 5.6361E-02
  42.-  44. 2.8495E-03 2.8935E-03 3.1631E-03 2.5932E-03 3.0397E-03 4.1422E-03 9.8963E-04 7.6979E-04 6.4593E-04 0.0000E+00 5.4194E-03
  44.-  46. 0.0000E+00 1.4467E-03 3.1631E-03 0.0000E+00 0.0000E+00 1.3807E-03 9.8963E-04 0.0000E+00 1.2919E-03 5.7136E-04 3.7936E-03
  46.-  48. 0.0000E+00 0.0000E+00 0.0000E+00 0.0000E+00 0.0000E+00 0.0000E+00 0.0000E+00 1.5396E-03 1.2919E-03 0.0000E+00 2.1677E-03
  48.-  50. 0.0000E+00 1.4467E-03 0.0000E+00 0.0000E+00 1.5198E-03 1.3807E-03 0.0000E+00 1.5396E-03 0.0000E+00 0.0000E+00 3.7936E-03
  50.-  55. 0.0000E+00 0.0000E+00 0.0000E+00 0.0000E+00 0.0000E+00 0.0000E+00 3.9585E-04 3.0792E-04 2.5837E-04 0.0000E+00 1.5174E-03
  55.-  60. 0.0000E+00 5.7870E-04 0.0000E+00 0.0000E+00 6.0794E-04 5.5230E-04 0.0000E+00 3.0792E-04 5.1675E-04 2.2854E-04 1.0839E-03
2600.-2650. 0.0000E+00 0.0000E+00 0.0000E+00 0.0000E+00 0.0000E+00 0.0000E+00 0.0000E+00 0.0000E+00 0.0000E+00 1.3045E-01 1.2467E-01
2650.-2700. 6.5117E-01 3.2187E-01 7.1650E-01 5.8358E-01 3.4263E-01 3.0205E-01 2.2488E-01 1.7268E-01 1.4477E-01 1.2714E-01 1.1936E-01
 energ. int. 9.2815E+01 4.7630E+01 1.0388E+02 8.4602E+01 5.0106E+01 4.5838E+01 3.3339E+01 2.5833E+01 2.1796E+01 1.9065E+01 4.2850E+02


                         Double differential cross-section d2S/dTdO (mb/MeV/sr) of    d
            prod. xsec for all energies= 3.8185E+00 mb, for    3.<T< 215. xsec= 3.8185E+00mb
  T(MeV)/angle:  10.        20.         9.        11.        19.        21.        30.        40.        50.        60.    dS/dT(mb/MeV)
   2.-   4. 0.0000E+00 1.4467E-03 0.0000E+00 0.0000E+00 1.5198E-03 1.3807E-03 0.0000E+00 0.0000E+00 0.0000E+00 0.0000E+00 1.6258E-03
   4.-   6. 0.0000E+00 0.0000E+00 0.0000E+00 0.0000E+00 0.0000E+00 0.0000E+00 0.0000E+00 0.0000E+00 0.0000E+00 5.7136E-04 2.7097E-03
   6.-   8. 0.0000E+00 0.0000E+00 0.0000E+00 0.0000E+00 0.0000E+00 0.0000E+00 0.0000E+00 7.6979E-04 0.0000E+00 0.0000E+00 3.7936E-03
   8.-  10. 0.0000E+00 1.4467E-03 0.0000E+00 0.0000E+00 1.5198E-03 1.3807E-03 6.9274E-03 7.6979E-04 5.8134E-03 2.8568E-03 3.6310E-02
  10.-  12. 4.5592E-02 3.6168E-02 4.4283E-02 3.6305E-02 3.9516E-02 3.4519E-02 2.7710E-02 2.7713E-02 3.1651E-02 2.2854E-02 2.2599E-01
  12.-  14. 3.7044E-02 3.9062E-02 3.4794E-02 3.1119E-02 4.1036E-02 3.8661E-02 3.9585E-02 4.2339E-02 3.7464E-02 3.0854E-02 2.8831E-01
  14.-  16. 4.2743E-02 5.4976E-02 4.4283E-02 4.9272E-02 5.6234E-02 5.1087E-02 4.4533E-02 4.7727E-02 3.4880E-02 3.3710E-02 2.9373E-01
  16.-  18. 5.6990E-02 4.7742E-02 5.3772E-02 5.1865E-02 5.1675E-02 5.3849E-02 3.5627E-02 3.0022E-02 3.1005E-02 2.6854E-02 2.3249E-01
  18.-  20. 6.8388E-02 5.3529E-02 6.9588E-02 6.2238E-02 5.0155E-02 5.6610E-02 3.8595E-02 2.6943E-02 2.2608E-02 2.3426E-02 2.0919E-01
  20.-  22. 3.1345E-02 4.6296E-02 3.1631E-02 3.8899E-02 4.7115E-02 4.1422E-02 3.4637E-02 3.0022E-02 1.9378E-02 1.9426E-02 1.6800E-01
  22.-  24. 1.4248E-02 2.0254E-02 1.8978E-02 1.2966E-02 1.9758E-02 1.9330E-02 2.0782E-02 1.9245E-02 1.3565E-02 1.4855E-02 1.1868E-01
  24.-  26. 1.7097E-02 2.4595E-02 1.5815E-02 1.5559E-02 2.5837E-02 2.7615E-02 1.5834E-02 1.6935E-02 1.0335E-02 9.7132E-03 8.4542E-02
  26.-  28. 1.9947E-02 1.4467E-02 2.2142E-02 2.3339E-02 1.5198E-02 1.5188E-02 1.6824E-02 9.2375E-03 7.7512E-03 6.8563E-03 6.0697E-02
  28.-  30. 1.7097E-02 8.6804E-03 9.4892E-03 1.5559E-02 1.2159E-02 8.2845E-03 1.0886E-02 9.2375E-03 7.1053E-03 6.8563E-03 4.6606E-02
  30.-  32. 2.8495E-03 1.0127E-02 3.1631E-03 2.5932E-03 7.5992E-03 9.6652E-03 9.8963E-03 6.1584E-03 7.1053E-03 3.4282E-03 3.3600E-02
  32.-  34. 5.6990E-03 4.3402E-03 3.1631E-03 5.1865E-03 6.0794E-03 4.1422E-03 6.9274E-03 3.8490E-03 5.1675E-03 3.9995E-03 2.3845E-02
  34.-  36. 0.0000E+00 1.4467E-03 0.0000E+00 0.0000E+00 1.5198E-03 1.3807E-03 3.9585E-03 3.8490E-03 3.2297E-03 4.5709E-03 1.6258E-02
  36.-  38. 1.1398E-02 2.8935E-03 1.2652E-02 1.2966E-02 1.5198E-03 1.3807E-03 3.9585E-03 3.0792E-03 3.2297E-03 3.4282E-03 1.8426E-02
  38.-  40. 2.8495E-03 4.3402E-03 3.1631E-03 2.5932E-03 3.0397E-03 4.1422E-03 2.9689E-03 2.3094E-03 1.2919E-03 1.7141E-03 1.1923E-02
  40.-  42. 8.5486E-03 0.0000E+00 6.3262E-03 7.7797E-03 1.5198E-03 0.0000E+00 2.9689E-03 2.3094E-03 1.9378E-03 1.1427E-03 1.0839E-02
  42.-  44. 2.8495E-03 1.4467E-03 3.1631E-03 5.1865E-03 1.5198E-03 0.0000E+00 0.0000E+00 7.6979E-04 1.2919E-03 1.1427E-03 5.9613E-03
  44.-  46. 0.0000E+00 1.4467E-03 0.0000E+00 0.0000E+00 1.5198E-03 1.3807E-03 9.8963E-04 3.0792E-03 1.2919E-03 1.1427E-03 6.5032E-03
  46.-  48. 0.0000E+00 0.0000E+00 0.0000E+00 0.0000E+00 0.0000E+00 0.0000E+00 1.9793E-03 0.0000E+00 0.0000E+00 0.0000E+00 2.7097E-03
  48.-  50. 0.0000E+00 1.4467E-03 0.0000E+00 0.0000E+00 1.5198E-03 1.3807E-03 0.0000E+00 1.5396E-03 0.0000E+00 0.0000E+00 1.6258E-03
  50.-  55. 2.2796E-03 0.0000E+00 1.2652E-03 2.0746E-03 6.0794E-04 0.0000E+00 0.0000E+00 3.0792E-04 5.1675E-04 2.2854E-04 1.3006E-03
  55.-  60. 0.0000E+00 0.0000E+00 0.0000E+00 0.0000E+00 0.0000E+00 5.5230E-04 3.9585E-04 0.0000E+00 0.0000E+00 0.0000E+00 2.1677E-04
  60.-  65. 1.1398E-03 0.0000E+00 1.2652E-03 1.0373E-03 0.0000E+00 0.0000E+00 0.0000E+00 0.0000E+00 0.0000E+00 2.2854E-04 4.3355E-04
 energ. int. 7.8647E-01 7.5230E-01 7.6546E-01 7.6241E-01 7.7816E-01 7.4836E-01 6.5315E-01 5.7735E-01 4.9479E-01 4.4109E-01 3.8185E+00


                         Double differential cross-section d2S/dTdO (mb/MeV/sr) of    t
            prod. xsec for all energies= 4.6281E-01 mb, for    3.<T< 250. xsec= 4.6281E-01mb
  T(MeV)/angle:  10.        20.         9.        11.        19.        21.        30.        40.        50.        60.    dS/dT(mb/MeV)
   2.-   4. 0.0000E+00 0.0000E+00 0.0000E+00 0.0000E+00 0.0000E+00 0.0000E+00 0.0000E+00 0.0000E+00 6.4593E-04 0.0000E+00 1.0839E-03
   4.-   6. 0.0000E+00 0.0000E+00 0.0000E+00 0.0000E+00 0.0000E+00 0.0000E+00 9.8963E-04 0.0000E+00 0.0000E+00 0.0000E+00 1.6258E-03
   6.-   8. 0.0000E+00 0.0000E+00 0.0000E+00 0.0000E+00 0.0000E+00 0.0000E+00 0.0000E+00 0.0000E+00 0.0000E+00 0.0000E+00 2.1677E-03
   8.-  10. 0.0000E+00 0.0000E+00 0.0000E+00 0.0000E+00 0.0000E+00 0.0000E+00 9.8963E-04 7.6979E-04 6.4593E-04 1.1427E-03 7.5871E-03
  10.-  12. 2.8495E-03 5.7870E-03 3.1631E-03 7.7797E-03 6.0794E-03 2.7615E-03 3.9585E-03 7.6979E-04 3.2297E-03 0.0000E+00 2.3303E-02
  12.-  14. 8.5486E-03 4.3402E-03 6.3262E-03 7.7797E-03 6.0794E-03 5.5230E-03 7.9170E-03 2.3094E-03 5.8134E-03 2.2854E-03 3.6310E-02
  14.-  16. 5.6990E-03 5.7870E-03 6.3262E-03 7.7797E-03 4.5595E-03 5.5230E-03 2.9689E-03 3.0792E-03 3.8756E-03 3.4282E-03 3.0890E-02
  16.-  18. 8.5486E-03 2.8935E-03 6.3262E-03 1.0373E-02 4.5595E-03 2.7615E-03 2.9689E-03 2.3094E-03 3.8756E-03 5.7136E-03 2.4387E-02
  18.-  20. 5.6990E-03 7.2337E-03 6.3262E-03 7.7797E-03 6.0794E-03 6.9037E-03 3.9585E-03 5.3886E-03 3.8756E-03 4.5709E-03 2.6013E-02
  20.-  22. 0.0000E+00 0.0000E+00 0.0000E+00 0.0000E+00 0.0000E+00 0.0000E+00 3.9585E-03 3.8490E-03 1.2919E-03 1.7141E-03 1.6800E-02
  22.-  24. 5.6990E-03 2.8935E-03 3.1631E-03 5.1865E-03 4.5595E-03 4.1422E-03 3.9585E-03 1.5396E-03 2.5837E-03 1.1427E-03 1.4632E-02
  24.-  26. 2.8495E-03 1.4467E-03 3.1631E-03 2.5932E-03 1.5198E-03 1.3807E-03 6.9274E-03 7.6979E-04 1.9378E-03 1.1427E-03 1.2465E-02
  26.-  28. 2.8495E-03 4.3402E-03 3.1631E-03 2.5932E-03 3.0397E-03 4.1422E-03 9.8963E-04 2.3094E-03 1.9378E-03 5.7136E-04 8.1290E-03
  28.-  30. 2.8495E-03 1.4467E-03 0.0000E+00 2.5932E-03 3.0397E-03 1.3807E-03 0.0000E+00 0.0000E+00 1.9378E-03 5.7136E-04 6.5032E-03
  30.-  32. 0.0000E+00 1.4467E-03 0.0000E+00 0.0000E+00 1.5198E-03 1.3807E-03 1.9793E-03 2.3094E-03 6.4593E-04 5.7136E-04 5.4194E-03
  32.-  34. 0.0000E+00 2.8935E-03 0.0000E+00 0.0000E+00 3.0397E-03 2.7615E-03 0.0000E+00 1.5396E-03 1.9378E-03 0.0000E+00 6.5032E-03
  34.-  36. 2.8495E-03 1.4467E-03 0.0000E+00 2.5932E-03 3.0397E-03 1.3807E-03 0.0000E+00 1.5396E-03 6.4593E-04 0.0000E+00 2.7097E-03
  36.-  38. 0.0000E+00 0.0000E+00 0.0000E+00 0.0000E+00 0.0000E+00 0.0000E+00 9.8963E-04 0.0000E+00 1.2919E-03 0.0000E+00 1.6258E-03
  42.-  44. 0.0000E+00 0.0000E+00 0.0000E+00 0.0000E+00 0.0000E+00 0.0000E+00 9.8963E-04 0.0000E+00 0.0000E+00 0.0000E+00 5.4194E-04
  44.-  46. 2.8495E-03 0.0000E+00 3.1631E-03 2.5932E-03 0.0000E+00 0.0000E+00 0.0000E+00 0.0000E+00 0.0000E+00 0.0000E+00 5.4194E-04
  46.-  48. 0.0000E+00 1.4467E-03 0.0000E+00 0.0000E+00 1.5198E-03 1.3807E-03 0.0000E+00 0.0000E+00 6.4593E-04 0.0000E+00 1.6258E-03
  48.-  50. 2.8495E-03 0.0000E+00 3.1631E-03 2.5932E-03 0.0000E+00 0.0000E+00 0.0000E+00 0.0000E+00 0.0000E+00 0.0000E+00 5.4194E-04
 energ. int. 1.0828E-01 8.6804E-02 8.8566E-02 1.2448E-01 9.7270E-02 8.2845E-02 8.7087E-02 5.6965E-02 7.3636E-02 4.5709E-02 4.6281E-01


                         Double differential cross-section d2S/dTdO (mb/MeV/sr) of  He3
            prod. xsec for all energies= 5.2026E-02 mb, for    2.<T< 580. xsec= 5.2026E-02mb
  T(MeV)/angle:  10.        20.         9.        11.        19.        21.        30.        40.        50.        60.    dS/dT(mb/MeV)
  20.-  22. 2.8495E-03 0.0000E+00 3.1631E-03 2.5932E-03 0.0000E+00 0.0000E+00 9.8963E-04 7.6979E-04 0.0000E+00 0.0000E+00 3.7936E-03
  22.-  24. 0.0000E+00 0.0000E+00 0.0000E+00 0.0000E+00 0.0000E+00 0.0000E+00 0.0000E+00 7.6979E-04 0.0000E+00 0.0000E+00 4.8774E-03
  24.-  26. 0.0000E+00 1.4467E-03 0.0000E+00 0.0000E+00 1.5198E-03 1.3807E-03 0.0000E+00 7.6979E-04 1.2919E-03 0.0000E+00 3.2516E-03
  26.-  28. 0.0000E+00 0.0000E+00 0.0000E+00 0.0000E+00 0.0000E+00 0.0000E+00 9.8963E-04 7.6979E-04 0.0000E+00 0.0000E+00 1.6258E-03
  28.-  30. 0.0000E+00 0.0000E+00 0.0000E+00 0.0000E+00 0.0000E+00 0.0000E+00 0.0000E+00 7.6979E-04 0.0000E+00 0.0000E+00 1.6258E-03
  30.-  32. 0.0000E+00 0.0000E+00 0.0000E+00 0.0000E+00 0.0000E+00 0.0000E+00 0.0000E+00 0.0000E+00 0.0000E+00 5.7136E-04 1.6258E-03
  32.-  34. 0.0000E+00 0.0000E+00 0.0000E+00 0.0000E+00 0.0000E+00 0.0000E+00 9.8963E-04 0.0000E+00 6.4593E-04 0.0000E+00 1.6258E-03
  34.-  36. 0.0000E+00 1.4467E-03 0.0000E+00 0.0000E+00 1.5198E-03 1.3807E-03 9.8963E-04 0.0000E+00 0.0000E+00 0.0000E+00 2.7097E-03
  36.-  38. 2.8495E-03 0.0000E+00 3.1631E-03 0.0000E+00 0.0000E+00 0.0000E+00 9.8963E-04 0.0000E+00 0.0000E+00 0.0000E+00 1.6258E-03
  40.-  42. 0.0000E+00 0.0000E+00 0.0000E+00 0.0000E+00 0.0000E+00 0.0000E+00 0.0000E+00 7.6979E-04 0.0000E+00 0.0000E+00 1.0839E-03
  42.-  44. 0.0000E+00 0.0000E+00 0.0000E+00 0.0000E+00 0.0000E+00 0.0000E+00 0.0000E+00 0.0000E+00 6.4593E-04 0.0000E+00 5.4194E-04
  44.-  46. 0.0000E+00 0.0000E+00 0.0000E+00 0.0000E+00 0.0000E+00 0.0000E+00 0.0000E+00 0.0000E+00 6.4593E-04 0.0000E+00 5.4194E-04
  48.-  50. 0.0000E+00 0.0000E+00 0.0000E+00 0.0000E+00 0.0000E+00 0.0000E+00 0.0000E+00 0.0000E+00 0.0000E+00 5.7136E-04 5.4194E-04
  50.-  55. 0.0000E+00 0.0000E+00 0.0000E+00 0.0000E+00 0.0000E+00 0.0000E+00 0.0000E+00 0.0000E+00 0.0000E+00 2.2854E-04 2.1677E-04
 energ. int. 1.1398E-02 5.7870E-03 1.2652E-02 5.1865E-03 6.0794E-03 5.5230E-03 9.8963E-03 9.2375E-03 6.4593E-03 3.4282E-03 5.2026E-02


                         Double differential cross-section d2S/dTdO (mb/MeV/sr) of  He4
            prod. xsec for all energies= 5.1592E-01 mb, for    2.<T< 650. xsec= 5.1592E-01mb
  T(MeV)/angle:  10.        20.         9.        11.        19.        21.        30.        40.        50.        60.    dS/dT(mb/MeV)
   2.-   4. 0.0000E+00 0.0000E+00 0.0000E+00 0.0000E+00 0.0000E+00 0.0000E+00 0.0000E+00 7.6979E-04 0.0000E+00 0.0000E+00 1.6258E-03
   4.-   6. 0.0000E+00 0.0000E+00 0.0000E+00 0.0000E+00 0.0000E+00 0.0000E+00 0.0000E+00 7.6979E-04 0.0000E+00 0.0000E+00 2.7097E-03
   6.-   8. 0.0000E+00 0.0000E+00 0.0000E+00 0.0000E+00 0.0000E+00 0.0000E+00 9.8963E-04 0.0000E+00 6.4593E-04 5.7136E-04 5.9613E-03
   8.-  10. 0.0000E+00 0.0000E+00 0.0000E+00 0.0000E+00 0.0000E+00 0.0000E+00 9.8963E-04 7.6979E-04 1.9378E-03 0.0000E+00 9.2129E-03
  10.-  12. 0.0000E+00 1.4467E-03 0.0000E+00 0.0000E+00 1.5198E-03 1.3807E-03 1.9793E-03 7.6979E-04 0.0000E+00 5.7136E-04 1.2465E-02
  12.-  14. 0.0000E+00 0.0000E+00 0.0000E+00 0.0000E+00 0.0000E+00 0.0000E+00 0.0000E+00 7.6979E-04 1.2919E-03 1.1427E-03 8.6710E-03
  14.-  16. 0.0000E+00 1.4467E-03 0.0000E+00 0.0000E+00 0.0000E+00 1.3807E-03 9.8963E-04 1.5396E-03 6.4593E-04 1.7141E-03 1.3006E-02
  16.-  18. 0.0000E+00 0.0000E+00 0.0000E+00 0.0000E+00 0.0000E+00 0.0000E+00 0.0000E+00 0.0000E+00 1.9378E-03 2.8568E-03 8.6710E-03
  18.-  20. 0.0000E+00 1.4467E-03 0.0000E+00 0.0000E+00 1.5198E-03 1.3807E-03 1.9793E-03 1.5396E-03 1.9378E-03 5.7136E-04 1.4632E-02
  20.-  22. 2.8495E-03 2.8935E-03 3.1631E-03 2.5932E-03 3.0397E-03 2.7615E-03 1.9793E-03 5.3886E-03 1.9378E-03 5.7136E-04 3.6852E-02
  22.-  24. 2.8495E-03 4.3402E-03 6.3262E-03 5.1865E-03 4.5595E-03 5.5230E-03 8.9067E-03 6.9281E-03 3.2297E-03 3.9995E-03 5.6361E-02
  24.-  26. 1.1398E-02 4.3402E-03 6.3262E-03 1.0373E-02 6.0794E-03 5.5230E-03 3.9585E-03 3.8490E-03 3.2297E-03 2.2854E-03 3.4684E-02
  26.-  28. 0.0000E+00 1.4467E-03 0.0000E+00 0.0000E+00 1.5198E-03 1.3807E-03 1.9793E-03 3.0792E-03 3.2297E-03 2.2854E-03 1.8968E-02
  28.-  30. 0.0000E+00 2.8935E-03 0.0000E+00 0.0000E+00 1.5198E-03 4.1422E-03 3.9585E-03 1.5396E-03 0.0000E+00 5.7136E-04 1.0839E-02
  30.-  32. 0.0000E+00 0.0000E+00 0.0000E+00 0.0000E+00 0.0000E+00 0.0000E+00 0.0000E+00 1.5396E-03 0.0000E+00 1.7141E-03 5.9613E-03
  32.-  34. 0.0000E+00 2.8935E-03 0.0000E+00 0.0000E+00 1.5198E-03 2.7615E-03 0.0000E+00 0.0000E+00 6.4593E-04 0.0000E+00 4.8774E-03
  34.-  36. 0.0000E+00 1.4467E-03 0.0000E+00 0.0000E+00 1.5198E-03 1.3807E-03 0.0000E+00 7.6979E-04 0.0000E+00 0.0000E+00 2.1677E-03
  36.-  38. 0.0000E+00 0.0000E+00 0.0000E+00 0.0000E+00 0.0000E+00 0.0000E+00 9.8963E-04 1.5396E-03 6.4593E-04 5.7136E-04 3.7936E-03
  38.-  40. 0.0000E+00 0.0000E+00 0.0000E+00 0.0000E+00 0.0000E+00 0.0000E+00 0.0000E+00 7.6979E-04 0.0000E+00 5.7136E-04 2.1677E-03
  40.-  42. 0.0000E+00 0.0000E+00 0.0000E+00 0.0000E+00 0.0000E+00 0.0000E+00 9.8963E-04 0.0000E+00 0.0000E+00 0.0000E+00 1.0839E-03
  42.-  44. 0.0000E+00 0.0000E+00 0.0000E+00 0.0000E+00 0.0000E+00 0.0000E+00 0.0000E+00 0.0000E+00 0.0000E+00 0.0000E+00 5.4194E-04
  44.-  46. 0.0000E+00 0.0000E+00 0.0000E+00 0.0000E+00 0.0000E+00 0.0000E+00 0.0000E+00 0.0000E+00 0.0000E+00 0.0000E+00 5.4194E-04
  46.-  48. 0.0000E+00 0.0000E+00 0.0000E+00 0.0000E+00 0.0000E+00 0.0000E+00 0.0000E+00 0.0000E+00 0.0000E+00 5.7136E-04 1.0839E-03
  65.-  70. 0.0000E+00 0.0000E+00 0.0000E+00 0.0000E+00 0.0000E+00 0.0000E+00 3.9585E-04 0.0000E+00 0.0000E+00 0.0000E+00 2.1677E-04
  80.-  85. 0.0000E+00 0.0000E+00 0.0000E+00 0.0000E+00 0.0000E+00 0.0000E+00 3.9585E-04 0.0000E+00 0.0000E+00 0.0000E+00 2.1677E-04
 energ. int. 3.4194E-02 4.9189E-02 3.1631E-02 3.6305E-02 4.5595E-02 5.5230E-02 6.3336E-02 6.4663E-02 4.2632E-02 4.1138E-02 5.1592E-01


                         Double differential cross-section d2S/dTdO (mb/MeV/sr) of  Be9
            prod. xsec for all energies= 3.4684E-02 mb, for    4.<T<2500. xsec= 3.4684E-02mb
  T(MeV)/angle:  10.        20.         9.        11.        19.        21.        30.        40.        50.        60.    dS/dT(mb/MeV)
  26.-  28. 0.0000E+00 0.0000E+00 0.0000E+00 0.0000E+00 0.0000E+00 0.0000E+00 0.0000E+00 7.6979E-04 0.0000E+00 5.7136E-04 1.6258E-03
  28.-  30. 0.0000E+00 0.0000E+00 0.0000E+00 0.0000E+00 0.0000E+00 0.0000E+00 9.8963E-04 0.0000E+00 1.2919E-03 5.7136E-04 3.2516E-03
  30.-  32. 0.0000E+00 1.4467E-03 0.0000E+00 0.0000E+00 1.5198E-03 1.3807E-03 0.0000E+00 7.6979E-04 0.0000E+00 0.0000E+00 3.7936E-03
  32.-  34. 2.8495E-03 0.0000E+00 3.1631E-03 2.5932E-03 0.0000E+00 0.0000E+00 0.0000E+00 0.0000E+00 1.2919E-03 0.0000E+00 2.7097E-03
  34.-  36. 0.0000E+00 2.8935E-03 0.0000E+00 0.0000E+00 3.0397E-03 2.7615E-03 0.0000E+00 0.0000E+00 1.2919E-03 0.0000E+00 3.2516E-03
  36.-  38. 0.0000E+00 1.4467E-03 0.0000E+00 0.0000E+00 0.0000E+00 2.7615E-03 1.9793E-03 1.5396E-03 0.0000E+00 0.0000E+00 2.7097E-03
 energ. int. 5.6990E-03 1.1574E-02 6.3262E-03 5.1865E-03 9.1191E-03 1.3807E-02 5.9378E-03 6.1584E-03 7.7512E-03 2.2854E-03 3.4684E-02


                         Double differential cross-section d2S/dTdO (mb/MeV/sr) of Be10
            prod. xsec for all energies= 2.1677E-03 mb, for    4.<T<2500. xsec= 2.1677E-03mb
  T(MeV)/angle:  10.        20.         9.        11.        19.        21.        30.        40.        50.        60.    dS/dT(mb/MeV)
  26.-  28. 0.0000E+00 0.0000E+00 0.0000E+00 0.0000E+00 0.0000E+00 0.0000E+00 0.0000E+00 0.0000E+00 0.0000E+00 0.0000E+00 5.4194E-04
  30.-  32. 0.0000E+00 0.0000E+00 0.0000E+00 0.0000E+00 0.0000E+00 0.0000E+00 9.8963E-04 0.0000E+00 0.0000E+00 0.0000E+00 5.4194E-04
 energ. int. 0.0000E+00 0.0000E+00 0.0000E+00 0.0000E+00 0.0000E+00 0.0000E+00 1.9793E-03 0.0000E+00 0.0000E+00 0.0000E+00 2.1677E-03


                         Double differential cross-section d2S/dTdO (mb/MeV/sr) of  B10
            prod. xsec for all energies= 7.5871E-03 mb, for    9.<T<2500. xsec= 7.5871E-03mb
  T(MeV)/angle:  10.        20.         9.        11.        19.        21.        30.        40.        50.        60.    dS/dT(mb/MeV)
  32.-  34. 0.0000E+00 0.0000E+00 0.0000E+00 0.0000E+00 0.0000E+00 0.0000E+00 0.0000E+00 0.0000E+00 0.0000E+00 0.0000E+00 5.4194E-04
  38.-  40. 0.0000E+00 0.0000E+00 0.0000E+00 0.0000E+00 0.0000E+00 0.0000E+00 0.0000E+00 0.0000E+00 0.0000E+00 0.0000E+00 1.0839E-03
  42.-  44. 0.0000E+00 0.0000E+00 0.0000E+00 0.0000E+00 0.0000E+00 0.0000E+00 9.8963E-04 0.0000E+00 6.4593E-04 0.0000E+00 1.0839E-03
  44.-  46. 0.0000E+00 0.0000E+00 0.0000E+00 0.0000E+00 0.0000E+00 0.0000E+00 0.0000E+00 0.0000E+00 0.0000E+00 0.0000E+00 1.0839E-03
 energ. int. 0.0000E+00 0.0000E+00 0.0000E+00 0.0000E+00 0.0000E+00 0.0000E+00 1.9793E-03 0.0000E+00 1.2919E-03 0.0000E+00 7.5871E-03


                         Double differential cross-section d2S/dTdO (mb/MeV/sr) of  B11
            prod. xsec for all energies= 6.5032E-03 mb, for    9.<T<2500. xsec= 6.5032E-03mb
  T(MeV)/angle:  10.        20.         9.        11.        19.        21.        30.        40.        50.        60.    dS/dT(mb/MeV)
  32.-  34. 0.0000E+00 0.0000E+00 0.0000E+00 0.0000E+00 0.0000E+00 0.0000E+00 0.0000E+00 0.0000E+00 0.0000E+00 0.0000E+00 5.4194E-04
  42.-  44. 0.0000E+00 0.0000E+00 0.0000E+00 0.0000E+00 0.0000E+00 0.0000E+00 0.0000E+00 0.0000E+00 0.0000E+00 0.0000E+00 1.6258E-03
  44.-  46. 0.0000E+00 0.0000E+00 0.0000E+00 0.0000E+00 0.0000E+00 0.0000E+00 0.0000E+00 0.0000E+00 0.0000E+00 0.0000E+00 5.4194E-04
  46.-  48. 0.0000E+00 0.0000E+00 0.0000E+00 0.0000E+00 0.0000E+00 0.0000E+00 0.0000E+00 0.0000E+00 0.0000E+00 0.0000E+00 5.4194E-04
 energ. int. 0.0000E+00 0.0000E+00 0.0000E+00 0.0000E+00 0.0000E+00 0.0000E+00 0.0000E+00 0.0000E+00 0.0000E+00 0.0000E+00 6.5032E-03


                         Double differential cross-section d2S/dTdO (mb/MeV/sr) of  B12
            prod. xsec for all energies= 1.0839E-03 mb, for    9.<T<2500. xsec= 1.0839E-03mb
  T(MeV)/angle:  10.        20.         9.        11.        19.        21.        30.        40.        50.        60.    dS/dT(mb/MeV)
  42.-  44. 0.0000E+00 0.0000E+00 0.0000E+00 0.0000E+00 0.0000E+00 0.0000E+00 0.0000E+00 0.0000E+00 0.0000E+00 5.7136E-04 5.4194E-04
 energ. int. 0.0000E+00 0.0000E+00 0.0000E+00 0.0000E+00 0.0000E+00 0.0000E+00 0.0000E+00 0.0000E+00 0.0000E+00 1.1427E-03 1.0839E-03


                         Double differential cross-section d2S/dTdO (mb/MeV/sr) of  C11
            prod. xsec for all energies= 7.5871E-03 mb, for   11.<T<2500. xsec= 7.5871E-03mb
  T(MeV)/angle:  10.        20.         9.        11.        19.        21.        30.        40.        50.        60.    dS/dT(mb/MeV)
  46.-  48. 0.0000E+00 0.0000E+00 0.0000E+00 0.0000E+00 0.0000E+00 0.0000E+00 0.0000E+00 0.0000E+00 6.4593E-04 0.0000E+00 5.4194E-04
  48.-  50. 0.0000E+00 0.0000E+00 0.0000E+00 0.0000E+00 0.0000E+00 0.0000E+00 9.8963E-04 0.0000E+00 0.0000E+00 0.0000E+00 1.0839E-03
  50.-  55. 0.0000E+00 0.0000E+00 0.0000E+00 0.0000E+00 0.0000E+00 0.0000E+00 0.0000E+00 0.0000E+00 0.0000E+00 2.2854E-04 2.1677E-04
  55.-  60. 0.0000E+00 5.7870E-04 0.0000E+00 0.0000E+00 6.0794E-04 5.5230E-04 0.0000E+00 0.0000E+00 0.0000E+00 2.2854E-04 4.3355E-04
  60.-  65. 0.0000E+00 0.0000E+00 0.0000E+00 0.0000E+00 0.0000E+00 0.0000E+00 0.0000E+00 3.0792E-04 0.0000E+00 0.0000E+00 2.1677E-04
 energ. int. 0.0000E+00 2.8935E-03 0.0000E+00 0.0000E+00 3.0397E-03 2.7615E-03 1.9793E-03 1.5396E-03 1.2919E-03 2.2854E-03 7.5871E-03


          Angular distribution of produced fragments dS/dOm [mb/sr] for energy range(MeV)
Tmin-Tmax   0.- 160.   2.- 160.   3.- 215.   3.- 250.   2.- 580.   2.- 650.   2.-2500.   4.-2500.   4.-2500.   4.-2500.
ang1-ang2      n          p          d          t        He3        He4        He6        Li6        Li7        Li8
  0.-  5. 9.0706E+02 5.1135E+02 5.8932E-01 0.0000E+00 0.0000E+00 9.0665E-02 0.0000E+00 0.0000E+00 0.0000E+00 0.0000E+00
  5.- 10. 2.8888E+02 8.7048E+01 7.2716E-01 6.0597E-02 1.5149E-02 3.0298E-02 0.0000E+00 0.0000E+00 0.0000E+00 0.0000E+00
 10.- 15. 2.3943E+02 5.1051E+01 8.2223E-01 1.3704E-01 9.1359E-03 3.6544E-02 0.0000E+00 0.0000E+00 0.0000E+00 0.0000E+00
 15.- 20. 2.1572E+02 3.7133E+01 7.6937E-01 1.0521E-01 0.0000E+00 2.6303E-02 0.0000E+00 0.0000E+00 0.0000E+00 0.0000E+00
 20.- 25. 2.0396E+02 2.9546E+01 7.3890E-01 7.2340E-02 1.0334E-02 6.7173E-02 0.0000E+00 0.0000E+00 0.0000E+00 0.0000E+00
 25.- 30. 1.9581E+02 2.5270E+01 6.6377E-01 1.1134E-01 8.5647E-03 6.8518E-02 0.0000E+00 0.0000E+00 0.0000E+00 0.0000E+00
 30.- 35. 1.9084E+02 2.1584E+01 6.4404E-01 6.6244E-02 1.1041E-02 5.8883E-02 0.0000E+00 0.0000E+00 0.0000E+00 0.0000E+00
 35.- 40. 1.8747E+02 1.9129E+01 5.5544E-01 5.8467E-02 9.7446E-03 8.4453E-02 0.0000E+00 0.0000E+00 0.0000E+00 0.0000E+00
 40.- 45. 1.8402E+02 1.7108E+01 5.9708E-01 5.5611E-02 8.7806E-03 4.6830E-02 0.0000E+00 0.0000E+00 0.0000E+00 0.0000E+00
 45.- 50. 1.8139E+02 1.5923E+01 5.2567E-01 5.6322E-02 8.0460E-03 5.0958E-02 0.0000E+00 0.0000E+00 0.0000E+00 0.0000E+00
 50.- 55. 1.7775E+02 1.4708E+01 4.6608E-01 8.9727E-02 4.9848E-03 3.4894E-02 0.0000E+00 0.0000E+00 0.0000E+00 0.0000E+00
 55.- 60. 1.7721E+02 1.3695E+01 4.2202E-01 3.9857E-02 2.3445E-03 3.9857E-02 0.0000E+00 0.0000E+00 0.0000E+00 0.0000E+00
 60.- 65. 1.7562E+02 1.2754E+01 4.5923E-01 5.1273E-02 4.4585E-03 4.2356E-02 0.0000E+00 0.0000E+00 0.0000E+00 0.0000E+00
 65.- 70. 1.7254E+02 1.2405E+01 3.9809E-01 5.7788E-02 2.1403E-03 2.9964E-02 0.0000E+00 0.0000E+00 0.0000E+00 0.0000E+00
 70.- 75. 1.7070E+02 1.2303E+01 3.7735E-01 3.7320E-02 2.0733E-03 4.7687E-02 0.0000E+00 0.0000E+00 0.0000E+00 0.0000E+00
 75.- 80. 1.7101E+02 1.1820E+01 2.7343E-01 1.8228E-02 2.0254E-03 4.4558E-02 0.0000E+00 0.0000E+00 0.0000E+00 0.0000E+00
 80.- 85. 1.6856E+02 1.1542E+01 3.1712E-01 3.1911E-02 7.9777E-03 3.3905E-02 0.0000E+00 0.0000E+00 0.0000E+00 0.0000E+00
 85.- 90. 1.6732E+02 1.1618E+01 2.3949E-01 3.1668E-02 3.9585E-03 4.5523E-02 0.0000E+00 0.0000E+00 0.0000E+00 0.0000E+00
 90.- 95. 1.6738E+02 1.1373E+01 2.2366E-01 5.3440E-02 1.1876E-02 3.3647E-02 0.0000E+00 0.0000E+00 0.0000E+00 0.0000E+00
 95.-100. 1.6470E+02 1.1669E+01 2.2936E-01 2.9917E-02 1.9944E-03 4.5872E-02 0.0000E+00 0.0000E+00 0.0000E+00 0.0000E+00
100.-105. 1.6476E+02 1.1405E+01 1.9039E-01 2.0254E-02 2.0254E-03 4.2533E-02 0.0000E+00 0.0000E+00 0.0000E+00 0.0000E+00
105.-110. 1.6415E+02 1.1915E+01 1.5757E-01 1.4513E-02 4.1467E-03 3.9393E-02 0.0000E+00 0.0000E+00 0.0000E+00 0.0000E+00
110.-115. 1.6564E+02 1.2362E+01 1.4340E-01 1.4982E-02 4.2806E-03 4.0666E-02 0.0000E+00 0.0000E+00 0.0000E+00 0.0000E+00
115.-120. 1.6478E+02 1.2575E+01 1.4936E-01 1.5605E-02 2.2293E-03 4.0127E-02 0.0000E+00 0.0000E+00 0.0000E+00 0.0000E+00
120.-125. 1.6488E+02 1.3488E+01 1.1723E-01 1.8756E-02 2.3445E-03 3.9857E-02 0.0000E+00 0.0000E+00 0.0000E+00 0.0000E+00
125.-130. 1.6604E+02 1.4491E+01 1.3210E-01 1.2462E-02 2.4924E-03 2.9909E-02 0.0000E+00 0.0000E+00 0.0000E+00 0.0000E+00
130.-135. 1.6489E+02 1.5215E+01 1.2605E-01 1.6092E-02 0.0000E+00 2.6820E-02 0.0000E+00 0.0000E+00 0.0000E+00 0.0000E+00
135.-140. 1.6792E+02 1.6809E+01 1.1122E-01 1.1708E-02 0.0000E+00 3.2196E-02 0.0000E+00 0.0000E+00 0.0000E+00 0.0000E+00
140.-145. 1.6877E+02 1.8609E+01 9.7446E-02 1.9489E-02 0.0000E+00 3.2482E-02 0.0000E+00 0.0000E+00 0.0000E+00 0.0000E+00
145.-150. 1.7192E+02 2.0745E+01 9.5685E-02 1.8401E-02 0.0000E+00 2.2081E-02 0.0000E+00 0.0000E+00 0.0000E+00 0.0000E+00
150.-155. 1.7732E+02 2.4204E+01 8.1365E-02 8.5647E-03 4.2824E-03 4.2824E-02 0.0000E+00 0.0000E+00 0.0000E+00 0.0000E+00
155.-160. 1.8291E+02 3.0031E+01 8.7841E-02 0.0000E+00 0.0000E+00 4.1337E-02 0.0000E+00 0.0000E+00 0.0000E+00 0.0000E+00
160.-165. 1.9495E+02 3.7173E+01 1.1836E-01 6.5758E-03 0.0000E+00 2.6303E-02 0.0000E+00 0.0000E+00 0.0000E+00 0.0000E+00
165.-170. 2.1487E+02 5.2267E+01 1.3704E-01 2.7408E-02 0.0000E+00 2.7408E-02 0.0000E+00 0.0000E+00 0.0000E+00 0.0000E+00
170.-175. 2.6535E+02 8.3427E+01 1.2119E-01 0.0000E+00 0.0000E+00 1.5149E-02 0.0000E+00 0.0000E+00 0.0000E+00 0.0000E+00
175.-180. 5.1751E+02 2.5241E+02 9.0665E-02 4.5332E-02 0.0000E+00 0.0000E+00 0.0000E+00 0.0000E+00 0.0000E+00 0.0000E+00
 Int. x sec 2.5435E+03 4.2235E+02 3.8185E+00 4.6281E-01 5.2026E-02 5.1592E-01 0.0000E+00 0.0000E+00 0.0000E+00 0.0000E+00


          Angular distribution of produced fragments dS/dOm [mb/sr] for energy range(MeV)
Tmin-Tmax   4.-2500.   4.-2500.   4.-2500.   4.-2500.   9.-2500.   9.-2500.   9.-2500.   9.-2500.  11.-2500.  11.-2500.
ang1-ang2    Li9        Be7        Be9       Be10         B9        B10        B11        B12        C11        C12
  0.-  5. 0.0000E+00 0.0000E+00 0.0000E+00 0.0000E+00 0.0000E+00 0.0000E+00 0.0000E+00 0.0000E+00 0.0000E+00 0.0000E+00
  5.- 10. 0.0000E+00 0.0000E+00 1.5149E-02 0.0000E+00 0.0000E+00 0.0000E+00 0.0000E+00 0.0000E+00 0.0000E+00 0.0000E+00
 10.- 15. 0.0000E+00 0.0000E+00 0.0000E+00 0.0000E+00 0.0000E+00 0.0000E+00 0.0000E+00 0.0000E+00 0.0000E+00 0.0000E+00
 15.- 20. 0.0000E+00 0.0000E+00 1.3152E-02 0.0000E+00 0.0000E+00 0.0000E+00 0.0000E+00 0.0000E+00 0.0000E+00 0.0000E+00
 20.- 25. 0.0000E+00 0.0000E+00 1.0334E-02 0.0000E+00 0.0000E+00 0.0000E+00 0.0000E+00 0.0000E+00 5.1671E-03 0.0000E+00
 25.- 30. 0.0000E+00 0.0000E+00 8.5647E-03 4.2824E-03 0.0000E+00 0.0000E+00 0.0000E+00 0.0000E+00 4.2824E-03 0.0000E+00
 30.- 35. 0.0000E+00 0.0000E+00 3.6802E-03 0.0000E+00 0.0000E+00 3.6802E-03 0.0000E+00 0.0000E+00 0.0000E+00 0.0000E+00
 35.- 40. 0.0000E+00 0.0000E+00 9.7446E-03 0.0000E+00 0.0000E+00 0.0000E+00 0.0000E+00 0.0000E+00 3.2482E-03 0.0000E+00
 40.- 45. 0.0000E+00 0.0000E+00 2.9269E-03 0.0000E+00 0.0000E+00 0.0000E+00 0.0000E+00 0.0000E+00 0.0000E+00 0.0000E+00
 45.- 50. 0.0000E+00 0.0000E+00 8.0460E-03 0.0000E+00 0.0000E+00 0.0000E+00 0.0000E+00 0.0000E+00 2.6820E-03 0.0000E+00
 50.- 55. 0.0000E+00 0.0000E+00 7.4773E-03 0.0000E+00 0.0000E+00 2.4924E-03 0.0000E+00 0.0000E+00 0.0000E+00 0.0000E+00
 55.- 60. 0.0000E+00 0.0000E+00 0.0000E+00 0.0000E+00 0.0000E+00 0.0000E+00 0.0000E+00 2.3445E-03 4.6891E-03 0.0000E+00
 60.- 65. 0.0000E+00 0.0000E+00 4.4585E-03 0.0000E+00 0.0000E+00 0.0000E+00 0.0000E+00 0.0000E+00 0.0000E+00 0.0000E+00
 65.- 70. 0.0000E+00 0.0000E+00 4.2806E-03 0.0000E+00 0.0000E+00 0.0000E+00 0.0000E+00 0.0000E+00 0.0000E+00 0.0000E+00
 70.- 75. 0.0000E+00 0.0000E+00 0.0000E+00 0.0000E+00 0.0000E+00 0.0000E+00 2.0733E-03 0.0000E+00 0.0000E+00 0.0000E+00
 75.- 80. 0.0000E+00 0.0000E+00 0.0000E+00 2.0254E-03 0.0000E+00 0.0000E+00 0.0000E+00 0.0000E+00 0.0000E+00 0.0000E+00
 80.- 85. 0.0000E+00 0.0000E+00 3.9889E-03 0.0000E+00 0.0000E+00 0.0000E+00 1.9944E-03 0.0000E+00 0.0000E+00 0.0000E+00
 85.- 90. 0.0000E+00 0.0000E+00 3.9585E-03 0.0000E+00 0.0000E+00 1.9793E-03 1.9793E-03 0.0000E+00 0.0000E+00 0.0000E+00
 90.- 95. 0.0000E+00 0.0000E+00 0.0000E+00 0.0000E+00 0.0000E+00 0.0000E+00 1.9793E-03 0.0000E+00 0.0000E+00 0.0000E+00
 95.-100. 0.0000E+00 0.0000E+00 1.9944E-03 0.0000E+00 0.0000E+00 1.9944E-03 0.0000E+00 0.0000E+00 1.9944E-03 0.0000E+00
100.-105. 0.0000E+00 0.0000E+00 2.0254E-03 0.0000E+00 0.0000E+00 2.0254E-03 0.0000E+00 0.0000E+00 0.0000E+00 0.0000E+00
105.-110. 0.0000E+00 0.0000E+00 2.0733E-03 0.0000E+00 0.0000E+00 0.0000E+00 0.0000E+00 0.0000E+00 0.0000E+00 0.0000E+00
110.-115. 0.0000E+00 0.0000E+00 2.1403E-03 0.0000E+00 0.0000E+00 2.1403E-03 0.0000E+00 0.0000E+00 0.0000E+00 0.0000E+00
115.-120. 0.0000E+00 0.0000E+00 0.0000E+00 0.0000E+00 0.0000E+00 0.0000E+00 0.0000E+00 0.0000E+00 0.0000E+00 0.0000E+00
120.-125. 0.0000E+00 0.0000E+00 0.0000E+00 0.0000E+00 0.0000E+00 0.0000E+00 2.3445E-03 0.0000E+00 0.0000E+00 0.0000E+00
125.-130. 0.0000E+00 0.0000E+00 0.0000E+00 0.0000E+00 0.0000E+00 0.0000E+00 0.0000E+00 0.0000E+00 0.0000E+00 0.0000E+00
130.-135. 0.0000E+00 0.0000E+00 5.3640E-03 0.0000E+00 0.0000E+00 2.6820E-03 0.0000E+00 0.0000E+00 0.0000E+00 0.0000E+00
135.-140. 0.0000E+00 0.0000E+00 0.0000E+00 0.0000E+00 0.0000E+00 0.0000E+00 0.0000E+00 0.0000E+00 0.0000E+00 0.0000E+00
140.-145. 0.0000E+00 0.0000E+00 0.0000E+00 0.0000E+00 0.0000E+00 0.0000E+00 0.0000E+00 0.0000E+00 0.0000E+00 0.0000E+00
145.-150. 0.0000E+00 0.0000E+00 0.0000E+00 0.0000E+00 0.0000E+00 0.0000E+00 3.6802E-03 0.0000E+00 0.0000E+00 0.0000E+00
150.-155. 0.0000E+00 0.0000E+00 0.0000E+00 0.0000E+00 0.0000E+00 0.0000E+00 0.0000E+00 0.0000E+00 0.0000E+00 0.0000E+00
155.-160. 0.0000E+00 0.0000E+00 0.0000E+00 0.0000E+00 0.0000E+00 0.0000E+00 0.0000E+00 0.0000E+00 0.0000E+00 0.0000E+00
160.-165. 0.0000E+00 0.0000E+00 0.0000E+00 0.0000E+00 0.0000E+00 0.0000E+00 0.0000E+00 0.0000E+00 0.0000E+00 0.0000E+00
165.-170. 0.0000E+00 0.0000E+00 0.0000E+00 0.0000E+00 0.0000E+00 0.0000E+00 0.0000E+00 0.0000E+00 0.0000E+00 0.0000E+00
170.-175. 0.0000E+00 0.0000E+00 0.0000E+00 0.0000E+00 0.0000E+00 0.0000E+00 0.0000E+00 0.0000E+00 0.0000E+00 0.0000E+00
175.-180. 0.0000E+00 0.0000E+00 0.0000E+00 0.0000E+00 0.0000E+00 0.0000E+00 0.0000E+00 0.0000E+00 0.0000E+00 0.0000E+00
 Int. xsec 0.0000E+00 0.0000E+00 3.4684E-02 2.1677E-03 0.0000E+00 7.5871E-03 6.5032E-03 1.0839E-03 7.5871E-03 0.0000E+00


          Angular distribution of produced fragments dS/dOm [mb/sr] for energy range(MeV)
Tmin-Tmax  11.-2500.  11.-2500.  14.-2500.  16.-2500.  16.-2500.  16.-2500.  16.-2500.  16.-2500.  16.-2500.  16.-2500.
ang1-ang2    C13        C14        Z=7        Z=8        Z=9       Z=10       Z=11       Z=12       Z=13       Z=14
  0.-  5. 0.0000E+00 0.0000E+00 0.0000E+00 0.0000E+00 0.0000E+00 0.0000E+00 0.0000E+00 0.0000E+00 0.0000E+00 0.0000E+00
  5.- 10. 0.0000E+00 0.0000E+00 0.0000E+00 0.0000E+00 0.0000E+00 0.0000E+00 0.0000E+00 0.0000E+00 0.0000E+00 0.0000E+00
 10.- 15. 0.0000E+00 0.0000E+00 0.0000E+00 0.0000E+00 0.0000E+00 0.0000E+00 0.0000E+00 0.0000E+00 0.0000E+00 0.0000E+00
 15.- 20. 0.0000E+00 0.0000E+00 0.0000E+00 0.0000E+00 0.0000E+00 0.0000E+00 0.0000E+00 0.0000E+00 0.0000E+00 0.0000E+00
 20.- 25. 0.0000E+00 0.0000E+00 0.0000E+00 0.0000E+00 0.0000E+00 0.0000E+00 0.0000E+00 0.0000E+00 0.0000E+00 0.0000E+00
 25.- 30. 0.0000E+00 0.0000E+00 0.0000E+00 0.0000E+00 0.0000E+00 0.0000E+00 0.0000E+00 0.0000E+00 0.0000E+00 0.0000E+00
 30.- 35. 0.0000E+00 0.0000E+00 0.0000E+00 0.0000E+00 0.0000E+00 0.0000E+00 0.0000E+00 0.0000E+00 0.0000E+00 0.0000E+00
 35.- 40. 0.0000E+00 0.0000E+00 0.0000E+00 0.0000E+00 0.0000E+00 0.0000E+00 0.0000E+00 0.0000E+00 0.0000E+00 0.0000E+00
 40.- 45. 0.0000E+00 0.0000E+00 0.0000E+00 0.0000E+00 0.0000E+00 0.0000E+00 0.0000E+00 0.0000E+00 0.0000E+00 0.0000E+00
 45.- 50. 0.0000E+00 0.0000E+00 0.0000E+00 0.0000E+00 0.0000E+00 0.0000E+00 0.0000E+00 0.0000E+00 0.0000E+00 0.0000E+00
 50.- 55. 0.0000E+00 0.0000E+00 0.0000E+00 0.0000E+00 0.0000E+00 0.0000E+00 0.0000E+00 0.0000E+00 0.0000E+00 0.0000E+00
 55.- 60. 0.0000E+00 0.0000E+00 0.0000E+00 0.0000E+00 0.0000E+00 0.0000E+00 0.0000E+00 0.0000E+00 0.0000E+00 0.0000E+00
 60.- 65. 0.0000E+00 0.0000E+00 0.0000E+00 0.0000E+00 0.0000E+00 0.0000E+00 0.0000E+00 0.0000E+00 0.0000E+00 0.0000E+00
 65.- 70. 0.0000E+00 0.0000E+00 0.0000E+00 0.0000E+00 0.0000E+00 0.0000E+00 0.0000E+00 0.0000E+00 0.0000E+00 0.0000E+00
 70.- 75. 0.0000E+00 0.0000E+00 0.0000E+00 0.0000E+00 0.0000E+00 0.0000E+00 0.0000E+00 0.0000E+00 0.0000E+00 0.0000E+00
 75.- 80. 0.0000E+00 0.0000E+00 0.0000E+00 0.0000E+00 0.0000E+00 0.0000E+00 0.0000E+00 0.0000E+00 0.0000E+00 0.0000E+00
 80.- 85. 0.0000E+00 0.0000E+00 0.0000E+00 0.0000E+00 0.0000E+00 0.0000E+00 0.0000E+00 0.0000E+00 0.0000E+00 0.0000E+00
 85.- 90. 0.0000E+00 0.0000E+00 0.0000E+00 0.0000E+00 0.0000E+00 0.0000E+00 0.0000E+00 0.0000E+00 0.0000E+00 0.0000E+00
 90.- 95. 0.0000E+00 0.0000E+00 0.0000E+00 0.0000E+00 0.0000E+00 0.0000E+00 0.0000E+00 0.0000E+00 0.0000E+00 0.0000E+00
 95.-100. 0.0000E+00 0.0000E+00 0.0000E+00 0.0000E+00 0.0000E+00 0.0000E+00 0.0000E+00 0.0000E+00 0.0000E+00 0.0000E+00
100.-105. 0.0000E+00 0.0000E+00 0.0000E+00 0.0000E+00 0.0000E+00 0.0000E+00 0.0000E+00 0.0000E+00 0.0000E+00 0.0000E+00
105.-110. 0.0000E+00 0.0000E+00 0.0000E+00 0.0000E+00 0.0000E+00 0.0000E+00 0.0000E+00 0.0000E+00 0.0000E+00 0.0000E+00
110.-115. 0.0000E+00 0.0000E+00 0.0000E+00 0.0000E+00 0.0000E+00 0.0000E+00 0.0000E+00 0.0000E+00 0.0000E+00 0.0000E+00
115.-120. 0.0000E+00 0.0000E+00 0.0000E+00 0.0000E+00 0.0000E+00 0.0000E+00 0.0000E+00 0.0000E+00 0.0000E+00 0.0000E+00
120.-125. 0.0000E+00 0.0000E+00 0.0000E+00 0.0000E+00 0.0000E+00 0.0000E+00 0.0000E+00 0.0000E+00 0.0000E+00 0.0000E+00
125.-130. 0.0000E+00 0.0000E+00 0.0000E+00 0.0000E+00 0.0000E+00 0.0000E+00 0.0000E+00 0.0000E+00 0.0000E+00 0.0000E+00
130.-135. 0.0000E+00 0.0000E+00 0.0000E+00 0.0000E+00 0.0000E+00 0.0000E+00 0.0000E+00 0.0000E+00 0.0000E+00 0.0000E+00
135.-140. 0.0000E+00 0.0000E+00 0.0000E+00 0.0000E+00 0.0000E+00 0.0000E+00 0.0000E+00 0.0000E+00 0.0000E+00 0.0000E+00
140.-145. 0.0000E+00 0.0000E+00 0.0000E+00 0.0000E+00 0.0000E+00 0.0000E+00 0.0000E+00 0.0000E+00 0.0000E+00 0.0000E+00
145.-150. 0.0000E+00 0.0000E+00 0.0000E+00 0.0000E+00 0.0000E+00 0.0000E+00 0.0000E+00 0.0000E+00 0.0000E+00 0.0000E+00
150.-155. 0.0000E+00 0.0000E+00 0.0000E+00 0.0000E+00 0.0000E+00 0.0000E+00 0.0000E+00 0.0000E+00 0.0000E+00 0.0000E+00
155.-160. 0.0000E+00 0.0000E+00 0.0000E+00 0.0000E+00 0.0000E+00 0.0000E+00 0.0000E+00 0.0000E+00 0.0000E+00 0.0000E+00
160.-165. 0.0000E+00 0.0000E+00 0.0000E+00 0.0000E+00 0.0000E+00 0.0000E+00 0.0000E+00 0.0000E+00 0.0000E+00 0.0000E+00
165.-170. 0.0000E+00 0.0000E+00 0.0000E+00 0.0000E+00 0.0000E+00 0.0000E+00 0.0000E+00 0.0000E+00 0.0000E+00 0.0000E+00
170.-175. 0.0000E+00 0.0000E+00 0.0000E+00 0.0000E+00 0.0000E+00 0.0000E+00 0.0000E+00 0.0000E+00 0.0000E+00 0.0000E+00
175.-180. 0.0000E+00 0.0000E+00 0.0000E+00 0.0000E+00 0.0000E+00 0.0000E+00 0.0000E+00 0.0000E+00 0.0000E+00 0.0000E+00
 Int. xsec 0.0000E+00 0.0000E+00 0.0000E+00 0.0000E+00 0.0000E+00 0.0000E+00 0.0000E+00 0.0000E+00 0.0000E+00 0.0000E+00

 Elapsed cpu time  =  57. hr, 20. min, and 13.047 sec.
